<?xml version="1.0" encoding="UTF-8" ?>
<testsuites name="vitest tests" tests="296" failures="0" errors="0" time="7.1564087">
    <testsuite name="src/__tests__/main.spec.ts" timestamp="2026-09-13T15:51:33.524Z" hostname="AniketDeshmane" tests="19" failures="0" errors="0" skipped="0" time="1.4182537">
        <testcase classname="src/__tests__/main.spec.ts" name="main.ts &gt; mountMediaField &gt; mounts a Vue app on the given element" time="1.0482065">
        </testcase>
        <testcase classname="src/__tests__/main.spec.ts" name="main.ts &gt; mountMediaField &gt; reads config from data attributes" time="0.0348837">
        </testcase>
        <testcase classname="src/__tests__/main.spec.ts" name="main.ts &gt; mountMediaField &gt; reads media-gallery translations from the rendered data attribute" time="0.0292059">
        </testcase>
        <testcase classname="src/__tests__/main.spec.ts" name="main.ts &gt; mountMediaField &gt; reads translations with defaults when data-translations is absent" time="0.022878">
        </testcase>
        <testcase classname="src/__tests__/main.spec.ts" name="main.ts &gt; mountMediaField &gt; reads custom translations from data-translations" time="0.0253618">
        </testcase>
        <testcase classname="src/__tests__/main.spec.ts" name="main.ts &gt; mountAttachedMediaField &gt; reads attached config including uploadAction and tempUploadFolder" time="0.0342757">
        </testcase>
        <testcase classname="src/__tests__/main.spec.ts" name="main.ts &gt; mountAttachedMediaField &gt; handles missing attached-specific attributes gracefully" time="0.0095794">
        </testcase>
        <testcase classname="src/__tests__/main.spec.ts" name="main.ts &gt; mountGalleryMediaField &gt; mounts a gallery field on the element" time="0.0346943">
        </testcase>
        <testcase classname="src/__tests__/main.spec.ts" name="main.ts &gt; readConfig (via mountMediaField) &gt; parses paths JSON" time="0.0159797">
        </testcase>
        <testcase classname="src/__tests__/main.spec.ts" name="main.ts &gt; readConfig (via mountMediaField) &gt; handles invalid JSON for paths without throwing" time="0.0143586">
        </testcase>
        <testcase classname="src/__tests__/main.spec.ts" name="main.ts &gt; readConfig (via mountMediaField) &gt; reads boolean attributes correctly" time="0.0168724">
        </testcase>
        <testcase classname="src/__tests__/main.spec.ts" name="main.ts &gt; readConfig (via mountMediaField) &gt; parses data-signalr-enabled into config.signalrEnabled" time="0.0158358">
        </testcase>
        <testcase classname="src/__tests__/main.spec.ts" name="main.ts &gt; readTranslations (via mountMediaField) &gt; falls back to defaults when data-translations is missing" time="0.0089634">
        </testcase>
        <testcase classname="src/__tests__/main.spec.ts" name="main.ts &gt; readTranslations (via mountMediaField) &gt; falls back to defaults when data-translations contains invalid JSON" time="0.0134946">
        </testcase>
        <testcase classname="src/__tests__/main.spec.ts" name="main.ts &gt; readTranslations (via mountMediaField) &gt; merges custom translations over defaults" time="0.0103392">
        </testcase>
        <testcase classname="src/__tests__/main.spec.ts" name="main.ts &gt; autoMount &gt; auto-mounts elements with data-media-field-type on import" time="0.0228456">
        </testcase>
        <testcase classname="src/__tests__/main.spec.ts" name="main.ts &gt; autoMount &gt; auto-mounts multiple element types" time="0.0215841">
        </testcase>
        <testcase classname="src/__tests__/main.spec.ts" name="main.ts &gt; autoMount &gt; skips elements that are already mounted" time="0.0142396">
        </testcase>
        <testcase classname="src/__tests__/main.spec.ts" name="main.ts &gt; autoMount &gt; ignores elements with unknown media-field-type" time="0.0181815">
        </testcase>
    </testsuite>
    <testsuite name="src/components/__tests__/GalleryCardItem.spec.ts" timestamp="2026-09-13T15:51:33.539Z" hostname="AniketDeshmane" tests="12" failures="0" errors="0" skipped="0" time="0.2067134">
        <testcase classname="src/components/__tests__/GalleryCardItem.spec.ts" name="GalleryCardItem &gt; renders for normal image item" time="0.0963183">
        </testcase>
        <testcase classname="src/components/__tests__/GalleryCardItem.spec.ts" name="GalleryCardItem &gt; renders file icon for non-image" time="0.018254">
        </testcase>
        <testcase classname="src/components/__tests__/GalleryCardItem.spec.ts" name="GalleryCardItem &gt; shows transient warning" time="0.0113302">
        </testcase>
        <testcase classname="src/components/__tests__/GalleryCardItem.spec.ts" name="GalleryCardItem &gt; shows not-found error" time="0.0083919">
        </testcase>
        <testcase classname="src/components/__tests__/GalleryCardItem.spec.ts" name="GalleryCardItem &gt; hidden when isRemoved" time="0.0038727">
        </testcase>
        <testcase classname="src/components/__tests__/GalleryCardItem.spec.ts" name="GalleryCardItem &gt; emits editMediaText on button click" time="0.0148758">
        </testcase>
        <testcase classname="src/components/__tests__/GalleryCardItem.spec.ts" name="GalleryCardItem &gt; emits editAnchor on button click" time="0.0093962">
        </testcase>
        <testcase classname="src/components/__tests__/GalleryCardItem.spec.ts" name="GalleryCardItem &gt; emits deleteMedia on trash click" time="0.0092223">
        </testcase>
        <testcase classname="src/components/__tests__/GalleryCardItem.spec.ts" name="GalleryCardItem &gt; uses 120px thumb size for &apos;sm&apos;" time="0.0081341">
        </testcase>
        <testcase classname="src/components/__tests__/GalleryCardItem.spec.ts" name="GalleryCardItem &gt; uses 240px thumb size for &apos;lg&apos;" time="0.0086636">
        </testcase>
        <testcase classname="src/components/__tests__/GalleryCardItem.spec.ts" name="GalleryCardItem &gt; shows filled comment icon when mediaText exists" time="0.0073351">
        </testcase>
        <testcase classname="src/components/__tests__/GalleryCardItem.spec.ts" name="GalleryCardItem &gt; shows outline comment icon when no mediaText" time="0.006132">
        </testcase>
    </testsuite>
    <testsuite name="src/components/__tests__/GalleryContainer.spec.ts" timestamp="2026-09-13T15:51:33.545Z" hostname="AniketDeshmane" tests="13" failures="0" errors="0" skipped="0" time="0.5218391">
        <testcase classname="src/components/__tests__/GalleryContainer.spec.ts" name="GalleryContainer &gt; renders in grid view by default" time="0.1794777">
        </testcase>
        <testcase classname="src/components/__tests__/GalleryContainer.spec.ts" name="GalleryContainer &gt; shows add card in grid view" time="0.015142">
        </testcase>
        <testcase classname="src/components/__tests__/GalleryContainer.spec.ts" name="GalleryContainer &gt; toggles to list view on button click" time="0.0416148">
        </testcase>
        <testcase classname="src/components/__tests__/GalleryContainer.spec.ts" name="GalleryContainer &gt; shows &apos;Add media&apos; empty item in list when no items" time="0.0242733">
        </testcase>
        <testcase classname="src/components/__tests__/GalleryContainer.spec.ts" name="GalleryContainer &gt; renders all items including duplicates" time="0.1213415">
        </testcase>
        <testcase classname="src/components/__tests__/GalleryContainer.spec.ts" name="GalleryContainer &gt; filters out isRemoved items" time="0.0143697">
        </testcase>
        <testcase classname="src/components/__tests__/GalleryContainer.spec.ts" name="GalleryContainer &gt; emits showPicker on add button click" time="0.0335555">
        </testcase>
        <testcase classname="src/components/__tests__/GalleryContainer.spec.ts" name="GalleryContainer &gt; emits reorder on drag-drop (test via component method call)" time="0.0139495">
        </testcase>
        <testcase classname="src/components/__tests__/GalleryContainer.spec.ts" name="GalleryContainer &gt; saves/loads view prefs from localStorage" time="0.0194994">
        </testcase>
        <testcase classname="src/components/__tests__/GalleryContainer.spec.ts" name="GalleryContainer &gt; enforces single item for non-multiple mode (watch fires reorder)" time="0.0119584">
        </testcase>
        <testcase classname="src/components/__tests__/GalleryContainer.spec.ts" name="GalleryContainer &gt; handles invalid localStorage gracefully (catch block)" time="0.0107682">
        </testcase>
        <testcase classname="src/components/__tests__/GalleryContainer.spec.ts" name="GalleryContainer &gt; onDragEnd resets draggedItem" time="0.0123079">
        </testcase>
        <testcase classname="src/components/__tests__/GalleryContainer.spec.ts" name="GalleryContainer &gt; grid size toggle between sm and lg" time="0.0177486">
        </testcase>
    </testsuite>
    <testsuite name="src/components/__tests__/GalleryListItem.spec.ts" timestamp="2026-09-13T15:51:33.551Z" hostname="AniketDeshmane" tests="15" failures="0" errors="0" skipped="0" time="0.3761683">
        <testcase classname="src/components/__tests__/GalleryListItem.spec.ts" name="GalleryListItem &gt; renders media name for normal item" time="0.1315577">
        </testcase>
        <testcase classname="src/components/__tests__/GalleryListItem.spec.ts" name="GalleryListItem &gt; shows &apos;Temporarily unavailable&apos; for transient error" time="0.0209304">
        </testcase>
        <testcase classname="src/components/__tests__/GalleryListItem.spec.ts" name="GalleryListItem &gt; shows &apos;Media not found&apos; for not-found error" time="0.0168371">
        </testcase>
        <testcase classname="src/components/__tests__/GalleryListItem.spec.ts" name="GalleryListItem &gt; hidden when isRemoved is true" time="0.005119">
        </testcase>
        <testcase classname="src/components/__tests__/GalleryListItem.spec.ts" name="GalleryListItem &gt; shows image thumbnail for image mime" time="0.0482489">
        </testcase>
        <testcase classname="src/components/__tests__/GalleryListItem.spec.ts" name="GalleryListItem &gt; shows icon for non-image" time="0.0232214">
        </testcase>
        <testcase classname="src/components/__tests__/GalleryListItem.spec.ts" name="GalleryListItem &gt; shows mediaText button when allowMediaText and no error" time="0.0171627">
        </testcase>
        <testcase classname="src/components/__tests__/GalleryListItem.spec.ts" name="GalleryListItem &gt; hides mediaText button when error" time="0.007618">
        </testcase>
        <testcase classname="src/components/__tests__/GalleryListItem.spec.ts" name="GalleryListItem &gt; shows anchor button for images when allowAnchors" time="0.0206086">
        </testcase>
        <testcase classname="src/components/__tests__/GalleryListItem.spec.ts" name="GalleryListItem &gt; hides anchor button for non-images" time="0.0105438">
        </testcase>
        <testcase classname="src/components/__tests__/GalleryListItem.spec.ts" name="GalleryListItem &gt; emits editMediaText on button click" time="0.0168455">
        </testcase>
        <testcase classname="src/components/__tests__/GalleryListItem.spec.ts" name="GalleryListItem &gt; emits editAnchor on button click" time="0.0122041">
        </testcase>
        <testcase classname="src/components/__tests__/GalleryListItem.spec.ts" name="GalleryListItem &gt; emits deleteMedia on trash click" time="0.011349">
        </testcase>
        <testcase classname="src/components/__tests__/GalleryListItem.spec.ts" name="GalleryListItem &gt; is draggable when allowMultiple" time="0.0120544">
        </testcase>
        <testcase classname="src/components/__tests__/GalleryListItem.spec.ts" name="GalleryListItem &gt; is not draggable when allowMultiple is false" time="0.0071345">
        </testcase>
    </testsuite>
    <testsuite name="src/components/__tests__/MediaFieldAttached.spec.ts" timestamp="2026-09-13T15:51:33.559Z" hostname="AniketDeshmane" tests="33" failures="0" errors="0" skipped="0" time="1.1113178">
        <testcase classname="src/components/__tests__/MediaFieldAttached.spec.ts" name="MediaFieldAttached &gt; renders hidden input with serialized paths" time="0.2190726">
        </testcase>
        <testcase classname="src/components/__tests__/MediaFieldAttached.spec.ts" name="MediaFieldAttached &gt; loadInitialPaths works" time="0.0467078">
        </testcase>
        <testcase classname="src/components/__tests__/MediaFieldAttached.spec.ts" name="MediaFieldAttached &gt; loadInitialPaths batches requests when mediaItemsUrl is configured" time="0.0465357">
        </testcase>
        <testcase classname="src/components/__tests__/MediaFieldAttached.spec.ts" name="MediaFieldAttached &gt; handles file input change (onFileInputChange)" time="0.0800825">
        </testcase>
        <testcase classname="src/components/__tests__/MediaFieldAttached.spec.ts" name="MediaFieldAttached &gt; handles drag-drop (onDrop)" time="0.0283571">
        </testcase>
        <testcase classname="src/components/__tests__/MediaFieldAttached.spec.ts" name="MediaFieldAttached &gt; handleFiles calls uploadService.uploadFiles" time="0.0269937">
        </testcase>
        <testcase classname="src/components/__tests__/MediaFieldAttached.spec.ts" name="MediaFieldAttached &gt; handleFiles adds uploaded items to mediaItems" time="0.0206485">
        </testcase>
        <testcase classname="src/components/__tests__/MediaFieldAttached.spec.ts" name="MediaFieldAttached &gt; canAddMedia false for single mode with item" time="0.0543087">
        </testcase>
        <testcase classname="src/components/__tests__/MediaFieldAttached.spec.ts" name="MediaFieldAttached &gt; removeSelected works" time="0.0462588">
        </testcase>
        <testcase classname="src/components/__tests__/MediaFieldAttached.spec.ts" name="MediaFieldAttached &gt; onDocumentClick deselects when clicking outside images" time="0.0267378">
        </testcase>
        <testcase classname="src/components/__tests__/MediaFieldAttached.spec.ts" name="MediaFieldAttached &gt; onDocumentClick does not deselect when clicking an image thumbnail" time="0.0121904">
        </testcase>
        <testcase classname="src/components/__tests__/MediaFieldAttached.spec.ts" name="MediaFieldAttached &gt; drag zone shows overlay when dragging over" time="0.0249718">
        </testcase>
        <testcase classname="src/components/__tests__/MediaFieldAttached.spec.ts" name="MediaFieldAttached &gt; serializedPaths includes isNew, isRemoved, attachedFileName" time="0.0223043">
        </testcase>
        <testcase classname="src/components/__tests__/MediaFieldAttached.spec.ts" name="MediaFieldAttached &gt; loadInitialPaths handles 404 as not-found error" time="0.020151">
        </testcase>
        <testcase classname="src/components/__tests__/MediaFieldAttached.spec.ts" name="MediaFieldAttached &gt; loadInitialPaths handles network error as transient" time="0.0158444">
        </testcase>
        <testcase classname="src/components/__tests__/MediaFieldAttached.spec.ts" name="MediaFieldAttached &gt; loadInitialPaths with empty paths sets initialized" time="0.0122981">
        </testcase>
        <testcase classname="src/components/__tests__/MediaFieldAttached.spec.ts" name="MediaFieldAttached &gt; onDrop does nothing when no files in dataTransfer" time="0.0164999">
        </testcase>
        <testcase classname="src/components/__tests__/MediaFieldAttached.spec.ts" name="MediaFieldAttached &gt; onFileInputChange does nothing when no files selected" time="0.0120373">
        </testcase>
        <testcase classname="src/components/__tests__/MediaFieldAttached.spec.ts" name="MediaFieldAttached &gt; selectAndDeleteMedia selects then removes item" time="0.0206408">
        </testcase>
        <testcase classname="src/components/__tests__/MediaFieldAttached.spec.ts" name="MediaFieldAttached &gt; onReorder updates mediaItems order" time="0.0301845">
        </testcase>
        <testcase classname="src/components/__tests__/MediaFieldAttached.spec.ts" name="MediaFieldAttached &gt; cancelMediaText does not change mediaText" time="0.0449241">
        </testcase>
        <testcase classname="src/components/__tests__/MediaFieldAttached.spec.ts" name="MediaFieldAttached &gt; saveMediaText saves editingMediaText to selected item" time="0.0367196">
        </testcase>
        <testcase classname="src/components/__tests__/MediaFieldAttached.spec.ts" name="MediaFieldAttached &gt; showAnchorModal / saveAnchor / resetAnchor / cancelAnchor work" time="0.0321249">
        </testcase>
        <testcase classname="src/components/__tests__/MediaFieldAttached.spec.ts" name="MediaFieldAttached &gt; cancelAnchor does not modify anchor" time="0.0242107">
        </testcase>
        <testcase classname="src/components/__tests__/MediaFieldAttached.spec.ts" name="MediaFieldAttached &gt; persists smallThumbs preference to localStorage" time="0.0192154">
        </testcase>
        <testcase classname="src/components/__tests__/MediaFieldAttached.spec.ts" name="MediaFieldAttached &gt; handles invalid mediaFieldPrefs in localStorage gracefully" time="0.0183427">
        </testcase>
        <testcase classname="src/components/__tests__/MediaFieldAttached.spec.ts" name="MediaFieldAttached &gt; handleFiles in single mode replaces existing item" time="0.0216674">
        </testcase>
        <testcase classname="src/components/__tests__/MediaFieldAttached.spec.ts" name="MediaFieldAttached &gt; handleFiles logs warning when there are upload errors" time="0.0232865">
        </testcase>
        <testcase classname="src/components/__tests__/MediaFieldAttached.spec.ts" name="MediaFieldAttached &gt; removeSelected else-if branch: removes single item when nothing selected" time="0.0194712">
        </testcase>
        <testcase classname="src/components/__tests__/MediaFieldAttached.spec.ts" name="MediaFieldAttached &gt; setAnchor updates editingAnchor from mouse position" time="0.0257497">
        </testcase>
        <testcase classname="src/components/__tests__/MediaFieldAttached.spec.ts" name="MediaFieldAttached &gt; setAnchor does nothing when anchorImageRef is null" time="0.0115501">
        </testcase>
        <testcase classname="src/components/__tests__/MediaFieldAttached.spec.ts" name="MediaFieldAttached &gt; handleFiles with multiple uploads in single mode keeps only first" time="0.0217777">
        </testcase>
        <testcase classname="src/components/__tests__/MediaFieldAttached.spec.ts" name="MediaFieldAttached &gt; dragover and dragleave toggle isDraggingOver" time="0.0201051">
        </testcase>
    </testsuite>
    <testsuite name="src/components/__tests__/MediaFieldBasic.spec.ts" timestamp="2026-09-13T15:51:33.574Z" hostname="AniketDeshmane" tests="45" failures="0" errors="0" skipped="0" time="1.2814731">
        <testcase classname="src/components/__tests__/MediaFieldBasic.spec.ts" name="MediaFieldBasic &gt; renders hidden input with serialized paths" time="0.2346098">
        </testcase>
        <testcase classname="src/components/__tests__/MediaFieldBasic.spec.ts" name="MediaFieldBasic &gt; serializedPaths returns config.paths before initialization" time="0.0598509">
        </testcase>
        <testcase classname="src/components/__tests__/MediaFieldBasic.spec.ts" name="MediaFieldBasic &gt; serializedPaths returns mediaItems after initialization" time="0.0259876">
        </testcase>
        <testcase classname="src/components/__tests__/MediaFieldBasic.spec.ts" name="MediaFieldBasic &gt; loadInitialPaths fetches media details from API" time="0.0584321">
        </testcase>
        <testcase classname="src/components/__tests__/MediaFieldBasic.spec.ts" name="MediaFieldBasic &gt; loadInitialPaths handles 404 as not-found error" time="0.0399929">
        </testcase>
        <testcase classname="src/components/__tests__/MediaFieldBasic.spec.ts" name="MediaFieldBasic &gt; loadInitialPaths handles network error as transient" time="0.0333505">
        </testcase>
        <testcase classname="src/components/__tests__/MediaFieldBasic.spec.ts" name="MediaFieldBasic &gt; loadInitialPaths batches requests when mediaItemsUrl is configured" time="0.0194119">
        </testcase>
        <testcase classname="src/components/__tests__/MediaFieldBasic.spec.ts" name="MediaFieldBasic &gt; loadInitialPaths with empty paths sets initialized" time="0.0156372">
        </testcase>
        <testcase classname="src/components/__tests__/MediaFieldBasic.spec.ts" name="MediaFieldBasic &gt; addMediaFiles adds items for multiple mode" time="0.0375423">
        </testcase>
        <testcase classname="src/components/__tests__/MediaFieldBasic.spec.ts" name="MediaFieldBasic &gt; addMediaFiles replaces for single mode" time="0.027838">
        </testcase>
        <testcase classname="src/components/__tests__/MediaFieldBasic.spec.ts" name="MediaFieldBasic &gt; addMediaFiles ignores duplicate mediaPath entries" time="0.014885">
        </testcase>
        <testcase classname="src/components/__tests__/MediaFieldBasic.spec.ts" name="MediaFieldBasic &gt; removeSelected removes selected item" time="0.0301756">
        </testcase>
        <testcase classname="src/components/__tests__/MediaFieldBasic.spec.ts" name="MediaFieldBasic &gt; selectMedia sets selectedMedia" time="0.0243305">
        </testcase>
        <testcase classname="src/components/__tests__/MediaFieldBasic.spec.ts" name="MediaFieldBasic &gt; selectMedia deselects when clicking the same image twice" time="0.028633">
        </testcase>
        <testcase classname="src/components/__tests__/MediaFieldBasic.spec.ts" name="MediaFieldBasic &gt; canAddMedia false when single and has item" time="0.0223592">
        </testcase>
        <testcase classname="src/components/__tests__/MediaFieldBasic.spec.ts" name="MediaFieldBasic &gt; canAddMedia true when multiple" time="0.0147849">
        </testcase>
        <testcase classname="src/components/__tests__/MediaFieldBasic.spec.ts" name="MediaFieldBasic &gt; shows Remove button when selectedMedia" time="0.0284811">
        </testcase>
        <testcase classname="src/components/__tests__/MediaFieldBasic.spec.ts" name="MediaFieldBasic &gt; shows Media Text button when selectedMedia and allowMediaText" time="0.0384957">
        </testcase>
        <testcase classname="src/components/__tests__/MediaFieldBasic.spec.ts" name="MediaFieldBasic &gt; shows Anchor button when selectedMedia, allowAnchors, and image type" time="0.022651">
        </testcase>
        <testcase classname="src/components/__tests__/MediaFieldBasic.spec.ts" name="MediaFieldBasic &gt; smallThumbs toggle changes thumbSize" time="0.0208489">
        </testcase>
        <testcase classname="src/components/__tests__/MediaFieldBasic.spec.ts" name="MediaFieldBasic &gt; selectAndDeleteMedia selects then removes item" time="0.0152607">
        </testcase>
        <testcase classname="src/components/__tests__/MediaFieldBasic.spec.ts" name="MediaFieldBasic &gt; onReorder updates mediaItems order" time="0.012298">
        </testcase>
        <testcase classname="src/components/__tests__/MediaFieldBasic.spec.ts" name="MediaFieldBasic &gt; addMediaFiles with single file for single mode" time="0.0241369">
        </testcase>
        <testcase classname="src/components/__tests__/MediaFieldBasic.spec.ts" name="MediaFieldBasic &gt; showPicker button is disabled when canAddMedia is false" time="0.0141907">
        </testcase>
        <testcase classname="src/components/__tests__/MediaFieldBasic.spec.ts" name="MediaFieldBasic &gt; onPickerSelect adds files via addMediaFiles" time="0.0172111">
        </testcase>
        <testcase classname="src/components/__tests__/MediaFieldBasic.spec.ts" name="MediaFieldBasic &gt; onPickerSelect keeps only one item in single mode" time="0.0130751">
        </testcase>
        <testcase classname="src/components/__tests__/MediaFieldBasic.spec.ts" name="MediaFieldBasic &gt; cancelMediaText does not change mediaText" time="0.0329366">
        </testcase>
        <testcase classname="src/components/__tests__/MediaFieldBasic.spec.ts" name="MediaFieldBasic &gt; saveMediaText saves editingMediaText to selected item" time="0.0349466">
        </testcase>
        <testcase classname="src/components/__tests__/MediaFieldBasic.spec.ts" name="MediaFieldBasic &gt; showAnchorModal / saveAnchor / resetAnchor / cancelAnchor" time="0.0327075">
        </testcase>
        <testcase classname="src/components/__tests__/MediaFieldBasic.spec.ts" name="MediaFieldBasic &gt; cancelAnchor does not modify anchor" time="0.0343508">
        </testcase>
        <testcase classname="src/components/__tests__/MediaFieldBasic.spec.ts" name="MediaFieldBasic &gt; persists smallThumbs to localStorage on change" time="0.0095842">
        </testcase>
        <testcase classname="src/components/__tests__/MediaFieldBasic.spec.ts" name="MediaFieldBasic &gt; handles invalid mediaFieldPrefs in localStorage gracefully" time="0.0173701">
        </testcase>
        <testcase classname="src/components/__tests__/MediaFieldBasic.spec.ts" name="MediaFieldBasic &gt; auto-selects first item in single mode on initial load" time="0.0145333">
        </testcase>
        <testcase classname="src/components/__tests__/MediaFieldBasic.spec.ts" name="MediaFieldBasic &gt; onDocumentClick deselects when clicking outside" time="0.0276259">
        </testcase>
        <testcase classname="src/components/__tests__/MediaFieldBasic.spec.ts" name="MediaFieldBasic &gt; onDocumentClick does NOT deselect when clicking inside .mf-thumb-item" time="0.0153242">
        </testcase>
        <testcase classname="src/components/__tests__/MediaFieldBasic.spec.ts" name="MediaFieldBasic &gt; setAnchor updates editingAnchor from mouse position" time="0.0247018">
        </testcase>
        <testcase classname="src/components/__tests__/MediaFieldBasic.spec.ts" name="MediaFieldBasic &gt; cancelMediaText closes modal via direct call" time="0.0128933">
        </testcase>
        <testcase classname="src/components/__tests__/MediaFieldBasic.spec.ts" name="MediaFieldBasic &gt; cancelAnchor closes modal via direct call" time="0.009737">
        </testcase>
        <testcase classname="src/components/__tests__/MediaFieldBasic.spec.ts" name="MediaFieldBasic &gt; removeSelected removes single item when nothing is selected" time="0.0091544">
        </testcase>
        <testcase classname="src/components/__tests__/MediaFieldBasic.spec.ts" name="MediaFieldBasic &gt; showPicker calls pickerModalRef.open (no-op when ref is stub)" time="0.0093622">
        </testcase>
        <testcase classname="src/components/__tests__/MediaFieldBasic.spec.ts" name="MediaFieldBasic &gt; showPicker does nothing when canAddMedia is false" time="0.0245359">
        </testcase>
        <testcase classname="src/components/__tests__/MediaFieldBasic.spec.ts" name="MediaFieldBasic &gt; showMediaTextModal does nothing when no selectedMedia" time="0.0085487">
        </testcase>
        <testcase classname="src/components/__tests__/MediaFieldBasic.spec.ts" name="MediaFieldBasic &gt; saveMediaText updates mediaText on selectedMedia via direct call" time="0.0158339">
        </testcase>
        <testcase classname="src/components/__tests__/MediaFieldBasic.spec.ts" name="MediaFieldBasic &gt; onPickerSelect adds files via addMediaFiles" time="0.0106486">
        </testcase>
        <testcase classname="src/components/__tests__/MediaFieldBasic.spec.ts" name="MediaFieldBasic &gt; onBeforeUnmount removes document click listener" time="0.0146407">
        </testcase>
    </testsuite>
    <testsuite name="src/components/__tests__/MediaFieldGallery.spec.ts" timestamp="2026-09-13T15:51:33.589Z" hostname="AniketDeshmane" tests="31" failures="0" errors="0" skipped="0" time="0.8148145">
        <testcase classname="src/components/__tests__/MediaFieldGallery.spec.ts" name="MediaFieldGallery &gt; renders hidden input" time="0.1682852">
        </testcase>
        <testcase classname="src/components/__tests__/MediaFieldGallery.spec.ts" name="MediaFieldGallery &gt; loadInitialPaths works" time="0.0428637">
        </testcase>
        <testcase classname="src/components/__tests__/MediaFieldGallery.spec.ts" name="MediaFieldGallery &gt; addMediaFiles adds for multiple, replaces for single" time="0.0691432">
        </testcase>
        <testcase classname="src/components/__tests__/MediaFieldGallery.spec.ts" name="MediaFieldGallery &gt; addMediaFiles ignores duplicate mediaPath entries" time="0.0191969">
        </testcase>
        <testcase classname="src/components/__tests__/MediaFieldGallery.spec.ts" name="MediaFieldGallery &gt; selectAndDeleteMedia removes item" time="0.0263771">
        </testcase>
        <testcase classname="src/components/__tests__/MediaFieldGallery.spec.ts" name="MediaFieldGallery &gt; onReorder updates mediaItems" time="0.0388445">
        </testcase>
        <testcase classname="src/components/__tests__/MediaFieldGallery.spec.ts" name="MediaFieldGallery &gt; serializedPaths correct after init" time="0.0183637">
        </testcase>
        <testcase classname="src/components/__tests__/MediaFieldGallery.spec.ts" name="MediaFieldGallery &gt; showPicker calls pickerModalRef.open" time="0.0164135">
        </testcase>
        <testcase classname="src/components/__tests__/MediaFieldGallery.spec.ts" name="MediaFieldGallery &gt; onEditMediaText sets selectedMedia and opens modal" time="0.0560558">
        </testcase>
        <testcase classname="src/components/__tests__/MediaFieldGallery.spec.ts" name="MediaFieldGallery &gt; saveMediaText updates mediaText" time="0.0176912">
        </testcase>
        <testcase classname="src/components/__tests__/MediaFieldGallery.spec.ts" name="MediaFieldGallery &gt; onEditAnchor sets selectedMedia and opens anchor modal" time="0.0257437">
        </testcase>
        <testcase classname="src/components/__tests__/MediaFieldGallery.spec.ts" name="MediaFieldGallery &gt; saveAnchor updates anchor" time="0.0292889">
        </testcase>
        <testcase classname="src/components/__tests__/MediaFieldGallery.spec.ts" name="MediaFieldGallery &gt; resetAnchor resets to 0.5, 0.5" time="0.025113">
        </testcase>
        <testcase classname="src/components/__tests__/MediaFieldGallery.spec.ts" name="MediaFieldGallery &gt; cancelMediaText closes modal without saving (via exposed state)" time="0.0128647">
        </testcase>
        <testcase classname="src/components/__tests__/MediaFieldGallery.spec.ts" name="MediaFieldGallery &gt; cancelAnchor closes modal without saving (via exposed state)" time="0.0174977">
        </testcase>
        <testcase classname="src/components/__tests__/MediaFieldGallery.spec.ts" name="MediaFieldGallery &gt; loadInitialPaths handles 404 as not-found" time="0.0080656">
        </testcase>
        <testcase classname="src/components/__tests__/MediaFieldGallery.spec.ts" name="MediaFieldGallery &gt; loadInitialPaths handles network error as transient" time="0.0093754">
        </testcase>
        <testcase classname="src/components/__tests__/MediaFieldGallery.spec.ts" name="MediaFieldGallery &gt; loadInitialPaths with empty paths sets initialized" time="0.0122519">
        </testcase>
        <testcase classname="src/components/__tests__/MediaFieldGallery.spec.ts" name="MediaFieldGallery &gt; selectAndDeleteMedia clears selectedMedia when deleting selected item" time="0.0169703">
        </testcase>
        <testcase classname="src/components/__tests__/MediaFieldGallery.spec.ts" name="MediaFieldGallery &gt; addMediaFiles with single file in single mode" time="0.0187369">
        </testcase>
        <testcase classname="src/components/__tests__/MediaFieldGallery.spec.ts" name="MediaFieldGallery &gt; onEditAnchor defaults to center when no anchor exists" time="0.0126144">
        </testcase>
        <testcase classname="src/components/__tests__/MediaFieldGallery.spec.ts" name="MediaFieldGallery &gt; serializedPaths returns config.paths before initialization" time="0.0152833">
        </testcase>
        <testcase classname="src/components/__tests__/MediaFieldGallery.spec.ts" name="MediaFieldGallery &gt; loadInitialPaths treats non-404 HTTP errors as transient" time="0.0109648">
        </testcase>
        <testcase classname="src/components/__tests__/MediaFieldGallery.spec.ts" name="MediaFieldGallery &gt; setAnchor updates editingAnchor from mouse position" time="0.0226339">
        </testcase>
        <testcase classname="src/components/__tests__/MediaFieldGallery.spec.ts" name="MediaFieldGallery &gt; setAnchor does nothing when anchorImageRef is null" time="0.0123706">
        </testcase>
        <testcase classname="src/components/__tests__/MediaFieldGallery.spec.ts" name="MediaFieldGallery &gt; cancelMediaText closes modal directly" time="0.0124466">
        </testcase>
        <testcase classname="src/components/__tests__/MediaFieldGallery.spec.ts" name="MediaFieldGallery &gt; cancelAnchor closes modal directly" time="0.0188561">
        </testcase>
        <testcase classname="src/components/__tests__/MediaFieldGallery.spec.ts" name="MediaFieldGallery &gt; serializedPaths maps mediaItems after initialization" time="0.0158215">
        </testcase>
        <testcase classname="src/components/__tests__/MediaFieldGallery.spec.ts" name="MediaFieldGallery &gt; showPicker calls pickerModalRef.open" time="0.0162111">
        </testcase>
        <testcase classname="src/components/__tests__/MediaFieldGallery.spec.ts" name="MediaFieldGallery &gt; onPickerSelect adds files" time="0.0077646">
        </testcase>
        <testcase classname="src/components/__tests__/MediaFieldGallery.spec.ts" name="MediaFieldGallery &gt; onPickerSelect keeps only one item in single mode" time="0.0092712">
        </testcase>
    </testsuite>
    <testsuite name="src/components/__tests__/MediaPickerModal.spec.ts" timestamp="2026-09-13T15:51:33.599Z" hostname="AniketDeshmane" tests="16" failures="0" errors="0" skipped="0" time="0.4936126">
        <testcase classname="src/components/__tests__/MediaPickerModal.spec.ts" name="MediaPickerModal &gt; initially not visible" time="0.1008091">
        </testcase>
        <testcase classname="src/components/__tests__/MediaPickerModal.spec.ts" name="MediaPickerModal &gt; disables the vfm focus trap so nested gallery dialogs keep keyboard focus" time="0.0147244">
        </testcase>
        <testcase classname="src/components/__tests__/MediaPickerModal.spec.ts" name="MediaPickerModal &gt; opens via exposed open() method" time="0.0382963">
        </testcase>
        <testcase classname="src/components/__tests__/MediaPickerModal.spec.ts" name="MediaPickerModal &gt; shows loading state initially" time="0.0151258">
        </testcase>
        <testcase classname="src/components/__tests__/MediaPickerModal.spec.ts" name="MediaPickerModal &gt; forwards signalrEnabled=true to mountMediaAppAsPicker as true" time="0.0221241">
        </testcase>
        <testcase classname="src/components/__tests__/MediaPickerModal.spec.ts" name="MediaPickerModal &gt; forwards signalrEnabled=undefined to mountMediaAppAsPicker as false" time="0.0181544">
        </testcase>
        <testcase classname="src/components/__tests__/MediaPickerModal.spec.ts" name="MediaPickerModal &gt; shows error when media-gallery import fails" time="0.0604285">
            <system-err>
Failed to load media app: Error: Module load failed
    at C:/Users/onerock/Documents/antigravity/happy-mendel/OrchardCore/src/OrchardCore.Modules/OrchardCore.Media/Assets/media-picker/src/components/__tests__/MediaPickerModal.spec.ts:134:13
    at Mock (file:///C:/Users/onerock/Documents/antigravity/happy-mendel/OrchardCore/node_modules/[4m@vitest/spy[24m/dist/index.js:332:34)
    at onOpened (C:/Users/onerock/Documents/antigravity/happy-mendel/OrchardCore/src/OrchardCore.Modules/OrchardCore.Media/Assets/media-picker/src/components/MediaPickerModal.vue:154:20)

            </system-err>
        </testcase>
        <testcase classname="src/components/__tests__/MediaPickerModal.spec.ts" name="MediaPickerModal &gt; emits select with converted IMediaFieldItem[] on confirm" time="0.0518096">
        </testcase>
        <testcase classname="src/components/__tests__/MediaPickerModal.spec.ts" name="MediaPickerModal &gt; cancel closes modal" time="0.0343622">
        </testcase>
        <testcase classname="src/components/__tests__/MediaPickerModal.spec.ts" name="MediaPickerModal &gt; cleanup unmounts picker on close" time="0.0100713">
        </testcase>
        <testcase classname="src/components/__tests__/MediaPickerModal.spec.ts" name="MediaPickerModal &gt; OK button disabled when no selection" time="0.0295399">
        </testcase>
        <testcase classname="src/components/__tests__/MediaPickerModal.spec.ts" name="MediaPickerModal &gt; passes allowMultiple to media picker mount config" time="0.0167188">
        </testcase>
        <testcase classname="src/components/__tests__/MediaPickerModal.spec.ts" name="MediaPickerModal &gt; passes allowedExtensions to media picker mount config" time="0.0149801">
        </testcase>
        <testcase classname="src/components/__tests__/MediaPickerModal.spec.ts" name="MediaPickerModal &gt; onSelectionChange callback updates selectedCount" time="0.0208836">
        </testcase>
        <testcase classname="src/components/__tests__/MediaPickerModal.spec.ts" name="MediaPickerModal &gt; confirm emits only one item when allowMultiple is false" time="0.0208774">
        </testcase>
        <testcase classname="src/components/__tests__/MediaPickerModal.spec.ts" name="MediaPickerModal &gt; confirm filters out files that do not match allowedExtensions" time="0.0174658">
        </testcase>
    </testsuite>
    <testsuite name="src/components/__tests__/ThumbsContainer.spec.ts" timestamp="2026-09-13T15:51:33.606Z" hostname="AniketDeshmane" tests="17" failures="0" errors="0" skipped="0" time="0.4488621">
        <testcase classname="src/components/__tests__/ThumbsContainer.spec.ts" name="ThumbsContainer &gt; shows &apos;No Files&apos; empty state when mediaItems is empty" time="0.0937449">
        </testcase>
        <testcase classname="src/components/__tests__/ThumbsContainer.spec.ts" name="ThumbsContainer &gt; renders visible items (filters out isRemoved)" time="0.0538819">
        </testcase>
        <testcase classname="src/components/__tests__/ThumbsContainer.spec.ts" name="ThumbsContainer &gt; shows image preview for image mime types" time="0.0274115">
        </testcase>
        <testcase classname="src/components/__tests__/ThumbsContainer.spec.ts" name="ThumbsContainer &gt; shows icon for non-image files" time="0.015724">
        </testcase>
        <testcase classname="src/components/__tests__/ThumbsContainer.spec.ts" name="ThumbsContainer &gt; applies active class on selected item" time="0.0152722">
        </testcase>
        <testcase classname="src/components/__tests__/ThumbsContainer.spec.ts" name="ThumbsContainer &gt; emits selectMedia on item click" time="0.0189713">
        </testcase>
        <testcase classname="src/components/__tests__/ThumbsContainer.spec.ts" name="ThumbsContainer &gt; emits deleteMedia on trash button click" time="0.0224446">
        </testcase>
        <testcase classname="src/components/__tests__/ThumbsContainer.spec.ts" name="ThumbsContainer &gt; shows transient error state with warning icon" time="0.0105509">
        </testcase>
        <testcase classname="src/components/__tests__/ThumbsContainer.spec.ts" name="ThumbsContainer &gt; shows not-found error state with ban icon" time="0.0451114">
        </testcase>
        <testcase classname="src/components/__tests__/ThumbsContainer.spec.ts" name="ThumbsContainer &gt; strips GUID prefix from name when isNew is true (substring(36))" time="0.0278401">
        </testcase>
        <testcase classname="src/components/__tests__/ThumbsContainer.spec.ts" name="ThumbsContainer &gt; emits reorder with rearranged array on drop" time="0.0367391">
        </testcase>
        <testcase classname="src/components/__tests__/ThumbsContainer.spec.ts" name="ThumbsContainer &gt; does not allow drag when allowMultiple is false" time="0.0099345">
        </testcase>
        <testcase classname="src/components/__tests__/ThumbsContainer.spec.ts" name="ThumbsContainer &gt; onDragEnd resets draggedItem (subsequent drop is no-op)" time="0.0193049">
        </testcase>
        <testcase classname="src/components/__tests__/ThumbsContainer.spec.ts" name="ThumbsContainer &gt; buildMediaUrl appends width/height params (check img src)" time="0.0135155">
        </testcase>
        <testcase classname="src/components/__tests__/ThumbsContainer.spec.ts" name="ThumbsContainer &gt; emits deleteMedia on trash click for transient error item" time="0.0083386">
        </testcase>
        <testcase classname="src/components/__tests__/ThumbsContainer.spec.ts" name="ThumbsContainer &gt; emits deleteMedia on trash click for not-found error item" time="0.0117834">
        </testcase>
        <testcase classname="src/components/__tests__/ThumbsContainer.spec.ts" name="ThumbsContainer &gt; onDragStart sets dataTransfer.effectAllowed when dataTransfer exists" time="0.0124921">
        </testcase>
    </testsuite>
    <testsuite name="src/components/__tests__/UploadList.spec.ts" timestamp="2026-09-13T15:51:33.612Z" hostname="AniketDeshmane" tests="11" failures="0" errors="0" skipped="0" time="0.3124496">
        <testcase classname="src/components/__tests__/UploadList.spec.ts" name="UploadList &gt; is hidden when files array is empty (v-show)" time="0.1304901">
        </testcase>
        <testcase classname="src/components/__tests__/UploadList.spec.ts" name="UploadList &gt; shows header with upload count" time="0.0205998">
        </testcase>
        <testcase classname="src/components/__tests__/UploadList.spec.ts" name="UploadList &gt; shows error count when errors exist" time="0.0114972">
        </testcase>
        <testcase classname="src/components/__tests__/UploadList.spec.ts" name="UploadList &gt; shows progress bar for in-progress files" time="0.0127881">
        </testcase>
        <testcase classname="src/components/__tests__/UploadList.spec.ts" name="UploadList &gt; shows check icon for successful files" time="0.0126547">
        </testcase>
        <testcase classname="src/components/__tests__/UploadList.spec.ts" name="UploadList &gt; shows error message for failed files" time="0.0108547">
        </testcase>
        <testcase classname="src/components/__tests__/UploadList.spec.ts" name="UploadList &gt; emits clearErrors on broom button click" time="0.0380591">
        </testcase>
        <testcase classname="src/components/__tests__/UploadList.spec.ts" name="UploadList &gt; emits dismiss on X button for error entry" time="0.0123891">
        </testcase>
        <testcase classname="src/components/__tests__/UploadList.spec.ts" name="UploadList &gt; toggles expanded/collapsed on header click" time="0.0219577">
        </testcase>
        <testcase classname="src/components/__tests__/UploadList.spec.ts" name="UploadList &gt; shows dismissAll X button when no pending uploads" time="0.0243425">
        </testcase>
        <testcase classname="src/components/__tests__/UploadList.spec.ts" name="UploadList &gt; emits dismissAll on X button click" time="0.010201">
        </testcase>
    </testsuite>
    <testsuite name="src/services/__tests__/FieldUploadService.spec.ts" timestamp="2026-09-13T15:51:33.617Z" hostname="AniketDeshmane" tests="26" failures="0" errors="0" skipped="0" time="0.1467631">
        <testcase classname="src/services/__tests__/FieldUploadService.spec.ts" name="useFieldUpload &gt; returns reactive files ref that is initially empty" time="0.0139657">
        </testcase>
        <testcase classname="src/services/__tests__/FieldUploadService.spec.ts" name="useFieldUpload &gt; clearErrors &gt; removes only entries with error messages" time="0.0036346">
        </testcase>
        <testcase classname="src/services/__tests__/FieldUploadService.spec.ts" name="useFieldUpload &gt; dismiss &gt; removes the specific entry" time="0.0051792">
        </testcase>
        <testcase classname="src/services/__tests__/FieldUploadService.spec.ts" name="useFieldUpload &gt; dismissAll &gt; clears all entries" time="0.0020879">
        </testcase>
        <testcase classname="src/services/__tests__/FieldUploadService.spec.ts" name="useFieldUpload &gt; uploadFiles &gt; returns uploaded result on successful upload" time="0.0305192">
        </testcase>
        <testcase classname="src/services/__tests__/FieldUploadService.spec.ts" name="useFieldUpload &gt; uploadFiles &gt; uses filePath when XHR response omits mediaPath" time="0.0024837">
        </testcase>
        <testcase classname="src/services/__tests__/FieldUploadService.spec.ts" name="useFieldUpload &gt; uploadFiles &gt; captures server-side file error" time="0.0040487">
        </testcase>
        <testcase classname="src/services/__tests__/FieldUploadService.spec.ts" name="useFieldUpload &gt; uploadFiles &gt; handles HTTP error status" time="0.0037535">
        </testcase>
        <testcase classname="src/services/__tests__/FieldUploadService.spec.ts" name="useFieldUpload &gt; uploadFiles &gt; handles network error" time="0.0062836">
        </testcase>
        <testcase classname="src/services/__tests__/FieldUploadService.spec.ts" name="useFieldUpload &gt; uploadFiles &gt; handles invalid JSON response" time="0.0036809">
        </testcase>
        <testcase classname="src/services/__tests__/FieldUploadService.spec.ts" name="useFieldUpload &gt; uploadFiles &gt; handles empty files array in response" time="0.0034483">
        </testcase>
        <testcase classname="src/services/__tests__/FieldUploadService.spec.ts" name="useFieldUpload &gt; uploadFiles &gt; tracks upload progress percentage" time="0.0031692">
        </testcase>
        <testcase classname="src/services/__tests__/FieldUploadService.spec.ts" name="useFieldUpload &gt; uploadFiles &gt; opens XHR with correct method and URL" time="0.004606">
        </testcase>
        <testcase classname="src/services/__tests__/FieldUploadService.spec.ts" name="useFieldUpload &gt; anti-forgery token &gt; reads token from DOM input and includes it in FormData" time="0.01367">
        </testcase>
        <testcase classname="src/services/__tests__/FieldUploadService.spec.ts" name="useFieldUpload &gt; anti-forgery token &gt; returns empty string when no token input exists in DOM" time="0.0035127">
        </testcase>
        <testcase classname="src/services/__tests__/FieldUploadService.spec.ts" name="useFieldUpload &gt; uploadFiles with TUS enabled &gt; uses TUS when tusEnabled is true" time="0.0041154">
        </testcase>
        <testcase classname="src/services/__tests__/FieldUploadService.spec.ts" name="useFieldUpload &gt; uploadFiles with TUS enabled &gt; uses filePath when TusFileInfo omits mediaPath" time="0.0020632">
        </testcase>
        <testcase classname="src/services/__tests__/FieldUploadService.spec.ts" name="useFieldUpload &gt; uploadFiles with TUS enabled &gt; handles TUS progress event" time="0.0017337">
        </testcase>
        <testcase classname="src/services/__tests__/FieldUploadService.spec.ts" name="useFieldUpload &gt; uploadFiles with TUS enabled &gt; rejects when TUS response has no uploadURL" time="0.002348">
        </testcase>
        <testcase classname="src/services/__tests__/FieldUploadService.spec.ts" name="useFieldUpload &gt; uploadFiles with TUS enabled &gt; rejects when TUS file info request fails" time="0.0025702">
        </testcase>
        <testcase classname="src/services/__tests__/FieldUploadService.spec.ts" name="useFieldUpload &gt; uploadFiles with TUS enabled &gt; rejects when TUS file info fetch throws a network error" time="0.0037519">
        </testcase>
        <testcase classname="src/services/__tests__/FieldUploadService.spec.ts" name="useFieldUpload &gt; uploadFiles with TUS enabled &gt; handles TUS upload-error event" time="0.0012392">
        </testcase>
        <testcase classname="src/services/__tests__/FieldUploadService.spec.ts" name="useFieldUpload &gt; uploadFiles with TUS enabled &gt; handles TUS upload-error with null error" time="0.0014618">
        </testcase>
        <testcase classname="src/services/__tests__/FieldUploadService.spec.ts" name="useFieldUpload &gt; uploadFiles with TUS enabled &gt; uses default chunk size when maxUploadChunkSize is 0" time="0.0010977">
        </testcase>
        <testcase classname="src/services/__tests__/FieldUploadService.spec.ts" name="useFieldUpload &gt; uploadFiles with TUS enabled &gt; uses configured chunk size when maxUploadChunkSize &gt; 0" time="0.0017454">
        </testcase>
        <testcase classname="src/services/__tests__/FieldUploadService.spec.ts" name="useFieldUpload &gt; auto-remove on success &gt; schedules entry removal via setTimeout and callback removes entry" time="0.0139409">
        </testcase>
    </testsuite>
    <testsuite name="src/services/__tests__/FontAwesomeThumbnails.spec.ts" timestamp="2026-09-13T15:51:33.629Z" hostname="AniketDeshmane" tests="58" failures="0" errors="0" skipped="0" time="0.0241414">
        <testcase classname="src/services/__tests__/FontAwesomeThumbnails.spec.ts" name="getIconClassForFilename &gt; image extensions &gt; returns image icon for .jpg" time="0.0047214">
        </testcase>
        <testcase classname="src/services/__tests__/FontAwesomeThumbnails.spec.ts" name="getIconClassForFilename &gt; image extensions &gt; returns image icon for .jpeg" time="0.0005314">
        </testcase>
        <testcase classname="src/services/__tests__/FontAwesomeThumbnails.spec.ts" name="getIconClassForFilename &gt; image extensions &gt; returns image icon for .png" time="0.0002952">
        </testcase>
        <testcase classname="src/services/__tests__/FontAwesomeThumbnails.spec.ts" name="getIconClassForFilename &gt; image extensions &gt; returns image icon for .gif" time="0.0003309">
        </testcase>
        <testcase classname="src/services/__tests__/FontAwesomeThumbnails.spec.ts" name="getIconClassForFilename &gt; image extensions &gt; returns image icon for .webp" time="0.0004726">
        </testcase>
        <testcase classname="src/services/__tests__/FontAwesomeThumbnails.spec.ts" name="getIconClassForFilename &gt; image extensions &gt; returns image icon for .svg" time="0.0002238">
        </testcase>
        <testcase classname="src/services/__tests__/FontAwesomeThumbnails.spec.ts" name="getIconClassForFilename &gt; image extensions &gt; returns image icon for .bmp" time="0.0001648">
        </testcase>
        <testcase classname="src/services/__tests__/FontAwesomeThumbnails.spec.ts" name="getIconClassForFilename &gt; image extensions &gt; returns image icon for .ico" time="0.0002101">
        </testcase>
        <testcase classname="src/services/__tests__/FontAwesomeThumbnails.spec.ts" name="getIconClassForFilename &gt; document extensions &gt; returns pdf icon for .pdf" time="0.0010873">
        </testcase>
        <testcase classname="src/services/__tests__/FontAwesomeThumbnails.spec.ts" name="getIconClassForFilename &gt; document extensions &gt; returns word icon for .doc" time="0.0004597">
        </testcase>
        <testcase classname="src/services/__tests__/FontAwesomeThumbnails.spec.ts" name="getIconClassForFilename &gt; document extensions &gt; returns word icon for .docx" time="0.000166">
        </testcase>
        <testcase classname="src/services/__tests__/FontAwesomeThumbnails.spec.ts" name="getIconClassForFilename &gt; document extensions &gt; returns powerpoint icon for .ppt" time="0.0001178">
        </testcase>
        <testcase classname="src/services/__tests__/FontAwesomeThumbnails.spec.ts" name="getIconClassForFilename &gt; document extensions &gt; returns powerpoint icon for .pptx" time="0.0000727">
        </testcase>
        <testcase classname="src/services/__tests__/FontAwesomeThumbnails.spec.ts" name="getIconClassForFilename &gt; document extensions &gt; returns excel icon for .xls" time="0.0001106">
        </testcase>
        <testcase classname="src/services/__tests__/FontAwesomeThumbnails.spec.ts" name="getIconClassForFilename &gt; document extensions &gt; returns excel icon for .xlsx" time="0.0000687">
        </testcase>
        <testcase classname="src/services/__tests__/FontAwesomeThumbnails.spec.ts" name="getIconClassForFilename &gt; document extensions &gt; returns file icon for .csv" time="0.0003696">
        </testcase>
        <testcase classname="src/services/__tests__/FontAwesomeThumbnails.spec.ts" name="getIconClassForFilename &gt; audio extensions &gt; returns audio icon for .aac" time="0.0003329">
        </testcase>
        <testcase classname="src/services/__tests__/FontAwesomeThumbnails.spec.ts" name="getIconClassForFilename &gt; audio extensions &gt; returns audio icon for .mp3" time="0.0002113">
        </testcase>
        <testcase classname="src/services/__tests__/FontAwesomeThumbnails.spec.ts" name="getIconClassForFilename &gt; audio extensions &gt; returns audio icon for .ogg" time="0.0001908">
        </testcase>
        <testcase classname="src/services/__tests__/FontAwesomeThumbnails.spec.ts" name="getIconClassForFilename &gt; video extensions &gt; returns video icon for .avi" time="0.0002922">
        </testcase>
        <testcase classname="src/services/__tests__/FontAwesomeThumbnails.spec.ts" name="getIconClassForFilename &gt; video extensions &gt; returns video icon for .flv" time="0.0002144">
        </testcase>
        <testcase classname="src/services/__tests__/FontAwesomeThumbnails.spec.ts" name="getIconClassForFilename &gt; video extensions &gt; returns video icon for .mkv" time="0.0001922">
        </testcase>
        <testcase classname="src/services/__tests__/FontAwesomeThumbnails.spec.ts" name="getIconClassForFilename &gt; video extensions &gt; returns video icon for .mp4" time="0.0001768">
        </testcase>
        <testcase classname="src/services/__tests__/FontAwesomeThumbnails.spec.ts" name="getIconClassForFilename &gt; video extensions &gt; returns video icon for .webm" time="0.0005809">
        </testcase>
        <testcase classname="src/services/__tests__/FontAwesomeThumbnails.spec.ts" name="getIconClassForFilename &gt; archive extensions &gt; returns archive icon for .gz" time="0.000505">
        </testcase>
        <testcase classname="src/services/__tests__/FontAwesomeThumbnails.spec.ts" name="getIconClassForFilename &gt; archive extensions &gt; returns archive icon for .zip" time="0.0003111">
        </testcase>
        <testcase classname="src/services/__tests__/FontAwesomeThumbnails.spec.ts" name="getIconClassForFilename &gt; code extensions &gt; returns code icon for .css" time="0.0004048">
        </testcase>
        <testcase classname="src/services/__tests__/FontAwesomeThumbnails.spec.ts" name="getIconClassForFilename &gt; code extensions &gt; returns code icon for .html" time="0.0000916">
        </testcase>
        <testcase classname="src/services/__tests__/FontAwesomeThumbnails.spec.ts" name="getIconClassForFilename &gt; code extensions &gt; returns code icon for .js" time="0.0000768">
        </testcase>
        <testcase classname="src/services/__tests__/FontAwesomeThumbnails.spec.ts" name="getIconClassForFilename &gt; text extension &gt; returns text icon for .txt" time="0.0001175">
        </testcase>
        <testcase classname="src/services/__tests__/FontAwesomeThumbnails.spec.ts" name="getIconClassForFilename &gt; unknown and edge cases &gt; returns default file icon for unknown extension" time="0.0000998">
        </testcase>
        <testcase classname="src/services/__tests__/FontAwesomeThumbnails.spec.ts" name="getIconClassForFilename &gt; unknown and edge cases &gt; returns default file icon for empty filename" time="0.0000944">
        </testcase>
        <testcase classname="src/services/__tests__/FontAwesomeThumbnails.spec.ts" name="getIconClassForFilename &gt; unknown and edge cases &gt; returns default file icon for filename without extension" time="0.0000924">
        </testcase>
        <testcase classname="src/services/__tests__/FontAwesomeThumbnails.spec.ts" name="getIconClassForFilename &gt; case insensitivity &gt; handles uppercase JPG" time="0.0000982">
        </testcase>
        <testcase classname="src/services/__tests__/FontAwesomeThumbnails.spec.ts" name="getIconClassForFilename &gt; case insensitivity &gt; handles uppercase PDF" time="0.0001118">
        </testcase>
        <testcase classname="src/services/__tests__/FontAwesomeThumbnails.spec.ts" name="getIconClassForFilename &gt; case insensitivity &gt; handles mixed case Png" time="0.000093">
        </testcase>
        <testcase classname="src/services/__tests__/FontAwesomeThumbnails.spec.ts" name="getIconClassForFilename &gt; sizeClass parameter &gt; appends sizeClass when provided" time="0.0001512">
        </testcase>
        <testcase classname="src/services/__tests__/FontAwesomeThumbnails.spec.ts" name="getIconClassForFilename &gt; sizeClass parameter &gt; does not append extra space when sizeClass is empty" time="0.0001342">
        </testcase>
        <testcase classname="src/services/__tests__/FontAwesomeThumbnails.spec.ts" name="getIconClassForFilename &gt; sizeClass parameter &gt; appends sizeClass to default icon for unknown extension" time="0.0001596">
        </testcase>
        <testcase classname="src/services/__tests__/FontAwesomeThumbnails.spec.ts" name="isImageExtension &gt; returns true for image extensions &gt; returns true for gif" time="0.0004078">
        </testcase>
        <testcase classname="src/services/__tests__/FontAwesomeThumbnails.spec.ts" name="isImageExtension &gt; returns true for image extensions &gt; returns true for jpeg" time="0.0002288">
        </testcase>
        <testcase classname="src/services/__tests__/FontAwesomeThumbnails.spec.ts" name="isImageExtension &gt; returns true for image extensions &gt; returns true for jpg" time="0.000098">
        </testcase>
        <testcase classname="src/services/__tests__/FontAwesomeThumbnails.spec.ts" name="isImageExtension &gt; returns true for image extensions &gt; returns true for png" time="0.0000884">
        </testcase>
        <testcase classname="src/services/__tests__/FontAwesomeThumbnails.spec.ts" name="isImageExtension &gt; returns true for image extensions &gt; returns true for webp" time="0.0001398">
        </testcase>
        <testcase classname="src/services/__tests__/FontAwesomeThumbnails.spec.ts" name="isImageExtension &gt; returns true for image extensions &gt; returns true for svg" time="0.0001087">
        </testcase>
        <testcase classname="src/services/__tests__/FontAwesomeThumbnails.spec.ts" name="isImageExtension &gt; returns true for image extensions &gt; returns true for bmp" time="0.0001171">
        </testcase>
        <testcase classname="src/services/__tests__/FontAwesomeThumbnails.spec.ts" name="isImageExtension &gt; returns true for image extensions &gt; returns true for ico" time="0.0001523">
        </testcase>
        <testcase classname="src/services/__tests__/FontAwesomeThumbnails.spec.ts" name="isImageExtension &gt; returns false for non-image extensions &gt; returns false for pdf" time="0.0002397">
        </testcase>
        <testcase classname="src/services/__tests__/FontAwesomeThumbnails.spec.ts" name="isImageExtension &gt; returns false for non-image extensions &gt; returns false for doc" time="0.0002061">
        </testcase>
        <testcase classname="src/services/__tests__/FontAwesomeThumbnails.spec.ts" name="isImageExtension &gt; returns false for non-image extensions &gt; returns false for mp3" time="0.0001843">
        </testcase>
        <testcase classname="src/services/__tests__/FontAwesomeThumbnails.spec.ts" name="isImageExtension &gt; returns false for non-image extensions &gt; returns false for mp4" time="0.0001955">
        </testcase>
        <testcase classname="src/services/__tests__/FontAwesomeThumbnails.spec.ts" name="isImageExtension &gt; returns false for non-image extensions &gt; returns false for zip" time="0.0001871">
        </testcase>
        <testcase classname="src/services/__tests__/FontAwesomeThumbnails.spec.ts" name="isImageExtension &gt; returns false for non-image extensions &gt; returns false for js" time="0.0001809">
        </testcase>
        <testcase classname="src/services/__tests__/FontAwesomeThumbnails.spec.ts" name="isImageExtension &gt; returns false for non-image extensions &gt; returns false for txt" time="0.0001663">
        </testcase>
        <testcase classname="src/services/__tests__/FontAwesomeThumbnails.spec.ts" name="isImageExtension &gt; returns false for non-image extensions &gt; returns false for csv" time="0.0001988">
        </testcase>
        <testcase classname="src/services/__tests__/FontAwesomeThumbnails.spec.ts" name="isImageExtension &gt; handles leading dot" time="0.0004229">
        </testcase>
        <testcase classname="src/services/__tests__/FontAwesomeThumbnails.spec.ts" name="isImageExtension &gt; is case insensitive" time="0.00044">
        </testcase>
        <testcase classname="src/services/__tests__/FontAwesomeThumbnails.spec.ts" name="isImageExtension &gt; returns false for empty string" time="0.0002553">
        </testcase>
    </testsuite>
</testsuites>
