<?xml version="1.0" encoding="UTF-8" ?>
<testsuites name="vitest tests" tests="292" failures="0" errors="0" time="1.535444474">
    <testsuite name="src/__tests__/main.spec.ts" timestamp="2026-08-20T12:50:20.082Z" hostname="Nemo" tests="18" failures="0" errors="0" skipped="0" time="0.36473108">
        <testcase classname="src/__tests__/main.spec.ts" name="main.ts &gt; mountMediaField &gt; mounts a Vue app on the given element" time="0.296063345">
        </testcase>
        <testcase classname="src/__tests__/main.spec.ts" name="main.ts &gt; mountMediaField &gt; reads config from data attributes" time="0.003788671">
        </testcase>
        <testcase classname="src/__tests__/main.spec.ts" name="main.ts &gt; mountMediaField &gt; reads media-gallery translations from the rendered data attribute" time="0.002892993">
        </testcase>
        <testcase classname="src/__tests__/main.spec.ts" name="main.ts &gt; mountMediaField &gt; reads translations with defaults when data-translations is absent" time="0.002782554">
        </testcase>
        <testcase classname="src/__tests__/main.spec.ts" name="main.ts &gt; mountMediaField &gt; reads custom translations from data-translations" time="0.002939241">
        </testcase>
        <testcase classname="src/__tests__/main.spec.ts" name="main.ts &gt; mountAttachedMediaField &gt; reads attached config including uploadAction and tempUploadFolder" time="0.004245495">
        </testcase>
        <testcase classname="src/__tests__/main.spec.ts" name="main.ts &gt; mountAttachedMediaField &gt; handles missing attached-specific attributes gracefully" time="0.002603759">
        </testcase>
        <testcase classname="src/__tests__/main.spec.ts" name="main.ts &gt; mountGalleryMediaField &gt; mounts a gallery field on the element" time="0.004254822">
        </testcase>
        <testcase classname="src/__tests__/main.spec.ts" name="main.ts &gt; readConfig (via mountMediaField) &gt; parses paths JSON" time="0.002989769">
        </testcase>
        <testcase classname="src/__tests__/main.spec.ts" name="main.ts &gt; readConfig (via mountMediaField) &gt; handles invalid JSON for paths without throwing" time="0.003320288">
        </testcase>
        <testcase classname="src/__tests__/main.spec.ts" name="main.ts &gt; readConfig (via mountMediaField) &gt; reads boolean attributes correctly" time="0.005829601">
        </testcase>
        <testcase classname="src/__tests__/main.spec.ts" name="main.ts &gt; readTranslations (via mountMediaField) &gt; falls back to defaults when data-translations is missing" time="0.002521718">
        </testcase>
        <testcase classname="src/__tests__/main.spec.ts" name="main.ts &gt; readTranslations (via mountMediaField) &gt; falls back to defaults when data-translations contains invalid JSON" time="0.00233359">
        </testcase>
        <testcase classname="src/__tests__/main.spec.ts" name="main.ts &gt; readTranslations (via mountMediaField) &gt; merges custom translations over defaults" time="0.002609606">
        </testcase>
        <testcase classname="src/__tests__/main.spec.ts" name="main.ts &gt; autoMount &gt; auto-mounts elements with data-media-field-type on import" time="0.006572628">
        </testcase>
        <testcase classname="src/__tests__/main.spec.ts" name="main.ts &gt; autoMount &gt; auto-mounts multiple element types" time="0.008557014">
        </testcase>
        <testcase classname="src/__tests__/main.spec.ts" name="main.ts &gt; autoMount &gt; skips elements that are already mounted" time="0.004761442">
        </testcase>
        <testcase classname="src/__tests__/main.spec.ts" name="main.ts &gt; autoMount &gt; ignores elements with unknown media-field-type" time="0.003911851">
        </testcase>
    </testsuite>
    <testsuite name="src/components/__tests__/GalleryCardItem.spec.ts" timestamp="2026-08-20T12:50:20.084Z" hostname="Nemo" tests="12" failures="0" errors="0" skipped="0" time="0.101716084">
        <testcase classname="src/components/__tests__/GalleryCardItem.spec.ts" name="GalleryCardItem &gt; renders for normal image item" time="0.03669921">
        </testcase>
        <testcase classname="src/components/__tests__/GalleryCardItem.spec.ts" name="GalleryCardItem &gt; renders file icon for non-image" time="0.008691604">
        </testcase>
        <testcase classname="src/components/__tests__/GalleryCardItem.spec.ts" name="GalleryCardItem &gt; shows transient warning" time="0.005321664">
        </testcase>
        <testcase classname="src/components/__tests__/GalleryCardItem.spec.ts" name="GalleryCardItem &gt; shows not-found error" time="0.00504851">
        </testcase>
        <testcase classname="src/components/__tests__/GalleryCardItem.spec.ts" name="GalleryCardItem &gt; hidden when isRemoved" time="0.003067479">
        </testcase>
        <testcase classname="src/components/__tests__/GalleryCardItem.spec.ts" name="GalleryCardItem &gt; emits editMediaText on button click" time="0.009323071">
        </testcase>
        <testcase classname="src/components/__tests__/GalleryCardItem.spec.ts" name="GalleryCardItem &gt; emits editAnchor on button click" time="0.005987902">
        </testcase>
        <testcase classname="src/components/__tests__/GalleryCardItem.spec.ts" name="GalleryCardItem &gt; emits deleteMedia on trash click" time="0.00562107">
        </testcase>
        <testcase classname="src/components/__tests__/GalleryCardItem.spec.ts" name="GalleryCardItem &gt; uses 120px thumb size for &apos;sm&apos;" time="0.005492523">
        </testcase>
        <testcase classname="src/components/__tests__/GalleryCardItem.spec.ts" name="GalleryCardItem &gt; uses 240px thumb size for &apos;lg&apos;" time="0.004502817">
        </testcase>
        <testcase classname="src/components/__tests__/GalleryCardItem.spec.ts" name="GalleryCardItem &gt; shows filled comment icon when mediaText exists" time="0.005602961">
        </testcase>
        <testcase classname="src/components/__tests__/GalleryCardItem.spec.ts" name="GalleryCardItem &gt; shows outline comment icon when no mediaText" time="0.004323492">
        </testcase>
    </testsuite>
    <testsuite name="src/components/__tests__/GalleryContainer.spec.ts" timestamp="2026-08-20T12:50:20.084Z" hostname="Nemo" tests="13" failures="0" errors="0" skipped="0" time="0.089761396">
        <testcase classname="src/components/__tests__/GalleryContainer.spec.ts" name="GalleryContainer &gt; renders in grid view by default" time="0.02067326">
        </testcase>
        <testcase classname="src/components/__tests__/GalleryContainer.spec.ts" name="GalleryContainer &gt; shows add card in grid view" time="0.003798265">
        </testcase>
        <testcase classname="src/components/__tests__/GalleryContainer.spec.ts" name="GalleryContainer &gt; toggles to list view on button click" time="0.007767624">
        </testcase>
        <testcase classname="src/components/__tests__/GalleryContainer.spec.ts" name="GalleryContainer &gt; shows &apos;Add media&apos; empty item in list when no items" time="0.003997515">
        </testcase>
        <testcase classname="src/components/__tests__/GalleryContainer.spec.ts" name="GalleryContainer &gt; renders all items including duplicates" time="0.016381439">
        </testcase>
        <testcase classname="src/components/__tests__/GalleryContainer.spec.ts" name="GalleryContainer &gt; filters out isRemoved items" time="0.003773346">
        </testcase>
        <testcase classname="src/components/__tests__/GalleryContainer.spec.ts" name="GalleryContainer &gt; emits showPicker on add button click" time="0.005609337">
        </testcase>
        <testcase classname="src/components/__tests__/GalleryContainer.spec.ts" name="GalleryContainer &gt; emits reorder on drag-drop (test via component method call)" time="0.003475206">
        </testcase>
        <testcase classname="src/components/__tests__/GalleryContainer.spec.ts" name="GalleryContainer &gt; saves/loads view prefs from localStorage" time="0.005167638">
        </testcase>
        <testcase classname="src/components/__tests__/GalleryContainer.spec.ts" name="GalleryContainer &gt; enforces single item for non-multiple mode (watch fires reorder)" time="0.003965403">
        </testcase>
        <testcase classname="src/components/__tests__/GalleryContainer.spec.ts" name="GalleryContainer &gt; handles invalid localStorage gracefully (catch block)" time="0.002530262">
        </testcase>
        <testcase classname="src/components/__tests__/GalleryContainer.spec.ts" name="GalleryContainer &gt; onDragEnd resets draggedItem" time="0.0050723">
        </testcase>
        <testcase classname="src/components/__tests__/GalleryContainer.spec.ts" name="GalleryContainer &gt; grid size toggle between sm and lg" time="0.006218646">
        </testcase>
    </testsuite>
    <testsuite name="src/components/__tests__/GalleryListItem.spec.ts" timestamp="2026-08-20T12:50:20.085Z" hostname="Nemo" tests="15" failures="0" errors="0" skipped="0" time="0.096687761">
        <testcase classname="src/components/__tests__/GalleryListItem.spec.ts" name="GalleryListItem &gt; renders media name for normal item" time="0.023650462">
        </testcase>
        <testcase classname="src/components/__tests__/GalleryListItem.spec.ts" name="GalleryListItem &gt; shows &apos;Temporarily unavailable&apos; for transient error" time="0.00416996">
        </testcase>
        <testcase classname="src/components/__tests__/GalleryListItem.spec.ts" name="GalleryListItem &gt; shows &apos;Media not found&apos; for not-found error" time="0.003341786">
        </testcase>
        <testcase classname="src/components/__tests__/GalleryListItem.spec.ts" name="GalleryListItem &gt; hidden when isRemoved is true" time="0.002025217">
        </testcase>
        <testcase classname="src/components/__tests__/GalleryListItem.spec.ts" name="GalleryListItem &gt; shows image thumbnail for image mime" time="0.014475785">
        </testcase>
        <testcase classname="src/components/__tests__/GalleryListItem.spec.ts" name="GalleryListItem &gt; shows icon for non-image" time="0.007326339">
        </testcase>
        <testcase classname="src/components/__tests__/GalleryListItem.spec.ts" name="GalleryListItem &gt; shows mediaText button when allowMediaText and no error" time="0.006351584">
        </testcase>
        <testcase classname="src/components/__tests__/GalleryListItem.spec.ts" name="GalleryListItem &gt; hides mediaText button when error" time="0.003629302">
        </testcase>
        <testcase classname="src/components/__tests__/GalleryListItem.spec.ts" name="GalleryListItem &gt; shows anchor button for images when allowAnchors" time="0.004417965">
        </testcase>
        <testcase classname="src/components/__tests__/GalleryListItem.spec.ts" name="GalleryListItem &gt; hides anchor button for non-images" time="0.004289366">
        </testcase>
        <testcase classname="src/components/__tests__/GalleryListItem.spec.ts" name="GalleryListItem &gt; emits editMediaText on button click" time="0.006631526">
        </testcase>
        <testcase classname="src/components/__tests__/GalleryListItem.spec.ts" name="GalleryListItem &gt; emits editAnchor on button click" time="0.00451145">
        </testcase>
        <testcase classname="src/components/__tests__/GalleryListItem.spec.ts" name="GalleryListItem &gt; emits deleteMedia on trash click" time="0.003308249">
        </testcase>
        <testcase classname="src/components/__tests__/GalleryListItem.spec.ts" name="GalleryListItem &gt; is draggable when allowMultiple" time="0.004305233">
        </testcase>
        <testcase classname="src/components/__tests__/GalleryListItem.spec.ts" name="GalleryListItem &gt; is not draggable when allowMultiple is false" time="0.002915093">
        </testcase>
    </testsuite>
    <testsuite name="src/components/__tests__/MediaFieldAttached.spec.ts" timestamp="2026-08-20T12:50:20.085Z" hostname="Nemo" tests="33" failures="0" errors="0" skipped="0" time="0.197321805">
        <testcase classname="src/components/__tests__/MediaFieldAttached.spec.ts" name="MediaFieldAttached &gt; renders hidden input with serialized paths" time="0.029577875">
        </testcase>
        <testcase classname="src/components/__tests__/MediaFieldAttached.spec.ts" name="MediaFieldAttached &gt; loadInitialPaths works" time="0.011207814">
        </testcase>
        <testcase classname="src/components/__tests__/MediaFieldAttached.spec.ts" name="MediaFieldAttached &gt; loadInitialPaths batches requests when mediaItemsUrl is configured" time="0.006998782">
        </testcase>
        <testcase classname="src/components/__tests__/MediaFieldAttached.spec.ts" name="MediaFieldAttached &gt; handles file input change (onFileInputChange)" time="0.010169688">
        </testcase>
        <testcase classname="src/components/__tests__/MediaFieldAttached.spec.ts" name="MediaFieldAttached &gt; handles drag-drop (onDrop)" time="0.019423076">
        </testcase>
        <testcase classname="src/components/__tests__/MediaFieldAttached.spec.ts" name="MediaFieldAttached &gt; handleFiles calls uploadService.uploadFiles" time="0.006933289">
        </testcase>
        <testcase classname="src/components/__tests__/MediaFieldAttached.spec.ts" name="MediaFieldAttached &gt; handleFiles adds uploaded items to mediaItems" time="0.006094004">
        </testcase>
        <testcase classname="src/components/__tests__/MediaFieldAttached.spec.ts" name="MediaFieldAttached &gt; canAddMedia false for single mode with item" time="0.01364012">
        </testcase>
        <testcase classname="src/components/__tests__/MediaFieldAttached.spec.ts" name="MediaFieldAttached &gt; removeSelected works" time="0.006728268">
        </testcase>
        <testcase classname="src/components/__tests__/MediaFieldAttached.spec.ts" name="MediaFieldAttached &gt; onDocumentClick deselects when clicking outside images" time="0.005409509">
        </testcase>
        <testcase classname="src/components/__tests__/MediaFieldAttached.spec.ts" name="MediaFieldAttached &gt; onDocumentClick does not deselect when clicking an image thumbnail" time="0.003317155">
        </testcase>
        <testcase classname="src/components/__tests__/MediaFieldAttached.spec.ts" name="MediaFieldAttached &gt; drag zone shows overlay when dragging over" time="0.002848452">
        </testcase>
        <testcase classname="src/components/__tests__/MediaFieldAttached.spec.ts" name="MediaFieldAttached &gt; serializedPaths includes isNew, isRemoved, attachedFileName" time="0.002549125">
        </testcase>
        <testcase classname="src/components/__tests__/MediaFieldAttached.spec.ts" name="MediaFieldAttached &gt; loadInitialPaths handles 404 as not-found error" time="0.002028993">
        </testcase>
        <testcase classname="src/components/__tests__/MediaFieldAttached.spec.ts" name="MediaFieldAttached &gt; loadInitialPaths handles network error as transient" time="0.002339642">
        </testcase>
        <testcase classname="src/components/__tests__/MediaFieldAttached.spec.ts" name="MediaFieldAttached &gt; loadInitialPaths with empty paths sets initialized" time="0.001806371">
        </testcase>
        <testcase classname="src/components/__tests__/MediaFieldAttached.spec.ts" name="MediaFieldAttached &gt; onDrop does nothing when no files in dataTransfer" time="0.001883511">
        </testcase>
        <testcase classname="src/components/__tests__/MediaFieldAttached.spec.ts" name="MediaFieldAttached &gt; onFileInputChange does nothing when no files selected" time="0.001857035">
        </testcase>
        <testcase classname="src/components/__tests__/MediaFieldAttached.spec.ts" name="MediaFieldAttached &gt; selectAndDeleteMedia selects then removes item" time="0.003982118">
        </testcase>
        <testcase classname="src/components/__tests__/MediaFieldAttached.spec.ts" name="MediaFieldAttached &gt; onReorder updates mediaItems order" time="0.003085806">
        </testcase>
        <testcase classname="src/components/__tests__/MediaFieldAttached.spec.ts" name="MediaFieldAttached &gt; cancelMediaText does not change mediaText" time="0.008149997">
        </testcase>
        <testcase classname="src/components/__tests__/MediaFieldAttached.spec.ts" name="MediaFieldAttached &gt; saveMediaText saves editingMediaText to selected item" time="0.00533199">
        </testcase>
        <testcase classname="src/components/__tests__/MediaFieldAttached.spec.ts" name="MediaFieldAttached &gt; showAnchorModal / saveAnchor / resetAnchor / cancelAnchor work" time="0.005603239">
        </testcase>
        <testcase classname="src/components/__tests__/MediaFieldAttached.spec.ts" name="MediaFieldAttached &gt; cancelAnchor does not modify anchor" time="0.005169483">
        </testcase>
        <testcase classname="src/components/__tests__/MediaFieldAttached.spec.ts" name="MediaFieldAttached &gt; persists smallThumbs preference to localStorage" time="0.00278614">
        </testcase>
        <testcase classname="src/components/__tests__/MediaFieldAttached.spec.ts" name="MediaFieldAttached &gt; handles invalid mediaFieldPrefs in localStorage gracefully" time="0.001946202">
        </testcase>
        <testcase classname="src/components/__tests__/MediaFieldAttached.spec.ts" name="MediaFieldAttached &gt; handleFiles in single mode replaces existing item" time="0.00319086">
        </testcase>
        <testcase classname="src/components/__tests__/MediaFieldAttached.spec.ts" name="MediaFieldAttached &gt; handleFiles logs warning when there are upload errors" time="0.002582059">
        </testcase>
        <testcase classname="src/components/__tests__/MediaFieldAttached.spec.ts" name="MediaFieldAttached &gt; removeSelected else-if branch: removes single item when nothing selected" time="0.00260111">
        </testcase>
        <testcase classname="src/components/__tests__/MediaFieldAttached.spec.ts" name="MediaFieldAttached &gt; setAnchor updates editingAnchor from mouse position" time="0.004078829">
        </testcase>
        <testcase classname="src/components/__tests__/MediaFieldAttached.spec.ts" name="MediaFieldAttached &gt; setAnchor does nothing when anchorImageRef is null" time="0.002135634">
        </testcase>
        <testcase classname="src/components/__tests__/MediaFieldAttached.spec.ts" name="MediaFieldAttached &gt; handleFiles with multiple uploads in single mode keeps only first" time="0.00304897">
        </testcase>
        <testcase classname="src/components/__tests__/MediaFieldAttached.spec.ts" name="MediaFieldAttached &gt; dragover and dragleave toggle isDraggingOver" time="0.007285954">
        </testcase>
    </testsuite>
    <testsuite name="src/components/__tests__/MediaFieldBasic.spec.ts" timestamp="2026-08-20T12:50:20.087Z" hostname="Nemo" tests="45" failures="0" errors="0" skipped="0" time="0.210060992">
        <testcase classname="src/components/__tests__/MediaFieldBasic.spec.ts" name="MediaFieldBasic &gt; renders hidden input with serialized paths" time="0.029027511">
        </testcase>
        <testcase classname="src/components/__tests__/MediaFieldBasic.spec.ts" name="MediaFieldBasic &gt; serializedPaths returns config.paths before initialization" time="0.014148519">
        </testcase>
        <testcase classname="src/components/__tests__/MediaFieldBasic.spec.ts" name="MediaFieldBasic &gt; serializedPaths returns mediaItems after initialization" time="0.009415146">
        </testcase>
        <testcase classname="src/components/__tests__/MediaFieldBasic.spec.ts" name="MediaFieldBasic &gt; loadInitialPaths fetches media details from API" time="0.014752801">
        </testcase>
        <testcase classname="src/components/__tests__/MediaFieldBasic.spec.ts" name="MediaFieldBasic &gt; loadInitialPaths handles 404 as not-found error" time="0.009701183">
        </testcase>
        <testcase classname="src/components/__tests__/MediaFieldBasic.spec.ts" name="MediaFieldBasic &gt; loadInitialPaths handles network error as transient" time="0.006735985">
        </testcase>
        <testcase classname="src/components/__tests__/MediaFieldBasic.spec.ts" name="MediaFieldBasic &gt; loadInitialPaths batches requests when mediaItemsUrl is configured" time="0.006179655">
        </testcase>
        <testcase classname="src/components/__tests__/MediaFieldBasic.spec.ts" name="MediaFieldBasic &gt; loadInitialPaths with empty paths sets initialized" time="0.004772217">
        </testcase>
        <testcase classname="src/components/__tests__/MediaFieldBasic.spec.ts" name="MediaFieldBasic &gt; addMediaFiles adds items for multiple mode" time="0.004480105">
        </testcase>
        <testcase classname="src/components/__tests__/MediaFieldBasic.spec.ts" name="MediaFieldBasic &gt; addMediaFiles replaces for single mode" time="0.004057062">
        </testcase>
        <testcase classname="src/components/__tests__/MediaFieldBasic.spec.ts" name="MediaFieldBasic &gt; addMediaFiles ignores duplicate mediaPath entries" time="0.003061259">
        </testcase>
        <testcase classname="src/components/__tests__/MediaFieldBasic.spec.ts" name="MediaFieldBasic &gt; removeSelected removes selected item" time="0.006872273">
        </testcase>
        <testcase classname="src/components/__tests__/MediaFieldBasic.spec.ts" name="MediaFieldBasic &gt; selectMedia sets selectedMedia" time="0.003061615">
        </testcase>
        <testcase classname="src/components/__tests__/MediaFieldBasic.spec.ts" name="MediaFieldBasic &gt; selectMedia deselects when clicking the same image twice" time="0.002956707">
        </testcase>
        <testcase classname="src/components/__tests__/MediaFieldBasic.spec.ts" name="MediaFieldBasic &gt; canAddMedia false when single and has item" time="0.002851316">
        </testcase>
        <testcase classname="src/components/__tests__/MediaFieldBasic.spec.ts" name="MediaFieldBasic &gt; canAddMedia true when multiple" time="0.001877182">
        </testcase>
        <testcase classname="src/components/__tests__/MediaFieldBasic.spec.ts" name="MediaFieldBasic &gt; shows Remove button when selectedMedia" time="0.002731868">
        </testcase>
        <testcase classname="src/components/__tests__/MediaFieldBasic.spec.ts" name="MediaFieldBasic &gt; shows Media Text button when selectedMedia and allowMediaText" time="0.005622084">
        </testcase>
        <testcase classname="src/components/__tests__/MediaFieldBasic.spec.ts" name="MediaFieldBasic &gt; shows Anchor button when selectedMedia, allowAnchors, and image type" time="0.003610571">
        </testcase>
        <testcase classname="src/components/__tests__/MediaFieldBasic.spec.ts" name="MediaFieldBasic &gt; smallThumbs toggle changes thumbSize" time="0.002742404">
        </testcase>
        <testcase classname="src/components/__tests__/MediaFieldBasic.spec.ts" name="MediaFieldBasic &gt; selectAndDeleteMedia selects then removes item" time="0.003662408">
        </testcase>
        <testcase classname="src/components/__tests__/MediaFieldBasic.spec.ts" name="MediaFieldBasic &gt; onReorder updates mediaItems order" time="0.003448826">
        </testcase>
        <testcase classname="src/components/__tests__/MediaFieldBasic.spec.ts" name="MediaFieldBasic &gt; addMediaFiles with single file for single mode" time="0.009051908">
        </testcase>
        <testcase classname="src/components/__tests__/MediaFieldBasic.spec.ts" name="MediaFieldBasic &gt; showPicker button is disabled when canAddMedia is false" time="0.003019075">
        </testcase>
        <testcase classname="src/components/__tests__/MediaFieldBasic.spec.ts" name="MediaFieldBasic &gt; onPickerSelect adds files via addMediaFiles" time="0.001811025">
        </testcase>
        <testcase classname="src/components/__tests__/MediaFieldBasic.spec.ts" name="MediaFieldBasic &gt; onPickerSelect keeps only one item in single mode" time="0.002466095">
        </testcase>
        <testcase classname="src/components/__tests__/MediaFieldBasic.spec.ts" name="MediaFieldBasic &gt; cancelMediaText does not change mediaText" time="0.003960466">
        </testcase>
        <testcase classname="src/components/__tests__/MediaFieldBasic.spec.ts" name="MediaFieldBasic &gt; saveMediaText saves editingMediaText to selected item" time="0.003318537">
        </testcase>
        <testcase classname="src/components/__tests__/MediaFieldBasic.spec.ts" name="MediaFieldBasic &gt; showAnchorModal / saveAnchor / resetAnchor / cancelAnchor" time="0.003829294">
        </testcase>
        <testcase classname="src/components/__tests__/MediaFieldBasic.spec.ts" name="MediaFieldBasic &gt; cancelAnchor does not modify anchor" time="0.003522462">
        </testcase>
        <testcase classname="src/components/__tests__/MediaFieldBasic.spec.ts" name="MediaFieldBasic &gt; persists smallThumbs to localStorage on change" time="0.001467176">
        </testcase>
        <testcase classname="src/components/__tests__/MediaFieldBasic.spec.ts" name="MediaFieldBasic &gt; handles invalid mediaFieldPrefs in localStorage gracefully" time="0.001325956">
        </testcase>
        <testcase classname="src/components/__tests__/MediaFieldBasic.spec.ts" name="MediaFieldBasic &gt; auto-selects first item in single mode on initial load" time="0.001880569">
        </testcase>
        <testcase classname="src/components/__tests__/MediaFieldBasic.spec.ts" name="MediaFieldBasic &gt; onDocumentClick deselects when clicking outside" time="0.003253044">
        </testcase>
        <testcase classname="src/components/__tests__/MediaFieldBasic.spec.ts" name="MediaFieldBasic &gt; onDocumentClick does NOT deselect when clicking inside .mf-thumb-item" time="0.002269581">
        </testcase>
        <testcase classname="src/components/__tests__/MediaFieldBasic.spec.ts" name="MediaFieldBasic &gt; setAnchor updates editingAnchor from mouse position" time="0.003283707">
        </testcase>
        <testcase classname="src/components/__tests__/MediaFieldBasic.spec.ts" name="MediaFieldBasic &gt; cancelMediaText closes modal via direct call" time="0.00226941">
        </testcase>
        <testcase classname="src/components/__tests__/MediaFieldBasic.spec.ts" name="MediaFieldBasic &gt; cancelAnchor closes modal via direct call" time="0.002417247">
        </testcase>
        <testcase classname="src/components/__tests__/MediaFieldBasic.spec.ts" name="MediaFieldBasic &gt; removeSelected removes single item when nothing is selected" time="0.001874642">
        </testcase>
        <testcase classname="src/components/__tests__/MediaFieldBasic.spec.ts" name="MediaFieldBasic &gt; showPicker calls pickerModalRef.open (no-op when ref is stub)" time="0.001302968">
        </testcase>
        <testcase classname="src/components/__tests__/MediaFieldBasic.spec.ts" name="MediaFieldBasic &gt; showPicker does nothing when canAddMedia is false" time="0.001903603">
        </testcase>
        <testcase classname="src/components/__tests__/MediaFieldBasic.spec.ts" name="MediaFieldBasic &gt; showMediaTextModal does nothing when no selectedMedia" time="0.001683461">
        </testcase>
        <testcase classname="src/components/__tests__/MediaFieldBasic.spec.ts" name="MediaFieldBasic &gt; saveMediaText updates mediaText on selectedMedia via direct call" time="0.002766653">
        </testcase>
        <testcase classname="src/components/__tests__/MediaFieldBasic.spec.ts" name="MediaFieldBasic &gt; onPickerSelect adds files via addMediaFiles" time="0.001764432">
        </testcase>
        <testcase classname="src/components/__tests__/MediaFieldBasic.spec.ts" name="MediaFieldBasic &gt; onBeforeUnmount removes document click listener" time="0.002141848">
        </testcase>
    </testsuite>
    <testsuite name="src/components/__tests__/MediaFieldGallery.spec.ts" timestamp="2026-08-20T12:50:20.091Z" hostname="Nemo" tests="31" failures="0" errors="0" skipped="0" time="0.157222236">
        <testcase classname="src/components/__tests__/MediaFieldGallery.spec.ts" name="MediaFieldGallery &gt; renders hidden input" time="0.030058302">
        </testcase>
        <testcase classname="src/components/__tests__/MediaFieldGallery.spec.ts" name="MediaFieldGallery &gt; loadInitialPaths works" time="0.009040651">
        </testcase>
        <testcase classname="src/components/__tests__/MediaFieldGallery.spec.ts" name="MediaFieldGallery &gt; addMediaFiles adds for multiple, replaces for single" time="0.01672593">
        </testcase>
        <testcase classname="src/components/__tests__/MediaFieldGallery.spec.ts" name="MediaFieldGallery &gt; addMediaFiles ignores duplicate mediaPath entries" time="0.006336903">
        </testcase>
        <testcase classname="src/components/__tests__/MediaFieldGallery.spec.ts" name="MediaFieldGallery &gt; selectAndDeleteMedia removes item" time="0.006407814">
        </testcase>
        <testcase classname="src/components/__tests__/MediaFieldGallery.spec.ts" name="MediaFieldGallery &gt; onReorder updates mediaItems" time="0.007921517">
        </testcase>
        <testcase classname="src/components/__tests__/MediaFieldGallery.spec.ts" name="MediaFieldGallery &gt; serializedPaths correct after init" time="0.004715166">
        </testcase>
        <testcase classname="src/components/__tests__/MediaFieldGallery.spec.ts" name="MediaFieldGallery &gt; showPicker calls pickerModalRef.open" time="0.004212557">
        </testcase>
        <testcase classname="src/components/__tests__/MediaFieldGallery.spec.ts" name="MediaFieldGallery &gt; onEditMediaText sets selectedMedia and opens modal" time="0.017200251">
        </testcase>
        <testcase classname="src/components/__tests__/MediaFieldGallery.spec.ts" name="MediaFieldGallery &gt; saveMediaText updates mediaText" time="0.005053274">
        </testcase>
        <testcase classname="src/components/__tests__/MediaFieldGallery.spec.ts" name="MediaFieldGallery &gt; onEditAnchor sets selectedMedia and opens anchor modal" time="0.003208823">
        </testcase>
        <testcase classname="src/components/__tests__/MediaFieldGallery.spec.ts" name="MediaFieldGallery &gt; saveAnchor updates anchor" time="0.003342497">
        </testcase>
        <testcase classname="src/components/__tests__/MediaFieldGallery.spec.ts" name="MediaFieldGallery &gt; resetAnchor resets to 0.5, 0.5" time="0.002974179">
        </testcase>
        <testcase classname="src/components/__tests__/MediaFieldGallery.spec.ts" name="MediaFieldGallery &gt; cancelMediaText closes modal without saving (via exposed state)" time="0.002424856">
        </testcase>
        <testcase classname="src/components/__tests__/MediaFieldGallery.spec.ts" name="MediaFieldGallery &gt; cancelAnchor closes modal without saving (via exposed state)" time="0.002870675">
        </testcase>
        <testcase classname="src/components/__tests__/MediaFieldGallery.spec.ts" name="MediaFieldGallery &gt; loadInitialPaths handles 404 as not-found" time="0.001792215">
        </testcase>
        <testcase classname="src/components/__tests__/MediaFieldGallery.spec.ts" name="MediaFieldGallery &gt; loadInitialPaths handles network error as transient" time="0.001767257">
        </testcase>
        <testcase classname="src/components/__tests__/MediaFieldGallery.spec.ts" name="MediaFieldGallery &gt; loadInitialPaths with empty paths sets initialized" time="0.001742392">
        </testcase>
        <testcase classname="src/components/__tests__/MediaFieldGallery.spec.ts" name="MediaFieldGallery &gt; selectAndDeleteMedia clears selectedMedia when deleting selected item" time="0.002546579">
        </testcase>
        <testcase classname="src/components/__tests__/MediaFieldGallery.spec.ts" name="MediaFieldGallery &gt; addMediaFiles with single file in single mode" time="0.001581875">
        </testcase>
        <testcase classname="src/components/__tests__/MediaFieldGallery.spec.ts" name="MediaFieldGallery &gt; onEditAnchor defaults to center when no anchor exists" time="0.002143081">
        </testcase>
        <testcase classname="src/components/__tests__/MediaFieldGallery.spec.ts" name="MediaFieldGallery &gt; serializedPaths returns config.paths before initialization" time="0.001860948">
        </testcase>
        <testcase classname="src/components/__tests__/MediaFieldGallery.spec.ts" name="MediaFieldGallery &gt; loadInitialPaths treats non-404 HTTP errors as transient" time="0.001769002">
        </testcase>
        <testcase classname="src/components/__tests__/MediaFieldGallery.spec.ts" name="MediaFieldGallery &gt; setAnchor updates editingAnchor from mouse position" time="0.003002327">
        </testcase>
        <testcase classname="src/components/__tests__/MediaFieldGallery.spec.ts" name="MediaFieldGallery &gt; setAnchor does nothing when anchorImageRef is null" time="0.002535283">
        </testcase>
        <testcase classname="src/components/__tests__/MediaFieldGallery.spec.ts" name="MediaFieldGallery &gt; cancelMediaText closes modal directly" time="0.002353829">
        </testcase>
        <testcase classname="src/components/__tests__/MediaFieldGallery.spec.ts" name="MediaFieldGallery &gt; cancelAnchor closes modal directly" time="0.002149467">
        </testcase>
        <testcase classname="src/components/__tests__/MediaFieldGallery.spec.ts" name="MediaFieldGallery &gt; serializedPaths maps mediaItems after initialization" time="0.00258623">
        </testcase>
        <testcase classname="src/components/__tests__/MediaFieldGallery.spec.ts" name="MediaFieldGallery &gt; showPicker calls pickerModalRef.open" time="0.001657222">
        </testcase>
        <testcase classname="src/components/__tests__/MediaFieldGallery.spec.ts" name="MediaFieldGallery &gt; onPickerSelect adds files" time="0.001949523">
        </testcase>
        <testcase classname="src/components/__tests__/MediaFieldGallery.spec.ts" name="MediaFieldGallery &gt; onPickerSelect keeps only one item in single mode" time="0.001466505">
        </testcase>
    </testsuite>
    <testsuite name="src/components/__tests__/MediaPickerModal.spec.ts" timestamp="2026-08-20T12:50:20.092Z" hostname="Nemo" tests="13" failures="0" errors="0" skipped="0" time="0.115354468">
        <testcase classname="src/components/__tests__/MediaPickerModal.spec.ts" name="MediaPickerModal &gt; initially not visible" time="0.030686205">
        </testcase>
        <testcase classname="src/components/__tests__/MediaPickerModal.spec.ts" name="MediaPickerModal &gt; opens via exposed open() method" time="0.012743332">
        </testcase>
        <testcase classname="src/components/__tests__/MediaPickerModal.spec.ts" name="MediaPickerModal &gt; shows loading state initially" time="0.006606678">
        </testcase>
        <testcase classname="src/components/__tests__/MediaPickerModal.spec.ts" name="MediaPickerModal &gt; shows error when media-gallery import fails" time="0.012785934">
            <system-err>
Failed to load media app: Error: Module load failed
    at /home/skrypt/repo/OrchardCore/src/OrchardCore.Modules/OrchardCore.Media/Assets/media-picker/src/components/__tests__/MediaPickerModal.spec.ts:108:13
    at Mock (file:///home/skrypt/repo/OrchardCore/node_modules/@vitest/spy/dist/index.js:332:34)
    at onOpened (/home/skrypt/repo/OrchardCore/src/OrchardCore.Modules/OrchardCore.Media/Assets/media-picker/src/components/MediaPickerModal.vue:148:20)
    at processTicksAndRejections (node:internal/process/task_queues:104:5)

            </system-err>
        </testcase>
        <testcase classname="src/components/__tests__/MediaPickerModal.spec.ts" name="MediaPickerModal &gt; emits select with converted IMediaFieldItem[] on confirm" time="0.008899011">
        </testcase>
        <testcase classname="src/components/__tests__/MediaPickerModal.spec.ts" name="MediaPickerModal &gt; cancel closes modal" time="0.005653903">
        </testcase>
        <testcase classname="src/components/__tests__/MediaPickerModal.spec.ts" name="MediaPickerModal &gt; cleanup unmounts picker on close" time="0.007301025">
        </testcase>
        <testcase classname="src/components/__tests__/MediaPickerModal.spec.ts" name="MediaPickerModal &gt; OK button disabled when no selection" time="0.006284046">
        </testcase>
        <testcase classname="src/components/__tests__/MediaPickerModal.spec.ts" name="MediaPickerModal &gt; passes allowMultiple to media picker mount config" time="0.00523822">
        </testcase>
        <testcase classname="src/components/__tests__/MediaPickerModal.spec.ts" name="MediaPickerModal &gt; passes allowedExtensions to media picker mount config" time="0.004941202">
        </testcase>
        <testcase classname="src/components/__tests__/MediaPickerModal.spec.ts" name="MediaPickerModal &gt; onSelectionChange callback updates selectedCount" time="0.005377657">
        </testcase>
        <testcase classname="src/components/__tests__/MediaPickerModal.spec.ts" name="MediaPickerModal &gt; confirm emits only one item when allowMultiple is false" time="0.004464556">
        </testcase>
        <testcase classname="src/components/__tests__/MediaPickerModal.spec.ts" name="MediaPickerModal &gt; confirm filters out files that do not match allowedExtensions" time="0.002690302">
        </testcase>
    </testsuite>
    <testsuite name="src/components/__tests__/ThumbsContainer.spec.ts" timestamp="2026-08-20T12:50:20.093Z" hostname="Nemo" tests="17" failures="0" errors="0" skipped="0" time="0.084378625">
        <testcase classname="src/components/__tests__/ThumbsContainer.spec.ts" name="ThumbsContainer &gt; shows &apos;No Files&apos; empty state when mediaItems is empty" time="0.016518498">
        </testcase>
        <testcase classname="src/components/__tests__/ThumbsContainer.spec.ts" name="ThumbsContainer &gt; renders visible items (filters out isRemoved)" time="0.010824836">
        </testcase>
        <testcase classname="src/components/__tests__/ThumbsContainer.spec.ts" name="ThumbsContainer &gt; shows image preview for image mime types" time="0.005932981">
        </testcase>
        <testcase classname="src/components/__tests__/ThumbsContainer.spec.ts" name="ThumbsContainer &gt; shows icon for non-image files" time="0.004056071">
        </testcase>
        <testcase classname="src/components/__tests__/ThumbsContainer.spec.ts" name="ThumbsContainer &gt; applies active class on selected item" time="0.003465368">
        </testcase>
        <testcase classname="src/components/__tests__/ThumbsContainer.spec.ts" name="ThumbsContainer &gt; emits selectMedia on item click" time="0.003700136">
        </testcase>
        <testcase classname="src/components/__tests__/ThumbsContainer.spec.ts" name="ThumbsContainer &gt; emits deleteMedia on trash button click" time="0.002912647">
        </testcase>
        <testcase classname="src/components/__tests__/ThumbsContainer.spec.ts" name="ThumbsContainer &gt; shows transient error state with warning icon" time="0.002513206">
        </testcase>
        <testcase classname="src/components/__tests__/ThumbsContainer.spec.ts" name="ThumbsContainer &gt; shows not-found error state with ban icon" time="0.002777981">
        </testcase>
        <testcase classname="src/components/__tests__/ThumbsContainer.spec.ts" name="ThumbsContainer &gt; strips GUID prefix from name when isNew is true (substring(36))" time="0.003529841">
        </testcase>
        <testcase classname="src/components/__tests__/ThumbsContainer.spec.ts" name="ThumbsContainer &gt; emits reorder with rearranged array on drop" time="0.005350373">
        </testcase>
        <testcase classname="src/components/__tests__/ThumbsContainer.spec.ts" name="ThumbsContainer &gt; does not allow drag when allowMultiple is false" time="0.002459298">
        </testcase>
        <testcase classname="src/components/__tests__/ThumbsContainer.spec.ts" name="ThumbsContainer &gt; onDragEnd resets draggedItem (subsequent drop is no-op)" time="0.003432893">
        </testcase>
        <testcase classname="src/components/__tests__/ThumbsContainer.spec.ts" name="ThumbsContainer &gt; buildMediaUrl appends width/height params (check img src)" time="0.003168611">
        </testcase>
        <testcase classname="src/components/__tests__/ThumbsContainer.spec.ts" name="ThumbsContainer &gt; emits deleteMedia on trash click for transient error item" time="0.003906056">
        </testcase>
        <testcase classname="src/components/__tests__/ThumbsContainer.spec.ts" name="ThumbsContainer &gt; emits deleteMedia on trash click for not-found error item" time="0.002791282">
        </testcase>
        <testcase classname="src/components/__tests__/ThumbsContainer.spec.ts" name="ThumbsContainer &gt; onDragStart sets dataTransfer.effectAllowed when dataTransfer exists" time="0.005565889">
        </testcase>
    </testsuite>
    <testsuite name="src/components/__tests__/UploadList.spec.ts" timestamp="2026-08-20T12:50:20.094Z" hostname="Nemo" tests="11" failures="0" errors="0" skipped="0" time="0.078880504">
        <testcase classname="src/components/__tests__/UploadList.spec.ts" name="UploadList &gt; is hidden when files array is empty (v-show)" time="0.025819896">
        </testcase>
        <testcase classname="src/components/__tests__/UploadList.spec.ts" name="UploadList &gt; shows header with upload count" time="0.005488776">
        </testcase>
        <testcase classname="src/components/__tests__/UploadList.spec.ts" name="UploadList &gt; shows error count when errors exist" time="0.003309434">
        </testcase>
        <testcase classname="src/components/__tests__/UploadList.spec.ts" name="UploadList &gt; shows progress bar for in-progress files" time="0.003898209">
        </testcase>
        <testcase classname="src/components/__tests__/UploadList.spec.ts" name="UploadList &gt; shows check icon for successful files" time="0.003084157">
        </testcase>
        <testcase classname="src/components/__tests__/UploadList.spec.ts" name="UploadList &gt; shows error message for failed files" time="0.002892393">
        </testcase>
        <testcase classname="src/components/__tests__/UploadList.spec.ts" name="UploadList &gt; emits clearErrors on broom button click" time="0.004804064">
        </testcase>
        <testcase classname="src/components/__tests__/UploadList.spec.ts" name="UploadList &gt; emits dismiss on X button for error entry" time="0.00407623">
        </testcase>
        <testcase classname="src/components/__tests__/UploadList.spec.ts" name="UploadList &gt; toggles expanded/collapsed on header click" time="0.010203509">
        </testcase>
        <testcase classname="src/components/__tests__/UploadList.spec.ts" name="UploadList &gt; shows dismissAll X button when no pending uploads" time="0.010052182">
        </testcase>
        <testcase classname="src/components/__tests__/UploadList.spec.ts" name="UploadList &gt; emits dismissAll on X button click" time="0.00351419">
        </testcase>
    </testsuite>
    <testsuite name="src/services/__tests__/FieldUploadService.spec.ts" timestamp="2026-08-20T12:50:20.094Z" hostname="Nemo" tests="26" failures="0" errors="0" skipped="0" time="0.033734293">
        <testcase classname="src/services/__tests__/FieldUploadService.spec.ts" name="useFieldUpload &gt; returns reactive files ref that is initially empty" time="0.003113398">
        </testcase>
        <testcase classname="src/services/__tests__/FieldUploadService.spec.ts" name="useFieldUpload &gt; clearErrors &gt; removes only entries with error messages" time="0.000814521">
        </testcase>
        <testcase classname="src/services/__tests__/FieldUploadService.spec.ts" name="useFieldUpload &gt; dismiss &gt; removes the specific entry" time="0.001057091">
        </testcase>
        <testcase classname="src/services/__tests__/FieldUploadService.spec.ts" name="useFieldUpload &gt; dismissAll &gt; clears all entries" time="0.000406364">
        </testcase>
        <testcase classname="src/services/__tests__/FieldUploadService.spec.ts" name="useFieldUpload &gt; uploadFiles &gt; returns uploaded result on successful upload" time="0.006854291">
        </testcase>
        <testcase classname="src/services/__tests__/FieldUploadService.spec.ts" name="useFieldUpload &gt; uploadFiles &gt; uses filePath when XHR response omits mediaPath" time="0.001140031">
        </testcase>
        <testcase classname="src/services/__tests__/FieldUploadService.spec.ts" name="useFieldUpload &gt; uploadFiles &gt; captures server-side file error" time="0.001116499">
        </testcase>
        <testcase classname="src/services/__tests__/FieldUploadService.spec.ts" name="useFieldUpload &gt; uploadFiles &gt; handles HTTP error status" time="0.000881929">
        </testcase>
        <testcase classname="src/services/__tests__/FieldUploadService.spec.ts" name="useFieldUpload &gt; uploadFiles &gt; handles network error" time="0.000946554">
        </testcase>
        <testcase classname="src/services/__tests__/FieldUploadService.spec.ts" name="useFieldUpload &gt; uploadFiles &gt; handles invalid JSON response" time="0.000783939">
        </testcase>
        <testcase classname="src/services/__tests__/FieldUploadService.spec.ts" name="useFieldUpload &gt; uploadFiles &gt; handles empty files array in response" time="0.00062895">
        </testcase>
        <testcase classname="src/services/__tests__/FieldUploadService.spec.ts" name="useFieldUpload &gt; uploadFiles &gt; tracks upload progress percentage" time="0.000682448">
        </testcase>
        <testcase classname="src/services/__tests__/FieldUploadService.spec.ts" name="useFieldUpload &gt; uploadFiles &gt; opens XHR with correct method and URL" time="0.001036481">
        </testcase>
        <testcase classname="src/services/__tests__/FieldUploadService.spec.ts" name="useFieldUpload &gt; anti-forgery token &gt; reads token from DOM input and includes it in FormData" time="0.003118816">
        </testcase>
        <testcase classname="src/services/__tests__/FieldUploadService.spec.ts" name="useFieldUpload &gt; anti-forgery token &gt; returns empty string when no token input exists in DOM" time="0.000684747">
        </testcase>
        <testcase classname="src/services/__tests__/FieldUploadService.spec.ts" name="useFieldUpload &gt; uploadFiles with TUS enabled &gt; uses TUS when tusEnabled is true" time="0.001132512">
        </testcase>
        <testcase classname="src/services/__tests__/FieldUploadService.spec.ts" name="useFieldUpload &gt; uploadFiles with TUS enabled &gt; uses filePath when TusFileInfo omits mediaPath" time="0.00083585">
        </testcase>
        <testcase classname="src/services/__tests__/FieldUploadService.spec.ts" name="useFieldUpload &gt; uploadFiles with TUS enabled &gt; handles TUS progress event" time="0.000601549">
        </testcase>
        <testcase classname="src/services/__tests__/FieldUploadService.spec.ts" name="useFieldUpload &gt; uploadFiles with TUS enabled &gt; rejects when TUS response has no uploadURL" time="0.000669472">
        </testcase>
        <testcase classname="src/services/__tests__/FieldUploadService.spec.ts" name="useFieldUpload &gt; uploadFiles with TUS enabled &gt; rejects when TUS file info request fails" time="0.000616539">
        </testcase>
        <testcase classname="src/services/__tests__/FieldUploadService.spec.ts" name="useFieldUpload &gt; uploadFiles with TUS enabled &gt; rejects when TUS file info fetch throws a network error" time="0.000637831">
        </testcase>
        <testcase classname="src/services/__tests__/FieldUploadService.spec.ts" name="useFieldUpload &gt; uploadFiles with TUS enabled &gt; handles TUS upload-error event" time="0.000565403">
        </testcase>
        <testcase classname="src/services/__tests__/FieldUploadService.spec.ts" name="useFieldUpload &gt; uploadFiles with TUS enabled &gt; handles TUS upload-error with null error" time="0.000525172">
        </testcase>
        <testcase classname="src/services/__tests__/FieldUploadService.spec.ts" name="useFieldUpload &gt; uploadFiles with TUS enabled &gt; uses default chunk size when maxUploadChunkSize is 0" time="0.000532583">
        </testcase>
        <testcase classname="src/services/__tests__/FieldUploadService.spec.ts" name="useFieldUpload &gt; uploadFiles with TUS enabled &gt; uses configured chunk size when maxUploadChunkSize &gt; 0" time="0.000499745">
        </testcase>
        <testcase classname="src/services/__tests__/FieldUploadService.spec.ts" name="useFieldUpload &gt; auto-remove on success &gt; schedules entry removal via setTimeout and callback removes entry" time="0.002467659">
        </testcase>
    </testsuite>
    <testsuite name="src/services/__tests__/FontAwesomeThumbnails.spec.ts" timestamp="2026-08-20T12:50:20.095Z" hostname="Nemo" tests="58" failures="0" errors="0" skipped="0" time="0.00559523">
        <testcase classname="src/services/__tests__/FontAwesomeThumbnails.spec.ts" name="getIconClassForFilename &gt; image extensions &gt; returns image icon for .jpg" time="0.001181441">
        </testcase>
        <testcase classname="src/services/__tests__/FontAwesomeThumbnails.spec.ts" name="getIconClassForFilename &gt; image extensions &gt; returns image icon for .jpeg" time="0.000160921">
        </testcase>
        <testcase classname="src/services/__tests__/FontAwesomeThumbnails.spec.ts" name="getIconClassForFilename &gt; image extensions &gt; returns image icon for .png" time="0.000092661">
        </testcase>
        <testcase classname="src/services/__tests__/FontAwesomeThumbnails.spec.ts" name="getIconClassForFilename &gt; image extensions &gt; returns image icon for .gif" time="0.000102878">
        </testcase>
        <testcase classname="src/services/__tests__/FontAwesomeThumbnails.spec.ts" name="getIconClassForFilename &gt; image extensions &gt; returns image icon for .webp" time="0.000100421">
        </testcase>
        <testcase classname="src/services/__tests__/FontAwesomeThumbnails.spec.ts" name="getIconClassForFilename &gt; image extensions &gt; returns image icon for .svg" time="0.000077511">
        </testcase>
        <testcase classname="src/services/__tests__/FontAwesomeThumbnails.spec.ts" name="getIconClassForFilename &gt; image extensions &gt; returns image icon for .bmp" time="0.00005459">
        </testcase>
        <testcase classname="src/services/__tests__/FontAwesomeThumbnails.spec.ts" name="getIconClassForFilename &gt; image extensions &gt; returns image icon for .ico" time="0.000046539">
        </testcase>
        <testcase classname="src/services/__tests__/FontAwesomeThumbnails.spec.ts" name="getIconClassForFilename &gt; document extensions &gt; returns pdf icon for .pdf" time="0.00015945">
        </testcase>
        <testcase classname="src/services/__tests__/FontAwesomeThumbnails.spec.ts" name="getIconClassForFilename &gt; document extensions &gt; returns word icon for .doc" time="0.000132549">
        </testcase>
        <testcase classname="src/services/__tests__/FontAwesomeThumbnails.spec.ts" name="getIconClassForFilename &gt; document extensions &gt; returns word icon for .docx" time="0.000066981">
        </testcase>
        <testcase classname="src/services/__tests__/FontAwesomeThumbnails.spec.ts" name="getIconClassForFilename &gt; document extensions &gt; returns powerpoint icon for .ppt" time="0.000060561">
        </testcase>
        <testcase classname="src/services/__tests__/FontAwesomeThumbnails.spec.ts" name="getIconClassForFilename &gt; document extensions &gt; returns powerpoint icon for .pptx" time="0.000037452">
        </testcase>
        <testcase classname="src/services/__tests__/FontAwesomeThumbnails.spec.ts" name="getIconClassForFilename &gt; document extensions &gt; returns excel icon for .xls" time="0.000056339">
        </testcase>
        <testcase classname="src/services/__tests__/FontAwesomeThumbnails.spec.ts" name="getIconClassForFilename &gt; document extensions &gt; returns excel icon for .xlsx" time="0.000036691">
        </testcase>
        <testcase classname="src/services/__tests__/FontAwesomeThumbnails.spec.ts" name="getIconClassForFilename &gt; document extensions &gt; returns file icon for .csv" time="0.000047699">
        </testcase>
        <testcase classname="src/services/__tests__/FontAwesomeThumbnails.spec.ts" name="getIconClassForFilename &gt; audio extensions &gt; returns audio icon for .aac" time="0.000047578">
        </testcase>
        <testcase classname="src/services/__tests__/FontAwesomeThumbnails.spec.ts" name="getIconClassForFilename &gt; audio extensions &gt; returns audio icon for .mp3" time="0.000033506">
        </testcase>
        <testcase classname="src/services/__tests__/FontAwesomeThumbnails.spec.ts" name="getIconClassForFilename &gt; audio extensions &gt; returns audio icon for .ogg" time="0.000033481">
        </testcase>
        <testcase classname="src/services/__tests__/FontAwesomeThumbnails.spec.ts" name="getIconClassForFilename &gt; video extensions &gt; returns video icon for .avi" time="0.000045804">
        </testcase>
        <testcase classname="src/services/__tests__/FontAwesomeThumbnails.spec.ts" name="getIconClassForFilename &gt; video extensions &gt; returns video icon for .flv" time="0.000033141">
        </testcase>
        <testcase classname="src/services/__tests__/FontAwesomeThumbnails.spec.ts" name="getIconClassForFilename &gt; video extensions &gt; returns video icon for .mkv" time="0.000047674">
        </testcase>
        <testcase classname="src/services/__tests__/FontAwesomeThumbnails.spec.ts" name="getIconClassForFilename &gt; video extensions &gt; returns video icon for .mp4" time="0.000037225">
        </testcase>
        <testcase classname="src/services/__tests__/FontAwesomeThumbnails.spec.ts" name="getIconClassForFilename &gt; video extensions &gt; returns video icon for .webm" time="0.000052191">
        </testcase>
        <testcase classname="src/services/__tests__/FontAwesomeThumbnails.spec.ts" name="getIconClassForFilename &gt; archive extensions &gt; returns archive icon for .gz" time="0.000059731">
        </testcase>
        <testcase classname="src/services/__tests__/FontAwesomeThumbnails.spec.ts" name="getIconClassForFilename &gt; archive extensions &gt; returns archive icon for .zip" time="0.000037099">
        </testcase>
        <testcase classname="src/services/__tests__/FontAwesomeThumbnails.spec.ts" name="getIconClassForFilename &gt; code extensions &gt; returns code icon for .css" time="0.00005257">
        </testcase>
        <testcase classname="src/services/__tests__/FontAwesomeThumbnails.spec.ts" name="getIconClassForFilename &gt; code extensions &gt; returns code icon for .html" time="0.000034919">
        </testcase>
        <testcase classname="src/services/__tests__/FontAwesomeThumbnails.spec.ts" name="getIconClassForFilename &gt; code extensions &gt; returns code icon for .js" time="0.000031138">
        </testcase>
        <testcase classname="src/services/__tests__/FontAwesomeThumbnails.spec.ts" name="getIconClassForFilename &gt; text extension &gt; returns text icon for .txt" time="0.000045926">
        </testcase>
        <testcase classname="src/services/__tests__/FontAwesomeThumbnails.spec.ts" name="getIconClassForFilename &gt; unknown and edge cases &gt; returns default file icon for unknown extension" time="0.000042046">
        </testcase>
        <testcase classname="src/services/__tests__/FontAwesomeThumbnails.spec.ts" name="getIconClassForFilename &gt; unknown and edge cases &gt; returns default file icon for empty filename" time="0.000040638">
        </testcase>
        <testcase classname="src/services/__tests__/FontAwesomeThumbnails.spec.ts" name="getIconClassForFilename &gt; unknown and edge cases &gt; returns default file icon for filename without extension" time="0.000045343">
        </testcase>
        <testcase classname="src/services/__tests__/FontAwesomeThumbnails.spec.ts" name="getIconClassForFilename &gt; case insensitivity &gt; handles uppercase JPG" time="0.000043076">
        </testcase>
        <testcase classname="src/services/__tests__/FontAwesomeThumbnails.spec.ts" name="getIconClassForFilename &gt; case insensitivity &gt; handles uppercase PDF" time="0.000037711">
        </testcase>
        <testcase classname="src/services/__tests__/FontAwesomeThumbnails.spec.ts" name="getIconClassForFilename &gt; case insensitivity &gt; handles mixed case Png" time="0.000038257">
        </testcase>
        <testcase classname="src/services/__tests__/FontAwesomeThumbnails.spec.ts" name="getIconClassForFilename &gt; sizeClass parameter &gt; appends sizeClass when provided" time="0.000042093">
        </testcase>
        <testcase classname="src/services/__tests__/FontAwesomeThumbnails.spec.ts" name="getIconClassForFilename &gt; sizeClass parameter &gt; does not append extra space when sizeClass is empty" time="0.000038461">
        </testcase>
        <testcase classname="src/services/__tests__/FontAwesomeThumbnails.spec.ts" name="getIconClassForFilename &gt; sizeClass parameter &gt; appends sizeClass to default icon for unknown extension" time="0.000042659">
        </testcase>
        <testcase classname="src/services/__tests__/FontAwesomeThumbnails.spec.ts" name="isImageExtension &gt; returns true for image extensions &gt; returns true for gif" time="0.000087874">
        </testcase>
        <testcase classname="src/services/__tests__/FontAwesomeThumbnails.spec.ts" name="isImageExtension &gt; returns true for image extensions &gt; returns true for jpeg" time="0.000047535">
        </testcase>
        <testcase classname="src/services/__tests__/FontAwesomeThumbnails.spec.ts" name="isImageExtension &gt; returns true for image extensions &gt; returns true for jpg" time="0.0000331">
        </testcase>
        <testcase classname="src/services/__tests__/FontAwesomeThumbnails.spec.ts" name="isImageExtension &gt; returns true for image extensions &gt; returns true for png" time="0.000030335">
        </testcase>
        <testcase classname="src/services/__tests__/FontAwesomeThumbnails.spec.ts" name="isImageExtension &gt; returns true for image extensions &gt; returns true for webp" time="0.000031831">
        </testcase>
        <testcase classname="src/services/__tests__/FontAwesomeThumbnails.spec.ts" name="isImageExtension &gt; returns true for image extensions &gt; returns true for svg" time="0.000029767">
        </testcase>
        <testcase classname="src/services/__tests__/FontAwesomeThumbnails.spec.ts" name="isImageExtension &gt; returns true for image extensions &gt; returns true for bmp" time="0.000030929">
        </testcase>
        <testcase classname="src/services/__tests__/FontAwesomeThumbnails.spec.ts" name="isImageExtension &gt; returns true for image extensions &gt; returns true for ico" time="0.00003052">
        </testcase>
        <testcase classname="src/services/__tests__/FontAwesomeThumbnails.spec.ts" name="isImageExtension &gt; returns false for non-image extensions &gt; returns false for pdf" time="0.00004467">
        </testcase>
        <testcase classname="src/services/__tests__/FontAwesomeThumbnails.spec.ts" name="isImageExtension &gt; returns false for non-image extensions &gt; returns false for doc" time="0.00003338">
        </testcase>
        <testcase classname="src/services/__tests__/FontAwesomeThumbnails.spec.ts" name="isImageExtension &gt; returns false for non-image extensions &gt; returns false for mp3" time="0.000030851">
        </testcase>
        <testcase classname="src/services/__tests__/FontAwesomeThumbnails.spec.ts" name="isImageExtension &gt; returns false for non-image extensions &gt; returns false for mp4" time="0.000036301">
        </testcase>
        <testcase classname="src/services/__tests__/FontAwesomeThumbnails.spec.ts" name="isImageExtension &gt; returns false for non-image extensions &gt; returns false for zip" time="0.000039858">
        </testcase>
        <testcase classname="src/services/__tests__/FontAwesomeThumbnails.spec.ts" name="isImageExtension &gt; returns false for non-image extensions &gt; returns false for js" time="0.000031869">
        </testcase>
        <testcase classname="src/services/__tests__/FontAwesomeThumbnails.spec.ts" name="isImageExtension &gt; returns false for non-image extensions &gt; returns false for txt" time="0.000029567">
        </testcase>
        <testcase classname="src/services/__tests__/FontAwesomeThumbnails.spec.ts" name="isImageExtension &gt; returns false for non-image extensions &gt; returns false for csv" time="0.000032141">
        </testcase>
        <testcase classname="src/services/__tests__/FontAwesomeThumbnails.spec.ts" name="isImageExtension &gt; handles leading dot" time="0.000073742">
        </testcase>
        <testcase classname="src/services/__tests__/FontAwesomeThumbnails.spec.ts" name="isImageExtension &gt; is case insensitive" time="0.000068133">
        </testcase>
        <testcase classname="src/services/__tests__/FontAwesomeThumbnails.spec.ts" name="isImageExtension &gt; returns false for empty string" time="0.000036976">
        </testcase>
    </testsuite>
</testsuites>
