{"numTotalTestSuites":50,"numPassedTestSuites":50,"numFailedTestSuites":0,"numPendingTestSuites":0,"numTotalTests":282,"numPassedTests":282,"numFailedTests":0,"numPendingTests":0,"numTodoTests":0,"snapshot":{"added":0,"failure":false,"filesAdded":0,"filesRemoved":0,"filesRemovedList":[],"filesUnmatched":0,"filesUpdated":0,"matched":0,"total":0,"unchecked":0,"uncheckedKeysByFile":[],"unmatched":0,"updated":0,"didUpdate":false},"startTime":1776228090569,"success":true,"testResults":[{"assertionResults":[{"ancestorTitles":["main.ts","mountMediaField"],"fullName":"main.ts mountMediaField mounts a Vue app on the given element","status":"passed","title":"mounts a Vue app on the given element","duration":603.3484000000003,"failureMessages":[],"meta":{}},{"ancestorTitles":["main.ts","mountMediaField"],"fullName":"main.ts mountMediaField reads config from data attributes","status":"passed","title":"reads config from data attributes","duration":15.625900000000001,"failureMessages":[],"meta":{}},{"ancestorTitles":["main.ts","mountMediaField"],"fullName":"main.ts mountMediaField reads translations with defaults when data-translations is absent","status":"passed","title":"reads translations with defaults when data-translations is absent","duration":20.65520000000015,"failureMessages":[],"meta":{}},{"ancestorTitles":["main.ts","mountMediaField"],"fullName":"main.ts mountMediaField reads custom translations from data-translations","status":"passed","title":"reads custom translations from data-translations","duration":17.215499999999793,"failureMessages":[],"meta":{}},{"ancestorTitles":["main.ts","mountAttachedMediaField"],"fullName":"main.ts mountAttachedMediaField reads attached config including uploadAction and tempUploadFolder","status":"passed","title":"reads attached config including uploadAction and tempUploadFolder","duration":26.77559999999994,"failureMessages":[],"meta":{}},{"ancestorTitles":["main.ts","mountAttachedMediaField"],"fullName":"main.ts mountAttachedMediaField handles missing attached-specific attributes gracefully","status":"passed","title":"handles missing attached-specific attributes gracefully","duration":19.99180000000024,"failureMessages":[],"meta":{}},{"ancestorTitles":["main.ts","mountGalleryMediaField"],"fullName":"main.ts mountGalleryMediaField mounts a gallery field on the element","status":"passed","title":"mounts a gallery field on the element","duration":19.95119999999997,"failureMessages":[],"meta":{}},{"ancestorTitles":["main.ts","readConfig (via mountMediaField)"],"fullName":"main.ts readConfig (via mountMediaField) parses paths JSON","status":"passed","title":"parses paths JSON","duration":19.549299999999675,"failureMessages":[],"meta":{}},{"ancestorTitles":["main.ts","readConfig (via mountMediaField)"],"fullName":"main.ts readConfig (via mountMediaField) handles invalid JSON for paths without throwing","status":"passed","title":"handles invalid JSON for paths without throwing","duration":17.73819999999978,"failureMessages":[],"meta":{}},{"ancestorTitles":["main.ts","readConfig (via mountMediaField)"],"fullName":"main.ts readConfig (via mountMediaField) reads boolean attributes correctly","status":"passed","title":"reads boolean attributes correctly","duration":37.01080000000002,"failureMessages":[],"meta":{}},{"ancestorTitles":["main.ts","readTranslations (via mountMediaField)"],"fullName":"main.ts readTranslations (via mountMediaField) falls back to defaults when data-translations is missing","status":"passed","title":"falls back to defaults when data-translations is missing","duration":17.69270000000006,"failureMessages":[],"meta":{}},{"ancestorTitles":["main.ts","readTranslations (via mountMediaField)"],"fullName":"main.ts readTranslations (via mountMediaField) falls back to defaults when data-translations contains invalid JSON","status":"passed","title":"falls back to defaults when data-translations contains invalid JSON","duration":15.942599999999857,"failureMessages":[],"meta":{}},{"ancestorTitles":["main.ts","readTranslations (via mountMediaField)"],"fullName":"main.ts readTranslations (via mountMediaField) merges custom translations over defaults","status":"passed","title":"merges custom translations over defaults","duration":13.468200000000252,"failureMessages":[],"meta":{}},{"ancestorTitles":["main.ts","autoMount"],"fullName":"main.ts autoMount auto-mounts elements with data-media-field-type on import","status":"passed","title":"auto-mounts elements with data-media-field-type on import","duration":80.1599000000001,"failureMessages":[],"meta":{}},{"ancestorTitles":["main.ts","autoMount"],"fullName":"main.ts autoMount auto-mounts multiple element types","status":"passed","title":"auto-mounts multiple element types","duration":46.266000000000076,"failureMessages":[],"meta":{}},{"ancestorTitles":["main.ts","autoMount"],"fullName":"main.ts autoMount skips elements that are already mounted","status":"passed","title":"skips elements that are already mounted","duration":26.108200000000124,"failureMessages":[],"meta":{}},{"ancestorTitles":["main.ts","autoMount"],"fullName":"main.ts autoMount ignores elements with unknown media-field-type","status":"passed","title":"ignores elements with unknown media-field-type","duration":24.662000000000262,"failureMessages":[],"meta":{}}],"startTime":1776228092889,"endTime":1776228093912.662,"status":"passed","message":"","name":"D:/Repositories/Orchard/OrchardCore/src/OrchardCore.Modules/OrchardCore.Media/Assets/media-field/src/__tests__/main.spec.ts"},{"assertionResults":[{"ancestorTitles":["GalleryCardItem"],"fullName":"GalleryCardItem renders for normal image item","status":"passed","title":"renders for normal image item","duration":35.55699999999979,"failureMessages":[],"meta":{}},{"ancestorTitles":["GalleryCardItem"],"fullName":"GalleryCardItem renders file icon for non-image","status":"passed","title":"renders file icon for non-image","duration":11.394999999999982,"failureMessages":[],"meta":{}},{"ancestorTitles":["GalleryCardItem"],"fullName":"GalleryCardItem shows transient warning","status":"passed","title":"shows transient warning","duration":8.602199999999812,"failureMessages":[],"meta":{}},{"ancestorTitles":["GalleryCardItem"],"fullName":"GalleryCardItem shows not-found error","status":"passed","title":"shows not-found error","duration":5.960199999999986,"failureMessages":[],"meta":{}},{"ancestorTitles":["GalleryCardItem"],"fullName":"GalleryCardItem hidden when isRemoved","status":"passed","title":"hidden when isRemoved","duration":3.8726999999998952,"failureMessages":[],"meta":{}},{"ancestorTitles":["GalleryCardItem"],"fullName":"GalleryCardItem emits editMediaText on button click","status":"passed","title":"emits editMediaText on button click","duration":23.58789999999999,"failureMessages":[],"meta":{}},{"ancestorTitles":["GalleryCardItem"],"fullName":"GalleryCardItem emits editAnchor on button click","status":"passed","title":"emits editAnchor on button click","duration":8.98129999999992,"failureMessages":[],"meta":{}},{"ancestorTitles":["GalleryCardItem"],"fullName":"GalleryCardItem emits deleteMedia on trash click","status":"passed","title":"emits deleteMedia on trash click","duration":9.858200000000124,"failureMessages":[],"meta":{}},{"ancestorTitles":["GalleryCardItem"],"fullName":"GalleryCardItem uses 120px thumb size for 'sm'","status":"passed","title":"uses 120px thumb size for 'sm'","duration":5.759299999999712,"failureMessages":[],"meta":{}},{"ancestorTitles":["GalleryCardItem"],"fullName":"GalleryCardItem uses 240px thumb size for 'lg'","status":"passed","title":"uses 240px thumb size for 'lg'","duration":15.632799999999861,"failureMessages":[],"meta":{}},{"ancestorTitles":["GalleryCardItem"],"fullName":"GalleryCardItem shows filled comment icon when mediaText exists","status":"passed","title":"shows filled comment icon when mediaText exists","duration":20.352300000000014,"failureMessages":[],"meta":{}},{"ancestorTitles":["GalleryCardItem"],"fullName":"GalleryCardItem shows outline comment icon when no mediaText","status":"passed","title":"shows outline comment icon when no mediaText","duration":26.823099999999613,"failureMessages":[],"meta":{}}],"startTime":1776228093518,"endTime":1776228093694.823,"status":"passed","message":"","name":"D:/Repositories/Orchard/OrchardCore/src/OrchardCore.Modules/OrchardCore.Media/Assets/media-field/src/components/__tests__/GalleryCardItem.spec.ts"},{"assertionResults":[{"ancestorTitles":["GalleryContainer"],"fullName":"GalleryContainer renders in grid view by default","status":"passed","title":"renders in grid view by default","duration":40.35429999999997,"failureMessages":[],"meta":{}},{"ancestorTitles":["GalleryContainer"],"fullName":"GalleryContainer shows add card in grid view","status":"passed","title":"shows add card in grid view","duration":11.319700000000012,"failureMessages":[],"meta":{}},{"ancestorTitles":["GalleryContainer"],"fullName":"GalleryContainer toggles to list view on button click","status":"passed","title":"toggles to list view on button click","duration":17.54599999999982,"failureMessages":[],"meta":{}},{"ancestorTitles":["GalleryContainer"],"fullName":"GalleryContainer shows 'Add media' empty item in list when no items","status":"passed","title":"shows 'Add media' empty item in list when no items","duration":11.967099999999846,"failureMessages":[],"meta":{}},{"ancestorTitles":["GalleryContainer"],"fullName":"GalleryContainer renders all items including duplicates","status":"passed","title":"renders all items including duplicates","duration":19.64760000000024,"failureMessages":[],"meta":{}},{"ancestorTitles":["GalleryContainer"],"fullName":"GalleryContainer filters out isRemoved items","status":"passed","title":"filters out isRemoved items","duration":9.346900000000005,"failureMessages":[],"meta":{}},{"ancestorTitles":["GalleryContainer"],"fullName":"GalleryContainer emits showPicker on add button click","status":"passed","title":"emits showPicker on add button click","duration":10.193900000000212,"failureMessages":[],"meta":{}},{"ancestorTitles":["GalleryContainer"],"fullName":"GalleryContainer emits reorder on drag-drop (test via component method call)","status":"passed","title":"emits reorder on drag-drop (test via component method call)","duration":28.22589999999991,"failureMessages":[],"meta":{}},{"ancestorTitles":["GalleryContainer"],"fullName":"GalleryContainer saves/loads view prefs from localStorage","status":"passed","title":"saves/loads view prefs from localStorage","duration":11.10719999999992,"failureMessages":[],"meta":{}},{"ancestorTitles":["GalleryContainer"],"fullName":"GalleryContainer enforces single item for non-multiple mode (watch fires reorder)","status":"passed","title":"enforces single item for non-multiple mode (watch fires reorder)","duration":10.992699999999786,"failureMessages":[],"meta":{}},{"ancestorTitles":["GalleryContainer"],"fullName":"GalleryContainer handles invalid localStorage gracefully (catch block)","status":"passed","title":"handles invalid localStorage gracefully (catch block)","duration":7.0921000000003005,"failureMessages":[],"meta":{}},{"ancestorTitles":["GalleryContainer"],"fullName":"GalleryContainer onDragEnd resets draggedItem","status":"passed","title":"onDragEnd resets draggedItem","duration":13.639200000000073,"failureMessages":[],"meta":{}},{"ancestorTitles":["GalleryContainer"],"fullName":"GalleryContainer grid size toggle between sm and lg","status":"passed","title":"grid size toggle between sm and lg","duration":29.352000000000317,"failureMessages":[],"meta":{}}],"startTime":1776228093517,"endTime":1776228093738.352,"status":"passed","message":"","name":"D:/Repositories/Orchard/OrchardCore/src/OrchardCore.Modules/OrchardCore.Media/Assets/media-field/src/components/__tests__/GalleryContainer.spec.ts"},{"assertionResults":[{"ancestorTitles":["GalleryListItem"],"fullName":"GalleryListItem renders media name for normal item","status":"passed","title":"renders media name for normal item","duration":30.879300000000057,"failureMessages":[],"meta":{}},{"ancestorTitles":["GalleryListItem"],"fullName":"GalleryListItem shows 'Temporarily unavailable' for transient error","status":"passed","title":"shows 'Temporarily unavailable' for transient error","duration":4.329699999999775,"failureMessages":[],"meta":{}},{"ancestorTitles":["GalleryListItem"],"fullName":"GalleryListItem shows 'Media not found' for not-found error","status":"passed","title":"shows 'Media not found' for not-found error","duration":7.037399999999707,"failureMessages":[],"meta":{}},{"ancestorTitles":["GalleryListItem"],"fullName":"GalleryListItem hidden when isRemoved is true","status":"passed","title":"hidden when isRemoved is true","duration":4.830800000000181,"failureMessages":[],"meta":{}},{"ancestorTitles":["GalleryListItem"],"fullName":"GalleryListItem shows image thumbnail for image mime","status":"passed","title":"shows image thumbnail for image mime","duration":15.035800000000108,"failureMessages":[],"meta":{}},{"ancestorTitles":["GalleryListItem"],"fullName":"GalleryListItem shows icon for non-image","status":"passed","title":"shows icon for non-image","duration":11.505999999999858,"failureMessages":[],"meta":{}},{"ancestorTitles":["GalleryListItem"],"fullName":"GalleryListItem shows mediaText button when allowMediaText and no error","status":"passed","title":"shows mediaText button when allowMediaText and no error","duration":10.84230000000025,"failureMessages":[],"meta":{}},{"ancestorTitles":["GalleryListItem"],"fullName":"GalleryListItem hides mediaText button when error","status":"passed","title":"hides mediaText button when error","duration":10.463600000000042,"failureMessages":[],"meta":{}},{"ancestorTitles":["GalleryListItem"],"fullName":"GalleryListItem shows anchor button for images when allowAnchors","status":"passed","title":"shows anchor button for images when allowAnchors","duration":10.452700000000277,"failureMessages":[],"meta":{}},{"ancestorTitles":["GalleryListItem"],"fullName":"GalleryListItem hides anchor button for non-images","status":"passed","title":"hides anchor button for non-images","duration":9.085599999999886,"failureMessages":[],"meta":{}},{"ancestorTitles":["GalleryListItem"],"fullName":"GalleryListItem emits editMediaText on button click","status":"passed","title":"emits editMediaText on button click","duration":12.921200000000226,"failureMessages":[],"meta":{}},{"ancestorTitles":["GalleryListItem"],"fullName":"GalleryListItem emits editAnchor on button click","status":"passed","title":"emits editAnchor on button click","duration":13.484999999999673,"failureMessages":[],"meta":{}},{"ancestorTitles":["GalleryListItem"],"fullName":"GalleryListItem emits deleteMedia on trash click","status":"passed","title":"emits deleteMedia on trash click","duration":8.390900000000329,"failureMessages":[],"meta":{}},{"ancestorTitles":["GalleryListItem"],"fullName":"GalleryListItem is draggable when allowMultiple","status":"passed","title":"is draggable when allowMultiple","duration":6.797500000000127,"failureMessages":[],"meta":{}},{"ancestorTitles":["GalleryListItem"],"fullName":"GalleryListItem is not draggable when allowMultiple is false","status":"passed","title":"is not draggable when allowMultiple is false","duration":24.932400000000143,"failureMessages":[],"meta":{}}],"startTime":1776228093517,"endTime":1776228093697.9324,"status":"passed","message":"","name":"D:/Repositories/Orchard/OrchardCore/src/OrchardCore.Modules/OrchardCore.Media/Assets/media-field/src/components/__tests__/GalleryListItem.spec.ts"},{"assertionResults":[{"ancestorTitles":["MediaFieldAttached"],"fullName":"MediaFieldAttached renders hidden input with serialized paths","status":"passed","title":"renders hidden input with serialized paths","duration":65.64159999999993,"failureMessages":[],"meta":{}},{"ancestorTitles":["MediaFieldAttached"],"fullName":"MediaFieldAttached loadInitialPaths works","status":"passed","title":"loadInitialPaths works","duration":19.57569999999987,"failureMessages":[],"meta":{}},{"ancestorTitles":["MediaFieldAttached"],"fullName":"MediaFieldAttached loadInitialPaths batches requests when mediaItemsUrl is configured","status":"passed","title":"loadInitialPaths batches requests when mediaItemsUrl is configured","duration":41.2822000000001,"failureMessages":[],"meta":{}},{"ancestorTitles":["MediaFieldAttached"],"fullName":"MediaFieldAttached handles file input change (onFileInputChange)","status":"passed","title":"handles file input change (onFileInputChange)","duration":28.154799999999796,"failureMessages":[],"meta":{}},{"ancestorTitles":["MediaFieldAttached"],"fullName":"MediaFieldAttached handles drag-drop (onDrop)","status":"passed","title":"handles drag-drop (onDrop)","duration":35.75520000000006,"failureMessages":[],"meta":{}},{"ancestorTitles":["MediaFieldAttached"],"fullName":"MediaFieldAttached handleFiles calls uploadService.uploadFiles","status":"passed","title":"handleFiles calls uploadService.uploadFiles","duration":14.60629999999992,"failureMessages":[],"meta":{}},{"ancestorTitles":["MediaFieldAttached"],"fullName":"MediaFieldAttached handleFiles adds uploaded items to mediaItems","status":"passed","title":"handleFiles adds uploaded items to mediaItems","duration":11.000700000000052,"failureMessages":[],"meta":{}},{"ancestorTitles":["MediaFieldAttached"],"fullName":"MediaFieldAttached canAddMedia false for single mode with item","status":"passed","title":"canAddMedia false for single mode with item","duration":24.4688000000001,"failureMessages":[],"meta":{}},{"ancestorTitles":["MediaFieldAttached"],"fullName":"MediaFieldAttached removeSelected works","status":"passed","title":"removeSelected works","duration":20.13079999999991,"failureMessages":[],"meta":{}},{"ancestorTitles":["MediaFieldAttached"],"fullName":"MediaFieldAttached drag zone shows overlay when dragging over","status":"passed","title":"drag zone shows overlay when dragging over","duration":15.897800000000188,"failureMessages":[],"meta":{}},{"ancestorTitles":["MediaFieldAttached"],"fullName":"MediaFieldAttached serializedPaths includes isNew, isRemoved, attachedFileName","status":"passed","title":"serializedPaths includes isNew, isRemoved, attachedFileName","duration":15.504199999999855,"failureMessages":[],"meta":{}},{"ancestorTitles":["MediaFieldAttached"],"fullName":"MediaFieldAttached loadInitialPaths handles 404 as not-found error","status":"passed","title":"loadInitialPaths handles 404 as not-found error","duration":8.512500000000273,"failureMessages":[],"meta":{}},{"ancestorTitles":["MediaFieldAttached"],"fullName":"MediaFieldAttached loadInitialPaths handles network error as transient","status":"passed","title":"loadInitialPaths handles network error as transient","duration":7.133299999999963,"failureMessages":[],"meta":{}},{"ancestorTitles":["MediaFieldAttached"],"fullName":"MediaFieldAttached loadInitialPaths with empty paths sets initialized","status":"passed","title":"loadInitialPaths with empty paths sets initialized","duration":8.32340000000022,"failureMessages":[],"meta":{}},{"ancestorTitles":["MediaFieldAttached"],"fullName":"MediaFieldAttached onDrop does nothing when no files in dataTransfer","status":"passed","title":"onDrop does nothing when no files in dataTransfer","duration":7.7651999999998225,"failureMessages":[],"meta":{}},{"ancestorTitles":["MediaFieldAttached"],"fullName":"MediaFieldAttached onFileInputChange does nothing when no files selected","status":"passed","title":"onFileInputChange does nothing when no files selected","duration":7.7357999999999265,"failureMessages":[],"meta":{}},{"ancestorTitles":["MediaFieldAttached"],"fullName":"MediaFieldAttached selectAndDeleteMedia selects then removes item","status":"passed","title":"selectAndDeleteMedia selects then removes item","duration":9.638500000000022,"failureMessages":[],"meta":{}},{"ancestorTitles":["MediaFieldAttached"],"fullName":"MediaFieldAttached onReorder updates mediaItems order","status":"passed","title":"onReorder updates mediaItems order","duration":9.795399999999972,"failureMessages":[],"meta":{}},{"ancestorTitles":["MediaFieldAttached"],"fullName":"MediaFieldAttached cancelMediaText does not change mediaText","status":"passed","title":"cancelMediaText does not change mediaText","duration":13.884499999999662,"failureMessages":[],"meta":{}},{"ancestorTitles":["MediaFieldAttached"],"fullName":"MediaFieldAttached saveMediaText saves editingMediaText to selected item","status":"passed","title":"saveMediaText saves editingMediaText to selected item","duration":13.80659999999989,"failureMessages":[],"meta":{}},{"ancestorTitles":["MediaFieldAttached"],"fullName":"MediaFieldAttached showAnchorModal / saveAnchor / resetAnchor / cancelAnchor work","status":"passed","title":"showAnchorModal / saveAnchor / resetAnchor / cancelAnchor work","duration":16.711199999999735,"failureMessages":[],"meta":{}},{"ancestorTitles":["MediaFieldAttached"],"fullName":"MediaFieldAttached cancelAnchor does not modify anchor","status":"passed","title":"cancelAnchor does not modify anchor","duration":15.914600000000064,"failureMessages":[],"meta":{}},{"ancestorTitles":["MediaFieldAttached"],"fullName":"MediaFieldAttached persists smallThumbs preference to localStorage","status":"passed","title":"persists smallThumbs preference to localStorage","duration":9.543300000000272,"failureMessages":[],"meta":{}},{"ancestorTitles":["MediaFieldAttached"],"fullName":"MediaFieldAttached handles invalid mediaFieldPrefs in localStorage gracefully","status":"passed","title":"handles invalid mediaFieldPrefs in localStorage gracefully","duration":7.233099999999922,"failureMessages":[],"meta":{}},{"ancestorTitles":["MediaFieldAttached"],"fullName":"MediaFieldAttached handleFiles in single mode replaces existing item","status":"passed","title":"handleFiles in single mode replaces existing item","duration":9.040300000000116,"failureMessages":[],"meta":{}},{"ancestorTitles":["MediaFieldAttached"],"fullName":"MediaFieldAttached handleFiles logs warning when there are upload errors","status":"passed","title":"handleFiles logs warning when there are upload errors","duration":8.406900000000405,"failureMessages":[],"meta":{}},{"ancestorTitles":["MediaFieldAttached"],"fullName":"MediaFieldAttached removeSelected else-if branch: removes single item when nothing selected","status":"passed","title":"removeSelected else-if branch: removes single item when nothing selected","duration":8.090500000000247,"failureMessages":[],"meta":{}},{"ancestorTitles":["MediaFieldAttached"],"fullName":"MediaFieldAttached setAnchor updates editingAnchor from mouse position","status":"passed","title":"setAnchor updates editingAnchor from mouse position","duration":12.579099999999926,"failureMessages":[],"meta":{}},{"ancestorTitles":["MediaFieldAttached"],"fullName":"MediaFieldAttached setAnchor does nothing when anchorImageRef is null","status":"passed","title":"setAnchor does nothing when anchorImageRef is null","duration":7.969100000000253,"failureMessages":[],"meta":{}},{"ancestorTitles":["MediaFieldAttached"],"fullName":"MediaFieldAttached handleFiles with multiple uploads in single mode keeps only first","status":"passed","title":"handleFiles with multiple uploads in single mode keeps only first","duration":9.471799999999803,"failureMessages":[],"meta":{}},{"ancestorTitles":["MediaFieldAttached"],"fullName":"MediaFieldAttached dragover and dragleave toggle isDraggingOver","status":"passed","title":"dragover and dragleave toggle isDraggingOver","duration":9.534200000000055,"failureMessages":[],"meta":{}}],"startTime":1776228093526,"endTime":1776228094019.5342,"status":"passed","message":"","name":"D:/Repositories/Orchard/OrchardCore/src/OrchardCore.Modules/OrchardCore.Media/Assets/media-field/src/components/__tests__/MediaFieldAttached.spec.ts"},{"assertionResults":[{"ancestorTitles":["MediaFieldBasic"],"fullName":"MediaFieldBasic renders hidden input with serialized paths","status":"passed","title":"renders hidden input with serialized paths","duration":84.92309999999998,"failureMessages":[],"meta":{}},{"ancestorTitles":["MediaFieldBasic"],"fullName":"MediaFieldBasic serializedPaths returns config.paths before initialization","status":"passed","title":"serializedPaths returns config.paths before initialization","duration":17.816699999999855,"failureMessages":[],"meta":{}},{"ancestorTitles":["MediaFieldBasic"],"fullName":"MediaFieldBasic serializedPaths returns mediaItems after initialization","status":"passed","title":"serializedPaths returns mediaItems after initialization","duration":15.465599999999995,"failureMessages":[],"meta":{}},{"ancestorTitles":["MediaFieldBasic"],"fullName":"MediaFieldBasic loadInitialPaths fetches media details from API","status":"passed","title":"loadInitialPaths fetches media details from API","duration":20.138800000000174,"failureMessages":[],"meta":{}},{"ancestorTitles":["MediaFieldBasic"],"fullName":"MediaFieldBasic loadInitialPaths handles 404 as not-found error","status":"passed","title":"loadInitialPaths handles 404 as not-found error","duration":12.425100000000384,"failureMessages":[],"meta":{}},{"ancestorTitles":["MediaFieldBasic"],"fullName":"MediaFieldBasic loadInitialPaths handles network error as transient","status":"passed","title":"loadInitialPaths handles network error as transient","duration":14.21060000000034,"failureMessages":[],"meta":{}},{"ancestorTitles":["MediaFieldBasic"],"fullName":"MediaFieldBasic loadInitialPaths batches requests when mediaItemsUrl is configured","status":"passed","title":"loadInitialPaths batches requests when mediaItemsUrl is configured","duration":13.201900000000023,"failureMessages":[],"meta":{}},{"ancestorTitles":["MediaFieldBasic"],"fullName":"MediaFieldBasic loadInitialPaths with empty paths sets initialized","status":"passed","title":"loadInitialPaths with empty paths sets initialized","duration":13.780299999999897,"failureMessages":[],"meta":{}},{"ancestorTitles":["MediaFieldBasic"],"fullName":"MediaFieldBasic addMediaFiles adds items for multiple mode","status":"passed","title":"addMediaFiles adds items for multiple mode","duration":11.530100000000402,"failureMessages":[],"meta":{}},{"ancestorTitles":["MediaFieldBasic"],"fullName":"MediaFieldBasic addMediaFiles replaces for single mode","status":"passed","title":"addMediaFiles replaces for single mode","duration":13.263800000000174,"failureMessages":[],"meta":{}},{"ancestorTitles":["MediaFieldBasic"],"fullName":"MediaFieldBasic addMediaFiles ignores duplicate mediaPath entries","status":"passed","title":"addMediaFiles ignores duplicate mediaPath entries","duration":10.73070000000007,"failureMessages":[],"meta":{}},{"ancestorTitles":["MediaFieldBasic"],"fullName":"MediaFieldBasic removeSelected removes selected item","status":"passed","title":"removeSelected removes selected item","duration":26.45580000000018,"failureMessages":[],"meta":{}},{"ancestorTitles":["MediaFieldBasic"],"fullName":"MediaFieldBasic selectMedia sets selectedMedia","status":"passed","title":"selectMedia sets selectedMedia","duration":9.784000000000106,"failureMessages":[],"meta":{}},{"ancestorTitles":["MediaFieldBasic"],"fullName":"MediaFieldBasic canAddMedia false when single and has item","status":"passed","title":"canAddMedia false when single and has item","duration":13.977699999999913,"failureMessages":[],"meta":{}},{"ancestorTitles":["MediaFieldBasic"],"fullName":"MediaFieldBasic canAddMedia true when multiple","status":"passed","title":"canAddMedia true when multiple","duration":10.103799999999865,"failureMessages":[],"meta":{}},{"ancestorTitles":["MediaFieldBasic"],"fullName":"MediaFieldBasic shows Remove button when selectedMedia","status":"passed","title":"shows Remove button when selectedMedia","duration":10.88610000000017,"failureMessages":[],"meta":{}},{"ancestorTitles":["MediaFieldBasic"],"fullName":"MediaFieldBasic shows Media Text button when selectedMedia and allowMediaText","status":"passed","title":"shows Media Text button when selectedMedia and allowMediaText","duration":12.966300000000047,"failureMessages":[],"meta":{}},{"ancestorTitles":["MediaFieldBasic"],"fullName":"MediaFieldBasic shows Anchor button when selectedMedia, allowAnchors, and image type","status":"passed","title":"shows Anchor button when selectedMedia, allowAnchors, and image type","duration":11.932800000000043,"failureMessages":[],"meta":{}},{"ancestorTitles":["MediaFieldBasic"],"fullName":"MediaFieldBasic smallThumbs toggle changes thumbSize","status":"passed","title":"smallThumbs toggle changes thumbSize","duration":12.878600000000006,"failureMessages":[],"meta":{}},{"ancestorTitles":["MediaFieldBasic"],"fullName":"MediaFieldBasic selectAndDeleteMedia selects then removes item","status":"passed","title":"selectAndDeleteMedia selects then removes item","duration":10.58789999999999,"failureMessages":[],"meta":{}},{"ancestorTitles":["MediaFieldBasic"],"fullName":"MediaFieldBasic onReorder updates mediaItems order","status":"passed","title":"onReorder updates mediaItems order","duration":10.393800000000283,"failureMessages":[],"meta":{}},{"ancestorTitles":["MediaFieldBasic"],"fullName":"MediaFieldBasic addMediaFiles with single file for single mode","status":"passed","title":"addMediaFiles with single file for single mode","duration":8.973199999999906,"failureMessages":[],"meta":{}},{"ancestorTitles":["MediaFieldBasic"],"fullName":"MediaFieldBasic showPicker button is disabled when canAddMedia is false","status":"passed","title":"showPicker button is disabled when canAddMedia is false","duration":12.150099999999838,"failureMessages":[],"meta":{}},{"ancestorTitles":["MediaFieldBasic"],"fullName":"MediaFieldBasic onPickerSelect adds files via addMediaFiles","status":"passed","title":"onPickerSelect adds files via addMediaFiles","duration":10.009000000000015,"failureMessages":[],"meta":{}},{"ancestorTitles":["MediaFieldBasic"],"fullName":"MediaFieldBasic cancelMediaText does not change mediaText","status":"passed","title":"cancelMediaText does not change mediaText","duration":17.89390000000003,"failureMessages":[],"meta":{}},{"ancestorTitles":["MediaFieldBasic"],"fullName":"MediaFieldBasic saveMediaText saves editingMediaText to selected item","status":"passed","title":"saveMediaText saves editingMediaText to selected item","duration":13.95779999999968,"failureMessages":[],"meta":{}},{"ancestorTitles":["MediaFieldBasic"],"fullName":"MediaFieldBasic showAnchorModal / saveAnchor / resetAnchor / cancelAnchor","status":"passed","title":"showAnchorModal / saveAnchor / resetAnchor / cancelAnchor","duration":15.203899999999976,"failureMessages":[],"meta":{}},{"ancestorTitles":["MediaFieldBasic"],"fullName":"MediaFieldBasic cancelAnchor does not modify anchor","status":"passed","title":"cancelAnchor does not modify anchor","duration":13.015000000000327,"failureMessages":[],"meta":{}},{"ancestorTitles":["MediaFieldBasic"],"fullName":"MediaFieldBasic persists smallThumbs to localStorage on change","status":"passed","title":"persists smallThumbs to localStorage on change","duration":7.633800000000065,"failureMessages":[],"meta":{}},{"ancestorTitles":["MediaFieldBasic"],"fullName":"MediaFieldBasic handles invalid mediaFieldPrefs in localStorage gracefully","status":"passed","title":"handles invalid mediaFieldPrefs in localStorage gracefully","duration":6.548900000000231,"failureMessages":[],"meta":{}},{"ancestorTitles":["MediaFieldBasic"],"fullName":"MediaFieldBasic auto-selects first item in single mode on initial load","status":"passed","title":"auto-selects first item in single mode on initial load","duration":8.421399999999721,"failureMessages":[],"meta":{}},{"ancestorTitles":["MediaFieldBasic"],"fullName":"MediaFieldBasic onDocumentClick deselects when clicking outside","status":"passed","title":"onDocumentClick deselects when clicking outside","duration":12.279199999999946,"failureMessages":[],"meta":{}},{"ancestorTitles":["MediaFieldBasic"],"fullName":"MediaFieldBasic onDocumentClick does NOT deselect when clicking inside .mf-thumb-item","status":"passed","title":"onDocumentClick does NOT deselect when clicking inside .mf-thumb-item","duration":8.588799999999992,"failureMessages":[],"meta":{}},{"ancestorTitles":["MediaFieldBasic"],"fullName":"MediaFieldBasic setAnchor updates editingAnchor from mouse position","status":"passed","title":"setAnchor updates editingAnchor from mouse position","duration":11.235000000000127,"failureMessages":[],"meta":{}},{"ancestorTitles":["MediaFieldBasic"],"fullName":"MediaFieldBasic cancelMediaText closes modal via direct call","status":"passed","title":"cancelMediaText closes modal via direct call","duration":6.140100000000075,"failureMessages":[],"meta":{}},{"ancestorTitles":["MediaFieldBasic"],"fullName":"MediaFieldBasic cancelAnchor closes modal via direct call","status":"passed","title":"cancelAnchor closes modal via direct call","duration":5.087300000000141,"failureMessages":[],"meta":{}},{"ancestorTitles":["MediaFieldBasic"],"fullName":"MediaFieldBasic removeSelected removes single item when nothing is selected","status":"passed","title":"removeSelected removes single item when nothing is selected","duration":5.949099999999817,"failureMessages":[],"meta":{}},{"ancestorTitles":["MediaFieldBasic"],"fullName":"MediaFieldBasic showPicker calls pickerModalRef.open (no-op when ref is stub)","status":"passed","title":"showPicker calls pickerModalRef.open (no-op when ref is stub)","duration":5.669699999999921,"failureMessages":[],"meta":{}},{"ancestorTitles":["MediaFieldBasic"],"fullName":"MediaFieldBasic showPicker does nothing when canAddMedia is false","status":"passed","title":"showPicker does nothing when canAddMedia is false","duration":6.098500000000058,"failureMessages":[],"meta":{}},{"ancestorTitles":["MediaFieldBasic"],"fullName":"MediaFieldBasic showMediaTextModal does nothing when no selectedMedia","status":"passed","title":"showMediaTextModal does nothing when no selectedMedia","duration":5.2202000000002045,"failureMessages":[],"meta":{}},{"ancestorTitles":["MediaFieldBasic"],"fullName":"MediaFieldBasic saveMediaText updates mediaText on selectedMedia via direct call","status":"passed","title":"saveMediaText updates mediaText on selectedMedia via direct call","duration":6.936699999999746,"failureMessages":[],"meta":{}},{"ancestorTitles":["MediaFieldBasic"],"fullName":"MediaFieldBasic onPickerSelect adds files via addMediaFiles","status":"passed","title":"onPickerSelect adds files via addMediaFiles","duration":19.452800000000025,"failureMessages":[],"meta":{}},{"ancestorTitles":["MediaFieldBasic"],"fullName":"MediaFieldBasic onBeforeUnmount removes document click listener","status":"passed","title":"onBeforeUnmount removes document click listener","duration":10.108099999999922,"failureMessages":[],"meta":{}}],"startTime":1776228093533,"endTime":1776228094109.1082,"status":"passed","message":"","name":"D:/Repositories/Orchard/OrchardCore/src/OrchardCore.Modules/OrchardCore.Media/Assets/media-field/src/components/__tests__/MediaFieldBasic.spec.ts"},{"assertionResults":[{"ancestorTitles":["MediaFieldGallery"],"fullName":"MediaFieldGallery renders hidden input","status":"passed","title":"renders hidden input","duration":65.97350000000006,"failureMessages":[],"meta":{}},{"ancestorTitles":["MediaFieldGallery"],"fullName":"MediaFieldGallery loadInitialPaths works","status":"passed","title":"loadInitialPaths works","duration":35.66429999999991,"failureMessages":[],"meta":{}},{"ancestorTitles":["MediaFieldGallery"],"fullName":"MediaFieldGallery addMediaFiles adds for multiple, replaces for single","status":"passed","title":"addMediaFiles adds for multiple, replaces for single","duration":35.083300000000236,"failureMessages":[],"meta":{}},{"ancestorTitles":["MediaFieldGallery"],"fullName":"MediaFieldGallery addMediaFiles ignores duplicate mediaPath entries","status":"passed","title":"addMediaFiles ignores duplicate mediaPath entries","duration":13.277599999999893,"failureMessages":[],"meta":{}},{"ancestorTitles":["MediaFieldGallery"],"fullName":"MediaFieldGallery selectAndDeleteMedia removes item","status":"passed","title":"selectAndDeleteMedia removes item","duration":22.060100000000148,"failureMessages":[],"meta":{}},{"ancestorTitles":["MediaFieldGallery"],"fullName":"MediaFieldGallery onReorder updates mediaItems","status":"passed","title":"onReorder updates mediaItems","duration":12.234500000000025,"failureMessages":[],"meta":{}},{"ancestorTitles":["MediaFieldGallery"],"fullName":"MediaFieldGallery serializedPaths correct after init","status":"passed","title":"serializedPaths correct after init","duration":11.005699999999706,"failureMessages":[],"meta":{}},{"ancestorTitles":["MediaFieldGallery"],"fullName":"MediaFieldGallery showPicker calls pickerModalRef.open","status":"passed","title":"showPicker calls pickerModalRef.open","duration":11.992600000000039,"failureMessages":[],"meta":{}},{"ancestorTitles":["MediaFieldGallery"],"fullName":"MediaFieldGallery onEditMediaText sets selectedMedia and opens modal","status":"passed","title":"onEditMediaText sets selectedMedia and opens modal","duration":11.11909999999989,"failureMessages":[],"meta":{}},{"ancestorTitles":["MediaFieldGallery"],"fullName":"MediaFieldGallery saveMediaText updates mediaText","status":"passed","title":"saveMediaText updates mediaText","duration":9.282799999999952,"failureMessages":[],"meta":{}},{"ancestorTitles":["MediaFieldGallery"],"fullName":"MediaFieldGallery onEditAnchor sets selectedMedia and opens anchor modal","status":"passed","title":"onEditAnchor sets selectedMedia and opens anchor modal","duration":11.98279999999977,"failureMessages":[],"meta":{}},{"ancestorTitles":["MediaFieldGallery"],"fullName":"MediaFieldGallery saveAnchor updates anchor","status":"passed","title":"saveAnchor updates anchor","duration":10.677699999999732,"failureMessages":[],"meta":{}},{"ancestorTitles":["MediaFieldGallery"],"fullName":"MediaFieldGallery resetAnchor resets to 0.5, 0.5","status":"passed","title":"resetAnchor resets to 0.5, 0.5","duration":10.317700000000059,"failureMessages":[],"meta":{}},{"ancestorTitles":["MediaFieldGallery"],"fullName":"MediaFieldGallery cancelMediaText closes modal without saving (via exposed state)","status":"passed","title":"cancelMediaText closes modal without saving (via exposed state)","duration":8.589899999999943,"failureMessages":[],"meta":{}},{"ancestorTitles":["MediaFieldGallery"],"fullName":"MediaFieldGallery cancelAnchor closes modal without saving (via exposed state)","status":"passed","title":"cancelAnchor closes modal without saving (via exposed state)","duration":8.281400000000303,"failureMessages":[],"meta":{}},{"ancestorTitles":["MediaFieldGallery"],"fullName":"MediaFieldGallery loadInitialPaths handles 404 as not-found","status":"passed","title":"loadInitialPaths handles 404 as not-found","duration":8.08349999999973,"failureMessages":[],"meta":{}},{"ancestorTitles":["MediaFieldGallery"],"fullName":"MediaFieldGallery loadInitialPaths handles network error as transient","status":"passed","title":"loadInitialPaths handles network error as transient","duration":6.550099999999929,"failureMessages":[],"meta":{}},{"ancestorTitles":["MediaFieldGallery"],"fullName":"MediaFieldGallery loadInitialPaths with empty paths sets initialized","status":"passed","title":"loadInitialPaths with empty paths sets initialized","duration":6.99140000000034,"failureMessages":[],"meta":{}},{"ancestorTitles":["MediaFieldGallery"],"fullName":"MediaFieldGallery selectAndDeleteMedia clears selectedMedia when deleting selected item","status":"passed","title":"selectAndDeleteMedia clears selectedMedia when deleting selected item","duration":8.001400000000103,"failureMessages":[],"meta":{}},{"ancestorTitles":["MediaFieldGallery"],"fullName":"MediaFieldGallery addMediaFiles with single file in single mode","status":"passed","title":"addMediaFiles with single file in single mode","duration":7.6853000000000975,"failureMessages":[],"meta":{}},{"ancestorTitles":["MediaFieldGallery"],"fullName":"MediaFieldGallery onEditAnchor defaults to center when no anchor exists","status":"passed","title":"onEditAnchor defaults to center when no anchor exists","duration":9.389200000000073,"failureMessages":[],"meta":{}},{"ancestorTitles":["MediaFieldGallery"],"fullName":"MediaFieldGallery serializedPaths returns config.paths before initialization","status":"passed","title":"serializedPaths returns config.paths before initialization","duration":8.104800000000068,"failureMessages":[],"meta":{}},{"ancestorTitles":["MediaFieldGallery"],"fullName":"MediaFieldGallery loadInitialPaths treats non-404 HTTP errors as transient","status":"passed","title":"loadInitialPaths treats non-404 HTTP errors as transient","duration":9.24980000000005,"failureMessages":[],"meta":{}},{"ancestorTitles":["MediaFieldGallery"],"fullName":"MediaFieldGallery setAnchor updates editingAnchor from mouse position","status":"passed","title":"setAnchor updates editingAnchor from mouse position","duration":9.927299999999832,"failureMessages":[],"meta":{}},{"ancestorTitles":["MediaFieldGallery"],"fullName":"MediaFieldGallery setAnchor does nothing when anchorImageRef is null","status":"passed","title":"setAnchor does nothing when anchorImageRef is null","duration":7.246000000000095,"failureMessages":[],"meta":{}},{"ancestorTitles":["MediaFieldGallery"],"fullName":"MediaFieldGallery cancelMediaText closes modal directly","status":"passed","title":"cancelMediaText closes modal directly","duration":10.243400000000292,"failureMessages":[],"meta":{}},{"ancestorTitles":["MediaFieldGallery"],"fullName":"MediaFieldGallery cancelAnchor closes modal directly","status":"passed","title":"cancelAnchor closes modal directly","duration":16.012700000000223,"failureMessages":[],"meta":{}},{"ancestorTitles":["MediaFieldGallery"],"fullName":"MediaFieldGallery serializedPaths maps mediaItems after initialization","status":"passed","title":"serializedPaths maps mediaItems after initialization","duration":15.746200000000044,"failureMessages":[],"meta":{}},{"ancestorTitles":["MediaFieldGallery"],"fullName":"MediaFieldGallery showPicker calls pickerModalRef.open","status":"passed","title":"showPicker calls pickerModalRef.open","duration":12.623399999999947,"failureMessages":[],"meta":{}},{"ancestorTitles":["MediaFieldGallery"],"fullName":"MediaFieldGallery onPickerSelect adds files","status":"passed","title":"onPickerSelect adds files","duration":12.572400000000016,"failureMessages":[],"meta":{}}],"startTime":1776228093533,"endTime":1776228093961.5725,"status":"passed","message":"","name":"D:/Repositories/Orchard/OrchardCore/src/OrchardCore.Modules/OrchardCore.Media/Assets/media-field/src/components/__tests__/MediaFieldGallery.spec.ts"},{"assertionResults":[{"ancestorTitles":["MediaPickerModal"],"fullName":"MediaPickerModal initially not visible","status":"passed","title":"initially not visible","duration":40.21340000000009,"failureMessages":[],"meta":{}},{"ancestorTitles":["MediaPickerModal"],"fullName":"MediaPickerModal opens via exposed open() method","status":"passed","title":"opens via exposed open() method","duration":10.846000000000004,"failureMessages":[],"meta":{}},{"ancestorTitles":["MediaPickerModal"],"fullName":"MediaPickerModal shows loading state initially","status":"passed","title":"shows loading state initially","duration":13.641500000000178,"failureMessages":[],"meta":{}},{"ancestorTitles":["MediaPickerModal"],"fullName":"MediaPickerModal shows error when media-app import fails","status":"passed","title":"shows error when media-app import fails","duration":27.584899999999834,"failureMessages":[],"meta":{}},{"ancestorTitles":["MediaPickerModal"],"fullName":"MediaPickerModal emits select with converted IMediaFieldItem[] on confirm","status":"passed","title":"emits select with converted IMediaFieldItem[] on confirm","duration":24.24519999999984,"failureMessages":[],"meta":{}},{"ancestorTitles":["MediaPickerModal"],"fullName":"MediaPickerModal cancel closes modal","status":"passed","title":"cancel closes modal","duration":6.77619999999979,"failureMessages":[],"meta":{}},{"ancestorTitles":["MediaPickerModal"],"fullName":"MediaPickerModal cleanup unmounts picker on close","status":"passed","title":"cleanup unmounts picker on close","duration":5.985699999999724,"failureMessages":[],"meta":{}},{"ancestorTitles":["MediaPickerModal"],"fullName":"MediaPickerModal OK button disabled when no selection","status":"passed","title":"OK button disabled when no selection","duration":43.35460000000012,"failureMessages":[],"meta":{}},{"ancestorTitles":["MediaPickerModal"],"fullName":"MediaPickerModal onSelectionChange callback updates selectedCount","status":"passed","title":"onSelectionChange callback updates selectedCount","duration":10.589599999999791,"failureMessages":[],"meta":{}}],"startTime":1776228093517,"endTime":1776228093700.5896,"status":"passed","message":"","name":"D:/Repositories/Orchard/OrchardCore/src/OrchardCore.Modules/OrchardCore.Media/Assets/media-field/src/components/__tests__/MediaPickerModal.spec.ts"},{"assertionResults":[{"ancestorTitles":["ThumbsContainer"],"fullName":"ThumbsContainer shows 'No Files' empty state when mediaItems is empty","status":"passed","title":"shows 'No Files' empty state when mediaItems is empty","duration":33.259700000000066,"failureMessages":[],"meta":{}},{"ancestorTitles":["ThumbsContainer"],"fullName":"ThumbsContainer renders visible items (filters out isRemoved)","status":"passed","title":"renders visible items (filters out isRemoved)","duration":34.01189999999997,"failureMessages":[],"meta":{}},{"ancestorTitles":["ThumbsContainer"],"fullName":"ThumbsContainer shows image preview for image mime types","status":"passed","title":"shows image preview for image mime types","duration":14.072999999999865,"failureMessages":[],"meta":{}},{"ancestorTitles":["ThumbsContainer"],"fullName":"ThumbsContainer shows icon for non-image files","status":"passed","title":"shows icon for non-image files","duration":13.68139999999994,"failureMessages":[],"meta":{}},{"ancestorTitles":["ThumbsContainer"],"fullName":"ThumbsContainer applies active class on selected item","status":"passed","title":"applies active class on selected item","duration":9.628099999999904,"failureMessages":[],"meta":{}},{"ancestorTitles":["ThumbsContainer"],"fullName":"ThumbsContainer emits selectMedia on item click","status":"passed","title":"emits selectMedia on item click","duration":11.834499999999935,"failureMessages":[],"meta":{}},{"ancestorTitles":["ThumbsContainer"],"fullName":"ThumbsContainer emits deleteMedia on trash button click","status":"passed","title":"emits deleteMedia on trash button click","duration":8.26890000000003,"failureMessages":[],"meta":{}},{"ancestorTitles":["ThumbsContainer"],"fullName":"ThumbsContainer shows transient error state with warning icon","status":"passed","title":"shows transient error state with warning icon","duration":6.661399999999958,"failureMessages":[],"meta":{}},{"ancestorTitles":["ThumbsContainer"],"fullName":"ThumbsContainer shows not-found error state with ban icon","status":"passed","title":"shows not-found error state with ban icon","duration":8.942199999999957,"failureMessages":[],"meta":{}},{"ancestorTitles":["ThumbsContainer"],"fullName":"ThumbsContainer strips GUID prefix from name when isNew is true (substring(36))","status":"passed","title":"strips GUID prefix from name when isNew is true (substring(36))","duration":10.814600000000155,"failureMessages":[],"meta":{}},{"ancestorTitles":["ThumbsContainer"],"fullName":"ThumbsContainer emits reorder with rearranged array on drop","status":"passed","title":"emits reorder with rearranged array on drop","duration":41.76090000000022,"failureMessages":[],"meta":{}},{"ancestorTitles":["ThumbsContainer"],"fullName":"ThumbsContainer does not allow drag when allowMultiple is false","status":"passed","title":"does not allow drag when allowMultiple is false","duration":11.400499999999738,"failureMessages":[],"meta":{}},{"ancestorTitles":["ThumbsContainer"],"fullName":"ThumbsContainer onDragEnd resets draggedItem (subsequent drop is no-op)","status":"passed","title":"onDragEnd resets draggedItem (subsequent drop is no-op)","duration":7.162200000000212,"failureMessages":[],"meta":{}},{"ancestorTitles":["ThumbsContainer"],"fullName":"ThumbsContainer buildMediaUrl appends width/height params (check img src)","status":"passed","title":"buildMediaUrl appends width/height params (check img src)","duration":6.4099999999998545,"failureMessages":[],"meta":{}},{"ancestorTitles":["ThumbsContainer"],"fullName":"ThumbsContainer emits deleteMedia on trash click for transient error item","status":"passed","title":"emits deleteMedia on trash click for transient error item","duration":5.523099999999886,"failureMessages":[],"meta":{}},{"ancestorTitles":["ThumbsContainer"],"fullName":"ThumbsContainer emits deleteMedia on trash click for not-found error item","status":"passed","title":"emits deleteMedia on trash click for not-found error item","duration":5.0896999999999935,"failureMessages":[],"meta":{}},{"ancestorTitles":["ThumbsContainer"],"fullName":"ThumbsContainer onDragStart sets dataTransfer.effectAllowed when dataTransfer exists","status":"passed","title":"onDragStart sets dataTransfer.effectAllowed when dataTransfer exists","duration":8.293299999999817,"failureMessages":[],"meta":{}}],"startTime":1776228093518,"endTime":1776228093756.2932,"status":"passed","message":"","name":"D:/Repositories/Orchard/OrchardCore/src/OrchardCore.Modules/OrchardCore.Media/Assets/media-field/src/components/__tests__/ThumbsContainer.spec.ts"},{"assertionResults":[{"ancestorTitles":["UploadList"],"fullName":"UploadList is hidden when files array is empty (v-show)","status":"passed","title":"is hidden when files array is empty (v-show)","duration":36.03739999999971,"failureMessages":[],"meta":{}},{"ancestorTitles":["UploadList"],"fullName":"UploadList shows header with upload count","status":"passed","title":"shows header with upload count","duration":15.819899999999961,"failureMessages":[],"meta":{}},{"ancestorTitles":["UploadList"],"fullName":"UploadList shows error count when errors exist","status":"passed","title":"shows error count when errors exist","duration":7.081700000000183,"failureMessages":[],"meta":{}},{"ancestorTitles":["UploadList"],"fullName":"UploadList shows progress bar for in-progress files","status":"passed","title":"shows progress bar for in-progress files","duration":11.784799999999905,"failureMessages":[],"meta":{}},{"ancestorTitles":["UploadList"],"fullName":"UploadList shows check icon for successful files","status":"passed","title":"shows check icon for successful files","duration":7.063299999999799,"failureMessages":[],"meta":{}},{"ancestorTitles":["UploadList"],"fullName":"UploadList shows error message for failed files","status":"passed","title":"shows error message for failed files","duration":8.7800000000002,"failureMessages":[],"meta":{}},{"ancestorTitles":["UploadList"],"fullName":"UploadList emits clearErrors on broom button click","status":"passed","title":"emits clearErrors on broom button click","duration":8.79910000000018,"failureMessages":[],"meta":{}},{"ancestorTitles":["UploadList"],"fullName":"UploadList emits dismiss on X button for error entry","status":"passed","title":"emits dismiss on X button for error entry","duration":12.521999999999935,"failureMessages":[],"meta":{}},{"ancestorTitles":["UploadList"],"fullName":"UploadList toggles expanded/collapsed on header click","status":"passed","title":"toggles expanded/collapsed on header click","duration":11.912699999999859,"failureMessages":[],"meta":{}},{"ancestorTitles":["UploadList"],"fullName":"UploadList shows dismissAll X button when no pending uploads","status":"passed","title":"shows dismissAll X button when no pending uploads","duration":11.574599999999919,"failureMessages":[],"meta":{}},{"ancestorTitles":["UploadList"],"fullName":"UploadList emits dismissAll on X button click","status":"passed","title":"emits dismissAll on X button click","duration":7.970299999999952,"failureMessages":[],"meta":{}}],"startTime":1776228093517,"endTime":1776228093656.9702,"status":"passed","message":"","name":"D:/Repositories/Orchard/OrchardCore/src/OrchardCore.Modules/OrchardCore.Media/Assets/media-field/src/components/__tests__/UploadList.spec.ts"},{"assertionResults":[{"ancestorTitles":["useFieldUpload"],"fullName":"useFieldUpload returns reactive files ref that is initially empty","status":"passed","title":"returns reactive files ref that is initially empty","duration":5.75610000000006,"failureMessages":[],"meta":{}},{"ancestorTitles":["useFieldUpload","clearErrors"],"fullName":"useFieldUpload clearErrors removes only entries with error messages","status":"passed","title":"removes only entries with error messages","duration":1.9443999999998596,"failureMessages":[],"meta":{}},{"ancestorTitles":["useFieldUpload","dismiss"],"fullName":"useFieldUpload dismiss removes the specific entry","status":"passed","title":"removes the specific entry","duration":3.0675999999998567,"failureMessages":[],"meta":{}},{"ancestorTitles":["useFieldUpload","dismissAll"],"fullName":"useFieldUpload dismissAll clears all entries","status":"passed","title":"clears all entries","duration":1.6257999999997992,"failureMessages":[],"meta":{}},{"ancestorTitles":["useFieldUpload","uploadFiles"],"fullName":"useFieldUpload uploadFiles returns uploaded result on successful upload","status":"passed","title":"returns uploaded result on successful upload","duration":14.84519999999975,"failureMessages":[],"meta":{}},{"ancestorTitles":["useFieldUpload","uploadFiles"],"fullName":"useFieldUpload uploadFiles uses filePath when XHR response omits mediaPath","status":"passed","title":"uses filePath when XHR response omits mediaPath","duration":2.7929000000003725,"failureMessages":[],"meta":{}},{"ancestorTitles":["useFieldUpload","uploadFiles"],"fullName":"useFieldUpload uploadFiles captures server-side file error","status":"passed","title":"captures server-side file error","duration":4.507600000000366,"failureMessages":[],"meta":{}},{"ancestorTitles":["useFieldUpload","uploadFiles"],"fullName":"useFieldUpload uploadFiles handles HTTP error status","status":"passed","title":"handles HTTP error status","duration":2.785899999999856,"failureMessages":[],"meta":{}},{"ancestorTitles":["useFieldUpload","uploadFiles"],"fullName":"useFieldUpload uploadFiles handles network error","status":"passed","title":"handles network error","duration":2.69800000000032,"failureMessages":[],"meta":{}},{"ancestorTitles":["useFieldUpload","uploadFiles"],"fullName":"useFieldUpload uploadFiles handles invalid JSON response","status":"passed","title":"handles invalid JSON response","duration":2.2824999999998,"failureMessages":[],"meta":{}},{"ancestorTitles":["useFieldUpload","uploadFiles"],"fullName":"useFieldUpload uploadFiles handles empty files array in response","status":"passed","title":"handles empty files array in response","duration":2.3041999999995824,"failureMessages":[],"meta":{}},{"ancestorTitles":["useFieldUpload","uploadFiles"],"fullName":"useFieldUpload uploadFiles tracks upload progress percentage","status":"passed","title":"tracks upload progress percentage","duration":2.2022000000001754,"failureMessages":[],"meta":{}},{"ancestorTitles":["useFieldUpload","uploadFiles"],"fullName":"useFieldUpload uploadFiles opens XHR with correct method and URL","status":"passed","title":"opens XHR with correct method and URL","duration":2.7622999999998683,"failureMessages":[],"meta":{}},{"ancestorTitles":["useFieldUpload","anti-forgery token"],"fullName":"useFieldUpload anti-forgery token reads token from DOM input and includes it in FormData","status":"passed","title":"reads token from DOM input and includes it in FormData","duration":12.228299999999763,"failureMessages":[],"meta":{}},{"ancestorTitles":["useFieldUpload","anti-forgery token"],"fullName":"useFieldUpload anti-forgery token returns empty string when no token input exists in DOM","status":"passed","title":"returns empty string when no token input exists in DOM","duration":6.498000000000047,"failureMessages":[],"meta":{}},{"ancestorTitles":["useFieldUpload","uploadFiles with TUS enabled"],"fullName":"useFieldUpload uploadFiles with TUS enabled uses TUS when tusEnabled is true","status":"passed","title":"uses TUS when tusEnabled is true","duration":7.838400000000092,"failureMessages":[],"meta":{}},{"ancestorTitles":["useFieldUpload","uploadFiles with TUS enabled"],"fullName":"useFieldUpload uploadFiles with TUS enabled uses filePath when TusFileInfo omits mediaPath","status":"passed","title":"uses filePath when TusFileInfo omits mediaPath","duration":7.106800000000021,"failureMessages":[],"meta":{}},{"ancestorTitles":["useFieldUpload","uploadFiles with TUS enabled"],"fullName":"useFieldUpload uploadFiles with TUS enabled handles TUS progress event","status":"passed","title":"handles TUS progress event","duration":3.170599999999922,"failureMessages":[],"meta":{}},{"ancestorTitles":["useFieldUpload","uploadFiles with TUS enabled"],"fullName":"useFieldUpload uploadFiles with TUS enabled rejects when TUS response has no uploadURL","status":"passed","title":"rejects when TUS response has no uploadURL","duration":3.1609000000003107,"failureMessages":[],"meta":{}},{"ancestorTitles":["useFieldUpload","uploadFiles with TUS enabled"],"fullName":"useFieldUpload uploadFiles with TUS enabled rejects when TUS file info request fails","status":"passed","title":"rejects when TUS file info request fails","duration":4.898200000000088,"failureMessages":[],"meta":{}},{"ancestorTitles":["useFieldUpload","uploadFiles with TUS enabled"],"fullName":"useFieldUpload uploadFiles with TUS enabled rejects when TUS file info fetch throws a network error","status":"passed","title":"rejects when TUS file info fetch throws a network error","duration":3.3720000000002983,"failureMessages":[],"meta":{}},{"ancestorTitles":["useFieldUpload","uploadFiles with TUS enabled"],"fullName":"useFieldUpload uploadFiles with TUS enabled handles TUS upload-error event","status":"passed","title":"handles TUS upload-error event","duration":3.2916000000000167,"failureMessages":[],"meta":{}},{"ancestorTitles":["useFieldUpload","uploadFiles with TUS enabled"],"fullName":"useFieldUpload uploadFiles with TUS enabled handles TUS upload-error with null error","status":"passed","title":"handles TUS upload-error with null error","duration":2.829099999999926,"failureMessages":[],"meta":{}},{"ancestorTitles":["useFieldUpload","uploadFiles with TUS enabled"],"fullName":"useFieldUpload uploadFiles with TUS enabled uses default chunk size when maxUploadChunkSize is 0","status":"passed","title":"uses default chunk size when maxUploadChunkSize is 0","duration":4.230999999999767,"failureMessages":[],"meta":{}},{"ancestorTitles":["useFieldUpload","uploadFiles with TUS enabled"],"fullName":"useFieldUpload uploadFiles with TUS enabled uses configured chunk size when maxUploadChunkSize > 0","status":"passed","title":"uses configured chunk size when maxUploadChunkSize > 0","duration":2.964600000000246,"failureMessages":[],"meta":{}},{"ancestorTitles":["useFieldUpload","auto-remove on success"],"fullName":"useFieldUpload auto-remove on success schedules entry removal via setTimeout and callback removes entry","status":"passed","title":"schedules entry removal via setTimeout and callback removes entry","duration":20.341100000000097,"failureMessages":[],"meta":{}}],"startTime":1776228093459,"endTime":1776228093593.341,"status":"passed","message":"","name":"D:/Repositories/Orchard/OrchardCore/src/OrchardCore.Modules/OrchardCore.Media/Assets/media-field/src/services/__tests__/FieldUploadService.spec.ts"},{"assertionResults":[{"ancestorTitles":["getIconClassForFilename","image extensions"],"fullName":"getIconClassForFilename image extensions returns image icon for .jpg","status":"passed","title":"returns image icon for .jpg","duration":2.2590000000000146,"failureMessages":[],"meta":{}},{"ancestorTitles":["getIconClassForFilename","image extensions"],"fullName":"getIconClassForFilename image extensions returns image icon for .jpeg","status":"passed","title":"returns image icon for .jpeg","duration":0.44000000000005457,"failureMessages":[],"meta":{}},{"ancestorTitles":["getIconClassForFilename","image extensions"],"fullName":"getIconClassForFilename image extensions returns image icon for .png","status":"passed","title":"returns image icon for .png","duration":0.27660000000014406,"failureMessages":[],"meta":{}},{"ancestorTitles":["getIconClassForFilename","image extensions"],"fullName":"getIconClassForFilename image extensions returns image icon for .gif","status":"passed","title":"returns image icon for .gif","duration":0.2680000000000291,"failureMessages":[],"meta":{}},{"ancestorTitles":["getIconClassForFilename","image extensions"],"fullName":"getIconClassForFilename image extensions returns image icon for .webp","status":"passed","title":"returns image icon for .webp","duration":0.2693999999996777,"failureMessages":[],"meta":{}},{"ancestorTitles":["getIconClassForFilename","image extensions"],"fullName":"getIconClassForFilename image extensions returns image icon for .svg","status":"passed","title":"returns image icon for .svg","duration":0.32589999999981956,"failureMessages":[],"meta":{}},{"ancestorTitles":["getIconClassForFilename","image extensions"],"fullName":"getIconClassForFilename image extensions returns image icon for .bmp","status":"passed","title":"returns image icon for .bmp","duration":0.2013000000001739,"failureMessages":[],"meta":{}},{"ancestorTitles":["getIconClassForFilename","image extensions"],"fullName":"getIconClassForFilename image extensions returns image icon for .ico","status":"passed","title":"returns image icon for .ico","duration":0.17830000000003565,"failureMessages":[],"meta":{}},{"ancestorTitles":["getIconClassForFilename","document extensions"],"fullName":"getIconClassForFilename document extensions returns pdf icon for .pdf","status":"passed","title":"returns pdf icon for .pdf","duration":0.4960000000000946,"failureMessages":[],"meta":{}},{"ancestorTitles":["getIconClassForFilename","document extensions"],"fullName":"getIconClassForFilename document extensions returns word icon for .doc","status":"passed","title":"returns word icon for .doc","duration":0.3067999999998392,"failureMessages":[],"meta":{}},{"ancestorTitles":["getIconClassForFilename","document extensions"],"fullName":"getIconClassForFilename document extensions returns word icon for .docx","status":"passed","title":"returns word icon for .docx","duration":0.12950000000000728,"failureMessages":[],"meta":{}},{"ancestorTitles":["getIconClassForFilename","document extensions"],"fullName":"getIconClassForFilename document extensions returns powerpoint icon for .ppt","status":"passed","title":"returns powerpoint icon for .ppt","duration":0.1509000000000924,"failureMessages":[],"meta":{}},{"ancestorTitles":["getIconClassForFilename","document extensions"],"fullName":"getIconClassForFilename document extensions returns powerpoint icon for .pptx","status":"passed","title":"returns powerpoint icon for .pptx","duration":0.14679999999998472,"failureMessages":[],"meta":{}},{"ancestorTitles":["getIconClassForFilename","document extensions"],"fullName":"getIconClassForFilename document extensions returns excel icon for .xls","status":"passed","title":"returns excel icon for .xls","duration":0.12740000000030705,"failureMessages":[],"meta":{}},{"ancestorTitles":["getIconClassForFilename","document extensions"],"fullName":"getIconClassForFilename document extensions returns excel icon for .xlsx","status":"passed","title":"returns excel icon for .xlsx","duration":0.13200000000006185,"failureMessages":[],"meta":{}},{"ancestorTitles":["getIconClassForFilename","document extensions"],"fullName":"getIconClassForFilename document extensions returns file icon for .csv","status":"passed","title":"returns file icon for .csv","duration":0.13849999999956708,"failureMessages":[],"meta":{}},{"ancestorTitles":["getIconClassForFilename","audio extensions"],"fullName":"getIconClassForFilename audio extensions returns audio icon for .aac","status":"passed","title":"returns audio icon for .aac","duration":0.18440000000009604,"failureMessages":[],"meta":{}},{"ancestorTitles":["getIconClassForFilename","audio extensions"],"fullName":"getIconClassForFilename audio extensions returns audio icon for .mp3","status":"passed","title":"returns audio icon for .mp3","duration":0.13740000000007058,"failureMessages":[],"meta":{}},{"ancestorTitles":["getIconClassForFilename","audio extensions"],"fullName":"getIconClassForFilename audio extensions returns audio icon for .ogg","status":"passed","title":"returns audio icon for .ogg","duration":0.10210000000006403,"failureMessages":[],"meta":{}},{"ancestorTitles":["getIconClassForFilename","video extensions"],"fullName":"getIconClassForFilename video extensions returns video icon for .avi","status":"passed","title":"returns video icon for .avi","duration":0.16160000000036234,"failureMessages":[],"meta":{}},{"ancestorTitles":["getIconClassForFilename","video extensions"],"fullName":"getIconClassForFilename video extensions returns video icon for .flv","status":"passed","title":"returns video icon for .flv","duration":0.1352999999999156,"failureMessages":[],"meta":{}},{"ancestorTitles":["getIconClassForFilename","video extensions"],"fullName":"getIconClassForFilename video extensions returns video icon for .mkv","status":"passed","title":"returns video icon for .mkv","duration":0.15180000000009386,"failureMessages":[],"meta":{}},{"ancestorTitles":["getIconClassForFilename","video extensions"],"fullName":"getIconClassForFilename video extensions returns video icon for .mp4","status":"passed","title":"returns video icon for .mp4","duration":0.15370000000029904,"failureMessages":[],"meta":{}},{"ancestorTitles":["getIconClassForFilename","video extensions"],"fullName":"getIconClassForFilename video extensions returns video icon for .webm","status":"passed","title":"returns video icon for .webm","duration":0.13760000000002037,"failureMessages":[],"meta":{}},{"ancestorTitles":["getIconClassForFilename","archive extensions"],"fullName":"getIconClassForFilename archive extensions returns archive icon for .gz","status":"passed","title":"returns archive icon for .gz","duration":0.21630000000004657,"failureMessages":[],"meta":{}},{"ancestorTitles":["getIconClassForFilename","archive extensions"],"fullName":"getIconClassForFilename archive extensions returns archive icon for .zip","status":"passed","title":"returns archive icon for .zip","duration":0.14279999999962456,"failureMessages":[],"meta":{}},{"ancestorTitles":["getIconClassForFilename","code extensions"],"fullName":"getIconClassForFilename code extensions returns code icon for .css","status":"passed","title":"returns code icon for .css","duration":0.15540000000009968,"failureMessages":[],"meta":{}},{"ancestorTitles":["getIconClassForFilename","code extensions"],"fullName":"getIconClassForFilename code extensions returns code icon for .html","status":"passed","title":"returns code icon for .html","duration":0.13650000000006912,"failureMessages":[],"meta":{}},{"ancestorTitles":["getIconClassForFilename","code extensions"],"fullName":"getIconClassForFilename code extensions returns code icon for .js","status":"passed","title":"returns code icon for .js","duration":0.10649999999986903,"failureMessages":[],"meta":{}},{"ancestorTitles":["getIconClassForFilename","text extension"],"fullName":"getIconClassForFilename text extension returns text icon for .txt","status":"passed","title":"returns text icon for .txt","duration":0.22080000000005384,"failureMessages":[],"meta":{}},{"ancestorTitles":["getIconClassForFilename","unknown and edge cases"],"fullName":"getIconClassForFilename unknown and edge cases returns default file icon for unknown extension","status":"passed","title":"returns default file icon for unknown extension","duration":0.25109999999995125,"failureMessages":[],"meta":{}},{"ancestorTitles":["getIconClassForFilename","unknown and edge cases"],"fullName":"getIconClassForFilename unknown and edge cases returns default file icon for empty filename","status":"passed","title":"returns default file icon for empty filename","duration":0.11639999999988504,"failureMessages":[],"meta":{}},{"ancestorTitles":["getIconClassForFilename","unknown and edge cases"],"fullName":"getIconClassForFilename unknown and edge cases returns default file icon for filename without extension","status":"passed","title":"returns default file icon for filename without extension","duration":0.32369999999991705,"failureMessages":[],"meta":{}},{"ancestorTitles":["getIconClassForFilename","case insensitivity"],"fullName":"getIconClassForFilename case insensitivity handles uppercase JPG","status":"passed","title":"handles uppercase JPG","duration":0.14480000000003201,"failureMessages":[],"meta":{}},{"ancestorTitles":["getIconClassForFilename","case insensitivity"],"fullName":"getIconClassForFilename case insensitivity handles uppercase PDF","status":"passed","title":"handles uppercase PDF","duration":0.12960000000020955,"failureMessages":[],"meta":{}},{"ancestorTitles":["getIconClassForFilename","case insensitivity"],"fullName":"getIconClassForFilename case insensitivity handles mixed case Png","status":"passed","title":"handles mixed case Png","duration":0.11070000000017899,"failureMessages":[],"meta":{}},{"ancestorTitles":["getIconClassForFilename","sizeClass parameter"],"fullName":"getIconClassForFilename sizeClass parameter appends sizeClass when provided","status":"passed","title":"appends sizeClass when provided","duration":0.09749999999985448,"failureMessages":[],"meta":{}},{"ancestorTitles":["getIconClassForFilename","sizeClass parameter"],"fullName":"getIconClassForFilename sizeClass parameter does not append extra space when sizeClass is empty","status":"passed","title":"does not append extra space when sizeClass is empty","duration":0.16229999999995925,"failureMessages":[],"meta":{}},{"ancestorTitles":["getIconClassForFilename","sizeClass parameter"],"fullName":"getIconClassForFilename sizeClass parameter appends sizeClass to default icon for unknown extension","status":"passed","title":"appends sizeClass to default icon for unknown extension","duration":0.13000000000010914,"failureMessages":[],"meta":{}},{"ancestorTitles":["isImageExtension","returns true for image extensions"],"fullName":"isImageExtension returns true for image extensions returns true for gif","status":"passed","title":"returns true for gif","duration":0.27599999999983993,"failureMessages":[],"meta":{}},{"ancestorTitles":["isImageExtension","returns true for image extensions"],"fullName":"isImageExtension returns true for image extensions returns true for jpeg","status":"passed","title":"returns true for jpeg","duration":0.13480000000026848,"failureMessages":[],"meta":{}},{"ancestorTitles":["isImageExtension","returns true for image extensions"],"fullName":"isImageExtension returns true for image extensions returns true for jpg","status":"passed","title":"returns true for jpg","duration":0.08669999999983702,"failureMessages":[],"meta":{}},{"ancestorTitles":["isImageExtension","returns true for image extensions"],"fullName":"isImageExtension returns true for image extensions returns true for png","status":"passed","title":"returns true for png","duration":0.06300000000010186,"failureMessages":[],"meta":{}},{"ancestorTitles":["isImageExtension","returns true for image extensions"],"fullName":"isImageExtension returns true for image extensions returns true for webp","status":"passed","title":"returns true for webp","duration":0.0646999999999025,"failureMessages":[],"meta":{}},{"ancestorTitles":["isImageExtension","returns true for image extensions"],"fullName":"isImageExtension returns true for image extensions returns true for svg","status":"passed","title":"returns true for svg","duration":0.05449999999973443,"failureMessages":[],"meta":{}},{"ancestorTitles":["isImageExtension","returns true for image extensions"],"fullName":"isImageExtension returns true for image extensions returns true for bmp","status":"passed","title":"returns true for bmp","duration":0.07029999999986103,"failureMessages":[],"meta":{}},{"ancestorTitles":["isImageExtension","returns true for image extensions"],"fullName":"isImageExtension returns true for image extensions returns true for ico","status":"passed","title":"returns true for ico","duration":0.058299999999690044,"failureMessages":[],"meta":{}},{"ancestorTitles":["isImageExtension","returns false for non-image extensions"],"fullName":"isImageExtension returns false for non-image extensions returns false for pdf","status":"passed","title":"returns false for pdf","duration":0.12770000000000437,"failureMessages":[],"meta":{}},{"ancestorTitles":["isImageExtension","returns false for non-image extensions"],"fullName":"isImageExtension returns false for non-image extensions returns false for doc","status":"passed","title":"returns false for doc","duration":0.08779999999978827,"failureMessages":[],"meta":{}},{"ancestorTitles":["isImageExtension","returns false for non-image extensions"],"fullName":"isImageExtension returns false for non-image extensions returns false for mp3","status":"passed","title":"returns false for mp3","duration":0.08839999999963766,"failureMessages":[],"meta":{}},{"ancestorTitles":["isImageExtension","returns false for non-image extensions"],"fullName":"isImageExtension returns false for non-image extensions returns false for mp4","status":"passed","title":"returns false for mp4","duration":0.05949999999984357,"failureMessages":[],"meta":{}},{"ancestorTitles":["isImageExtension","returns false for non-image extensions"],"fullName":"isImageExtension returns false for non-image extensions returns false for zip","status":"passed","title":"returns false for zip","duration":0.06860000000006039,"failureMessages":[],"meta":{}},{"ancestorTitles":["isImageExtension","returns false for non-image extensions"],"fullName":"isImageExtension returns false for non-image extensions returns false for js","status":"passed","title":"returns false for js","duration":0.05989999999974316,"failureMessages":[],"meta":{}},{"ancestorTitles":["isImageExtension","returns false for non-image extensions"],"fullName":"isImageExtension returns false for non-image extensions returns false for txt","status":"passed","title":"returns false for txt","duration":0.06169999999974607,"failureMessages":[],"meta":{}},{"ancestorTitles":["isImageExtension","returns false for non-image extensions"],"fullName":"isImageExtension returns false for non-image extensions returns false for csv","status":"passed","title":"returns false for csv","duration":0.06490000000030705,"failureMessages":[],"meta":{}},{"ancestorTitles":["isImageExtension"],"fullName":"isImageExtension handles leading dot","status":"passed","title":"handles leading dot","duration":0.15819999999985157,"failureMessages":[],"meta":{}},{"ancestorTitles":["isImageExtension"],"fullName":"isImageExtension is case insensitive","status":"passed","title":"is case insensitive","duration":0.1435999999998785,"failureMessages":[],"meta":{}},{"ancestorTitles":["isImageExtension"],"fullName":"isImageExtension returns false for empty string","status":"passed","title":"returns false for empty string","duration":0.06500000000005457,"failureMessages":[],"meta":{}}],"startTime":1776228092953,"endTime":1776228092967.1436,"status":"passed","message":"","name":"D:/Repositories/Orchard/OrchardCore/src/OrchardCore.Modules/OrchardCore.Media/Assets/media-field/src/services/__tests__/FontAwesomeThumbnails.spec.ts"}]}