<?xml version="1.0" encoding="UTF-8" ?>
<testsuites name="vitest tests" tests="280" failures="0" errors="0" time="2.526">
    <testsuite name="src/__tests__/main.spec.ts" timestamp="2026-04-15T04:19:01.342Z" hostname="Nemo" tests="17" failures="0" errors="0" skipped="0" time="0.7489214">
        <testcase classname="src/__tests__/main.spec.ts" name="main.ts &gt; mountMediaField &gt; mounts a Vue app on the given element" time="0.4138961">
        </testcase>
        <testcase classname="src/__tests__/main.spec.ts" name="main.ts &gt; mountMediaField &gt; reads config from data attributes" time="0.0121933">
        </testcase>
        <testcase classname="src/__tests__/main.spec.ts" name="main.ts &gt; mountMediaField &gt; reads translations with defaults when data-translations is absent" time="0.0087944">
        </testcase>
        <testcase classname="src/__tests__/main.spec.ts" name="main.ts &gt; mountMediaField &gt; reads custom translations from data-translations" time="0.0104796">
        </testcase>
        <testcase classname="src/__tests__/main.spec.ts" name="main.ts &gt; mountAttachedMediaField &gt; reads attached config including uploadAction and tempUploadFolder" time="0.0129747">
        </testcase>
        <testcase classname="src/__tests__/main.spec.ts" name="main.ts &gt; mountAttachedMediaField &gt; handles missing attached-specific attributes gracefully" time="0.0163276">
        </testcase>
        <testcase classname="src/__tests__/main.spec.ts" name="main.ts &gt; mountGalleryMediaField &gt; mounts a gallery field on the element" time="0.0121962">
        </testcase>
        <testcase classname="src/__tests__/main.spec.ts" name="main.ts &gt; readConfig (via mountMediaField) &gt; parses paths JSON" time="0.0114003">
        </testcase>
        <testcase classname="src/__tests__/main.spec.ts" name="main.ts &gt; readConfig (via mountMediaField) &gt; handles invalid JSON for paths without throwing" time="0.0133716">
        </testcase>
        <testcase classname="src/__tests__/main.spec.ts" name="main.ts &gt; readConfig (via mountMediaField) &gt; reads boolean attributes correctly" time="0.0157399">
        </testcase>
        <testcase classname="src/__tests__/main.spec.ts" name="main.ts &gt; readTranslations (via mountMediaField) &gt; falls back to defaults when data-translations is missing" time="0.0176936">
        </testcase>
        <testcase classname="src/__tests__/main.spec.ts" name="main.ts &gt; readTranslations (via mountMediaField) &gt; falls back to defaults when data-translations contains invalid JSON" time="0.0304046">
        </testcase>
        <testcase classname="src/__tests__/main.spec.ts" name="main.ts &gt; readTranslations (via mountMediaField) &gt; merges custom translations over defaults" time="0.0170515">
        </testcase>
        <testcase classname="src/__tests__/main.spec.ts" name="main.ts &gt; autoMount &gt; auto-mounts elements with data-media-field-type on import" time="0.0268274">
        </testcase>
        <testcase classname="src/__tests__/main.spec.ts" name="main.ts &gt; autoMount &gt; auto-mounts multiple element types" time="0.0639175">
        </testcase>
        <testcase classname="src/__tests__/main.spec.ts" name="main.ts &gt; autoMount &gt; skips elements that are already mounted" time="0.0208132">
        </testcase>
        <testcase classname="src/__tests__/main.spec.ts" name="main.ts &gt; autoMount &gt; ignores elements with unknown media-field-type" time="0.0427925">
        </testcase>
    </testsuite>
    <testsuite name="src/components/__tests__/GalleryCardItem.spec.ts" timestamp="2026-04-15T04:19:01.347Z" hostname="Nemo" tests="12" failures="0" errors="0" skipped="0" time="0.1037028">
        <testcase classname="src/components/__tests__/GalleryCardItem.spec.ts" name="GalleryCardItem &gt; renders for normal image item" time="0.0302056">
        </testcase>
        <testcase classname="src/components/__tests__/GalleryCardItem.spec.ts" name="GalleryCardItem &gt; renders file icon for non-image" time="0.0071026">
        </testcase>
        <testcase classname="src/components/__tests__/GalleryCardItem.spec.ts" name="GalleryCardItem &gt; shows transient warning" time="0.0040981">
        </testcase>
        <testcase classname="src/components/__tests__/GalleryCardItem.spec.ts" name="GalleryCardItem &gt; shows not-found error" time="0.0033852">
        </testcase>
        <testcase classname="src/components/__tests__/GalleryCardItem.spec.ts" name="GalleryCardItem &gt; hidden when isRemoved" time="0.0019035">
        </testcase>
        <testcase classname="src/components/__tests__/GalleryCardItem.spec.ts" name="GalleryCardItem &gt; emits editMediaText on button click" time="0.0091805">
        </testcase>
        <testcase classname="src/components/__tests__/GalleryCardItem.spec.ts" name="GalleryCardItem &gt; emits editAnchor on button click" time="0.0078787">
        </testcase>
        <testcase classname="src/components/__tests__/GalleryCardItem.spec.ts" name="GalleryCardItem &gt; emits deleteMedia on trash click" time="0.0124108">
        </testcase>
        <testcase classname="src/components/__tests__/GalleryCardItem.spec.ts" name="GalleryCardItem &gt; uses 120px thumb size for &apos;sm&apos;" time="0.0060806">
        </testcase>
        <testcase classname="src/components/__tests__/GalleryCardItem.spec.ts" name="GalleryCardItem &gt; uses 240px thumb size for &apos;lg&apos;" time="0.0055474">
        </testcase>
        <testcase classname="src/components/__tests__/GalleryCardItem.spec.ts" name="GalleryCardItem &gt; shows filled comment icon when mediaText exists" time="0.0076759">
        </testcase>
        <testcase classname="src/components/__tests__/GalleryCardItem.spec.ts" name="GalleryCardItem &gt; shows outline comment icon when no mediaText" time="0.0064341">
        </testcase>
    </testsuite>
    <testsuite name="src/components/__tests__/GalleryContainer.spec.ts" timestamp="2026-04-15T04:19:01.349Z" hostname="Nemo" tests="13" failures="0" errors="0" skipped="0" time="0.1689079">
        <testcase classname="src/components/__tests__/GalleryContainer.spec.ts" name="GalleryContainer &gt; renders in grid view by default" time="0.0367831">
            <system-err>
[Vue warn]: withDirectives can only be used inside render functions.
[Vue warn]: withDirectives can only be used inside render functions.

            </system-err>
        </testcase>
        <testcase classname="src/components/__tests__/GalleryContainer.spec.ts" name="GalleryContainer &gt; shows add card in grid view" time="0.0067422">
            <system-err>
[Vue warn]: withDirectives can only be used inside render functions.
[Vue warn]: withDirectives can only be used inside render functions.

            </system-err>
        </testcase>
        <testcase classname="src/components/__tests__/GalleryContainer.spec.ts" name="GalleryContainer &gt; toggles to list view on button click" time="0.0104689">
            <system-err>
[Vue warn]: withDirectives can only be used inside render functions.
[Vue warn]: withDirectives can only be used inside render functions.
[Vue warn]: withDirectives can only be used inside render functions.
[Vue warn]: withDirectives can only be used inside render functions.

            </system-err>
        </testcase>
        <testcase classname="src/components/__tests__/GalleryContainer.spec.ts" name="GalleryContainer &gt; shows &apos;Add media&apos; empty item in list when no items" time="0.0074646">
            <system-err>
[Vue warn]: withDirectives can only be used inside render functions.
[Vue warn]: withDirectives can only be used inside render functions.
[Vue warn]: withDirectives can only be used inside render functions.
[Vue warn]: withDirectives can only be used inside render functions.

            </system-err>
        </testcase>
        <testcase classname="src/components/__tests__/GalleryContainer.spec.ts" name="GalleryContainer &gt; renders all items including duplicates" time="0.0163894">
            <system-err>
[Vue warn]: withDirectives can only be used inside render functions.
[Vue warn]: withDirectives can only be used inside render functions.

            </system-err>
        </testcase>
        <testcase classname="src/components/__tests__/GalleryContainer.spec.ts" name="GalleryContainer &gt; filters out isRemoved items" time="0.0072218">
            <system-err>
[Vue warn]: withDirectives can only be used inside render functions.
[Vue warn]: withDirectives can only be used inside render functions.

            </system-err>
        </testcase>
        <testcase classname="src/components/__tests__/GalleryContainer.spec.ts" name="GalleryContainer &gt; emits showPicker on add button click" time="0.0277348">
            <system-err>
[Vue warn]: withDirectives can only be used inside render functions.
[Vue warn]: withDirectives can only be used inside render functions.

            </system-err>
        </testcase>
        <testcase classname="src/components/__tests__/GalleryContainer.spec.ts" name="GalleryContainer &gt; emits reorder on drag-drop (test via component method call)" time="0.0148612">
            <system-err>
[Vue warn]: withDirectives can only be used inside render functions.
[Vue warn]: withDirectives can only be used inside render functions.

            </system-err>
        </testcase>
        <testcase classname="src/components/__tests__/GalleryContainer.spec.ts" name="GalleryContainer &gt; saves/loads view prefs from localStorage" time="0.0072526">
            <system-err>
[Vue warn]: withDirectives can only be used inside render functions.
[Vue warn]: withDirectives can only be used inside render functions.
[Vue warn]: withDirectives can only be used inside render functions.
[Vue warn]: withDirectives can only be used inside render functions.

            </system-err>
        </testcase>
        <testcase classname="src/components/__tests__/GalleryContainer.spec.ts" name="GalleryContainer &gt; enforces single item for non-multiple mode (watch fires reorder)" time="0.0105859">
        </testcase>
        <testcase classname="src/components/__tests__/GalleryContainer.spec.ts" name="GalleryContainer &gt; handles invalid localStorage gracefully (catch block)" time="0.0054543">
            <system-err>
[Vue warn]: withDirectives can only be used inside render functions.
[Vue warn]: withDirectives can only be used inside render functions.

            </system-err>
        </testcase>
        <testcase classname="src/components/__tests__/GalleryContainer.spec.ts" name="GalleryContainer &gt; onDragEnd resets draggedItem" time="0.0069715">
            <system-err>
[Vue warn]: withDirectives can only be used inside render functions.
[Vue warn]: withDirectives can only be used inside render functions.

            </system-err>
        </testcase>
        <testcase classname="src/components/__tests__/GalleryContainer.spec.ts" name="GalleryContainer &gt; grid size toggle between sm and lg" time="0.0089132">
            <system-err>
[Vue warn]: withDirectives can only be used inside render functions.
[Vue warn]: withDirectives can only be used inside render functions.
[Vue warn]: withDirectives can only be used inside render functions.
[Vue warn]: withDirectives can only be used inside render functions.
[Vue warn]: withDirectives can only be used inside render functions.
[Vue warn]: withDirectives can only be used inside render functions.

            </system-err>
        </testcase>
    </testsuite>
    <testsuite name="src/components/__tests__/GalleryListItem.spec.ts" timestamp="2026-04-15T04:19:01.354Z" hostname="Nemo" tests="15" failures="0" errors="0" skipped="0" time="0.1257341">
        <testcase classname="src/components/__tests__/GalleryListItem.spec.ts" name="GalleryListItem &gt; renders media name for normal item" time="0.0183435">
        </testcase>
        <testcase classname="src/components/__tests__/GalleryListItem.spec.ts" name="GalleryListItem &gt; shows &apos;Temporarily unavailable&apos; for transient error" time="0.0036302">
        </testcase>
        <testcase classname="src/components/__tests__/GalleryListItem.spec.ts" name="GalleryListItem &gt; shows &apos;Media not found&apos; for not-found error" time="0.0031934">
        </testcase>
        <testcase classname="src/components/__tests__/GalleryListItem.spec.ts" name="GalleryListItem &gt; hidden when isRemoved is true" time="0.0021549">
        </testcase>
        <testcase classname="src/components/__tests__/GalleryListItem.spec.ts" name="GalleryListItem &gt; shows image thumbnail for image mime" time="0.0096971">
        </testcase>
        <testcase classname="src/components/__tests__/GalleryListItem.spec.ts" name="GalleryListItem &gt; shows icon for non-image" time="0.0041258">
        </testcase>
        <testcase classname="src/components/__tests__/GalleryListItem.spec.ts" name="GalleryListItem &gt; shows mediaText button when allowMediaText and no error" time="0.0047347">
        </testcase>
        <testcase classname="src/components/__tests__/GalleryListItem.spec.ts" name="GalleryListItem &gt; hides mediaText button when error" time="0.003354">
        </testcase>
        <testcase classname="src/components/__tests__/GalleryListItem.spec.ts" name="GalleryListItem &gt; shows anchor button for images when allowAnchors" time="0.0044875">
        </testcase>
        <testcase classname="src/components/__tests__/GalleryListItem.spec.ts" name="GalleryListItem &gt; hides anchor button for non-images" time="0.0035912">
        </testcase>
        <testcase classname="src/components/__tests__/GalleryListItem.spec.ts" name="GalleryListItem &gt; emits editMediaText on button click" time="0.0126972">
        </testcase>
        <testcase classname="src/components/__tests__/GalleryListItem.spec.ts" name="GalleryListItem &gt; emits editAnchor on button click" time="0.0046861">
        </testcase>
        <testcase classname="src/components/__tests__/GalleryListItem.spec.ts" name="GalleryListItem &gt; emits deleteMedia on trash click" time="0.0046917">
        </testcase>
        <testcase classname="src/components/__tests__/GalleryListItem.spec.ts" name="GalleryListItem &gt; is draggable when allowMultiple" time="0.0402053">
        </testcase>
        <testcase classname="src/components/__tests__/GalleryListItem.spec.ts" name="GalleryListItem &gt; is not draggable when allowMultiple is false" time="0.0043066">
        </testcase>
    </testsuite>
    <testsuite name="src/components/__tests__/MediaFieldAttached.spec.ts" timestamp="2026-04-15T04:19:01.357Z" hostname="Nemo" tests="30" failures="0" errors="0" skipped="0" time="0.364914">
        <testcase classname="src/components/__tests__/MediaFieldAttached.spec.ts" name="MediaFieldAttached &gt; renders hidden input with serialized paths" time="0.0456475">
            <system-err>
[Vue warn]: Missing ref owner context. ref cannot be used on hoisted vnodes. A vnode with ref must be created inside the render function. 
  at &lt;ThumbsContainer media-items= [] selected-media=null thumb-size=240  ... &gt; 
  at &lt;MediaFieldAttached config= {
  paths: [],
  multiple: [33mfalse[39m,
  allowMediaText: [33mfalse[39m,
  allowAnchors: [33mfalse[39m,
  allowedExtensions: [32m&apos;&apos;[39m,
  mediaItemUrl: [32m&apos;/api/media&apos;[39m,
  uploadAction: [32m&apos;/api/upload&apos;[39m,
  tempUploadFolder: [32m&apos;/temp&apos;[39m
} inputName=&quot;AttachedField&quot; ref=&quot;VTU_COMPONENT&quot; &gt; 
  at &lt;VTUROOT&gt;
[Vue warn]: withDirectives can only be used inside render functions.
[Vue warn]: withDirectives can only be used inside render functions.

            </system-err>
        </testcase>
        <testcase classname="src/components/__tests__/MediaFieldAttached.spec.ts" name="MediaFieldAttached &gt; loadInitialPaths works" time="0.0131502">
            <system-err>
[Vue warn]: Missing ref owner context. ref cannot be used on hoisted vnodes. A vnode with ref must be created inside the render function. 
  at &lt;ThumbsContainer media-items= [] selected-media=null thumb-size=240  ... &gt; 
  at &lt;MediaFieldAttached config= {
  paths: [ { path: [32m&apos;test/test.jpg&apos;[39m } ],
  multiple: [33mfalse[39m,
  allowMediaText: [33mfalse[39m,
  allowAnchors: [33mfalse[39m,
  allowedExtensions: [32m&apos;&apos;[39m,
  mediaItemUrl: [32m&apos;/api/media&apos;[39m,
  uploadAction: [32m&apos;/api/upload&apos;[39m,
  tempUploadFolder: [32m&apos;/temp&apos;[39m
} inputName=&quot;AttachedField&quot; ref=&quot;VTU_COMPONENT&quot; &gt; 
  at &lt;VTUROOT&gt;
[Vue warn]: withDirectives can only be used inside render functions.
[Vue warn]: withDirectives can only be used inside render functions.

            </system-err>
        </testcase>
        <testcase classname="src/components/__tests__/MediaFieldAttached.spec.ts" name="MediaFieldAttached &gt; handles file input change (onFileInputChange)" time="0.0368514">
            <system-err>
[Vue warn]: Missing ref owner context. ref cannot be used on hoisted vnodes. A vnode with ref must be created inside the render function. 
  at &lt;ThumbsContainer media-items= [] selected-media=null thumb-size=240  ... &gt; 
  at &lt;MediaFieldAttached config= {
  paths: [],
  multiple: [33mtrue[39m,
  allowMediaText: [33mfalse[39m,
  allowAnchors: [33mfalse[39m,
  allowedExtensions: [32m&apos;&apos;[39m,
  mediaItemUrl: [32m&apos;/api/media&apos;[39m,
  uploadAction: [32m&apos;/api/upload&apos;[39m,
  tempUploadFolder: [32m&apos;/temp&apos;[39m
} inputName=&quot;AttachedField&quot; ref=&quot;VTU_COMPONENT&quot; &gt; 
  at &lt;VTUROOT&gt;
[Vue warn]: withDirectives can only be used inside render functions.
[Vue warn]: withDirectives can only be used inside render functions.

            </system-err>
        </testcase>
        <testcase classname="src/components/__tests__/MediaFieldAttached.spec.ts" name="MediaFieldAttached &gt; handles drag-drop (onDrop)" time="0.0206453">
            <system-err>
[Vue warn]: Missing ref owner context. ref cannot be used on hoisted vnodes. A vnode with ref must be created inside the render function. 
  at &lt;ThumbsContainer media-items= [] selected-media=null thumb-size=240  ... &gt; 
  at &lt;MediaFieldAttached config= {
  paths: [],
  multiple: [33mtrue[39m,
  allowMediaText: [33mfalse[39m,
  allowAnchors: [33mfalse[39m,
  allowedExtensions: [32m&apos;&apos;[39m,
  mediaItemUrl: [32m&apos;/api/media&apos;[39m,
  uploadAction: [32m&apos;/api/upload&apos;[39m,
  tempUploadFolder: [32m&apos;/temp&apos;[39m
} inputName=&quot;AttachedField&quot; ref=&quot;VTU_COMPONENT&quot; &gt; 
  at &lt;VTUROOT&gt;
[Vue warn]: withDirectives can only be used inside render functions.
[Vue warn]: withDirectives can only be used inside render functions.

            </system-err>
        </testcase>
        <testcase classname="src/components/__tests__/MediaFieldAttached.spec.ts" name="MediaFieldAttached &gt; handleFiles calls uploadService.uploadFiles" time="0.0290964">
            <system-err>
[Vue warn]: Missing ref owner context. ref cannot be used on hoisted vnodes. A vnode with ref must be created inside the render function. 
  at &lt;ThumbsContainer media-items= [] selected-media=null thumb-size=240  ... &gt; 
  at &lt;MediaFieldAttached config= {
  paths: [],
  multiple: [33mtrue[39m,
  allowMediaText: [33mfalse[39m,
  allowAnchors: [33mfalse[39m,
  allowedExtensions: [32m&apos;&apos;[39m,
  mediaItemUrl: [32m&apos;/api/media&apos;[39m,
  uploadAction: [32m&apos;/api/upload&apos;[39m,
  tempUploadFolder: [32m&apos;/temp&apos;[39m
} inputName=&quot;AttachedField&quot; ref=&quot;VTU_COMPONENT&quot; &gt; 
  at &lt;VTUROOT&gt;
[Vue warn]: withDirectives can only be used inside render functions.
[Vue warn]: withDirectives can only be used inside render functions.

            </system-err>
        </testcase>
        <testcase classname="src/components/__tests__/MediaFieldAttached.spec.ts" name="MediaFieldAttached &gt; handleFiles adds uploaded items to mediaItems" time="0.0138534">
            <system-err>
[Vue warn]: Missing ref owner context. ref cannot be used on hoisted vnodes. A vnode with ref must be created inside the render function. 
  at &lt;ThumbsContainer media-items= [] selected-media=null thumb-size=240  ... &gt; 
  at &lt;MediaFieldAttached config= {
  paths: [],
  multiple: [33mtrue[39m,
  allowMediaText: [33mfalse[39m,
  allowAnchors: [33mfalse[39m,
  allowedExtensions: [32m&apos;&apos;[39m,
  mediaItemUrl: [32m&apos;/api/media&apos;[39m,
  uploadAction: [32m&apos;/api/upload&apos;[39m,
  tempUploadFolder: [32m&apos;/temp&apos;[39m
} inputName=&quot;AttachedField&quot; ref=&quot;VTU_COMPONENT&quot; &gt; 
  at &lt;VTUROOT&gt;
[Vue warn]: withDirectives can only be used inside render functions.
[Vue warn]: withDirectives can only be used inside render functions.

            </system-err>
        </testcase>
        <testcase classname="src/components/__tests__/MediaFieldAttached.spec.ts" name="MediaFieldAttached &gt; canAddMedia false for single mode with item" time="0.0194432">
            <system-err>
[Vue warn]: Missing ref owner context. ref cannot be used on hoisted vnodes. A vnode with ref must be created inside the render function. 
  at &lt;ThumbsContainer media-items= [] selected-media=null thumb-size=240  ... &gt; 
  at &lt;MediaFieldAttached config= {
  paths: [],
  multiple: [33mfalse[39m,
  allowMediaText: [33mfalse[39m,
  allowAnchors: [33mfalse[39m,
  allowedExtensions: [32m&apos;&apos;[39m,
  mediaItemUrl: [32m&apos;/api/media&apos;[39m,
  uploadAction: [32m&apos;/api/upload&apos;[39m,
  tempUploadFolder: [32m&apos;/temp&apos;[39m
} inputName=&quot;AttachedField&quot; ref=&quot;VTU_COMPONENT&quot; &gt; 
  at &lt;VTUROOT&gt;
[Vue warn]: withDirectives can only be used inside render functions.
[Vue warn]: withDirectives can only be used inside render functions.

[Vue warn]: Missing ref owner context. ref cannot be used on hoisted vnodes. A vnode with ref must be created inside the render function. 
  at &lt;ThumbsContainer media-items= [
  {
    name: [32m&apos;uuid-a.jpg&apos;[39m,
    mime: [32m&apos;image/jpeg&apos;[39m,
    mediaPath: [32m&apos;temp/uuid-a.jpg&apos;[39m,
    url: [32m&apos;/u&apos;[39m,
    size: [33m100[39m,
    isNew: [33mtrue[39m,
    attachedFileName: [32m&apos;a.jpg&apos;[39m,
    vuekey: [32m&apos;uuid-a.jpg17762267410440&apos;[39m
  }
] selected-media= {
  name: [32m&apos;uuid-a.jpg&apos;[39m,
  mime: [32m&apos;image/jpeg&apos;[39m,
  mediaPath: [32m&apos;temp/uuid-a.jpg&apos;[39m,
  url: [32m&apos;/u&apos;[39m,
  size: [33m100[39m,
  isNew: [33mtrue[39m,
  attachedFileName: [32m&apos;a.jpg&apos;[39m,
  vuekey: [32m&apos;uuid-a.jpg17762267410440&apos;[39m
} thumb-size=240  ... &gt; 
  at &lt;MediaFieldAttached config= {
  paths: [],
  multiple: [33mfalse[39m,
  allowMediaText: [33mfalse[39m,
  allowAnchors: [33mfalse[39m,
  allowedExtensions: [32m&apos;&apos;[39m,
  mediaItemUrl: [32m&apos;/api/media&apos;[39m,
  uploadAction: [32m&apos;/api/upload&apos;[39m,
  tempUploadFolder: [32m&apos;/temp&apos;[39m
} inputName=&quot;AttachedField&quot; ref=&quot;VTU_COMPONENT&quot; &gt; 
  at &lt;VTUROOT&gt;

            </system-err>
        </testcase>
        <testcase classname="src/components/__tests__/MediaFieldAttached.spec.ts" name="MediaFieldAttached &gt; removeSelected works" time="0.0139121">
            <system-err>
[Vue warn]: Missing ref owner context. ref cannot be used on hoisted vnodes. A vnode with ref must be created inside the render function. 
  at &lt;ThumbsContainer media-items= [] selected-media=null thumb-size=240  ... &gt; 
  at &lt;MediaFieldAttached config= {
  paths: [ { path: [32m&apos;test/test.jpg&apos;[39m } ],
  multiple: [33mtrue[39m,
  allowMediaText: [33mfalse[39m,
  allowAnchors: [33mfalse[39m,
  allowedExtensions: [32m&apos;&apos;[39m,
  mediaItemUrl: [32m&apos;/api/media&apos;[39m,
  uploadAction: [32m&apos;/api/upload&apos;[39m,
  tempUploadFolder: [32m&apos;/temp&apos;[39m
} inputName=&quot;AttachedField&quot; ref=&quot;VTU_COMPONENT&quot; &gt; 
  at &lt;VTUROOT&gt;
[Vue warn]: withDirectives can only be used inside render functions.
[Vue warn]: withDirectives can only be used inside render functions.

[Vue warn]: Component emitted event &quot;select-media&quot; but it is neither declared in the emits option nor as an &quot;onSelectMedia&quot; prop.
[Vue warn]: Missing ref owner context. ref cannot be used on hoisted vnodes. A vnode with ref must be created inside the render function. 
  at &lt;ThumbsContainer media-items= [
  {
    name: [32m&apos;test.jpg&apos;[39m,
    mime: [32m&apos;image/jpeg&apos;[39m,
    mediaPath: [32m&apos;test/test.jpg&apos;[39m,
    url: [32m&apos;/media/test.jpg&apos;[39m,
    mediaText: [90mundefined[39m,
    anchor: [90mundefined[39m,
    attachedFileName: [90mundefined[39m,
    vuekey: [32m&apos;test.jpg0&apos;[39m
  }
] selected-media= {
  name: [32m&apos;test.jpg&apos;[39m,
  mime: [32m&apos;image/jpeg&apos;[39m,
  mediaPath: [32m&apos;test/test.jpg&apos;[39m,
  url: [32m&apos;/media/test.jpg&apos;[39m,
  mediaText: [90mundefined[39m,
  anchor: [90mundefined[39m,
  attachedFileName: [90mundefined[39m,
  vuekey: [32m&apos;test.jpg0&apos;[39m
} thumb-size=240  ... &gt; 
  at &lt;MediaFieldAttached config= {
  paths: [ { path: [32m&apos;test/test.jpg&apos;[39m } ],
  multiple: [33mtrue[39m,
  allowMediaText: [33mfalse[39m,
  allowAnchors: [33mfalse[39m,
  allowedExtensions: [32m&apos;&apos;[39m,
  mediaItemUrl: [32m&apos;/api/media&apos;[39m,
  uploadAction: [32m&apos;/api/upload&apos;[39m,
  tempUploadFolder: [32m&apos;/temp&apos;[39m
} inputName=&quot;AttachedField&quot; ref=&quot;VTU_COMPONENT&quot; &gt; 
  at &lt;VTUROOT&gt;

            </system-err>
        </testcase>
        <testcase classname="src/components/__tests__/MediaFieldAttached.spec.ts" name="MediaFieldAttached &gt; drag zone shows overlay when dragging over" time="0.0095872">
            <system-err>
[Vue warn]: Missing ref owner context. ref cannot be used on hoisted vnodes. A vnode with ref must be created inside the render function. 
  at &lt;ThumbsContainer media-items= [] selected-media=null thumb-size=240  ... &gt; 
  at &lt;MediaFieldAttached config= {
  paths: [],
  multiple: [33mtrue[39m,
  allowMediaText: [33mfalse[39m,
  allowAnchors: [33mfalse[39m,
  allowedExtensions: [32m&apos;&apos;[39m,
  mediaItemUrl: [32m&apos;/api/media&apos;[39m,
  uploadAction: [32m&apos;/api/upload&apos;[39m,
  tempUploadFolder: [32m&apos;/temp&apos;[39m
} inputName=&quot;AttachedField&quot; ref=&quot;VTU_COMPONENT&quot; &gt; 
  at &lt;VTUROOT&gt;
[Vue warn]: withDirectives can only be used inside render functions.
[Vue warn]: withDirectives can only be used inside render functions.

            </system-err>
        </testcase>
        <testcase classname="src/components/__tests__/MediaFieldAttached.spec.ts" name="MediaFieldAttached &gt; serializedPaths includes isNew, isRemoved, attachedFileName" time="0.0097053">
            <system-err>
[Vue warn]: Missing ref owner context. ref cannot be used on hoisted vnodes. A vnode with ref must be created inside the render function. 
  at &lt;ThumbsContainer media-items= [] selected-media=null thumb-size=240  ... &gt; 
  at &lt;MediaFieldAttached config= {
  paths: [],
  multiple: [33mtrue[39m,
  allowMediaText: [33mfalse[39m,
  allowAnchors: [33mfalse[39m,
  allowedExtensions: [32m&apos;&apos;[39m,
  mediaItemUrl: [32m&apos;/api/media&apos;[39m,
  uploadAction: [32m&apos;/api/upload&apos;[39m,
  tempUploadFolder: [32m&apos;/temp&apos;[39m
} inputName=&quot;AttachedField&quot; ref=&quot;VTU_COMPONENT&quot; &gt; 
  at &lt;VTUROOT&gt;
[Vue warn]: withDirectives can only be used inside render functions.
[Vue warn]: withDirectives can only be used inside render functions.

[Vue warn]: Missing ref owner context. ref cannot be used on hoisted vnodes. A vnode with ref must be created inside the render function. 
  at &lt;ThumbsContainer media-items= [
  {
    name: [32m&apos;uuid-file.jpg&apos;[39m,
    mime: [32m&apos;image/jpeg&apos;[39m,
    mediaPath: [32m&apos;temp/uuid-file.jpg&apos;[39m,
    url: [32m&apos;/u&apos;[39m,
    size: [33m100[39m,
    isNew: [33mtrue[39m,
    attachedFileName: [32m&apos;file.jpg&apos;[39m,
    vuekey: [32m&apos;uuid-file.jpg17762267410840&apos;[39m
  }
] selected-media=null thumb-size=240  ... &gt; 
  at &lt;MediaFieldAttached config= {
  paths: [],
  multiple: [33mtrue[39m,
  allowMediaText: [33mfalse[39m,
  allowAnchors: [33mfalse[39m,
  allowedExtensions: [32m&apos;&apos;[39m,
  mediaItemUrl: [32m&apos;/api/media&apos;[39m,
  uploadAction: [32m&apos;/api/upload&apos;[39m,
  tempUploadFolder: [32m&apos;/temp&apos;[39m
} inputName=&quot;AttachedField&quot; ref=&quot;VTU_COMPONENT&quot; &gt; 
  at &lt;VTUROOT&gt;

            </system-err>
        </testcase>
        <testcase classname="src/components/__tests__/MediaFieldAttached.spec.ts" name="MediaFieldAttached &gt; loadInitialPaths handles 404 as not-found error" time="0.007109">
            <system-err>
[Vue warn]: Missing ref owner context. ref cannot be used on hoisted vnodes. A vnode with ref must be created inside the render function. 
  at &lt;ThumbsContainer media-items= [] selected-media=null thumb-size=240  ... &gt; 
  at &lt;MediaFieldAttached config= {
  paths: [ { path: [32m&apos;missing.jpg&apos;[39m } ],
  multiple: [33mfalse[39m,
  allowMediaText: [33mfalse[39m,
  allowAnchors: [33mfalse[39m,
  allowedExtensions: [32m&apos;&apos;[39m,
  mediaItemUrl: [32m&apos;/api/media&apos;[39m,
  uploadAction: [32m&apos;/api/upload&apos;[39m,
  tempUploadFolder: [32m&apos;/temp&apos;[39m
} inputName=&quot;AttachedField&quot; ref=&quot;VTU_COMPONENT&quot; &gt; 
  at &lt;VTUROOT&gt;
[Vue warn]: withDirectives can only be used inside render functions.
[Vue warn]: withDirectives can only be used inside render functions.

            </system-err>
        </testcase>
        <testcase classname="src/components/__tests__/MediaFieldAttached.spec.ts" name="MediaFieldAttached &gt; loadInitialPaths handles network error as transient" time="0.0068048">
            <system-err>
[Vue warn]: Missing ref owner context. ref cannot be used on hoisted vnodes. A vnode with ref must be created inside the render function. 
  at &lt;ThumbsContainer media-items= [] selected-media=null thumb-size=240  ... &gt; 
  at &lt;MediaFieldAttached config= {
  paths: [ { path: [32m&apos;fail.jpg&apos;[39m } ],
  multiple: [33mfalse[39m,
  allowMediaText: [33mfalse[39m,
  allowAnchors: [33mfalse[39m,
  allowedExtensions: [32m&apos;&apos;[39m,
  mediaItemUrl: [32m&apos;/api/media&apos;[39m,
  uploadAction: [32m&apos;/api/upload&apos;[39m,
  tempUploadFolder: [32m&apos;/temp&apos;[39m
} inputName=&quot;AttachedField&quot; ref=&quot;VTU_COMPONENT&quot; &gt; 
  at &lt;VTUROOT&gt;
[Vue warn]: withDirectives can only be used inside render functions.
[Vue warn]: withDirectives can only be used inside render functions.

            </system-err>
        </testcase>
        <testcase classname="src/components/__tests__/MediaFieldAttached.spec.ts" name="MediaFieldAttached &gt; loadInitialPaths with empty paths sets initialized" time="0.007217">
            <system-err>
[Vue warn]: Missing ref owner context. ref cannot be used on hoisted vnodes. A vnode with ref must be created inside the render function. 
  at &lt;ThumbsContainer media-items= [] selected-media=null thumb-size=240  ... &gt; 
  at &lt;MediaFieldAttached config= {
  paths: [],
  multiple: [33mfalse[39m,
  allowMediaText: [33mfalse[39m,
  allowAnchors: [33mfalse[39m,
  allowedExtensions: [32m&apos;&apos;[39m,
  mediaItemUrl: [32m&apos;/api/media&apos;[39m,
  uploadAction: [32m&apos;/api/upload&apos;[39m,
  tempUploadFolder: [32m&apos;/temp&apos;[39m
} inputName=&quot;AttachedField&quot; ref=&quot;VTU_COMPONENT&quot; &gt; 
  at &lt;VTUROOT&gt;
[Vue warn]: withDirectives can only be used inside render functions.
[Vue warn]: withDirectives can only be used inside render functions.

            </system-err>
        </testcase>
        <testcase classname="src/components/__tests__/MediaFieldAttached.spec.ts" name="MediaFieldAttached &gt; onDrop does nothing when no files in dataTransfer" time="0.0095586">
            <system-err>
[Vue warn]: Missing ref owner context. ref cannot be used on hoisted vnodes. A vnode with ref must be created inside the render function. 
  at &lt;ThumbsContainer media-items= [] selected-media=null thumb-size=240  ... &gt; 
  at &lt;MediaFieldAttached config= {
  paths: [],
  multiple: [33mtrue[39m,
  allowMediaText: [33mfalse[39m,
  allowAnchors: [33mfalse[39m,
  allowedExtensions: [32m&apos;&apos;[39m,
  mediaItemUrl: [32m&apos;/api/media&apos;[39m,
  uploadAction: [32m&apos;/api/upload&apos;[39m,
  tempUploadFolder: [32m&apos;/temp&apos;[39m
} inputName=&quot;AttachedField&quot; ref=&quot;VTU_COMPONENT&quot; &gt; 
  at &lt;VTUROOT&gt;
[Vue warn]: withDirectives can only be used inside render functions.
[Vue warn]: withDirectives can only be used inside render functions.

            </system-err>
        </testcase>
        <testcase classname="src/components/__tests__/MediaFieldAttached.spec.ts" name="MediaFieldAttached &gt; onFileInputChange does nothing when no files selected" time="0.0066323">
            <system-err>
[Vue warn]: Missing ref owner context. ref cannot be used on hoisted vnodes. A vnode with ref must be created inside the render function. 
  at &lt;ThumbsContainer media-items= [] selected-media=null thumb-size=240  ... &gt; 
  at &lt;MediaFieldAttached config= {
  paths: [],
  multiple: [33mtrue[39m,
  allowMediaText: [33mfalse[39m,
  allowAnchors: [33mfalse[39m,
  allowedExtensions: [32m&apos;&apos;[39m,
  mediaItemUrl: [32m&apos;/api/media&apos;[39m,
  uploadAction: [32m&apos;/api/upload&apos;[39m,
  tempUploadFolder: [32m&apos;/temp&apos;[39m
} inputName=&quot;AttachedField&quot; ref=&quot;VTU_COMPONENT&quot; &gt; 
  at &lt;VTUROOT&gt;
[Vue warn]: withDirectives can only be used inside render functions.
[Vue warn]: withDirectives can only be used inside render functions.

            </system-err>
        </testcase>
        <testcase classname="src/components/__tests__/MediaFieldAttached.spec.ts" name="MediaFieldAttached &gt; selectAndDeleteMedia selects then removes item" time="0.0055054">
            <system-err>
[Vue warn]: Missing ref owner context. ref cannot be used on hoisted vnodes. A vnode with ref must be created inside the render function. 
  at &lt;ThumbsContainer media-items= [] selected-media=null thumb-size=240  ... &gt; 
  at &lt;MediaFieldAttached config= {
  paths: [ { path: [32m&apos;test/test.jpg&apos;[39m } ],
  multiple: [33mtrue[39m,
  allowMediaText: [33mfalse[39m,
  allowAnchors: [33mfalse[39m,
  allowedExtensions: [32m&apos;&apos;[39m,
  mediaItemUrl: [32m&apos;/api/media&apos;[39m,
  uploadAction: [32m&apos;/api/upload&apos;[39m,
  tempUploadFolder: [32m&apos;/temp&apos;[39m
} inputName=&quot;AttachedField&quot; ref=&quot;VTU_COMPONENT&quot; &gt; 
  at &lt;VTUROOT&gt;
[Vue warn]: withDirectives can only be used inside render functions.
[Vue warn]: withDirectives can only be used inside render functions.

[Vue warn]: Component emitted event &quot;delete-media&quot; but it is neither declared in the emits option nor as an &quot;onDeleteMedia&quot; prop.

            </system-err>
        </testcase>
        <testcase classname="src/components/__tests__/MediaFieldAttached.spec.ts" name="MediaFieldAttached &gt; onReorder updates mediaItems order" time="0.008144">
            <system-err>
[Vue warn]: Missing ref owner context. ref cannot be used on hoisted vnodes. A vnode with ref must be created inside the render function. 
  at &lt;ThumbsContainer media-items= [] selected-media=null thumb-size=240  ... &gt; 
  at &lt;MediaFieldAttached config= {
  paths: [],
  multiple: [33mtrue[39m,
  allowMediaText: [33mfalse[39m,
  allowAnchors: [33mfalse[39m,
  allowedExtensions: [32m&apos;&apos;[39m,
  mediaItemUrl: [32m&apos;/api/media&apos;[39m,
  uploadAction: [32m&apos;/api/upload&apos;[39m,
  tempUploadFolder: [32m&apos;/temp&apos;[39m
} inputName=&quot;AttachedField&quot; ref=&quot;VTU_COMPONENT&quot; &gt; 
  at &lt;VTUROOT&gt;
[Vue warn]: withDirectives can only be used inside render functions.
[Vue warn]: withDirectives can only be used inside render functions.

            </system-err>
        </testcase>
        <testcase classname="src/components/__tests__/MediaFieldAttached.spec.ts" name="MediaFieldAttached &gt; cancelMediaText does not change mediaText" time="0.0114306">
            <system-err>
[Vue warn]: Missing ref owner context. ref cannot be used on hoisted vnodes. A vnode with ref must be created inside the render function. 
  at &lt;ThumbsContainer media-items= [] selected-media=null thumb-size=240  ... &gt; 
  at &lt;MediaFieldAttached config= {
  paths: [ { path: [32m&apos;test/test.jpg&apos;[39m, mediaText: [32m&apos;alt text&apos;[39m } ],
  multiple: [33mfalse[39m,
  allowMediaText: [33mtrue[39m,
  allowAnchors: [33mfalse[39m,
  allowedExtensions: [32m&apos;&apos;[39m,
  mediaItemUrl: [32m&apos;/api/media&apos;[39m,
  uploadAction: [32m&apos;/api/upload&apos;[39m,
  tempUploadFolder: [32m&apos;/temp&apos;[39m
} inputName=&quot;AttachedField&quot; ref=&quot;VTU_COMPONENT&quot; &gt; 
  at &lt;VTUROOT&gt;
[Vue warn]: withDirectives can only be used inside render functions.
[Vue warn]: withDirectives can only be used inside render functions.

[Vue warn]: Component emitted event &quot;select-media&quot; but it is neither declared in the emits option nor as an &quot;onSelectMedia&quot; prop.
[Vue warn]: Missing ref owner context. ref cannot be used on hoisted vnodes. A vnode with ref must be created inside the render function. 
  at &lt;ThumbsContainer media-items= [
  {
    name: [32m&apos;test.jpg&apos;[39m,
    mime: [32m&apos;image/jpeg&apos;[39m,
    mediaPath: [32m&apos;test/test.jpg&apos;[39m,
    url: [32m&apos;/media/test.jpg&apos;[39m,
    mediaText: [32m&apos;alt text&apos;[39m,
    anchor: [90mundefined[39m,
    attachedFileName: [90mundefined[39m,
    vuekey: [32m&apos;test.jpg0&apos;[39m
  }
] selected-media= {
  name: [32m&apos;test.jpg&apos;[39m,
  mime: [32m&apos;image/jpeg&apos;[39m,
  mediaPath: [32m&apos;test/test.jpg&apos;[39m,
  url: [32m&apos;/media/test.jpg&apos;[39m,
  mediaText: [32m&apos;alt text&apos;[39m,
  anchor: [90mundefined[39m,
  attachedFileName: [90mundefined[39m,
  vuekey: [32m&apos;test.jpg0&apos;[39m
} thumb-size=240  ... &gt; 
  at &lt;MediaFieldAttached config= {
  paths: [ { path: [32m&apos;test/test.jpg&apos;[39m, mediaText: [32m&apos;alt text&apos;[39m } ],
  multiple: [33mfalse[39m,
  allowMediaText: [33mtrue[39m,
  allowAnchors: [33mfalse[39m,
  allowedExtensions: [32m&apos;&apos;[39m,
  mediaItemUrl: [32m&apos;/api/media&apos;[39m,
  uploadAction: [32m&apos;/api/upload&apos;[39m,
  tempUploadFolder: [32m&apos;/temp&apos;[39m
} inputName=&quot;AttachedField&quot; ref=&quot;VTU_COMPONENT&quot; &gt; 
  at &lt;VTUROOT&gt;

            </system-err>
        </testcase>
        <testcase classname="src/components/__tests__/MediaFieldAttached.spec.ts" name="MediaFieldAttached &gt; saveMediaText saves editingMediaText to selected item" time="0.0113947">
            <system-err>
[Vue warn]: Missing ref owner context. ref cannot be used on hoisted vnodes. A vnode with ref must be created inside the render function. 
  at &lt;ThumbsContainer media-items= [] selected-media=null thumb-size=240  ... &gt; 
  at &lt;MediaFieldAttached config= {
  paths: [ { path: [32m&apos;test/test.jpg&apos;[39m, mediaText: [32m&apos;old&apos;[39m } ],
  multiple: [33mfalse[39m,
  allowMediaText: [33mtrue[39m,
  allowAnchors: [33mfalse[39m,
  allowedExtensions: [32m&apos;&apos;[39m,
  mediaItemUrl: [32m&apos;/api/media&apos;[39m,
  uploadAction: [32m&apos;/api/upload&apos;[39m,
  tempUploadFolder: [32m&apos;/temp&apos;[39m
} inputName=&quot;AttachedField&quot; ref=&quot;VTU_COMPONENT&quot; &gt; 
  at &lt;VTUROOT&gt;
[Vue warn]: withDirectives can only be used inside render functions.
[Vue warn]: withDirectives can only be used inside render functions.

[Vue warn]: Component emitted event &quot;select-media&quot; but it is neither declared in the emits option nor as an &quot;onSelectMedia&quot; prop.
[Vue warn]: Missing ref owner context. ref cannot be used on hoisted vnodes. A vnode with ref must be created inside the render function. 
  at &lt;ThumbsContainer media-items= [
  {
    name: [32m&apos;test.jpg&apos;[39m,
    mime: [32m&apos;image/jpeg&apos;[39m,
    mediaPath: [32m&apos;test/test.jpg&apos;[39m,
    url: [32m&apos;/media/test.jpg&apos;[39m,
    mediaText: [32m&apos;old&apos;[39m,
    anchor: [90mundefined[39m,
    attachedFileName: [90mundefined[39m,
    vuekey: [32m&apos;test.jpg0&apos;[39m
  }
] selected-media= {
  name: [32m&apos;test.jpg&apos;[39m,
  mime: [32m&apos;image/jpeg&apos;[39m,
  mediaPath: [32m&apos;test/test.jpg&apos;[39m,
  url: [32m&apos;/media/test.jpg&apos;[39m,
  mediaText: [32m&apos;old&apos;[39m,
  anchor: [90mundefined[39m,
  attachedFileName: [90mundefined[39m,
  vuekey: [32m&apos;test.jpg0&apos;[39m
} thumb-size=240  ... &gt; 
  at &lt;MediaFieldAttached config= {
  paths: [ { path: [32m&apos;test/test.jpg&apos;[39m, mediaText: [32m&apos;old&apos;[39m } ],
  multiple: [33mfalse[39m,
  allowMediaText: [33mtrue[39m,
  allowAnchors: [33mfalse[39m,
  allowedExtensions: [32m&apos;&apos;[39m,
  mediaItemUrl: [32m&apos;/api/media&apos;[39m,
  uploadAction: [32m&apos;/api/upload&apos;[39m,
  tempUploadFolder: [32m&apos;/temp&apos;[39m
} inputName=&quot;AttachedField&quot; ref=&quot;VTU_COMPONENT&quot; &gt; 
  at &lt;VTUROOT&gt;

            </system-err>
        </testcase>
        <testcase classname="src/components/__tests__/MediaFieldAttached.spec.ts" name="MediaFieldAttached &gt; showAnchorModal / saveAnchor / resetAnchor / cancelAnchor work" time="0.0118211">
            <system-err>
[Vue warn]: Missing ref owner context. ref cannot be used on hoisted vnodes. A vnode with ref must be created inside the render function. 
  at &lt;ThumbsContainer media-items= [] selected-media=null thumb-size=240  ... &gt; 
  at &lt;MediaFieldAttached config= {
  paths: [ { path: [32m&apos;test/test.jpg&apos;[39m } ],
  multiple: [33mfalse[39m,
  allowMediaText: [33mfalse[39m,
  allowAnchors: [33mtrue[39m,
  allowedExtensions: [32m&apos;&apos;[39m,
  mediaItemUrl: [32m&apos;/api/media&apos;[39m,
  uploadAction: [32m&apos;/api/upload&apos;[39m,
  tempUploadFolder: [32m&apos;/temp&apos;[39m
} inputName=&quot;AttachedField&quot; ref=&quot;VTU_COMPONENT&quot; &gt; 
  at &lt;VTUROOT&gt;
[Vue warn]: withDirectives can only be used inside render functions.
[Vue warn]: withDirectives can only be used inside render functions.

[Vue warn]: Component emitted event &quot;select-media&quot; but it is neither declared in the emits option nor as an &quot;onSelectMedia&quot; prop.
[Vue warn]: Missing ref owner context. ref cannot be used on hoisted vnodes. A vnode with ref must be created inside the render function. 
  at &lt;ThumbsContainer media-items= [
  {
    name: [32m&apos;test.jpg&apos;[39m,
    mime: [32m&apos;image/jpeg&apos;[39m,
    mediaPath: [32m&apos;test/test.jpg&apos;[39m,
    url: [32m&apos;/media/test.jpg&apos;[39m,
    mediaText: [90mundefined[39m,
    anchor: [90mundefined[39m,
    attachedFileName: [90mundefined[39m,
    vuekey: [32m&apos;test.jpg0&apos;[39m
  }
] selected-media= {
  name: [32m&apos;test.jpg&apos;[39m,
  mime: [32m&apos;image/jpeg&apos;[39m,
  mediaPath: [32m&apos;test/test.jpg&apos;[39m,
  url: [32m&apos;/media/test.jpg&apos;[39m,
  mediaText: [90mundefined[39m,
  anchor: [90mundefined[39m,
  attachedFileName: [90mundefined[39m,
  vuekey: [32m&apos;test.jpg0&apos;[39m
} thumb-size=240  ... &gt; 
  at &lt;MediaFieldAttached config= {
  paths: [ { path: [32m&apos;test/test.jpg&apos;[39m } ],
  multiple: [33mfalse[39m,
  allowMediaText: [33mfalse[39m,
  allowAnchors: [33mtrue[39m,
  allowedExtensions: [32m&apos;&apos;[39m,
  mediaItemUrl: [32m&apos;/api/media&apos;[39m,
  uploadAction: [32m&apos;/api/upload&apos;[39m,
  tempUploadFolder: [32m&apos;/temp&apos;[39m
} inputName=&quot;AttachedField&quot; ref=&quot;VTU_COMPONENT&quot; &gt; 
  at &lt;VTUROOT&gt;

            </system-err>
        </testcase>
        <testcase classname="src/components/__tests__/MediaFieldAttached.spec.ts" name="MediaFieldAttached &gt; cancelAnchor does not modify anchor" time="0.0107991">
            <system-err>
[Vue warn]: Missing ref owner context. ref cannot be used on hoisted vnodes. A vnode with ref must be created inside the render function. 
  at &lt;ThumbsContainer media-items= [] selected-media=null thumb-size=240  ... &gt; 
  at &lt;MediaFieldAttached config= {
  paths: [ { path: [32m&apos;test/test.jpg&apos;[39m, anchor: [36m[Object][39m } ],
  multiple: [33mfalse[39m,
  allowMediaText: [33mfalse[39m,
  allowAnchors: [33mtrue[39m,
  allowedExtensions: [32m&apos;&apos;[39m,
  mediaItemUrl: [32m&apos;/api/media&apos;[39m,
  uploadAction: [32m&apos;/api/upload&apos;[39m,
  tempUploadFolder: [32m&apos;/temp&apos;[39m
} inputName=&quot;AttachedField&quot; ref=&quot;VTU_COMPONENT&quot; &gt; 
  at &lt;VTUROOT&gt;
[Vue warn]: withDirectives can only be used inside render functions.
[Vue warn]: withDirectives can only be used inside render functions.

[Vue warn]: Component emitted event &quot;select-media&quot; but it is neither declared in the emits option nor as an &quot;onSelectMedia&quot; prop.
[Vue warn]: Missing ref owner context. ref cannot be used on hoisted vnodes. A vnode with ref must be created inside the render function. 
  at &lt;ThumbsContainer media-items= [
  {
    name: [32m&apos;test.jpg&apos;[39m,
    mime: [32m&apos;image/jpeg&apos;[39m,
    mediaPath: [32m&apos;test/test.jpg&apos;[39m,
    url: [32m&apos;/media/test.jpg&apos;[39m,
    mediaText: [90mundefined[39m,
    anchor: { x: [33m0.3[39m, y: [33m0.7[39m },
    attachedFileName: [90mundefined[39m,
    vuekey: [32m&apos;test.jpg0&apos;[39m
  }
] selected-media= {
  name: [32m&apos;test.jpg&apos;[39m,
  mime: [32m&apos;image/jpeg&apos;[39m,
  mediaPath: [32m&apos;test/test.jpg&apos;[39m,
  url: [32m&apos;/media/test.jpg&apos;[39m,
  mediaText: [90mundefined[39m,
  anchor: { x: [33m0.3[39m, y: [33m0.7[39m },
  attachedFileName: [90mundefined[39m,
  vuekey: [32m&apos;test.jpg0&apos;[39m
} thumb-size=240  ... &gt; 
  at &lt;MediaFieldAttached config= {
  paths: [ { path: [32m&apos;test/test.jpg&apos;[39m, anchor: [36m[Object][39m } ],
  multiple: [33mfalse[39m,
  allowMediaText: [33mfalse[39m,
  allowAnchors: [33mtrue[39m,
  allowedExtensions: [32m&apos;&apos;[39m,
  mediaItemUrl: [32m&apos;/api/media&apos;[39m,
  uploadAction: [32m&apos;/api/upload&apos;[39m,
  tempUploadFolder: [32m&apos;/temp&apos;[39m
} inputName=&quot;AttachedField&quot; ref=&quot;VTU_COMPONENT&quot; &gt; 
  at &lt;VTUROOT&gt;

            </system-err>
        </testcase>
        <testcase classname="src/components/__tests__/MediaFieldAttached.spec.ts" name="MediaFieldAttached &gt; persists smallThumbs preference to localStorage" time="0.0051373">
            <system-err>
[Vue warn]: Missing ref owner context. ref cannot be used on hoisted vnodes. A vnode with ref must be created inside the render function. 
  at &lt;ThumbsContainer media-items= [] selected-media=null thumb-size=240  ... &gt; 
  at &lt;MediaFieldAttached config= {
  paths: [],
  multiple: [33mfalse[39m,
  allowMediaText: [33mfalse[39m,
  allowAnchors: [33mfalse[39m,
  allowedExtensions: [32m&apos;&apos;[39m,
  mediaItemUrl: [32m&apos;/api/media&apos;[39m,
  uploadAction: [32m&apos;/api/upload&apos;[39m,
  tempUploadFolder: [32m&apos;/temp&apos;[39m
} inputName=&quot;AttachedField&quot; ref=&quot;VTU_COMPONENT&quot; &gt; 
  at &lt;VTUROOT&gt;
[Vue warn]: withDirectives can only be used inside render functions.
[Vue warn]: withDirectives can only be used inside render functions.

            </system-err>
        </testcase>
        <testcase classname="src/components/__tests__/MediaFieldAttached.spec.ts" name="MediaFieldAttached &gt; handles invalid mediaFieldPrefs in localStorage gracefully" time="0.0054039">
            <system-err>
[Vue warn]: Missing ref owner context. ref cannot be used on hoisted vnodes. A vnode with ref must be created inside the render function. 
  at &lt;ThumbsContainer media-items= [] selected-media=null thumb-size=240  ... &gt; 
  at &lt;MediaFieldAttached config= {
  paths: [],
  multiple: [33mfalse[39m,
  allowMediaText: [33mfalse[39m,
  allowAnchors: [33mfalse[39m,
  allowedExtensions: [32m&apos;&apos;[39m,
  mediaItemUrl: [32m&apos;/api/media&apos;[39m,
  uploadAction: [32m&apos;/api/upload&apos;[39m,
  tempUploadFolder: [32m&apos;/temp&apos;[39m
} inputName=&quot;AttachedField&quot; ref=&quot;VTU_COMPONENT&quot; &gt; 
  at &lt;VTUROOT&gt;
[Vue warn]: withDirectives can only be used inside render functions.
[Vue warn]: withDirectives can only be used inside render functions.

            </system-err>
        </testcase>
        <testcase classname="src/components/__tests__/MediaFieldAttached.spec.ts" name="MediaFieldAttached &gt; handleFiles in single mode replaces existing item" time="0.0068325">
            <system-err>
[Vue warn]: Missing ref owner context. ref cannot be used on hoisted vnodes. A vnode with ref must be created inside the render function. 
  at &lt;ThumbsContainer media-items= [] selected-media=null thumb-size=240  ... &gt; 
  at &lt;MediaFieldAttached config= {
  paths: [],
  multiple: [33mfalse[39m,
  allowMediaText: [33mfalse[39m,
  allowAnchors: [33mfalse[39m,
  allowedExtensions: [32m&apos;&apos;[39m,
  mediaItemUrl: [32m&apos;/api/media&apos;[39m,
  uploadAction: [32m&apos;/api/upload&apos;[39m,
  tempUploadFolder: [32m&apos;/temp&apos;[39m
} inputName=&quot;AttachedField&quot; ref=&quot;VTU_COMPONENT&quot; &gt; 
  at &lt;VTUROOT&gt;
[Vue warn]: withDirectives can only be used inside render functions.
[Vue warn]: withDirectives can only be used inside render functions.

            </system-err>
        </testcase>
        <testcase classname="src/components/__tests__/MediaFieldAttached.spec.ts" name="MediaFieldAttached &gt; handleFiles logs warning when there are upload errors" time="0.0078656">
        </testcase>
        <testcase classname="src/components/__tests__/MediaFieldAttached.spec.ts" name="MediaFieldAttached &gt; removeSelected else-if branch: removes single item when nothing selected" time="0.0063977">
            <system-err>
[Vue warn]: Missing ref owner context. ref cannot be used on hoisted vnodes. A vnode with ref must be created inside the render function. 
  at &lt;ThumbsContainer media-items= [] selected-media=null thumb-size=240  ... &gt; 
  at &lt;MediaFieldAttached config= {
  paths: [ { path: [32m&apos;test/test.jpg&apos;[39m } ],
  multiple: [33mtrue[39m,
  allowMediaText: [33mfalse[39m,
  allowAnchors: [33mfalse[39m,
  allowedExtensions: [32m&apos;&apos;[39m,
  mediaItemUrl: [32m&apos;/api/media&apos;[39m,
  uploadAction: [32m&apos;/api/upload&apos;[39m,
  tempUploadFolder: [32m&apos;/temp&apos;[39m
} inputName=&quot;AttachedField&quot; ref=&quot;VTU_COMPONENT&quot; &gt; 
  at &lt;VTUROOT&gt;
[Vue warn]: withDirectives can only be used inside render functions.
[Vue warn]: withDirectives can only be used inside render functions.

            </system-err>
        </testcase>
        <testcase classname="src/components/__tests__/MediaFieldAttached.spec.ts" name="MediaFieldAttached &gt; setAnchor updates editingAnchor from mouse position" time="0.0084511">
            <system-err>
[Vue warn]: Missing ref owner context. ref cannot be used on hoisted vnodes. A vnode with ref must be created inside the render function. 
  at &lt;ThumbsContainer media-items= [] selected-media=null thumb-size=240  ... &gt; 
  at &lt;MediaFieldAttached config= {
  paths: [ { path: [32m&apos;test/test.jpg&apos;[39m } ],
  multiple: [33mfalse[39m,
  allowMediaText: [33mfalse[39m,
  allowAnchors: [33mtrue[39m,
  allowedExtensions: [32m&apos;&apos;[39m,
  mediaItemUrl: [32m&apos;/api/media&apos;[39m,
  uploadAction: [32m&apos;/api/upload&apos;[39m,
  tempUploadFolder: [32m&apos;/temp&apos;[39m
} inputName=&quot;AttachedField&quot; ref=&quot;VTU_COMPONENT&quot; &gt; 
  at &lt;VTUROOT&gt;
[Vue warn]: withDirectives can only be used inside render functions.
[Vue warn]: withDirectives can only be used inside render functions.

[Vue warn]: Component emitted event &quot;select-media&quot; but it is neither declared in the emits option nor as an &quot;onSelectMedia&quot; prop.
[Vue warn]: Missing ref owner context. ref cannot be used on hoisted vnodes. A vnode with ref must be created inside the render function. 
  at &lt;ThumbsContainer media-items= [
  {
    name: [32m&apos;test.jpg&apos;[39m,
    mime: [32m&apos;image/jpeg&apos;[39m,
    mediaPath: [32m&apos;test/test.jpg&apos;[39m,
    url: [32m&apos;/media/test.jpg&apos;[39m,
    mediaText: [90mundefined[39m,
    anchor: [90mundefined[39m,
    attachedFileName: [90mundefined[39m,
    vuekey: [32m&apos;test.jpg0&apos;[39m
  }
] selected-media= {
  name: [32m&apos;test.jpg&apos;[39m,
  mime: [32m&apos;image/jpeg&apos;[39m,
  mediaPath: [32m&apos;test/test.jpg&apos;[39m,
  url: [32m&apos;/media/test.jpg&apos;[39m,
  mediaText: [90mundefined[39m,
  anchor: [90mundefined[39m,
  attachedFileName: [90mundefined[39m,
  vuekey: [32m&apos;test.jpg0&apos;[39m
} thumb-size=240  ... &gt; 
  at &lt;MediaFieldAttached config= {
  paths: [ { path: [32m&apos;test/test.jpg&apos;[39m } ],
  multiple: [33mfalse[39m,
  allowMediaText: [33mfalse[39m,
  allowAnchors: [33mtrue[39m,
  allowedExtensions: [32m&apos;&apos;[39m,
  mediaItemUrl: [32m&apos;/api/media&apos;[39m,
  uploadAction: [32m&apos;/api/upload&apos;[39m,
  tempUploadFolder: [32m&apos;/temp&apos;[39m
} inputName=&quot;AttachedField&quot; ref=&quot;VTU_COMPONENT&quot; &gt; 
  at &lt;VTUROOT&gt;

            </system-err>
        </testcase>
        <testcase classname="src/components/__tests__/MediaFieldAttached.spec.ts" name="MediaFieldAttached &gt; setAnchor does nothing when anchorImageRef is null" time="0.0050678">
            <system-err>
[Vue warn]: Missing ref owner context. ref cannot be used on hoisted vnodes. A vnode with ref must be created inside the render function. 
  at &lt;ThumbsContainer media-items= [] selected-media=null thumb-size=240  ... &gt; 
  at &lt;MediaFieldAttached config= {
  paths: [ { path: [32m&apos;test/test.jpg&apos;[39m } ],
  multiple: [33mfalse[39m,
  allowMediaText: [33mfalse[39m,
  allowAnchors: [33mtrue[39m,
  allowedExtensions: [32m&apos;&apos;[39m,
  mediaItemUrl: [32m&apos;/api/media&apos;[39m,
  uploadAction: [32m&apos;/api/upload&apos;[39m,
  tempUploadFolder: [32m&apos;/temp&apos;[39m
} inputName=&quot;AttachedField&quot; ref=&quot;VTU_COMPONENT&quot; &gt; 
  at &lt;VTUROOT&gt;
[Vue warn]: withDirectives can only be used inside render functions.
[Vue warn]: withDirectives can only be used inside render functions.

            </system-err>
        </testcase>
        <testcase classname="src/components/__tests__/MediaFieldAttached.spec.ts" name="MediaFieldAttached &gt; handleFiles with multiple uploads in single mode keeps only first" time="0.0051435">
            <system-err>
[Vue warn]: Missing ref owner context. ref cannot be used on hoisted vnodes. A vnode with ref must be created inside the render function. 
  at &lt;ThumbsContainer media-items= [] selected-media=null thumb-size=240  ... &gt; 
  at &lt;MediaFieldAttached config= {
  paths: [],
  multiple: [33mfalse[39m,
  allowMediaText: [33mfalse[39m,
  allowAnchors: [33mfalse[39m,
  allowedExtensions: [32m&apos;&apos;[39m,
  mediaItemUrl: [32m&apos;/api/media&apos;[39m,
  uploadAction: [32m&apos;/api/upload&apos;[39m,
  tempUploadFolder: [32m&apos;/temp&apos;[39m
} inputName=&quot;AttachedField&quot; ref=&quot;VTU_COMPONENT&quot; &gt; 
  at &lt;VTUROOT&gt;
[Vue warn]: withDirectives can only be used inside render functions.
[Vue warn]: withDirectives can only be used inside render functions.

            </system-err>
        </testcase>
        <testcase classname="src/components/__tests__/MediaFieldAttached.spec.ts" name="MediaFieldAttached &gt; dragover and dragleave toggle isDraggingOver" time="0.0041145">
            <system-err>
[Vue warn]: Missing ref owner context. ref cannot be used on hoisted vnodes. A vnode with ref must be created inside the render function. 
  at &lt;ThumbsContainer media-items= [] selected-media=null thumb-size=240  ... &gt; 
  at &lt;MediaFieldAttached config= {
  paths: [],
  multiple: [33mtrue[39m,
  allowMediaText: [33mfalse[39m,
  allowAnchors: [33mfalse[39m,
  allowedExtensions: [32m&apos;&apos;[39m,
  mediaItemUrl: [32m&apos;/api/media&apos;[39m,
  uploadAction: [32m&apos;/api/upload&apos;[39m,
  tempUploadFolder: [32m&apos;/temp&apos;[39m
} inputName=&quot;AttachedField&quot; ref=&quot;VTU_COMPONENT&quot; &gt; 
  at &lt;VTUROOT&gt;
[Vue warn]: withDirectives can only be used inside render functions.
[Vue warn]: withDirectives can only be used inside render functions.

            </system-err>
        </testcase>
    </testsuite>
    <testsuite name="src/components/__tests__/MediaFieldBasic.spec.ts" timestamp="2026-04-15T04:19:01.365Z" hostname="Nemo" tests="42" failures="0" errors="0" skipped="0" time="0.4083889">
        <testcase classname="src/components/__tests__/MediaFieldBasic.spec.ts" name="MediaFieldBasic &gt; renders hidden input with serialized paths" time="0.0520257">
            <system-err>
[Vue warn]: Missing ref owner context. ref cannot be used on hoisted vnodes. A vnode with ref must be created inside the render function. 
  at &lt;ThumbsContainer media-items= [] selected-media=null thumb-size=240  ... &gt; 
  at &lt;MediaFieldBasic config= {
  paths: [],
  multiple: [33mfalse[39m,
  allowMediaText: [33mfalse[39m,
  allowAnchors: [33mfalse[39m,
  allowedExtensions: [32m&apos;&apos;[39m,
  mediaItemUrl: [32m&apos;/api/media&apos;[39m,
  mediaAppTranslations: [32m&apos;&apos;[39m,
  basePath: [32m&apos;/&apos;[39m,
  uploadFilesUrl: [32m&apos;/api/upload&apos;[39m
} inputName=&quot;MediaField&quot; ref=&quot;VTU_COMPONENT&quot; &gt; 
  at &lt;VTUROOT&gt;
[Vue warn]: withDirectives can only be used inside render functions.
[Vue warn]: Missing ref owner context. ref cannot be used on hoisted vnodes. A vnode with ref must be created inside the render function. 
  at &lt;VueFinalModal modelValue=false onUpdate:modelValue=fn class=&quot;tw:flex tw:items-center tw:justify-center&quot;  ... &gt; 
  at &lt;MediaPickerModal ref=&quot;pickerModalRef&quot; field-id=&quot;MediaField&quot; allowed-extensions=&quot;&quot;  ... &gt; 
  at &lt;MediaFieldBasic config= {
  paths: [],
  multiple: [33mfalse[39m,
  allowMediaText: [33mfalse[39m,
  allowAnchors: [33mfalse[39m,
  allowedExtensions: [32m&apos;&apos;[39m,
  mediaItemUrl: [32m&apos;/api/media&apos;[39m,
  mediaAppTranslations: [32m&apos;&apos;[39m,
  basePath: [32m&apos;/&apos;[39m,
  uploadFilesUrl: [32m&apos;/api/upload&apos;[39m
} inputName=&quot;MediaField&quot; ref=&quot;VTU_COMPONENT&quot; &gt; 
  at &lt;VTUROOT&gt;
[Vue warn]: Missing ref owner context. ref cannot be used on hoisted vnodes. A vnode with ref must be created inside the render function. 
  at &lt;MediaFieldBasic config= {
  paths: [],
  multiple: [33mfalse[39m,
  allowMediaText: [33mfalse[39m,
  allowAnchors: [33mfalse[39m,
  allowedExtensions: [32m&apos;&apos;[39m,
  mediaItemUrl: [32m&apos;/api/media&apos;[39m,
  mediaAppTranslations: [32m&apos;&apos;[39m,
  basePath: [32m&apos;/&apos;[39m,
  uploadFilesUrl: [32m&apos;/api/upload&apos;[39m
} inputName=&quot;MediaField&quot; ref=&quot;VTU_COMPONENT&quot; &gt; 
  at &lt;VTUROOT&gt;

            </system-err>
        </testcase>
        <testcase classname="src/components/__tests__/MediaFieldBasic.spec.ts" name="MediaFieldBasic &gt; serializedPaths returns config.paths before initialization" time="0.0135711">
            <system-err>
[Vue warn]: Missing ref owner context. ref cannot be used on hoisted vnodes. A vnode with ref must be created inside the render function. 
  at &lt;ThumbsContainer media-items= [] selected-media=null thumb-size=240  ... &gt; 
  at &lt;MediaFieldBasic config= {
  paths: [ { path: [32m&apos;foo/bar.jpg&apos;[39m } ],
  multiple: [33mfalse[39m,
  allowMediaText: [33mfalse[39m,
  allowAnchors: [33mfalse[39m,
  allowedExtensions: [32m&apos;&apos;[39m,
  mediaItemUrl: [32m&apos;/api/media&apos;[39m,
  mediaAppTranslations: [32m&apos;&apos;[39m,
  basePath: [32m&apos;/&apos;[39m,
  uploadFilesUrl: [32m&apos;/api/upload&apos;[39m
} inputName=&quot;MediaField&quot; ref=&quot;VTU_COMPONENT&quot; &gt; 
  at &lt;VTUROOT&gt;
[Vue warn]: withDirectives can only be used inside render functions.
[Vue warn]: Missing ref owner context. ref cannot be used on hoisted vnodes. A vnode with ref must be created inside the render function. 
  at &lt;VueFinalModal modelValue=false onUpdate:modelValue=fn class=&quot;tw:flex tw:items-center tw:justify-center&quot;  ... &gt; 
  at &lt;MediaPickerModal ref=&quot;pickerModalRef&quot; field-id=&quot;MediaField&quot; allowed-extensions=&quot;&quot;  ... &gt; 
  at &lt;MediaFieldBasic config= {
  paths: [ { path: [32m&apos;foo/bar.jpg&apos;[39m } ],
  multiple: [33mfalse[39m,
  allowMediaText: [33mfalse[39m,
  allowAnchors: [33mfalse[39m,
  allowedExtensions: [32m&apos;&apos;[39m,
  mediaItemUrl: [32m&apos;/api/media&apos;[39m,
  mediaAppTranslations: [32m&apos;&apos;[39m,
  basePath: [32m&apos;/&apos;[39m,
  uploadFilesUrl: [32m&apos;/api/upload&apos;[39m
} inputName=&quot;MediaField&quot; ref=&quot;VTU_COMPONENT&quot; &gt; 
  at &lt;VTUROOT&gt;
[Vue warn]: Missing ref owner context. ref cannot be used on hoisted vnodes. A vnode with ref must be created inside the render function. 
  at &lt;MediaFieldBasic config= {
  paths: [ { path: [32m&apos;foo/bar.jpg&apos;[39m } ],
  multiple: [33mfalse[39m,
  allowMediaText: [33mfalse[39m,
  allowAnchors: [33mfalse[39m,
  allowedExtensions: [32m&apos;&apos;[39m,
  mediaItemUrl: [32m&apos;/api/media&apos;[39m,
  mediaAppTranslations: [32m&apos;&apos;[39m,
  basePath: [32m&apos;/&apos;[39m,
  uploadFilesUrl: [32m&apos;/api/upload&apos;[39m
} inputName=&quot;MediaField&quot; ref=&quot;VTU_COMPONENT&quot; &gt; 
  at &lt;VTUROOT&gt;

            </system-err>
        </testcase>
        <testcase classname="src/components/__tests__/MediaFieldBasic.spec.ts" name="MediaFieldBasic &gt; serializedPaths returns mediaItems after initialization" time="0.0150408">
            <system-err>
[Vue warn]: Missing ref owner context. ref cannot be used on hoisted vnodes. A vnode with ref must be created inside the render function. 
  at &lt;ThumbsContainer media-items= [] selected-media=null thumb-size=240  ... &gt; 
  at &lt;MediaFieldBasic config= {
  paths: [ { path: [32m&apos;test/test.jpg&apos;[39m } ],
  multiple: [33mfalse[39m,
  allowMediaText: [33mfalse[39m,
  allowAnchors: [33mfalse[39m,
  allowedExtensions: [32m&apos;&apos;[39m,
  mediaItemUrl: [32m&apos;/api/media&apos;[39m,
  mediaAppTranslations: [32m&apos;&apos;[39m,
  basePath: [32m&apos;/&apos;[39m,
  uploadFilesUrl: [32m&apos;/api/upload&apos;[39m
} inputName=&quot;MediaField&quot; ref=&quot;VTU_COMPONENT&quot; &gt; 
  at &lt;VTUROOT&gt;
[Vue warn]: withDirectives can only be used inside render functions.
[Vue warn]: Missing ref owner context. ref cannot be used on hoisted vnodes. A vnode with ref must be created inside the render function. 
  at &lt;VueFinalModal modelValue=false onUpdate:modelValue=fn class=&quot;tw:flex tw:items-center tw:justify-center&quot;  ... &gt; 
  at &lt;MediaPickerModal ref=&quot;pickerModalRef&quot; field-id=&quot;MediaField&quot; allowed-extensions=&quot;&quot;  ... &gt; 
  at &lt;MediaFieldBasic config= {
  paths: [ { path: [32m&apos;test/test.jpg&apos;[39m } ],
  multiple: [33mfalse[39m,
  allowMediaText: [33mfalse[39m,
  allowAnchors: [33mfalse[39m,
  allowedExtensions: [32m&apos;&apos;[39m,
  mediaItemUrl: [32m&apos;/api/media&apos;[39m,
  mediaAppTranslations: [32m&apos;&apos;[39m,
  basePath: [32m&apos;/&apos;[39m,
  uploadFilesUrl: [32m&apos;/api/upload&apos;[39m
} inputName=&quot;MediaField&quot; ref=&quot;VTU_COMPONENT&quot; &gt; 
  at &lt;VTUROOT&gt;
[Vue warn]: Missing ref owner context. ref cannot be used on hoisted vnodes. A vnode with ref must be created inside the render function. 
  at &lt;MediaFieldBasic config= {
  paths: [ { path: [32m&apos;test/test.jpg&apos;[39m } ],
  multiple: [33mfalse[39m,
  allowMediaText: [33mfalse[39m,
  allowAnchors: [33mfalse[39m,
  allowedExtensions: [32m&apos;&apos;[39m,
  mediaItemUrl: [32m&apos;/api/media&apos;[39m,
  mediaAppTranslations: [32m&apos;&apos;[39m,
  basePath: [32m&apos;/&apos;[39m,
  uploadFilesUrl: [32m&apos;/api/upload&apos;[39m
} inputName=&quot;MediaField&quot; ref=&quot;VTU_COMPONENT&quot; &gt; 
  at &lt;VTUROOT&gt;

            </system-err>
        </testcase>
        <testcase classname="src/components/__tests__/MediaFieldBasic.spec.ts" name="MediaFieldBasic &gt; loadInitialPaths fetches media details from API" time="0.0487971">
            <system-err>
[Vue warn]: Missing ref owner context. ref cannot be used on hoisted vnodes. A vnode with ref must be created inside the render function. 
  at &lt;ThumbsContainer media-items= [] selected-media=null thumb-size=240  ... &gt; 
  at &lt;MediaFieldBasic config= {
  paths: [ { path: [32m&apos;test/test.jpg&apos;[39m } ],
  multiple: [33mfalse[39m,
  allowMediaText: [33mfalse[39m,
  allowAnchors: [33mfalse[39m,
  allowedExtensions: [32m&apos;&apos;[39m,
  mediaItemUrl: [32m&apos;/api/media&apos;[39m,
  mediaAppTranslations: [32m&apos;&apos;[39m,
  basePath: [32m&apos;/&apos;[39m,
  uploadFilesUrl: [32m&apos;/api/upload&apos;[39m
} inputName=&quot;MediaField&quot; ref=&quot;VTU_COMPONENT&quot; &gt; 
  at &lt;VTUROOT&gt;
[Vue warn]: withDirectives can only be used inside render functions.
[Vue warn]: Missing ref owner context. ref cannot be used on hoisted vnodes. A vnode with ref must be created inside the render function. 
  at &lt;VueFinalModal modelValue=false onUpdate:modelValue=fn class=&quot;tw:flex tw:items-center tw:justify-center&quot;  ... &gt; 
  at &lt;MediaPickerModal ref=&quot;pickerModalRef&quot; field-id=&quot;MediaField&quot; allowed-extensions=&quot;&quot;  ... &gt; 
  at &lt;MediaFieldBasic config= {
  paths: [ { path: [32m&apos;test/test.jpg&apos;[39m } ],
  multiple: [33mfalse[39m,
  allowMediaText: [33mfalse[39m,
  allowAnchors: [33mfalse[39m,
  allowedExtensions: [32m&apos;&apos;[39m,
  mediaItemUrl: [32m&apos;/api/media&apos;[39m,
  mediaAppTranslations: [32m&apos;&apos;[39m,
  basePath: [32m&apos;/&apos;[39m,
  uploadFilesUrl: [32m&apos;/api/upload&apos;[39m
} inputName=&quot;MediaField&quot; ref=&quot;VTU_COMPONENT&quot; &gt; 
  at &lt;VTUROOT&gt;
[Vue warn]: Missing ref owner context. ref cannot be used on hoisted vnodes. A vnode with ref must be created inside the render function. 
  at &lt;MediaFieldBasic config= {
  paths: [ { path: [32m&apos;test/test.jpg&apos;[39m } ],
  multiple: [33mfalse[39m,
  allowMediaText: [33mfalse[39m,
  allowAnchors: [33mfalse[39m,
  allowedExtensions: [32m&apos;&apos;[39m,
  mediaItemUrl: [32m&apos;/api/media&apos;[39m,
  mediaAppTranslations: [32m&apos;&apos;[39m,
  basePath: [32m&apos;/&apos;[39m,
  uploadFilesUrl: [32m&apos;/api/upload&apos;[39m
} inputName=&quot;MediaField&quot; ref=&quot;VTU_COMPONENT&quot; &gt; 
  at &lt;VTUROOT&gt;

            </system-err>
        </testcase>
        <testcase classname="src/components/__tests__/MediaFieldBasic.spec.ts" name="MediaFieldBasic &gt; loadInitialPaths handles 404 as not-found error" time="0.0125864">
            <system-err>
[Vue warn]: Missing ref owner context. ref cannot be used on hoisted vnodes. A vnode with ref must be created inside the render function. 
  at &lt;ThumbsContainer media-items= [] selected-media=null thumb-size=240  ... &gt; 
  at &lt;MediaFieldBasic config= {
  paths: [ { path: [32m&apos;missing.jpg&apos;[39m } ],
  multiple: [33mfalse[39m,
  allowMediaText: [33mfalse[39m,
  allowAnchors: [33mfalse[39m,
  allowedExtensions: [32m&apos;&apos;[39m,
  mediaItemUrl: [32m&apos;/api/media&apos;[39m,
  mediaAppTranslations: [32m&apos;&apos;[39m,
  basePath: [32m&apos;/&apos;[39m,
  uploadFilesUrl: [32m&apos;/api/upload&apos;[39m
} inputName=&quot;MediaField&quot; ref=&quot;VTU_COMPONENT&quot; &gt; 
  at &lt;VTUROOT&gt;
[Vue warn]: withDirectives can only be used inside render functions.
[Vue warn]: Missing ref owner context. ref cannot be used on hoisted vnodes. A vnode with ref must be created inside the render function. 
  at &lt;VueFinalModal modelValue=false onUpdate:modelValue=fn class=&quot;tw:flex tw:items-center tw:justify-center&quot;  ... &gt; 
  at &lt;MediaPickerModal ref=&quot;pickerModalRef&quot; field-id=&quot;MediaField&quot; allowed-extensions=&quot;&quot;  ... &gt; 
  at &lt;MediaFieldBasic config= {
  paths: [ { path: [32m&apos;missing.jpg&apos;[39m } ],
  multiple: [33mfalse[39m,
  allowMediaText: [33mfalse[39m,
  allowAnchors: [33mfalse[39m,
  allowedExtensions: [32m&apos;&apos;[39m,
  mediaItemUrl: [32m&apos;/api/media&apos;[39m,
  mediaAppTranslations: [32m&apos;&apos;[39m,
  basePath: [32m&apos;/&apos;[39m,
  uploadFilesUrl: [32m&apos;/api/upload&apos;[39m
} inputName=&quot;MediaField&quot; ref=&quot;VTU_COMPONENT&quot; &gt; 
  at &lt;VTUROOT&gt;
[Vue warn]: Missing ref owner context. ref cannot be used on hoisted vnodes. A vnode with ref must be created inside the render function. 
  at &lt;MediaFieldBasic config= {
  paths: [ { path: [32m&apos;missing.jpg&apos;[39m } ],
  multiple: [33mfalse[39m,
  allowMediaText: [33mfalse[39m,
  allowAnchors: [33mfalse[39m,
  allowedExtensions: [32m&apos;&apos;[39m,
  mediaItemUrl: [32m&apos;/api/media&apos;[39m,
  mediaAppTranslations: [32m&apos;&apos;[39m,
  basePath: [32m&apos;/&apos;[39m,
  uploadFilesUrl: [32m&apos;/api/upload&apos;[39m
} inputName=&quot;MediaField&quot; ref=&quot;VTU_COMPONENT&quot; &gt; 
  at &lt;VTUROOT&gt;

            </system-err>
        </testcase>
        <testcase classname="src/components/__tests__/MediaFieldBasic.spec.ts" name="MediaFieldBasic &gt; loadInitialPaths handles network error as transient" time="0.0088101">
            <system-err>
[Vue warn]: Missing ref owner context. ref cannot be used on hoisted vnodes. A vnode with ref must be created inside the render function. 
  at &lt;ThumbsContainer media-items= [] selected-media=null thumb-size=240  ... &gt; 
  at &lt;MediaFieldBasic config= {
  paths: [ { path: [32m&apos;fail.jpg&apos;[39m } ],
  multiple: [33mfalse[39m,
  allowMediaText: [33mfalse[39m,
  allowAnchors: [33mfalse[39m,
  allowedExtensions: [32m&apos;&apos;[39m,
  mediaItemUrl: [32m&apos;/api/media&apos;[39m,
  mediaAppTranslations: [32m&apos;&apos;[39m,
  basePath: [32m&apos;/&apos;[39m,
  uploadFilesUrl: [32m&apos;/api/upload&apos;[39m
} inputName=&quot;MediaField&quot; ref=&quot;VTU_COMPONENT&quot; &gt; 
  at &lt;VTUROOT&gt;
[Vue warn]: withDirectives can only be used inside render functions.
[Vue warn]: Missing ref owner context. ref cannot be used on hoisted vnodes. A vnode with ref must be created inside the render function. 
  at &lt;VueFinalModal modelValue=false onUpdate:modelValue=fn class=&quot;tw:flex tw:items-center tw:justify-center&quot;  ... &gt; 
  at &lt;MediaPickerModal ref=&quot;pickerModalRef&quot; field-id=&quot;MediaField&quot; allowed-extensions=&quot;&quot;  ... &gt; 
  at &lt;MediaFieldBasic config= {
  paths: [ { path: [32m&apos;fail.jpg&apos;[39m } ],
  multiple: [33mfalse[39m,
  allowMediaText: [33mfalse[39m,
  allowAnchors: [33mfalse[39m,
  allowedExtensions: [32m&apos;&apos;[39m,
  mediaItemUrl: [32m&apos;/api/media&apos;[39m,
  mediaAppTranslations: [32m&apos;&apos;[39m,
  basePath: [32m&apos;/&apos;[39m,
  uploadFilesUrl: [32m&apos;/api/upload&apos;[39m
} inputName=&quot;MediaField&quot; ref=&quot;VTU_COMPONENT&quot; &gt; 
  at &lt;VTUROOT&gt;
[Vue warn]: Missing ref owner context. ref cannot be used on hoisted vnodes. A vnode with ref must be created inside the render function. 
  at &lt;MediaFieldBasic config= {
  paths: [ { path: [32m&apos;fail.jpg&apos;[39m } ],
  multiple: [33mfalse[39m,
  allowMediaText: [33mfalse[39m,
  allowAnchors: [33mfalse[39m,
  allowedExtensions: [32m&apos;&apos;[39m,
  mediaItemUrl: [32m&apos;/api/media&apos;[39m,
  mediaAppTranslations: [32m&apos;&apos;[39m,
  basePath: [32m&apos;/&apos;[39m,
  uploadFilesUrl: [32m&apos;/api/upload&apos;[39m
} inputName=&quot;MediaField&quot; ref=&quot;VTU_COMPONENT&quot; &gt; 
  at &lt;VTUROOT&gt;

            </system-err>
        </testcase>
        <testcase classname="src/components/__tests__/MediaFieldBasic.spec.ts" name="MediaFieldBasic &gt; loadInitialPaths with empty paths sets initialized" time="0.008599">
            <system-err>
[Vue warn]: Missing ref owner context. ref cannot be used on hoisted vnodes. A vnode with ref must be created inside the render function. 
  at &lt;ThumbsContainer media-items= [] selected-media=null thumb-size=240  ... &gt; 
  at &lt;MediaFieldBasic config= {
  paths: [],
  multiple: [33mfalse[39m,
  allowMediaText: [33mfalse[39m,
  allowAnchors: [33mfalse[39m,
  allowedExtensions: [32m&apos;&apos;[39m,
  mediaItemUrl: [32m&apos;/api/media&apos;[39m,
  mediaAppTranslations: [32m&apos;&apos;[39m,
  basePath: [32m&apos;/&apos;[39m,
  uploadFilesUrl: [32m&apos;/api/upload&apos;[39m
} inputName=&quot;MediaField&quot; ref=&quot;VTU_COMPONENT&quot; &gt; 
  at &lt;VTUROOT&gt;
[Vue warn]: withDirectives can only be used inside render functions.
[Vue warn]: Missing ref owner context. ref cannot be used on hoisted vnodes. A vnode with ref must be created inside the render function. 
  at &lt;VueFinalModal modelValue=false onUpdate:modelValue=fn class=&quot;tw:flex tw:items-center tw:justify-center&quot;  ... &gt; 
  at &lt;MediaPickerModal ref=&quot;pickerModalRef&quot; field-id=&quot;MediaField&quot; allowed-extensions=&quot;&quot;  ... &gt; 
  at &lt;MediaFieldBasic config= {
  paths: [],
  multiple: [33mfalse[39m,
  allowMediaText: [33mfalse[39m,
  allowAnchors: [33mfalse[39m,
  allowedExtensions: [32m&apos;&apos;[39m,
  mediaItemUrl: [32m&apos;/api/media&apos;[39m,
  mediaAppTranslations: [32m&apos;&apos;[39m,
  basePath: [32m&apos;/&apos;[39m,
  uploadFilesUrl: [32m&apos;/api/upload&apos;[39m
} inputName=&quot;MediaField&quot; ref=&quot;VTU_COMPONENT&quot; &gt; 
  at &lt;VTUROOT&gt;
[Vue warn]: Missing ref owner context. ref cannot be used on hoisted vnodes. A vnode with ref must be created inside the render function. 
  at &lt;MediaFieldBasic config= {
  paths: [],
  multiple: [33mfalse[39m,
  allowMediaText: [33mfalse[39m,
  allowAnchors: [33mfalse[39m,
  allowedExtensions: [32m&apos;&apos;[39m,
  mediaItemUrl: [32m&apos;/api/media&apos;[39m,
  mediaAppTranslations: [32m&apos;&apos;[39m,
  basePath: [32m&apos;/&apos;[39m,
  uploadFilesUrl: [32m&apos;/api/upload&apos;[39m
} inputName=&quot;MediaField&quot; ref=&quot;VTU_COMPONENT&quot; &gt; 
  at &lt;VTUROOT&gt;

            </system-err>
        </testcase>
        <testcase classname="src/components/__tests__/MediaFieldBasic.spec.ts" name="MediaFieldBasic &gt; addMediaFiles adds items for multiple mode" time="0.0186701">
            <system-err>
[Vue warn]: Missing ref owner context. ref cannot be used on hoisted vnodes. A vnode with ref must be created inside the render function. 
  at &lt;ThumbsContainer media-items= [] selected-media=null thumb-size=240  ... &gt; 
  at &lt;MediaFieldBasic config= {
  paths: [],
  multiple: [33mtrue[39m,
  allowMediaText: [33mfalse[39m,
  allowAnchors: [33mfalse[39m,
  allowedExtensions: [32m&apos;&apos;[39m,
  mediaItemUrl: [32m&apos;/api/media&apos;[39m,
  mediaAppTranslations: [32m&apos;&apos;[39m,
  basePath: [32m&apos;/&apos;[39m,
  uploadFilesUrl: [32m&apos;/api/upload&apos;[39m
} inputName=&quot;MediaField&quot; ref=&quot;VTU_COMPONENT&quot; &gt; 
  at &lt;VTUROOT&gt;
[Vue warn]: withDirectives can only be used inside render functions.
[Vue warn]: Missing ref owner context. ref cannot be used on hoisted vnodes. A vnode with ref must be created inside the render function. 
  at &lt;VueFinalModal modelValue=false onUpdate:modelValue=fn class=&quot;tw:flex tw:items-center tw:justify-center&quot;  ... &gt; 
  at &lt;MediaPickerModal ref=&quot;pickerModalRef&quot; field-id=&quot;MediaField&quot; allowed-extensions=&quot;&quot;  ... &gt; 
  at &lt;MediaFieldBasic config= {
  paths: [],
  multiple: [33mtrue[39m,
  allowMediaText: [33mfalse[39m,
  allowAnchors: [33mfalse[39m,
  allowedExtensions: [32m&apos;&apos;[39m,
  mediaItemUrl: [32m&apos;/api/media&apos;[39m,
  mediaAppTranslations: [32m&apos;&apos;[39m,
  basePath: [32m&apos;/&apos;[39m,
  uploadFilesUrl: [32m&apos;/api/upload&apos;[39m
} inputName=&quot;MediaField&quot; ref=&quot;VTU_COMPONENT&quot; &gt; 
  at &lt;VTUROOT&gt;
[Vue warn]: Missing ref owner context. ref cannot be used on hoisted vnodes. A vnode with ref must be created inside the render function. 
  at &lt;MediaFieldBasic config= {
  paths: [],
  multiple: [33mtrue[39m,
  allowMediaText: [33mfalse[39m,
  allowAnchors: [33mfalse[39m,
  allowedExtensions: [32m&apos;&apos;[39m,
  mediaItemUrl: [32m&apos;/api/media&apos;[39m,
  mediaAppTranslations: [32m&apos;&apos;[39m,
  basePath: [32m&apos;/&apos;[39m,
  uploadFilesUrl: [32m&apos;/api/upload&apos;[39m
} inputName=&quot;MediaField&quot; ref=&quot;VTU_COMPONENT&quot; &gt; 
  at &lt;VTUROOT&gt;

            </system-err>
        </testcase>
        <testcase classname="src/components/__tests__/MediaFieldBasic.spec.ts" name="MediaFieldBasic &gt; addMediaFiles replaces for single mode" time="0.007021">
            <system-err>
[Vue warn]: Missing ref owner context. ref cannot be used on hoisted vnodes. A vnode with ref must be created inside the render function. 
  at &lt;ThumbsContainer media-items= [] selected-media=null thumb-size=240  ... &gt; 
  at &lt;MediaFieldBasic config= {
  paths: [],
  multiple: [33mfalse[39m,
  allowMediaText: [33mfalse[39m,
  allowAnchors: [33mfalse[39m,
  allowedExtensions: [32m&apos;&apos;[39m,
  mediaItemUrl: [32m&apos;/api/media&apos;[39m,
  mediaAppTranslations: [32m&apos;&apos;[39m,
  basePath: [32m&apos;/&apos;[39m,
  uploadFilesUrl: [32m&apos;/api/upload&apos;[39m
} inputName=&quot;MediaField&quot; ref=&quot;VTU_COMPONENT&quot; &gt; 
  at &lt;VTUROOT&gt;
[Vue warn]: withDirectives can only be used inside render functions.
[Vue warn]: Missing ref owner context. ref cannot be used on hoisted vnodes. A vnode with ref must be created inside the render function. 
  at &lt;VueFinalModal modelValue=false onUpdate:modelValue=fn class=&quot;tw:flex tw:items-center tw:justify-center&quot;  ... &gt; 
  at &lt;MediaPickerModal ref=&quot;pickerModalRef&quot; field-id=&quot;MediaField&quot; allowed-extensions=&quot;&quot;  ... &gt; 
  at &lt;MediaFieldBasic config= {
  paths: [],
  multiple: [33mfalse[39m,
  allowMediaText: [33mfalse[39m,
  allowAnchors: [33mfalse[39m,
  allowedExtensions: [32m&apos;&apos;[39m,
  mediaItemUrl: [32m&apos;/api/media&apos;[39m,
  mediaAppTranslations: [32m&apos;&apos;[39m,
  basePath: [32m&apos;/&apos;[39m,
  uploadFilesUrl: [32m&apos;/api/upload&apos;[39m
} inputName=&quot;MediaField&quot; ref=&quot;VTU_COMPONENT&quot; &gt; 
  at &lt;VTUROOT&gt;
[Vue warn]: Missing ref owner context. ref cannot be used on hoisted vnodes. A vnode with ref must be created inside the render function. 
  at &lt;MediaFieldBasic config= {
  paths: [],
  multiple: [33mfalse[39m,
  allowMediaText: [33mfalse[39m,
  allowAnchors: [33mfalse[39m,
  allowedExtensions: [32m&apos;&apos;[39m,
  mediaItemUrl: [32m&apos;/api/media&apos;[39m,
  mediaAppTranslations: [32m&apos;&apos;[39m,
  basePath: [32m&apos;/&apos;[39m,
  uploadFilesUrl: [32m&apos;/api/upload&apos;[39m
} inputName=&quot;MediaField&quot; ref=&quot;VTU_COMPONENT&quot; &gt; 
  at &lt;VTUROOT&gt;

            </system-err>
        </testcase>
[...]

            </system-err>
        </testcase>
        <testcase classname="src/components/__tests__/UploadList.spec.ts" name="UploadList &gt; emits clearErrors on broom button click" time="0.0126046">
            <system-err>
[Vue warn]: withDirectives can only be used inside render functions.
[Vue warn]: withDirectives can only be used inside render functions.

            </system-err>
        </testcase>
        <testcase classname="src/components/__tests__/UploadList.spec.ts" name="UploadList &gt; emits dismiss on X button for error entry" time="0.0076694">
            <system-err>
[Vue warn]: withDirectives can only be used inside render functions.
[Vue warn]: withDirectives can only be used inside render functions.

            </system-err>
        </testcase>
        <testcase classname="src/components/__tests__/UploadList.spec.ts" name="UploadList &gt; toggles expanded/collapsed on header click" time="0.0100081">
            <system-err>
[Vue warn]: withDirectives can only be used inside render functions.
[Vue warn]: withDirectives can only be used inside render functions.

            </system-err>
        </testcase>
        <testcase classname="src/components/__tests__/UploadList.spec.ts" name="UploadList &gt; shows dismissAll X button when no pending uploads" time="0.0085899">
            <system-err>
[Vue warn]: withDirectives can only be used inside render functions.
[Vue warn]: withDirectives can only be used inside render functions.

            </system-err>
        </testcase>
        <testcase classname="src/components/__tests__/UploadList.spec.ts" name="UploadList &gt; emits dismissAll on X button click" time="0.0055356">
            <system-err>
[Vue warn]: withDirectives can only be used inside render functions.
[Vue warn]: withDirectives can only be used inside render functions.

            </system-err>
        </testcase>
    </testsuite>
    <testsuite name="src/services/__tests__/FieldUploadService.spec.ts" timestamp="2026-04-15T04:19:01.389Z" hostname="Nemo" tests="26" failures="0" errors="0" skipped="0" time="0.0673735">
        <testcase classname="src/services/__tests__/FieldUploadService.spec.ts" name="useFieldUpload &gt; returns reactive files ref that is initially empty" time="0.0028435">
        </testcase>
        <testcase classname="src/services/__tests__/FieldUploadService.spec.ts" name="useFieldUpload &gt; clearErrors &gt; removes only entries with error messages" time="0.0013383">
        </testcase>
        <testcase classname="src/services/__tests__/FieldUploadService.spec.ts" name="useFieldUpload &gt; dismiss &gt; removes the specific entry" time="0.0023144">
        </testcase>
        <testcase classname="src/services/__tests__/FieldUploadService.spec.ts" name="useFieldUpload &gt; dismissAll &gt; clears all entries" time="0.0005975">
        </testcase>
        <testcase classname="src/services/__tests__/FieldUploadService.spec.ts" name="useFieldUpload &gt; uploadFiles &gt; returns uploaded result on successful upload" time="0.0110809">
        </testcase>
        <testcase classname="src/services/__tests__/FieldUploadService.spec.ts" name="useFieldUpload &gt; uploadFiles &gt; uses filePath when XHR response omits mediaPath" time="0.0031656">
        </testcase>
        <testcase classname="src/services/__tests__/FieldUploadService.spec.ts" name="useFieldUpload &gt; uploadFiles &gt; captures server-side file error" time="0.0026491">
        </testcase>
        <testcase classname="src/services/__tests__/FieldUploadService.spec.ts" name="useFieldUpload &gt; uploadFiles &gt; handles HTTP error status" time="0.0025033">
        </testcase>
        <testcase classname="src/services/__tests__/FieldUploadService.spec.ts" name="useFieldUpload &gt; uploadFiles &gt; handles network error" time="0.0024296">
        </testcase>
        <testcase classname="src/services/__tests__/FieldUploadService.spec.ts" name="useFieldUpload &gt; uploadFiles &gt; handles invalid JSON response" time="0.0019024">
        </testcase>
        <testcase classname="src/services/__tests__/FieldUploadService.spec.ts" name="useFieldUpload &gt; uploadFiles &gt; handles empty files array in response" time="0.0015172">
        </testcase>
        <testcase classname="src/services/__tests__/FieldUploadService.spec.ts" name="useFieldUpload &gt; uploadFiles &gt; tracks upload progress percentage" time="0.0008214">
        </testcase>
        <testcase classname="src/services/__tests__/FieldUploadService.spec.ts" name="useFieldUpload &gt; uploadFiles &gt; opens XHR with correct method and URL" time="0.0013032">
        </testcase>
        <testcase classname="src/services/__tests__/FieldUploadService.spec.ts" name="useFieldUpload &gt; anti-forgery token &gt; reads token from DOM input and includes it in FormData" time="0.0050057">
        </testcase>
        <testcase classname="src/services/__tests__/FieldUploadService.spec.ts" name="useFieldUpload &gt; anti-forgery token &gt; returns empty string when no token input exists in DOM" time="0.0011995">
        </testcase>
        <testcase classname="src/services/__tests__/FieldUploadService.spec.ts" name="useFieldUpload &gt; uploadFiles with TUS enabled &gt; uses TUS when tusEnabled is true" time="0.0020669">
        </testcase>
        <testcase classname="src/services/__tests__/FieldUploadService.spec.ts" name="useFieldUpload &gt; uploadFiles with TUS enabled &gt; uses filePath when TusFileInfo omits mediaPath" time="0.001731">
        </testcase>
        <testcase classname="src/services/__tests__/FieldUploadService.spec.ts" name="useFieldUpload &gt; uploadFiles with TUS enabled &gt; handles TUS progress event" time="0.0012527">
        </testcase>
        <testcase classname="src/services/__tests__/FieldUploadService.spec.ts" name="useFieldUpload &gt; uploadFiles with TUS enabled &gt; rejects when TUS response has no uploadURL" time="0.0013903">
        </testcase>
        <testcase classname="src/services/__tests__/FieldUploadService.spec.ts" name="useFieldUpload &gt; uploadFiles with TUS enabled &gt; rejects when TUS file info request fails" time="0.0014672">
        </testcase>
        <testcase classname="src/services/__tests__/FieldUploadService.spec.ts" name="useFieldUpload &gt; uploadFiles with TUS enabled &gt; rejects when TUS file info fetch throws a network error" time="0.0014729">
        </testcase>
        <testcase classname="src/services/__tests__/FieldUploadService.spec.ts" name="useFieldUpload &gt; uploadFiles with TUS enabled &gt; handles TUS upload-error event" time="0.0015876">
        </testcase>
        <testcase classname="src/services/__tests__/FieldUploadService.spec.ts" name="useFieldUpload &gt; uploadFiles with TUS enabled &gt; handles TUS upload-error with null error" time="0.0014205">
        </testcase>
        <testcase classname="src/services/__tests__/FieldUploadService.spec.ts" name="useFieldUpload &gt; uploadFiles with TUS enabled &gt; uses default chunk size when maxUploadChunkSize is 0" time="0.0011861">
        </testcase>
        <testcase classname="src/services/__tests__/FieldUploadService.spec.ts" name="useFieldUpload &gt; uploadFiles with TUS enabled &gt; uses configured chunk size when maxUploadChunkSize &gt; 0" time="0.0012615">
        </testcase>
        <testcase classname="src/services/__tests__/FieldUploadService.spec.ts" name="useFieldUpload &gt; auto-remove on success &gt; schedules entry removal via setTimeout and callback removes entry" time="0.0098224">
        </testcase>
    </testsuite>
    <testsuite name="src/services/__tests__/FontAwesomeThumbnails.spec.ts" timestamp="2026-04-15T04:19:01.392Z" hostname="Nemo" tests="58" failures="0" errors="0" skipped="0" time="0.0109464">
        <testcase classname="src/services/__tests__/FontAwesomeThumbnails.spec.ts" name="getIconClassForFilename &gt; image extensions &gt; returns image icon for .jpg" time="0.0016086">
        </testcase>
        <testcase classname="src/services/__tests__/FontAwesomeThumbnails.spec.ts" name="getIconClassForFilename &gt; image extensions &gt; returns image icon for .jpeg" time="0.0001963">
        </testcase>
        <testcase classname="src/services/__tests__/FontAwesomeThumbnails.spec.ts" name="getIconClassForFilename &gt; image extensions &gt; returns image icon for .png" time="0.0000807">
        </testcase>
        <testcase classname="src/services/__tests__/FontAwesomeThumbnails.spec.ts" name="getIconClassForFilename &gt; image extensions &gt; returns image icon for .gif" time="0.0000714">
        </testcase>
        <testcase classname="src/services/__tests__/FontAwesomeThumbnails.spec.ts" name="getIconClassForFilename &gt; image extensions &gt; returns image icon for .webp" time="0.0001203">
        </testcase>
        <testcase classname="src/services/__tests__/FontAwesomeThumbnails.spec.ts" name="getIconClassForFilename &gt; image extensions &gt; returns image icon for .svg" time="0.0001343">
        </testcase>
        <testcase classname="src/services/__tests__/FontAwesomeThumbnails.spec.ts" name="getIconClassForFilename &gt; image extensions &gt; returns image icon for .bmp" time="0.0000801">
        </testcase>
        <testcase classname="src/services/__tests__/FontAwesomeThumbnails.spec.ts" name="getIconClassForFilename &gt; image extensions &gt; returns image icon for .ico" time="0.0000806">
        </testcase>
        <testcase classname="src/services/__tests__/FontAwesomeThumbnails.spec.ts" name="getIconClassForFilename &gt; document extensions &gt; returns pdf icon for .pdf" time="0.0001799">
        </testcase>
        <testcase classname="src/services/__tests__/FontAwesomeThumbnails.spec.ts" name="getIconClassForFilename &gt; document extensions &gt; returns word icon for .doc" time="0.0001723">
        </testcase>
        <testcase classname="src/services/__tests__/FontAwesomeThumbnails.spec.ts" name="getIconClassForFilename &gt; document extensions &gt; returns word icon for .docx" time="0.0001003">
        </testcase>
        <testcase classname="src/services/__tests__/FontAwesomeThumbnails.spec.ts" name="getIconClassForFilename &gt; document extensions &gt; returns powerpoint icon for .ppt" time="0.0001801">
        </testcase>
        <testcase classname="src/services/__tests__/FontAwesomeThumbnails.spec.ts" name="getIconClassForFilename &gt; document extensions &gt; returns powerpoint icon for .pptx" time="0.0001404">
        </testcase>
        <testcase classname="src/services/__tests__/FontAwesomeThumbnails.spec.ts" name="getIconClassForFilename &gt; document extensions &gt; returns excel icon for .xls" time="0.0001373">
        </testcase>
        <testcase classname="src/services/__tests__/FontAwesomeThumbnails.spec.ts" name="getIconClassForFilename &gt; document extensions &gt; returns excel icon for .xlsx" time="0.0001254">
        </testcase>
        <testcase classname="src/services/__tests__/FontAwesomeThumbnails.spec.ts" name="getIconClassForFilename &gt; document extensions &gt; returns file icon for .csv" time="0.0001354">
        </testcase>
        <testcase classname="src/services/__tests__/FontAwesomeThumbnails.spec.ts" name="getIconClassForFilename &gt; audio extensions &gt; returns audio icon for .aac" time="0.0001194">
        </testcase>
        <testcase classname="src/services/__tests__/FontAwesomeThumbnails.spec.ts" name="getIconClassForFilename &gt; audio extensions &gt; returns audio icon for .mp3" time="0.0001176">
        </testcase>
        <testcase classname="src/services/__tests__/FontAwesomeThumbnails.spec.ts" name="getIconClassForFilename &gt; audio extensions &gt; returns audio icon for .ogg" time="0.000085">
        </testcase>
        <testcase classname="src/services/__tests__/FontAwesomeThumbnails.spec.ts" name="getIconClassForFilename &gt; video extensions &gt; returns video icon for .avi" time="0.0001025">
        </testcase>
        <testcase classname="src/services/__tests__/FontAwesomeThumbnails.spec.ts" name="getIconClassForFilename &gt; video extensions &gt; returns video icon for .flv" time="0.0001107">
        </testcase>
        <testcase classname="src/services/__tests__/FontAwesomeThumbnails.spec.ts" name="getIconClassForFilename &gt; video extensions &gt; returns video icon for .mkv" time="0.0001415">
        </testcase>
        <testcase classname="src/services/__tests__/FontAwesomeThumbnails.spec.ts" name="getIconClassForFilename &gt; video extensions &gt; returns video icon for .mp4" time="0.0001096">
        </testcase>
        <testcase classname="src/services/__tests__/FontAwesomeThumbnails.spec.ts" name="getIconClassForFilename &gt; video extensions &gt; returns video icon for .webm" time="0.0001104">
        </testcase>
        <testcase classname="src/services/__tests__/FontAwesomeThumbnails.spec.ts" name="getIconClassForFilename &gt; archive extensions &gt; returns archive icon for .gz" time="0.0001177">
        </testcase>
        <testcase classname="src/services/__tests__/FontAwesomeThumbnails.spec.ts" name="getIconClassForFilename &gt; archive extensions &gt; returns archive icon for .zip" time="0.0001006">
        </testcase>
        <testcase classname="src/services/__tests__/FontAwesomeThumbnails.spec.ts" name="getIconClassForFilename &gt; code extensions &gt; returns code icon for .css" time="0.0001209">
        </testcase>
        <testcase classname="src/services/__tests__/FontAwesomeThumbnails.spec.ts" name="getIconClassForFilename &gt; code extensions &gt; returns code icon for .html" time="0.0000843">
        </testcase>
        <testcase classname="src/services/__tests__/FontAwesomeThumbnails.spec.ts" name="getIconClassForFilename &gt; code extensions &gt; returns code icon for .js" time="0.0000794">
        </testcase>
        <testcase classname="src/services/__tests__/FontAwesomeThumbnails.spec.ts" name="getIconClassForFilename &gt; text extension &gt; returns text icon for .txt" time="0.0001794">
        </testcase>
        <testcase classname="src/services/__tests__/FontAwesomeThumbnails.spec.ts" name="getIconClassForFilename &gt; unknown and edge cases &gt; returns default file icon for unknown extension" time="0.0001823">
        </testcase>
        <testcase classname="src/services/__tests__/FontAwesomeThumbnails.spec.ts" name="getIconClassForFilename &gt; unknown and edge cases &gt; returns default file icon for empty filename" time="0.0001153">
        </testcase>
        <testcase classname="src/services/__tests__/FontAwesomeThumbnails.spec.ts" name="getIconClassForFilename &gt; unknown and edge cases &gt; returns default file icon for filename without extension" time="0.0003055">
        </testcase>
        <testcase classname="src/services/__tests__/FontAwesomeThumbnails.spec.ts" name="getIconClassForFilename &gt; case insensitivity &gt; handles uppercase JPG" time="0.000122">
        </testcase>
        <testcase classname="src/services/__tests__/FontAwesomeThumbnails.spec.ts" name="getIconClassForFilename &gt; case insensitivity &gt; handles uppercase PDF" time="0.0000881">
        </testcase>
        <testcase classname="src/services/__tests__/FontAwesomeThumbnails.spec.ts" name="getIconClassForFilename &gt; case insensitivity &gt; handles mixed case Png" time="0.0000889">
        </testcase>
        <testcase classname="src/services/__tests__/FontAwesomeThumbnails.spec.ts" name="getIconClassForFilename &gt; sizeClass parameter &gt; appends sizeClass when provided" time="0.0001064">
        </testcase>
        <testcase classname="src/services/__tests__/FontAwesomeThumbnails.spec.ts" name="getIconClassForFilename &gt; sizeClass parameter &gt; does not append extra space when sizeClass is empty" time="0.0000777">
        </testcase>
        <testcase classname="src/services/__tests__/FontAwesomeThumbnails.spec.ts" name="getIconClassForFilename &gt; sizeClass parameter &gt; appends sizeClass to default icon for unknown extension" time="0.0001139">
        </testcase>
        <testcase classname="src/services/__tests__/FontAwesomeThumbnails.spec.ts" name="isImageExtension &gt; returns true for image extensions &gt; returns true for gif" time="0.0003609">
        </testcase>
        <testcase classname="src/services/__tests__/FontAwesomeThumbnails.spec.ts" name="isImageExtension &gt; returns true for image extensions &gt; returns true for jpeg" time="0.0001436">
        </testcase>
        <testcase classname="src/services/__tests__/FontAwesomeThumbnails.spec.ts" name="isImageExtension &gt; returns true for image extensions &gt; returns true for jpg" time="0.0000994">
        </testcase>
        <testcase classname="src/services/__tests__/FontAwesomeThumbnails.spec.ts" name="isImageExtension &gt; returns true for image extensions &gt; returns true for png" time="0.0000653">
        </testcase>
        <testcase classname="src/services/__tests__/FontAwesomeThumbnails.spec.ts" name="isImageExtension &gt; returns true for image extensions &gt; returns true for webp" time="0.0000645">
        </testcase>
        <testcase classname="src/services/__tests__/FontAwesomeThumbnails.spec.ts" name="isImageExtension &gt; returns true for image extensions &gt; returns true for svg" time="0.0000563">
        </testcase>
        <testcase classname="src/services/__tests__/FontAwesomeThumbnails.spec.ts" name="isImageExtension &gt; returns true for image extensions &gt; returns true for bmp" time="0.0000603">
        </testcase>
        <testcase classname="src/services/__tests__/FontAwesomeThumbnails.spec.ts" name="isImageExtension &gt; returns true for image extensions &gt; returns true for ico" time="0.0000554">
        </testcase>
        <testcase classname="src/services/__tests__/FontAwesomeThumbnails.spec.ts" name="isImageExtension &gt; returns false for non-image extensions &gt; returns false for pdf" time="0.0001203">
        </testcase>
        <testcase classname="src/services/__tests__/FontAwesomeThumbnails.spec.ts" name="isImageExtension &gt; returns false for non-image extensions &gt; returns false for doc" time="0.0000901">
        </testcase>
        <testcase classname="src/services/__tests__/FontAwesomeThumbnails.spec.ts" name="isImageExtension &gt; returns false for non-image extensions &gt; returns false for mp3" time="0.0000955">
        </testcase>
        <testcase classname="src/services/__tests__/FontAwesomeThumbnails.spec.ts" name="isImageExtension &gt; returns false for non-image extensions &gt; returns false for mp4" time="0.0000631">
        </testcase>
        <testcase classname="src/services/__tests__/FontAwesomeThumbnails.spec.ts" name="isImageExtension &gt; returns false for non-image extensions &gt; returns false for zip" time="0.0000681">
        </testcase>
        <testcase classname="src/services/__tests__/FontAwesomeThumbnails.spec.ts" name="isImageExtension &gt; returns false for non-image extensions &gt; returns false for js" time="0.0000582">
        </testcase>
        <testcase classname="src/services/__tests__/FontAwesomeThumbnails.spec.ts" name="isImageExtension &gt; returns false for non-image extensions &gt; returns false for txt" time="0.0000618">
        </testcase>
        <testcase classname="src/services/__tests__/FontAwesomeThumbnails.spec.ts" name="isImageExtension &gt; returns false for non-image extensions &gt; returns false for csv" time="0.000059">
        </testcase>
        <testcase classname="src/services/__tests__/FontAwesomeThumbnails.spec.ts" name="isImageExtension &gt; handles leading dot" time="0.0001455">
        </testcase>
        <testcase classname="src/services/__tests__/FontAwesomeThumbnails.spec.ts" name="isImageExtension &gt; is case insensitive" time="0.0001408">
        </testcase>
        <testcase classname="src/services/__tests__/FontAwesomeThumbnails.spec.ts" name="isImageExtension &gt; returns false for empty string" time="0.0000705">
        </testcase>
    </testsuite>
</testsuites>
