<?xml version="1.0" encoding="UTF-8" ?>
<testsuites name="vitest tests" tests="278" failures="0" errors="0" time="2.65">
    <testsuite name="src/__tests__/main.spec.ts" timestamp="2026-04-15T03:56:15.845Z" hostname="Nemo" tests="17" failures="0" errors="0" skipped="0" time="0.8693451">
        <testcase classname="src/__tests__/main.spec.ts" name="main.ts &gt; mountMediaField &gt; mounts a Vue app on the given element" time="0.4011603">
        </testcase>
        <testcase classname="src/__tests__/main.spec.ts" name="main.ts &gt; mountMediaField &gt; reads config from data attributes" time="0.0154269">
        </testcase>
        <testcase classname="src/__tests__/main.spec.ts" name="main.ts &gt; mountMediaField &gt; reads translations with defaults when data-translations is absent" time="0.0159842">
        </testcase>
        <testcase classname="src/__tests__/main.spec.ts" name="main.ts &gt; mountMediaField &gt; reads custom translations from data-translations" time="0.0104459">
        </testcase>
        <testcase classname="src/__tests__/main.spec.ts" name="main.ts &gt; mountAttachedMediaField &gt; reads attached config including uploadAction and tempUploadFolder" time="0.0204957">
        </testcase>
        <testcase classname="src/__tests__/main.spec.ts" name="main.ts &gt; mountAttachedMediaField &gt; handles missing attached-specific attributes gracefully" time="0.0130663">
        </testcase>
        <testcase classname="src/__tests__/main.spec.ts" name="main.ts &gt; mountGalleryMediaField &gt; mounts a gallery field on the element" time="0.017566">
        </testcase>
        <testcase classname="src/__tests__/main.spec.ts" name="main.ts &gt; readConfig (via mountMediaField) &gt; parses paths JSON" time="0.1135982">
        </testcase>
        <testcase classname="src/__tests__/main.spec.ts" name="main.ts &gt; readConfig (via mountMediaField) &gt; handles invalid JSON for paths without throwing" time="0.0270296">
        </testcase>
        <testcase classname="src/__tests__/main.spec.ts" name="main.ts &gt; readConfig (via mountMediaField) &gt; reads boolean attributes correctly" time="0.0177804">
        </testcase>
        <testcase classname="src/__tests__/main.spec.ts" name="main.ts &gt; readTranslations (via mountMediaField) &gt; falls back to defaults when data-translations is missing" time="0.0703433">
        </testcase>
        <testcase classname="src/__tests__/main.spec.ts" name="main.ts &gt; readTranslations (via mountMediaField) &gt; falls back to defaults when data-translations contains invalid JSON" time="0.015588">
        </testcase>
        <testcase classname="src/__tests__/main.spec.ts" name="main.ts &gt; readTranslations (via mountMediaField) &gt; merges custom translations over defaults" time="0.0151687">
        </testcase>
        <testcase classname="src/__tests__/main.spec.ts" name="main.ts &gt; autoMount &gt; auto-mounts elements with data-media-field-type on import" time="0.0366334">
        </testcase>
        <testcase classname="src/__tests__/main.spec.ts" name="main.ts &gt; autoMount &gt; auto-mounts multiple element types" time="0.0376965">
        </testcase>
        <testcase classname="src/__tests__/main.spec.ts" name="main.ts &gt; autoMount &gt; skips elements that are already mounted" time="0.0200121">
        </testcase>
        <testcase classname="src/__tests__/main.spec.ts" name="main.ts &gt; autoMount &gt; ignores elements with unknown media-field-type" time="0.0189499">
        </testcase>
    </testsuite>
    <testsuite name="src/components/__tests__/GalleryCardItem.spec.ts" timestamp="2026-04-15T03:56:15.851Z" hostname="Nemo" tests="12" failures="0" errors="0" skipped="0" time="0.10091">
        <testcase classname="src/components/__tests__/GalleryCardItem.spec.ts" name="GalleryCardItem &gt; renders for normal image item" time="0.0353519">
        </testcase>
        <testcase classname="src/components/__tests__/GalleryCardItem.spec.ts" name="GalleryCardItem &gt; renders file icon for non-image" time="0.0077281">
        </testcase>
        <testcase classname="src/components/__tests__/GalleryCardItem.spec.ts" name="GalleryCardItem &gt; shows transient warning" time="0.0060028">
        </testcase>
        <testcase classname="src/components/__tests__/GalleryCardItem.spec.ts" name="GalleryCardItem &gt; shows not-found error" time="0.0039392">
        </testcase>
        <testcase classname="src/components/__tests__/GalleryCardItem.spec.ts" name="GalleryCardItem &gt; hidden when isRemoved" time="0.002432">
        </testcase>
        <testcase classname="src/components/__tests__/GalleryCardItem.spec.ts" name="GalleryCardItem &gt; emits editMediaText on button click" time="0.0104491">
        </testcase>
        <testcase classname="src/components/__tests__/GalleryCardItem.spec.ts" name="GalleryCardItem &gt; emits editAnchor on button click" time="0.006349">
        </testcase>
        <testcase classname="src/components/__tests__/GalleryCardItem.spec.ts" name="GalleryCardItem &gt; emits deleteMedia on trash click" time="0.007216">
        </testcase>
        <testcase classname="src/components/__tests__/GalleryCardItem.spec.ts" name="GalleryCardItem &gt; uses 120px thumb size for &apos;sm&apos;" time="0.0044793">
        </testcase>
        <testcase classname="src/components/__tests__/GalleryCardItem.spec.ts" name="GalleryCardItem &gt; uses 240px thumb size for &apos;lg&apos;" time="0.0043216">
        </testcase>
        <testcase classname="src/components/__tests__/GalleryCardItem.spec.ts" name="GalleryCardItem &gt; shows filled comment icon when mediaText exists" time="0.006018">
        </testcase>
        <testcase classname="src/components/__tests__/GalleryCardItem.spec.ts" name="GalleryCardItem &gt; shows outline comment icon when no mediaText" time="0.0045735">
        </testcase>
    </testsuite>
    <testsuite name="src/components/__tests__/GalleryContainer.spec.ts" timestamp="2026-04-15T03:56:15.854Z" hostname="Nemo" tests="13" failures="0" errors="0" skipped="0" time="0.1734172">
        <testcase classname="src/components/__tests__/GalleryContainer.spec.ts" name="GalleryContainer &gt; renders in grid view by default" time="0.0346584">
            <system-err>
[Vue warn]: withDirectives can only be used inside render functions.
[Vue warn]: withDirectives can only be used inside render functions.

            </system-err>
        </testcase>
        <testcase classname="src/components/__tests__/GalleryContainer.spec.ts" name="GalleryContainer &gt; shows add card in grid view" time="0.0059935">
            <system-err>
[Vue warn]: withDirectives can only be used inside render functions.
[Vue warn]: withDirectives can only be used inside render functions.

            </system-err>
        </testcase>
        <testcase classname="src/components/__tests__/GalleryContainer.spec.ts" name="GalleryContainer &gt; toggles to list view on button click" time="0.0105962">
            <system-err>
[Vue warn]: withDirectives can only be used inside render functions.
[Vue warn]: withDirectives can only be used inside render functions.
[Vue warn]: withDirectives can only be used inside render functions.
[Vue warn]: withDirectives can only be used inside render functions.

            </system-err>
        </testcase>
        <testcase classname="src/components/__tests__/GalleryContainer.spec.ts" name="GalleryContainer &gt; shows &apos;Add media&apos; empty item in list when no items" time="0.005696">
            <system-err>
[Vue warn]: withDirectives can only be used inside render functions.
[Vue warn]: withDirectives can only be used inside render functions.
[Vue warn]: withDirectives can only be used inside render functions.
[Vue warn]: withDirectives can only be used inside render functions.

            </system-err>
        </testcase>
        <testcase classname="src/components/__tests__/GalleryContainer.spec.ts" name="GalleryContainer &gt; renders all items including duplicates" time="0.015182">
            <system-err>
[Vue warn]: withDirectives can only be used inside render functions.
[Vue warn]: withDirectives can only be used inside render functions.

            </system-err>
        </testcase>
        <testcase classname="src/components/__tests__/GalleryContainer.spec.ts" name="GalleryContainer &gt; filters out isRemoved items" time="0.0073575">
            <system-err>
[Vue warn]: withDirectives can only be used inside render functions.
[Vue warn]: withDirectives can only be used inside render functions.

            </system-err>
        </testcase>
        <testcase classname="src/components/__tests__/GalleryContainer.spec.ts" name="GalleryContainer &gt; emits showPicker on add button click" time="0.0094697">
            <system-err>
[Vue warn]: withDirectives can only be used inside render functions.
[Vue warn]: withDirectives can only be used inside render functions.

            </system-err>
        </testcase>
        <testcase classname="src/components/__tests__/GalleryContainer.spec.ts" name="GalleryContainer &gt; emits reorder on drag-drop (test via component method call)" time="0.0088111">
            <system-err>
[Vue warn]: withDirectives can only be used inside render functions.
[Vue warn]: withDirectives can only be used inside render functions.

            </system-err>
        </testcase>
        <testcase classname="src/components/__tests__/GalleryContainer.spec.ts" name="GalleryContainer &gt; saves/loads view prefs from localStorage" time="0.0114073">
            <system-err>
[Vue warn]: withDirectives can only be used inside render functions.
[Vue warn]: withDirectives can only be used inside render functions.
[Vue warn]: withDirectives can only be used inside render functions.
[Vue warn]: withDirectives can only be used inside render functions.

            </system-err>
        </testcase>
        <testcase classname="src/components/__tests__/GalleryContainer.spec.ts" name="GalleryContainer &gt; enforces single item for non-multiple mode (watch fires reorder)" time="0.0106701">
        </testcase>
        <testcase classname="src/components/__tests__/GalleryContainer.spec.ts" name="GalleryContainer &gt; handles invalid localStorage gracefully (catch block)" time="0.0054933">
            <system-err>
[Vue warn]: withDirectives can only be used inside render functions.
[Vue warn]: withDirectives can only be used inside render functions.

            </system-err>
        </testcase>
        <testcase classname="src/components/__tests__/GalleryContainer.spec.ts" name="GalleryContainer &gt; onDragEnd resets draggedItem" time="0.0350379">
            <system-err>
[Vue warn]: withDirectives can only be used inside render functions.
[Vue warn]: withDirectives can only be used inside render functions.

            </system-err>
        </testcase>
        <testcase classname="src/components/__tests__/GalleryContainer.spec.ts" name="GalleryContainer &gt; grid size toggle between sm and lg" time="0.0109431">
            <system-err>
[Vue warn]: withDirectives can only be used inside render functions.
[Vue warn]: withDirectives can only be used inside render functions.
[Vue warn]: withDirectives can only be used inside render functions.
[Vue warn]: withDirectives can only be used inside render functions.
[Vue warn]: withDirectives can only be used inside render functions.
[Vue warn]: withDirectives can only be used inside render functions.

            </system-err>
        </testcase>
    </testsuite>
    <testsuite name="src/components/__tests__/GalleryListItem.spec.ts" timestamp="2026-04-15T03:56:15.857Z" hostname="Nemo" tests="15" failures="0" errors="0" skipped="0" time="0.1092121">
        <testcase classname="src/components/__tests__/GalleryListItem.spec.ts" name="GalleryListItem &gt; renders media name for normal item" time="0.0238329">
        </testcase>
        <testcase classname="src/components/__tests__/GalleryListItem.spec.ts" name="GalleryListItem &gt; shows &apos;Temporarily unavailable&apos; for transient error" time="0.0035184">
        </testcase>
        <testcase classname="src/components/__tests__/GalleryListItem.spec.ts" name="GalleryListItem &gt; shows &apos;Media not found&apos; for not-found error" time="0.0035">
        </testcase>
        <testcase classname="src/components/__tests__/GalleryListItem.spec.ts" name="GalleryListItem &gt; hidden when isRemoved is true" time="0.0027999">
        </testcase>
        <testcase classname="src/components/__tests__/GalleryListItem.spec.ts" name="GalleryListItem &gt; shows image thumbnail for image mime" time="0.010111">
        </testcase>
        <testcase classname="src/components/__tests__/GalleryListItem.spec.ts" name="GalleryListItem &gt; shows icon for non-image" time="0.0072541">
        </testcase>
        <testcase classname="src/components/__tests__/GalleryListItem.spec.ts" name="GalleryListItem &gt; shows mediaText button when allowMediaText and no error" time="0.0055617">
        </testcase>
        <testcase classname="src/components/__tests__/GalleryListItem.spec.ts" name="GalleryListItem &gt; hides mediaText button when error" time="0.0042238">
        </testcase>
        <testcase classname="src/components/__tests__/GalleryListItem.spec.ts" name="GalleryListItem &gt; shows anchor button for images when allowAnchors" time="0.0051621">
        </testcase>
        <testcase classname="src/components/__tests__/GalleryListItem.spec.ts" name="GalleryListItem &gt; hides anchor button for non-images" time="0.0044888">
        </testcase>
        <testcase classname="src/components/__tests__/GalleryListItem.spec.ts" name="GalleryListItem &gt; emits editMediaText on button click" time="0.0106933">
        </testcase>
        <testcase classname="src/components/__tests__/GalleryListItem.spec.ts" name="GalleryListItem &gt; emits editAnchor on button click" time="0.0047832">
        </testcase>
        <testcase classname="src/components/__tests__/GalleryListItem.spec.ts" name="GalleryListItem &gt; emits deleteMedia on trash click" time="0.0102813">
        </testcase>
        <testcase classname="src/components/__tests__/GalleryListItem.spec.ts" name="GalleryListItem &gt; is draggable when allowMultiple" time="0.0061072">
        </testcase>
        <testcase classname="src/components/__tests__/GalleryListItem.spec.ts" name="GalleryListItem &gt; is not draggable when allowMultiple is false" time="0.0050201">
        </testcase>
    </testsuite>
    <testsuite name="src/components/__tests__/MediaFieldAttached.spec.ts" timestamp="2026-04-15T03:56:15.859Z" hostname="Nemo" tests="30" failures="0" errors="0" skipped="0" time="0.3918524">
        <testcase classname="src/components/__tests__/MediaFieldAttached.spec.ts" name="MediaFieldAttached &gt; renders hidden input with serialized paths" time="0.0519715">
            <system-err>
[Vue warn]: Missing ref owner context. ref cannot be used on hoisted vnodes. A vnode with ref must be created inside the render function. 
  at &lt;ThumbsContainer media-items= [] selected-media=null thumb-size=240  ... &gt; 
  at &lt;MediaFieldAttached config= {
  paths: [],
  multiple: [33mfalse[39m,
  allowMediaText: [33mfalse[39m,
  allowAnchors: [33mfalse[39m,
  allowedExtensions: [32m&apos;&apos;[39m,
  mediaItemUrl: [32m&apos;/api/media&apos;[39m,
  uploadAction: [32m&apos;/api/upload&apos;[39m,
  tempUploadFolder: [32m&apos;/temp&apos;[39m
} inputName=&quot;AttachedField&quot; ref=&quot;VTU_COMPONENT&quot; &gt; 
  at &lt;VTUROOT&gt;
[Vue warn]: withDirectives can only be used inside render functions.
[Vue warn]: withDirectives can only be used inside render functions.

            </system-err>
        </testcase>
        <testcase classname="src/components/__tests__/MediaFieldAttached.spec.ts" name="MediaFieldAttached &gt; loadInitialPaths works" time="0.0175881">
            <system-err>
[Vue warn]: Missing ref owner context. ref cannot be used on hoisted vnodes. A vnode with ref must be created inside the render function. 
  at &lt;ThumbsContainer media-items= [] selected-media=null thumb-size=240  ... &gt; 
  at &lt;MediaFieldAttached config= {
  paths: [ { path: [32m&apos;test/test.jpg&apos;[39m } ],
  multiple: [33mfalse[39m,
  allowMediaText: [33mfalse[39m,
  allowAnchors: [33mfalse[39m,
  allowedExtensions: [32m&apos;&apos;[39m,
  mediaItemUrl: [32m&apos;/api/media&apos;[39m,
  uploadAction: [32m&apos;/api/upload&apos;[39m,
  tempUploadFolder: [32m&apos;/temp&apos;[39m
} inputName=&quot;AttachedField&quot; ref=&quot;VTU_COMPONENT&quot; &gt; 
  at &lt;VTUROOT&gt;
[Vue warn]: withDirectives can only be used inside render functions.
[Vue warn]: withDirectives can only be used inside render functions.

            </system-err>
        </testcase>
        <testcase classname="src/components/__tests__/MediaFieldAttached.spec.ts" name="MediaFieldAttached &gt; handles file input change (onFileInputChange)" time="0.0360525">
            <system-err>
[Vue warn]: Missing ref owner context. ref cannot be used on hoisted vnodes. A vnode with ref must be created inside the render function. 
  at &lt;ThumbsContainer media-items= [] selected-media=null thumb-size=240  ... &gt; 
  at &lt;MediaFieldAttached config= {
  paths: [],
  multiple: [33mtrue[39m,
  allowMediaText: [33mfalse[39m,
  allowAnchors: [33mfalse[39m,
  allowedExtensions: [32m&apos;&apos;[39m,
  mediaItemUrl: [32m&apos;/api/media&apos;[39m,
  uploadAction: [32m&apos;/api/upload&apos;[39m,
  tempUploadFolder: [32m&apos;/temp&apos;[39m
} inputName=&quot;AttachedField&quot; ref=&quot;VTU_COMPONENT&quot; &gt; 
  at &lt;VTUROOT&gt;
[Vue warn]: withDirectives can only be used inside render functions.
[Vue warn]: withDirectives can only be used inside render functions.

            </system-err>
        </testcase>
        <testcase classname="src/components/__tests__/MediaFieldAttached.spec.ts" name="MediaFieldAttached &gt; handles drag-drop (onDrop)" time="0.036152">
            <system-err>
[Vue warn]: Missing ref owner context. ref cannot be used on hoisted vnodes. A vnode with ref must be created inside the render function. 
  at &lt;ThumbsContainer media-items= [] selected-media=null thumb-size=240  ... &gt; 
  at &lt;MediaFieldAttached config= {
  paths: [],
  multiple: [33mtrue[39m,
  allowMediaText: [33mfalse[39m,
  allowAnchors: [33mfalse[39m,
  allowedExtensions: [32m&apos;&apos;[39m,
  mediaItemUrl: [32m&apos;/api/media&apos;[39m,
  uploadAction: [32m&apos;/api/upload&apos;[39m,
  tempUploadFolder: [32m&apos;/temp&apos;[39m
} inputName=&quot;AttachedField&quot; ref=&quot;VTU_COMPONENT&quot; &gt; 
  at &lt;VTUROOT&gt;
[Vue warn]: withDirectives can only be used inside render functions.
[Vue warn]: withDirectives can only be used inside render functions.

            </system-err>
        </testcase>
        <testcase classname="src/components/__tests__/MediaFieldAttached.spec.ts" name="MediaFieldAttached &gt; handleFiles calls uploadService.uploadFiles" time="0.0166294">
            <system-err>
[Vue warn]: Missing ref owner context. ref cannot be used on hoisted vnodes. A vnode with ref must be created inside the render function. 
  at &lt;ThumbsContainer media-items= [] selected-media=null thumb-size=240  ... &gt; 
  at &lt;MediaFieldAttached config= {
  paths: [],
  multiple: [33mtrue[39m,
  allowMediaText: [33mfalse[39m,
  allowAnchors: [33mfalse[39m,
  allowedExtensions: [32m&apos;&apos;[39m,
  mediaItemUrl: [32m&apos;/api/media&apos;[39m,
  uploadAction: [32m&apos;/api/upload&apos;[39m,
  tempUploadFolder: [32m&apos;/temp&apos;[39m
} inputName=&quot;AttachedField&quot; ref=&quot;VTU_COMPONENT&quot; &gt; 
  at &lt;VTUROOT&gt;
[Vue warn]: withDirectives can only be used inside render functions.
[Vue warn]: withDirectives can only be used inside render functions.

            </system-err>
        </testcase>
        <testcase classname="src/components/__tests__/MediaFieldAttached.spec.ts" name="MediaFieldAttached &gt; handleFiles adds uploaded items to mediaItems" time="0.0112584">
            <system-err>
[Vue warn]: Missing ref owner context. ref cannot be used on hoisted vnodes. A vnode with ref must be created inside the render function. 
  at &lt;ThumbsContainer media-items= [] selected-media=null thumb-size=240  ... &gt; 
  at &lt;MediaFieldAttached config= {
  paths: [],
  multiple: [33mtrue[39m,
  allowMediaText: [33mfalse[39m,
  allowAnchors: [33mfalse[39m,
  allowedExtensions: [32m&apos;&apos;[39m,
  mediaItemUrl: [32m&apos;/api/media&apos;[39m,
  uploadAction: [32m&apos;/api/upload&apos;[39m,
  tempUploadFolder: [32m&apos;/temp&apos;[39m
} inputName=&quot;AttachedField&quot; ref=&quot;VTU_COMPONENT&quot; &gt; 
  at &lt;VTUROOT&gt;
[Vue warn]: withDirectives can only be used inside render functions.
[Vue warn]: withDirectives can only be used inside render functions.

            </system-err>
        </testcase>
        <testcase classname="src/components/__tests__/MediaFieldAttached.spec.ts" name="MediaFieldAttached &gt; canAddMedia false for single mode with item" time="0.0194032">
            <system-err>
[Vue warn]: Missing ref owner context. ref cannot be used on hoisted vnodes. A vnode with ref must be created inside the render function. 
  at &lt;ThumbsContainer media-items= [] selected-media=null thumb-size=240  ... &gt; 
  at &lt;MediaFieldAttached config= {
  paths: [],
  multiple: [33mfalse[39m,
  allowMediaText: [33mfalse[39m,
  allowAnchors: [33mfalse[39m,
  allowedExtensions: [32m&apos;&apos;[39m,
  mediaItemUrl: [32m&apos;/api/media&apos;[39m,
  uploadAction: [32m&apos;/api/upload&apos;[39m,
  tempUploadFolder: [32m&apos;/temp&apos;[39m
} inputName=&quot;AttachedField&quot; ref=&quot;VTU_COMPONENT&quot; &gt; 
  at &lt;VTUROOT&gt;
[Vue warn]: withDirectives can only be used inside render functions.
[Vue warn]: withDirectives can only be used inside render functions.

[Vue warn]: Missing ref owner context. ref cannot be used on hoisted vnodes. A vnode with ref must be created inside the render function. 
  at &lt;ThumbsContainer media-items= [
  {
    name: [32m&apos;uuid-a.jpg&apos;[39m,
    mime: [32m&apos;image/jpeg&apos;[39m,
    mediaPath: [32m&apos;temp/uuid-a.jpg&apos;[39m,
    url: [32m&apos;/u&apos;[39m,
    size: [33m100[39m,
    isNew: [33mtrue[39m,
    attachedFileName: [32m&apos;a.jpg&apos;[39m,
    vuekey: [32m&apos;uuid-a.jpg17762253755170&apos;[39m
  }
] selected-media= {
  name: [32m&apos;uuid-a.jpg&apos;[39m,
  mime: [32m&apos;image/jpeg&apos;[39m,
  mediaPath: [32m&apos;temp/uuid-a.jpg&apos;[39m,
  url: [32m&apos;/u&apos;[39m,
  size: [33m100[39m,
  isNew: [33mtrue[39m,
  attachedFileName: [32m&apos;a.jpg&apos;[39m,
  vuekey: [32m&apos;uuid-a.jpg17762253755170&apos;[39m
} thumb-size=240  ... &gt; 
  at &lt;MediaFieldAttached config= {
  paths: [],
  multiple: [33mfalse[39m,
  allowMediaText: [33mfalse[39m,
  allowAnchors: [33mfalse[39m,
  allowedExtensions: [32m&apos;&apos;[39m,
  mediaItemUrl: [32m&apos;/api/media&apos;[39m,
  uploadAction: [32m&apos;/api/upload&apos;[39m,
  tempUploadFolder: [32m&apos;/temp&apos;[39m
} inputName=&quot;AttachedField&quot; ref=&quot;VTU_COMPONENT&quot; &gt; 
  at &lt;VTUROOT&gt;

            </system-err>
        </testcase>
        <testcase classname="src/components/__tests__/MediaFieldAttached.spec.ts" name="MediaFieldAttached &gt; removeSelected works" time="0.0157281">
            <system-err>
[Vue warn]: Missing ref owner context. ref cannot be used on hoisted vnodes. A vnode with ref must be created inside the render function. 
  at &lt;ThumbsContainer media-items= [] selected-media=null thumb-size=240  ... &gt; 
  at &lt;MediaFieldAttached config= {
  paths: [ { path: [32m&apos;test/test.jpg&apos;[39m } ],
  multiple: [33mtrue[39m,
  allowMediaText: [33mfalse[39m,
  allowAnchors: [33mfalse[39m,
  allowedExtensions: [32m&apos;&apos;[39m,
  mediaItemUrl: [32m&apos;/api/media&apos;[39m,
  uploadAction: [32m&apos;/api/upload&apos;[39m,
  tempUploadFolder: [32m&apos;/temp&apos;[39m
} inputName=&quot;AttachedField&quot; ref=&quot;VTU_COMPONENT&quot; &gt; 
  at &lt;VTUROOT&gt;
[Vue warn]: withDirectives can only be used inside render functions.
[Vue warn]: withDirectives can only be used inside render functions.

[Vue warn]: Component emitted event &quot;select-media&quot; but it is neither declared in the emits option nor as an &quot;onSelectMedia&quot; prop.
[Vue warn]: Missing ref owner context. ref cannot be used on hoisted vnodes. A vnode with ref must be created inside the render function. 
  at &lt;ThumbsContainer media-items= [
  {
    name: [32m&apos;test.jpg&apos;[39m,
    mime: [32m&apos;image/jpeg&apos;[39m,
    mediaPath: [32m&apos;test/test.jpg&apos;[39m,
    url: [32m&apos;/media/test.jpg&apos;[39m,
    mediaText: [90mundefined[39m,
    anchor: [90mundefined[39m,
    attachedFileName: [90mundefined[39m,
    vuekey: [32m&apos;test.jpg0&apos;[39m
  }
] selected-media= {
  name: [32m&apos;test.jpg&apos;[39m,
  mime: [32m&apos;image/jpeg&apos;[39m,
  mediaPath: [32m&apos;test/test.jpg&apos;[39m,
  url: [32m&apos;/media/test.jpg&apos;[39m,
  mediaText: [90mundefined[39m,
  anchor: [90mundefined[39m,
  attachedFileName: [90mundefined[39m,
  vuekey: [32m&apos;test.jpg0&apos;[39m
} thumb-size=240  ... &gt; 
  at &lt;MediaFieldAttached config= {
  paths: [ { path: [32m&apos;test/test.jpg&apos;[39m } ],
  multiple: [33mtrue[39m,
  allowMediaText: [33mfalse[39m,
  allowAnchors: [33mfalse[39m,
  allowedExtensions: [32m&apos;&apos;[39m,
  mediaItemUrl: [32m&apos;/api/media&apos;[39m,
  uploadAction: [32m&apos;/api/upload&apos;[39m,
  tempUploadFolder: [32m&apos;/temp&apos;[39m
} inputName=&quot;AttachedField&quot; ref=&quot;VTU_COMPONENT&quot; &gt; 
  at &lt;VTUROOT&gt;

            </system-err>
        </testcase>
        <testcase classname="src/components/__tests__/MediaFieldAttached.spec.ts" name="MediaFieldAttached &gt; drag zone shows overlay when dragging over" time="0.0105852">
            <system-err>
[Vue warn]: Missing ref owner context. ref cannot be used on hoisted vnodes. A vnode with ref must be created inside the render function. 
  at &lt;ThumbsContainer media-items= [] selected-media=null thumb-size=240  ... &gt; 
  at &lt;MediaFieldAttached config= {
  paths: [],
  multiple: [33mtrue[39m,
  allowMediaText: [33mfalse[39m,
  allowAnchors: [33mfalse[39m,
  allowedExtensions: [32m&apos;&apos;[39m,
  mediaItemUrl: [32m&apos;/api/media&apos;[39m,
  uploadAction: [32m&apos;/api/upload&apos;[39m,
  tempUploadFolder: [32m&apos;/temp&apos;[39m
} inputName=&quot;AttachedField&quot; ref=&quot;VTU_COMPONENT&quot; &gt; 
  at &lt;VTUROOT&gt;
[Vue warn]: withDirectives can only be used inside render functions.
[Vue warn]: withDirectives can only be used inside render functions.

            </system-err>
        </testcase>
        <testcase classname="src/components/__tests__/MediaFieldAttached.spec.ts" name="MediaFieldAttached &gt; serializedPaths includes isNew, isRemoved, attachedFileName" time="0.0103812">
            <system-err>
[Vue warn]: Missing ref owner context. ref cannot be used on hoisted vnodes. A vnode with ref must be created inside the render function. 
  at &lt;ThumbsContainer media-items= [] selected-media=null thumb-size=240  ... &gt; 
  at &lt;MediaFieldAttached config= {
  paths: [],
  multiple: [33mtrue[39m,
  allowMediaText: [33mfalse[39m,
  allowAnchors: [33mfalse[39m,
  allowedExtensions: [32m&apos;&apos;[39m,
  mediaItemUrl: [32m&apos;/api/media&apos;[39m,
  uploadAction: [32m&apos;/api/upload&apos;[39m,
  tempUploadFolder: [32m&apos;/temp&apos;[39m
} inputName=&quot;AttachedField&quot; ref=&quot;VTU_COMPONENT&quot; &gt; 
  at &lt;VTUROOT&gt;
[Vue warn]: withDirectives can only be used inside render functions.
[Vue warn]: withDirectives can only be used inside render functions.

[Vue warn]: Missing ref owner context. ref cannot be used on hoisted vnodes. A vnode with ref must be created inside the render function. 
  at &lt;ThumbsContainer media-items= [
  {
    name: [32m&apos;uuid-file.jpg&apos;[39m,
    mime: [32m&apos;image/jpeg&apos;[39m,
    mediaPath: [32m&apos;temp/uuid-file.jpg&apos;[39m,
    url: [32m&apos;/u&apos;[39m,
    size: [33m100[39m,
    isNew: [33mtrue[39m,
    attachedFileName: [32m&apos;file.jpg&apos;[39m,
    vuekey: [32m&apos;uuid-file.jpg17762253755610&apos;[39m
  }
] selected-media=null thumb-size=240  ... &gt; 
  at &lt;MediaFieldAttached config= {
  paths: [],
  multiple: [33mtrue[39m,
  allowMediaText: [33mfalse[39m,
  allowAnchors: [33mfalse[39m,
  allowedExtensions: [32m&apos;&apos;[39m,
  mediaItemUrl: [32m&apos;/api/media&apos;[39m,
  uploadAction: [32m&apos;/api/upload&apos;[39m,
  tempUploadFolder: [32m&apos;/temp&apos;[39m
} inputName=&quot;AttachedField&quot; ref=&quot;VTU_COMPONENT&quot; &gt; 
  at &lt;VTUROOT&gt;

            </system-err>
        </testcase>
        <testcase classname="src/components/__tests__/MediaFieldAttached.spec.ts" name="MediaFieldAttached &gt; loadInitialPaths handles 404 as not-found error" time="0.0092928">
            <system-err>
[Vue warn]: Missing ref owner context. ref cannot be used on hoisted vnodes. A vnode with ref must be created inside the render function. 
  at &lt;ThumbsContainer media-items= [] selected-media=null thumb-size=240  ... &gt; 
  at &lt;MediaFieldAttached config= {
  paths: [ { path: [32m&apos;missing.jpg&apos;[39m } ],
  multiple: [33mfalse[39m,
  allowMediaText: [33mfalse[39m,
  allowAnchors: [33mfalse[39m,
  allowedExtensions: [32m&apos;&apos;[39m,
  mediaItemUrl: [32m&apos;/api/media&apos;[39m,
  uploadAction: [32m&apos;/api/upload&apos;[39m,
  tempUploadFolder: [32m&apos;/temp&apos;[39m
} inputName=&quot;AttachedField&quot; ref=&quot;VTU_COMPONENT&quot; &gt; 
  at &lt;VTUROOT&gt;
[Vue warn]: withDirectives can only be used inside render functions.
[Vue warn]: withDirectives can only be used inside render functions.

            </system-err>
        </testcase>
        <testcase classname="src/components/__tests__/MediaFieldAttached.spec.ts" name="MediaFieldAttached &gt; loadInitialPaths handles network error as transient" time="0.0063292">
            <system-err>
[Vue warn]: Missing ref owner context. ref cannot be used on hoisted vnodes. A vnode with ref must be created inside the render function. 
  at &lt;ThumbsContainer media-items= [] selected-media=null thumb-size=240  ... &gt; 
  at &lt;MediaFieldAttached config= {
  paths: [ { path: [32m&apos;fail.jpg&apos;[39m } ],
  multiple: [33mfalse[39m,
  allowMediaText: [33mfalse[39m,
  allowAnchors: [33mfalse[39m,
  allowedExtensions: [32m&apos;&apos;[39m,
  mediaItemUrl: [32m&apos;/api/media&apos;[39m,
  uploadAction: [32m&apos;/api/upload&apos;[39m,
  tempUploadFolder: [32m&apos;/temp&apos;[39m
} inputName=&quot;AttachedField&quot; ref=&quot;VTU_COMPONENT&quot; &gt; 
  at &lt;VTUROOT&gt;
[Vue warn]: withDirectives can only be used inside render functions.
[Vue warn]: withDirectives can only be used inside render functions.

            </system-err>
        </testcase>
        <testcase classname="src/components/__tests__/MediaFieldAttached.spec.ts" name="MediaFieldAttached &gt; loadInitialPaths with empty paths sets initialized" time="0.0053151">
            <system-err>
[Vue warn]: Missing ref owner context. ref cannot be used on hoisted vnodes. A vnode with ref must be created inside the render function. 
  at &lt;ThumbsContainer media-items= [] selected-media=null thumb-size=240  ... &gt; 
  at &lt;MediaFieldAttached config= {
  paths: [],
  multiple: [33mfalse[39m,
  allowMediaText: [33mfalse[39m,
  allowAnchors: [33mfalse[39m,
  allowedExtensions: [32m&apos;&apos;[39m,
  mediaItemUrl: [32m&apos;/api/media&apos;[39m,
  uploadAction: [32m&apos;/api/upload&apos;[39m,
  tempUploadFolder: [32m&apos;/temp&apos;[39m
} inputName=&quot;AttachedField&quot; ref=&quot;VTU_COMPONENT&quot; &gt; 
  at &lt;VTUROOT&gt;
[Vue warn]: withDirectives can only be used inside render functions.
[Vue warn]: withDirectives can only be used inside render functions.

            </system-err>
        </testcase>
        <testcase classname="src/components/__tests__/MediaFieldAttached.spec.ts" name="MediaFieldAttached &gt; onDrop does nothing when no files in dataTransfer" time="0.0088202">
            <system-err>
[Vue warn]: Missing ref owner context. ref cannot be used on hoisted vnodes. A vnode with ref must be created inside the render function. 
  at &lt;ThumbsContainer media-items= [] selected-media=null thumb-size=240  ... &gt; 
  at &lt;MediaFieldAttached config= {
  paths: [],
  multiple: [33mtrue[39m,
  allowMediaText: [33mfalse[39m,
  allowAnchors: [33mfalse[39m,
  allowedExtensions: [32m&apos;&apos;[39m,
  mediaItemUrl: [32m&apos;/api/media&apos;[39m,
  uploadAction: [32m&apos;/api/upload&apos;[39m,
  tempUploadFolder: [32m&apos;/temp&apos;[39m
} inputName=&quot;AttachedField&quot; ref=&quot;VTU_COMPONENT&quot; &gt; 
  at &lt;VTUROOT&gt;
[Vue warn]: withDirectives can only be used inside render functions.
[Vue warn]: withDirectives can only be used inside render functions.

            </system-err>
        </testcase>
        <testcase classname="src/components/__tests__/MediaFieldAttached.spec.ts" name="MediaFieldAttached &gt; onFileInputChange does nothing when no files selected" time="0.004617">
            <system-err>
[Vue warn]: Missing ref owner context. ref cannot be used on hoisted vnodes. A vnode with ref must be created inside the render function. 
  at &lt;ThumbsContainer media-items= [] selected-media=null thumb-size=240  ... &gt; 
  at &lt;MediaFieldAttached config= {
  paths: [],
  multiple: [33mtrue[39m,
  allowMediaText: [33mfalse[39m,
  allowAnchors: [33mfalse[39m,
  allowedExtensions: [32m&apos;&apos;[39m,
  mediaItemUrl: [32m&apos;/api/media&apos;[39m,
  uploadAction: [32m&apos;/api/upload&apos;[39m,
  tempUploadFolder: [32m&apos;/temp&apos;[39m
} inputName=&quot;AttachedField&quot; ref=&quot;VTU_COMPONENT&quot; &gt; 
  at &lt;VTUROOT&gt;
[Vue warn]: withDirectives can only be used inside render functions.
[Vue warn]: withDirectives can only be used inside render functions.

            </system-err>
        </testcase>
        <testcase classname="src/components/__tests__/MediaFieldAttached.spec.ts" name="MediaFieldAttached &gt; selectAndDeleteMedia selects then removes item" time="0.0045008">
            <system-err>
[Vue warn]: Missing ref owner context. ref cannot be used on hoisted vnodes. A vnode with ref must be created inside the render function. 
  at &lt;ThumbsContainer media-items= [] selected-media=null thumb-size=240  ... &gt; 
  at &lt;MediaFieldAttached config= {
  paths: [ { path: [32m&apos;test/test.jpg&apos;[39m } ],
  multiple: [33mtrue[39m,
  allowMediaText: [33mfalse[39m,
  allowAnchors: [33mfalse[39m,
  allowedExtensions: [32m&apos;&apos;[39m,
  mediaItemUrl: [32m&apos;/api/media&apos;[39m,
  uploadAction: [32m&apos;/api/upload&apos;[39m,
  tempUploadFolder: [32m&apos;/temp&apos;[39m
} inputName=&quot;AttachedField&quot; ref=&quot;VTU_COMPONENT&quot; &gt; 
  at &lt;VTUROOT&gt;
[Vue warn]: withDirectives can only be used inside render functions.
[Vue warn]: withDirectives can only be used inside render functions.

[Vue warn]: Component emitted event &quot;delete-media&quot; but it is neither declared in the emits option nor as an &quot;onDeleteMedia&quot; prop.

            </system-err>
        </testcase>
        <testcase classname="src/components/__tests__/MediaFieldAttached.spec.ts" name="MediaFieldAttached &gt; onReorder updates mediaItems order" time="0.0075696">
            <system-err>
[Vue warn]: Missing ref owner context. ref cannot be used on hoisted vnodes. A vnode with ref must be created inside the render function. 
  at &lt;ThumbsContainer media-items= [] selected-media=null thumb-size=240  ... &gt; 
  at &lt;MediaFieldAttached config= {
  paths: [],
  multiple: [33mtrue[39m,
  allowMediaText: [33mfalse[39m,
  allowAnchors: [33mfalse[39m,
  allowedExtensions: [32m&apos;&apos;[39m,
  mediaItemUrl: [32m&apos;/api/media&apos;[39m,
  uploadAction: [32m&apos;/api/upload&apos;[39m,
  tempUploadFolder: [32m&apos;/temp&apos;[39m
} inputName=&quot;AttachedField&quot; ref=&quot;VTU_COMPONENT&quot; &gt; 
  at &lt;VTUROOT&gt;
[Vue warn]: withDirectives can only be used inside render functions.
[Vue warn]: withDirectives can only be used inside render functions.

            </system-err>
        </testcase>
        <testcase classname="src/components/__tests__/MediaFieldAttached.spec.ts" name="MediaFieldAttached &gt; cancelMediaText does not change mediaText" time="0.014845">
            <system-err>
[Vue warn]: Missing ref owner context. ref cannot be used on hoisted vnodes. A vnode with ref must be created inside the render function. 
  at &lt;ThumbsContainer media-items= [] selected-media=null thumb-size=240  ... &gt; 
  at &lt;MediaFieldAttached config= {
  paths: [ { path: [32m&apos;test/test.jpg&apos;[39m, mediaText: [32m&apos;alt text&apos;[39m } ],
  multiple: [33mfalse[39m,
  allowMediaText: [33mtrue[39m,
  allowAnchors: [33mfalse[39m,
  allowedExtensions: [32m&apos;&apos;[39m,
  mediaItemUrl: [32m&apos;/api/media&apos;[39m,
  uploadAction: [32m&apos;/api/upload&apos;[39m,
  tempUploadFolder: [32m&apos;/temp&apos;[39m
} inputName=&quot;AttachedField&quot; ref=&quot;VTU_COMPONENT&quot; &gt; 
  at &lt;VTUROOT&gt;
[Vue warn]: withDirectives can only be used inside render functions.
[Vue warn]: withDirectives can only be used inside render functions.

[Vue warn]: Component emitted event &quot;select-media&quot; but it is neither declared in the emits option nor as an &quot;onSelectMedia&quot; prop.
[Vue warn]: Missing ref owner context. ref cannot be used on hoisted vnodes. A vnode with ref must be created inside the render function. 
  at &lt;ThumbsContainer media-items= [
  {
    name: [32m&apos;test.jpg&apos;[39m,
    mime: [32m&apos;image/jpeg&apos;[39m,
    mediaPath: [32m&apos;test/test.jpg&apos;[39m,
    url: [32m&apos;/media/test.jpg&apos;[39m,
    mediaText: [32m&apos;alt text&apos;[39m,
    anchor: [90mundefined[39m,
    attachedFileName: [90mundefined[39m,
    vuekey: [32m&apos;test.jpg0&apos;[39m
  }
] selected-media= {
  name: [32m&apos;test.jpg&apos;[39m,
  mime: [32m&apos;image/jpeg&apos;[39m,
  mediaPath: [32m&apos;test/test.jpg&apos;[39m,
  url: [32m&apos;/media/test.jpg&apos;[39m,
  mediaText: [32m&apos;alt text&apos;[39m,
  anchor: [90mundefined[39m,
  attachedFileName: [90mundefined[39m,
  vuekey: [32m&apos;test.jpg0&apos;[39m
} thumb-size=240  ... &gt; 
  at &lt;MediaFieldAttached config= {
  paths: [ { path: [32m&apos;test/test.jpg&apos;[39m, mediaText: [32m&apos;alt text&apos;[39m } ],
  multiple: [33mfalse[39m,
  allowMediaText: [33mtrue[39m,
  allowAnchors: [33mfalse[39m,
  allowedExtensions: [32m&apos;&apos;[39m,
  mediaItemUrl: [32m&apos;/api/media&apos;[39m,
  uploadAction: [32m&apos;/api/upload&apos;[39m,
  tempUploadFolder: [32m&apos;/temp&apos;[39m
} inputName=&quot;AttachedField&quot; ref=&quot;VTU_COMPONENT&quot; &gt; 
  at &lt;VTUROOT&gt;

            </system-err>
        </testcase>
        <testcase classname="src/components/__tests__/MediaFieldAttached.spec.ts" name="MediaFieldAttached &gt; saveMediaText saves editingMediaText to selected item" time="0.0122304">
            <system-err>
[Vue warn]: Missing ref owner context. ref cannot be used on hoisted vnodes. A vnode with ref must be created inside the render function. 
  at &lt;ThumbsContainer media-items= [] selected-media=null thumb-size=240  ... &gt; 
  at &lt;MediaFieldAttached config= {
  paths: [ { path: [32m&apos;test/test.jpg&apos;[39m, mediaText: [32m&apos;old&apos;[39m } ],
  multiple: [33mfalse[39m,
  allowMediaText: [33mtrue[39m,
  allowAnchors: [33mfalse[39m,
  allowedExtensions: [32m&apos;&apos;[39m,
  mediaItemUrl: [32m&apos;/api/media&apos;[39m,
  uploadAction: [32m&apos;/api/upload&apos;[39m,
  tempUploadFolder: [32m&apos;/temp&apos;[39m
} inputName=&quot;AttachedField&quot; ref=&quot;VTU_COMPONENT&quot; &gt; 
  at &lt;VTUROOT&gt;
[Vue warn]: withDirectives can only be used inside render functions.
[Vue warn]: withDirectives can only be used inside render functions.

[Vue warn]: Component emitted event &quot;select-media&quot; but it is neither declared in the emits option nor as an &quot;onSelectMedia&quot; prop.
[Vue warn]: Missing ref owner context. ref cannot be used on hoisted vnodes. A vnode with ref must be created inside the render function. 
  at &lt;ThumbsContainer media-items= [
  {
    name: [32m&apos;test.jpg&apos;[39m,
    mime: [32m&apos;image/jpeg&apos;[39m,
    mediaPath: [32m&apos;test/test.jpg&apos;[39m,
    url: [32m&apos;/media/test.jpg&apos;[39m,
    mediaText: [32m&apos;old&apos;[39m,
    anchor: [90mundefined[39m,
    attachedFileName: [90mundefined[39m,
    vuekey: [32m&apos;test.jpg0&apos;[39m
  }
] selected-media= {
  name: [32m&apos;test.jpg&apos;[39m,
  mime: [32m&apos;image/jpeg&apos;[39m,
  mediaPath: [32m&apos;test/test.jpg&apos;[39m,
  url: [32m&apos;/media/test.jpg&apos;[39m,
  mediaText: [32m&apos;old&apos;[39m,
  anchor: [90mundefined[39m,
  attachedFileName: [90mundefined[39m,
  vuekey: [32m&apos;test.jpg0&apos;[39m
} thumb-size=240  ... &gt; 
  at &lt;MediaFieldAttached config= {
  paths: [ { path: [32m&apos;test/test.jpg&apos;[39m, mediaText: [32m&apos;old&apos;[39m } ],
  multiple: [33mfalse[39m,
  allowMediaText: [33mtrue[39m,
  allowAnchors: [33mfalse[39m,
  allowedExtensions: [32m&apos;&apos;[39m,
  mediaItemUrl: [32m&apos;/api/media&apos;[39m,
  uploadAction: [32m&apos;/api/upload&apos;[39m,
  tempUploadFolder: [32m&apos;/temp&apos;[39m
} inputName=&quot;AttachedField&quot; ref=&quot;VTU_COMPONENT&quot; &gt; 
  at &lt;VTUROOT&gt;

            </system-err>
        </testcase>
        <testcase classname="src/components/__tests__/MediaFieldAttached.spec.ts" name="MediaFieldAttached &gt; showAnchorModal / saveAnchor / resetAnchor / cancelAnchor work" time="0.0085398">
            <system-err>
[Vue warn]: Missing ref owner context. ref cannot be used on hoisted vnodes. A vnode with ref must be created inside the render function. 
  at &lt;ThumbsContainer media-items= [] selected-media=null thumb-size=240  ... &gt; 
  at &lt;MediaFieldAttached config= {
  paths: [ { path: [32m&apos;test/test.jpg&apos;[39m } ],
  multiple: [33mfalse[39m,
  allowMediaText: [33mfalse[39m,
  allowAnchors: [33mtrue[39m,
  allowedExtensions: [32m&apos;&apos;[39m,
  mediaItemUrl: [32m&apos;/api/media&apos;[39m,
  uploadAction: [32m&apos;/api/upload&apos;[39m,
  tempUploadFolder: [32m&apos;/temp&apos;[39m
} inputName=&quot;AttachedField&quot; ref=&quot;VTU_COMPONENT&quot; &gt; 
  at &lt;VTUROOT&gt;
[Vue warn]: withDirectives can only be used inside render functions.
[Vue warn]: withDirectives can only be used inside render functions.

[Vue warn]: Component emitted event &quot;select-media&quot; but it is neither declared in the emits option nor as an &quot;onSelectMedia&quot; prop.
[Vue warn]: Missing ref owner context. ref cannot be used on hoisted vnodes. A vnode with ref must be created inside the render function. 
  at &lt;ThumbsContainer media-items= [
  {
    name: [32m&apos;test.jpg&apos;[39m,
    mime: [32m&apos;image/jpeg&apos;[39m,
    mediaPath: [32m&apos;test/test.jpg&apos;[39m,
    url: [32m&apos;/media/test.jpg&apos;[39m,
    mediaText: [90mundefined[39m,
    anchor: [90mundefined[39m,
    attachedFileName: [90mundefined[39m,
    vuekey: [32m&apos;test.jpg0&apos;[39m
  }
] selected-media= {
  name: [32m&apos;test.jpg&apos;[39m,
  mime: [32m&apos;image/jpeg&apos;[39m,
  mediaPath: [32m&apos;test/test.jpg&apos;[39m,
  url: [32m&apos;/media/test.jpg&apos;[39m,
  mediaText: [90mundefined[39m,
  anchor: [90mundefined[39m,
  attachedFileName: [90mundefined[39m,
  vuekey: [32m&apos;test.jpg0&apos;[39m
} thumb-size=240  ... &gt; 
  at &lt;MediaFieldAttached config= {
  paths: [ { path: [32m&apos;test/test.jpg&apos;[39m } ],
  multiple: [33mfalse[39m,
  allowMediaText: [33mfalse[39m,
  allowAnchors: [33mtrue[39m,
  allowedExtensions: [32m&apos;&apos;[39m,
  mediaItemUrl: [32m&apos;/api/media&apos;[39m,
  uploadAction: [32m&apos;/api/upload&apos;[39m,
  tempUploadFolder: [32m&apos;/temp&apos;[39m
} inputName=&quot;AttachedField&quot; ref=&quot;VTU_COMPONENT&quot; &gt; 
  at &lt;VTUROOT&gt;

            </system-err>
        </testcase>
        <testcase classname="src/components/__tests__/MediaFieldAttached.spec.ts" name="MediaFieldAttached &gt; cancelAnchor does not modify anchor" time="0.0087075">
            <system-err>
[Vue warn]: Missing ref owner context. ref cannot be used on hoisted vnodes. A vnode with ref must be created inside the render function. 
  at &lt;ThumbsContainer media-items= [] selected-media=null thumb-size=240  ... &gt; 
  at &lt;MediaFieldAttached config= {
  paths: [ { path: [32m&apos;test/test.jpg&apos;[39m, anchor: [36m[Object][39m } ],
  multiple: [33mfalse[39m,
  allowMediaText: [33mfalse[39m,
  allowAnchors: [33mtrue[39m,
  allowedExtensions: [32m&apos;&apos;[39m,
  mediaItemUrl: [32m&apos;/api/media&apos;[39m,
  uploadAction: [32m&apos;/api/upload&apos;[39m,
  tempUploadFolder: [32m&apos;/temp&apos;[39m
} inputName=&quot;AttachedField&quot; ref=&quot;VTU_COMPONENT&quot; &gt; 
  at &lt;VTUROOT&gt;
[Vue warn]: withDirectives can only be used inside render functions.
[Vue warn]: withDirectives can only be used inside render functions.

[Vue warn]: Component emitted event &quot;select-media&quot; but it is neither declared in the emits option nor as an &quot;onSelectMedia&quot; prop.
[Vue warn]: Missing ref owner context. ref cannot be used on hoisted vnodes. A vnode with ref must be created inside the render function. 
  at &lt;ThumbsContainer media-items= [
  {
    name: [32m&apos;test.jpg&apos;[39m,
    mime: [32m&apos;image/jpeg&apos;[39m,
    mediaPath: [32m&apos;test/test.jpg&apos;[39m,
    url: [32m&apos;/media/test.jpg&apos;[39m,
    mediaText: [90mundefined[39m,
    anchor: { x: [33m0.3[39m, y: [33m0.7[39m },
    attachedFileName: [90mundefined[39m,
    vuekey: [32m&apos;test.jpg0&apos;[39m
  }
] selected-media= {
  name: [32m&apos;test.jpg&apos;[39m,
  mime: [32m&apos;image/jpeg&apos;[39m,
  mediaPath: [32m&apos;test/test.jpg&apos;[39m,
  url: [32m&apos;/media/test.jpg&apos;[39m,
  mediaText: [90mundefined[39m,
  anchor: { x: [33m0.3[39m, y: [33m0.7[39m },
  attachedFileName: [90mundefined[39m,
  vuekey: [32m&apos;test.jpg0&apos;[39m
} thumb-size=240  ... &gt; 
  at &lt;MediaFieldAttached config= {
  paths: [ { path: [32m&apos;test/test.jpg&apos;[39m, anchor: [36m[Object][39m } ],
  multiple: [33mfalse[39m,
  allowMediaText: [33mfalse[39m,
  allowAnchors: [33mtrue[39m,
  allowedExtensions: [32m&apos;&apos;[39m,
  mediaItemUrl: [32m&apos;/api/media&apos;[39m,
  uploadAction: [32m&apos;/api/upload&apos;[39m,
  tempUploadFolder: [32m&apos;/temp&apos;[39m
} inputName=&quot;AttachedField&quot; ref=&quot;VTU_COMPONENT&quot; &gt; 
  at &lt;VTUROOT&gt;

            </system-err>
        </testcase>
        <testcase classname="src/components/__tests__/MediaFieldAttached.spec.ts" name="MediaFieldAttached &gt; persists smallThumbs preference to localStorage" time="0.0081157">
            <system-err>
[Vue warn]: Missing ref owner context. ref cannot be used on hoisted vnodes. A vnode with ref must be created inside the render function. 
  at &lt;ThumbsContainer media-items= [] selected-media=null thumb-size=240  ... &gt; 
  at &lt;MediaFieldAttached config= {
  paths: [],
  multiple: [33mfalse[39m,
  allowMediaText: [33mfalse[39m,
  allowAnchors: [33mfalse[39m,
  allowedExtensions: [32m&apos;&apos;[39m,
  mediaItemUrl: [32m&apos;/api/media&apos;[39m,
  uploadAction: [32m&apos;/api/upload&apos;[39m,
  tempUploadFolder: [32m&apos;/temp&apos;[39m
} inputName=&quot;AttachedField&quot; ref=&quot;VTU_COMPONENT&quot; &gt; 
  at &lt;VTUROOT&gt;
[Vue warn]: withDirectives can only be used inside render functions.
[Vue warn]: withDirectives can only be used inside render functions.

            </system-err>
        </testcase>
        <testcase classname="src/components/__tests__/MediaFieldAttached.spec.ts" name="MediaFieldAttached &gt; handles invalid mediaFieldPrefs in localStorage gracefully" time="0.0077742">
            <system-err>
[Vue warn]: Missing ref owner context. ref cannot be used on hoisted vnodes. A vnode with ref must be created inside the render function. 
  at &lt;ThumbsContainer media-items= [] selected-media=null thumb-size=240  ... &gt; 
  at &lt;MediaFieldAttached config= {
  paths: [],
  multiple: [33mfalse[39m,
  allowMediaText: [33mfalse[39m,
  allowAnchors: [33mfalse[39m,
  allowedExtensions: [32m&apos;&apos;[39m,
  mediaItemUrl: [32m&apos;/api/media&apos;[39m,
  uploadAction: [32m&apos;/api/upload&apos;[39m,
  tempUploadFolder: [32m&apos;/temp&apos;[39m
} inputName=&quot;AttachedField&quot; ref=&quot;VTU_COMPONENT&quot; &gt; 
  at &lt;VTUROOT&gt;
[Vue warn]: withDirectives can only be used inside render functions.
[Vue warn]: withDirectives can only be used inside render functions.

            </system-err>
        </testcase>
        <testcase classname="src/components/__tests__/MediaFieldAttached.spec.ts" name="MediaFieldAttached &gt; handleFiles in single mode replaces existing item" time="0.0081722">
            <system-err>
[Vue warn]: Missing ref owner context. ref cannot be used on hoisted vnodes. A vnode with ref must be created inside the render function. 
  at &lt;ThumbsContainer media-items= [] selected-media=null thumb-size=240  ... &gt; 
  at &lt;MediaFieldAttached config= {
  paths: [],
  multiple: [33mfalse[39m,
  allowMediaText: [33mfalse[39m,
  allowAnchors: [33mfalse[39m,
  allowedExtensions: [32m&apos;&apos;[39m,
  mediaItemUrl: [32m&apos;/api/media&apos;[39m,
  uploadAction: [32m&apos;/api/upload&apos;[39m,
  tempUploadFolder: [32m&apos;/temp&apos;[39m
} inputName=&quot;AttachedField&quot; ref=&quot;VTU_COMPONENT&quot; &gt; 
  at &lt;VTUROOT&gt;
[Vue warn]: withDirectives can only be used inside render functions.
[Vue warn]: withDirectives can only be used inside render functions.

            </system-err>
        </testcase>
        <testcase classname="src/components/__tests__/MediaFieldAttached.spec.ts" name="MediaFieldAttached &gt; handleFiles logs warning when there are upload errors" time="0.0081103">
        </testcase>
        <testcase classname="src/components/__tests__/MediaFieldAttached.spec.ts" name="MediaFieldAttached &gt; removeSelected else-if branch: removes single item when nothing selected" time="0.0065107">
            <system-err>
[Vue warn]: Missing ref owner context. ref cannot be used on hoisted vnodes. A vnode with ref must be created inside the render function. 
  at &lt;ThumbsContainer media-items= [] selected-media=null thumb-size=240  ... &gt; 
  at &lt;MediaFieldAttached config= {
  paths: [ { path: [32m&apos;test/test.jpg&apos;[39m } ],
  multiple: [33mtrue[39m,
  allowMediaText: [33mfalse[39m,
  allowAnchors: [33mfalse[39m,
  allowedExtensions: [32m&apos;&apos;[39m,
  mediaItemUrl: [32m&apos;/api/media&apos;[39m,
  uploadAction: [32m&apos;/api/upload&apos;[39m,
  tempUploadFolder: [32m&apos;/temp&apos;[39m
} inputName=&quot;AttachedField&quot; ref=&quot;VTU_COMPONENT&quot; &gt; 
  at &lt;VTUROOT&gt;
[Vue warn]: withDirectives can only be used inside render functions.
[Vue warn]: withDirectives can only be used inside render functions.

            </system-err>
        </testcase>
        <testcase classname="src/components/__tests__/MediaFieldAttached.spec.ts" name="MediaFieldAttached &gt; setAnchor updates editingAnchor from mouse position" time="0.0094801">
            <system-err>
[Vue warn]: Missing ref owner context. ref cannot be used on hoisted vnodes. A vnode with ref must be created inside the render function. 
  at &lt;ThumbsContainer media-items= [] selected-media=null thumb-size=240  ... &gt; 
  at &lt;MediaFieldAttached config= {
  paths: [ { path: [32m&apos;test/test.jpg&apos;[39m } ],
  multiple: [33mfalse[39m,
  allowMediaText: [33mfalse[39m,
  allowAnchors: [33mtrue[39m,
  allowedExtensions: [32m&apos;&apos;[39m,
  mediaItemUrl: [32m&apos;/api/media&apos;[39m,
  uploadAction: [32m&apos;/api/upload&apos;[39m,
  tempUploadFolder: [32m&apos;/temp&apos;[39m
} inputName=&quot;AttachedField&quot; ref=&quot;VTU_COMPONENT&quot; &gt; 
  at &lt;VTUROOT&gt;
[Vue warn]: withDirectives can only be used inside render functions.
[Vue warn]: withDirectives can only be used inside render functions.

[Vue warn]: Component emitted event &quot;select-media&quot; but it is neither declared in the emits option nor as an &quot;onSelectMedia&quot; prop.
[Vue warn]: Missing ref owner context. ref cannot be used on hoisted vnodes. A vnode with ref must be created inside the render function. 
  at &lt;ThumbsContainer media-items= [
  {
    name: [32m&apos;test.jpg&apos;[39m,
    mime: [32m&apos;image/jpeg&apos;[39m,
    mediaPath: [32m&apos;test/test.jpg&apos;[39m,
    url: [32m&apos;/media/test.jpg&apos;[39m,
    mediaText: [90mundefined[39m,
    anchor: [90mundefined[39m,
    attachedFileName: [90mundefined[39m,
    vuekey: [32m&apos;test.jpg0&apos;[39m
  }
] selected-media= {
  name: [32m&apos;test.jpg&apos;[39m,
  mime: [32m&apos;image/jpeg&apos;[39m,
  mediaPath: [32m&apos;test/test.jpg&apos;[39m,
  url: [32m&apos;/media/test.jpg&apos;[39m,
  mediaText: [90mundefined[39m,
  anchor: [90mundefined[39m,
  attachedFileName: [90mundefined[39m,
  vuekey: [32m&apos;test.jpg0&apos;[39m
} thumb-size=240  ... &gt; 
  at &lt;MediaFieldAttached config= {
  paths: [ { path: [32m&apos;test/test.jpg&apos;[39m } ],
  multiple: [33mfalse[39m,
  allowMediaText: [33mfalse[39m,
  allowAnchors: [33mtrue[39m,
  allowedExtensions: [32m&apos;&apos;[39m,
  mediaItemUrl: [32m&apos;/api/media&apos;[39m,
  uploadAction: [32m&apos;/api/upload&apos;[39m,
  tempUploadFolder: [32m&apos;/temp&apos;[39m
} inputName=&quot;AttachedField&quot; ref=&quot;VTU_COMPONENT&quot; &gt; 
  at &lt;VTUROOT&gt;

            </system-err>
        </testcase>
        <testcase classname="src/components/__tests__/MediaFieldAttached.spec.ts" name="MediaFieldAttached &gt; setAnchor does nothing when anchorImageRef is null" time="0.0082462">
            <system-err>
[Vue warn]: Missing ref owner context. ref cannot be used on hoisted vnodes. A vnode with ref must be created inside the render function. 
  at &lt;ThumbsContainer media-items= [] selected-media=null thumb-size=240  ... &gt; 
  at &lt;MediaFieldAttached config= {
  paths: [ { path: [32m&apos;test/test.jpg&apos;[39m } ],
  multiple: [33mfalse[39m,
  allowMediaText: [33mfalse[39m,
  allowAnchors: [33mtrue[39m,
  allowedExtensions: [32m&apos;&apos;[39m,
  mediaItemUrl: [32m&apos;/api/media&apos;[39m,
  uploadAction: [32m&apos;/api/upload&apos;[39m,
  tempUploadFolder: [32m&apos;/temp&apos;[39m
} inputName=&quot;AttachedField&quot; ref=&quot;VTU_COMPONENT&quot; &gt; 
  at &lt;VTUROOT&gt;
[Vue warn]: withDirectives can only be used inside render functions.
[Vue warn]: withDirectives can only be used inside render functions.

            </system-err>
        </testcase>
        <testcase classname="src/components/__tests__/MediaFieldAttached.spec.ts" name="MediaFieldAttached &gt; handleFiles with multiple uploads in single mode keeps only first" time="0.0084935">
            <system-err>
[Vue warn]: Missing ref owner context. ref cannot be used on hoisted vnodes. A vnode with ref must be created inside the render function. 
  at &lt;ThumbsContainer media-items= [] selected-media=null thumb-size=240  ... &gt; 
  at &lt;MediaFieldAttached config= {
  paths: [],
  multiple: [33mfalse[39m,
  allowMediaText: [33mfalse[39m,
  allowAnchors: [33mfalse[39m,
  allowedExtensions: [32m&apos;&apos;[39m,
  mediaItemUrl: [32m&apos;/api/media&apos;[39m,
  uploadAction: [32m&apos;/api/upload&apos;[39m,
  tempUploadFolder: [32m&apos;/temp&apos;[39m
} inputName=&quot;AttachedField&quot; ref=&quot;VTU_COMPONENT&quot; &gt; 
  at &lt;VTUROOT&gt;
[Vue warn]: withDirectives can only be used inside render functions.
[Vue warn]: withDirectives can only be used inside render functions.

            </system-err>
        </testcase>
        <testcase classname="src/components/__tests__/MediaFieldAttached.spec.ts" name="MediaFieldAttached &gt; dragover and dragleave toggle isDraggingOver" time="0.0080575">
            <system-err>
[Vue warn]: Missing ref owner context. ref cannot be used on hoisted vnodes. A vnode with ref must be created inside the render function. 
  at &lt;ThumbsContainer media-items= [] selected-media=null thumb-size=240  ... &gt; 
  at &lt;MediaFieldAttached config= {
  paths: [],
  multiple: [33mtrue[39m,
  allowMediaText: [33mfalse[39m,
  allowAnchors: [33mfalse[39m,
  allowedExtensions: [32m&apos;&apos;[39m,
  mediaItemUrl: [32m&apos;/api/media&apos;[39m,
  uploadAction: [32m&apos;/api/upload&apos;[39m,
  tempUploadFolder: [32m&apos;/temp&apos;[39m
} inputName=&quot;AttachedField&quot; ref=&quot;VTU_COMPONENT&quot; &gt; 
  at &lt;VTUROOT&gt;
[Vue warn]: withDirectives can only be used inside render functions.
[Vue warn]: withDirectives can only be used inside render functions.

            </system-err>
        </testcase>
    </testsuite>
    <testsuite name="src/components/__tests__/MediaFieldBasic.spec.ts" timestamp="2026-04-15T03:56:15.868Z" hostname="Nemo" tests="41" failures="0" errors="0" skipped="0" time="0.4397559">
        <testcase classname="src/components/__tests__/MediaFieldBasic.spec.ts" name="MediaFieldBasic &gt; renders hidden input with serialized paths" time="0.0472006">
            <system-err>
[Vue warn]: Missing ref owner context. ref cannot be used on hoisted vnodes. A vnode with ref must be created inside the render function. 
  at &lt;ThumbsContainer media-items= [] selected-media=null thumb-size=240  ... &gt; 
  at &lt;MediaFieldBasic config= {
  paths: [],
  multiple: [33mfalse[39m,
  allowMediaText: [33mfalse[39m,
  allowAnchors: [33mfalse[39m,
  allowedExtensions: [32m&apos;&apos;[39m,
  mediaItemUrl: [32m&apos;/api/media&apos;[39m,
  mediaAppTranslations: [32m&apos;&apos;[39m,
  basePath: [32m&apos;/&apos;[39m,
  uploadFilesUrl: [32m&apos;/api/upload&apos;[39m
} inputName=&quot;MediaField&quot; ref=&quot;VTU_COMPONENT&quot; &gt; 
  at &lt;VTUROOT&gt;
[Vue warn]: withDirectives can only be used inside render functions.
[Vue warn]: Missing ref owner context. ref cannot be used on hoisted vnodes. A vnode with ref must be created inside the render function. 
  at &lt;VueFinalModal modelValue=false onUpdate:modelValue=fn class=&quot;tw:flex tw:items-center tw:justify-center&quot;  ... &gt; 
  at &lt;MediaPickerModal ref=&quot;pickerModalRef&quot; field-id=&quot;MediaField&quot; allowed-extensions=&quot;&quot;  ... &gt; 
  at &lt;MediaFieldBasic config= {
  paths: [],
  multiple: [33mfalse[39m,
  allowMediaText: [33mfalse[39m,
  allowAnchors: [33mfalse[39m,
  allowedExtensions: [32m&apos;&apos;[39m,
  mediaItemUrl: [32m&apos;/api/media&apos;[39m,
  mediaAppTranslations: [32m&apos;&apos;[39m,
  basePath: [32m&apos;/&apos;[39m,
  uploadFilesUrl: [32m&apos;/api/upload&apos;[39m
} inputName=&quot;MediaField&quot; ref=&quot;VTU_COMPONENT&quot; &gt; 
  at &lt;VTUROOT&gt;
[Vue warn]: Missing ref owner context. ref cannot be used on hoisted vnodes. A vnode with ref must be created inside the render function. 
  at &lt;MediaFieldBasic config= {
  paths: [],
  multiple: [33mfalse[39m,
  allowMediaText: [33mfalse[39m,
  allowAnchors: [33mfalse[39m,
  allowedExtensions: [32m&apos;&apos;[39m,
  mediaItemUrl: [32m&apos;/api/media&apos;[39m,
  mediaAppTranslations: [32m&apos;&apos;[39m,
  basePath: [32m&apos;/&apos;[39m,
  uploadFilesUrl: [32m&apos;/api/upload&apos;[39m
} inputName=&quot;MediaField&quot; ref=&quot;VTU_COMPONENT&quot; &gt; 
  at &lt;VTUROOT&gt;

            </system-err>
        </testcase>
        <testcase classname="src/components/__tests__/MediaFieldBasic.spec.ts" name="MediaFieldBasic &gt; serializedPaths returns config.paths before initialization" time="0.012303">
            <system-err>
[Vue warn]: Missing ref owner context. ref cannot be used on hoisted vnodes. A vnode with ref must be created inside the render function. 
  at &lt;ThumbsContainer media-items= [] selected-media=null thumb-size=240  ... &gt; 
  at &lt;MediaFieldBasic config= {
  paths: [ { path: [32m&apos;foo/bar.jpg&apos;[39m } ],
  multiple: [33mfalse[39m,
  allowMediaText: [33mfalse[39m,
  allowAnchors: [33mfalse[39m,
  allowedExtensions: [32m&apos;&apos;[39m,
  mediaItemUrl: [32m&apos;/api/media&apos;[39m,
  mediaAppTranslations: [32m&apos;&apos;[39m,
  basePath: [32m&apos;/&apos;[39m,
  uploadFilesUrl: [32m&apos;/api/upload&apos;[39m
} inputName=&quot;MediaField&quot; ref=&quot;VTU_COMPONENT&quot; &gt; 
  at &lt;VTUROOT&gt;
[Vue warn]: withDirectives can only be used inside render functions.
[Vue warn]: Missing ref owner context. ref cannot be used on hoisted vnodes. A vnode with ref must be created inside the render function. 
  at &lt;VueFinalModal modelValue=false onUpdate:modelValue=fn class=&quot;tw:flex tw:items-center tw:justify-center&quot;  ... &gt; 
  at &lt;MediaPickerModal ref=&quot;pickerModalRef&quot; field-id=&quot;MediaField&quot; allowed-extensions=&quot;&quot;  ... &gt; 
  at &lt;MediaFieldBasic config= {
  paths: [ { path: [32m&apos;foo/bar.jpg&apos;[39m } ],
  multiple: [33mfalse[39m,
  allowMediaText: [33mfalse[39m,
  allowAnchors: [33mfalse[39m,
  allowedExtensions: [32m&apos;&apos;[39m,
  mediaItemUrl: [32m&apos;/api/media&apos;[39m,
  mediaAppTranslations: [32m&apos;&apos;[39m,
  basePath: [32m&apos;/&apos;[39m,
  uploadFilesUrl: [32m&apos;/api/upload&apos;[39m
} inputName=&quot;MediaField&quot; ref=&quot;VTU_COMPONENT&quot; &gt; 
  at &lt;VTUROOT&gt;
[Vue warn]: Missing ref owner context. ref cannot be used on hoisted vnodes. A vnode with ref must be created inside the render function. 
  at &lt;MediaFieldBasic config= {
  paths: [ { path: [32m&apos;foo/bar.jpg&apos;[39m } ],
  multiple: [33mfalse[39m,
  allowMediaText: [33mfalse[39m,
  allowAnchors: [33mfalse[39m,
  allowedExtensions: [32m&apos;&apos;[39m,
  mediaItemUrl: [32m&apos;/api/media&apos;[39m,
  mediaAppTranslations: [32m&apos;&apos;[39m,
  basePath: [32m&apos;/&apos;[39m,
  uploadFilesUrl: [32m&apos;/api/upload&apos;[39m
} inputName=&quot;MediaField&quot; ref=&quot;VTU_COMPONENT&quot; &gt; 
  at &lt;VTUROOT&gt;

            </system-err>
        </testcase>
        <testcase classname="src/components/__tests__/MediaFieldBasic.spec.ts" name="MediaFieldBasic &gt; serializedPaths returns mediaItems after initialization" time="0.0136529">
            <system-err>
[Vue warn]: Missing ref owner context. ref cannot be used on hoisted vnodes. A vnode with ref must be created inside the render function. 
  at &lt;ThumbsContainer media-items= [] selected-media=null thumb-size=240  ... &gt; 
  at &lt;MediaFieldBasic config= {
  paths: [ { path: [32m&apos;test/test.jpg&apos;[39m } ],
  multiple: [33mfalse[39m,
  allowMediaText: [33mfalse[39m,
  allowAnchors: [33mfalse[39m,
  allowedExtensions: [32m&apos;&apos;[39m,
  mediaItemUrl: [32m&apos;/api/media&apos;[39m,
  mediaAppTranslations: [32m&apos;&apos;[39m,
  basePath: [32m&apos;/&apos;[39m,
  uploadFilesUrl: [32m&apos;/api/upload&apos;[39m
} inputName=&quot;MediaField&quot; ref=&quot;VTU_COMPONENT&quot; &gt; 
  at &lt;VTUROOT&gt;
[Vue warn]: withDirectives can only be used inside render functions.
[Vue warn]: Missing ref owner context. ref cannot be used on hoisted vnodes. A vnode with ref must be created inside the render function. 
  at &lt;VueFinalModal modelValue=false onUpdate:modelValue=fn class=&quot;tw:flex tw:items-center tw:justify-center&quot;  ... &gt; 
  at &lt;MediaPickerModal ref=&quot;pickerModalRef&quot; field-id=&quot;MediaField&quot; allowed-extensions=&quot;&quot;  ... &gt; 
  at &lt;MediaFieldBasic config= {
  paths: [ { path: [32m&apos;test/test.jpg&apos;[39m } ],
  multiple: [33mfalse[39m,
  allowMediaText: [33mfalse[39m,
  allowAnchors: [33mfalse[39m,
  allowedExtensions: [32m&apos;&apos;[39m,
  mediaItemUrl: [32m&apos;/api/media&apos;[39m,
  mediaAppTranslations: [32m&apos;&apos;[39m,
  basePath: [32m&apos;/&apos;[39m,
  uploadFilesUrl: [32m&apos;/api/upload&apos;[39m
} inputName=&quot;MediaField&quot; ref=&quot;VTU_COMPONENT&quot; &gt; 
  at &lt;VTUROOT&gt;
[Vue warn]: Missing ref owner context. ref cannot be used on hoisted vnodes. A vnode with ref must be created inside the render function. 
  at &lt;MediaFieldBasic config= {
  paths: [ { path: [32m&apos;test/test.jpg&apos;[39m } ],
  multiple: [33mfalse[39m,
  allowMediaText: [33mfalse[39m,
  allowAnchors: [33mfalse[39m,
  allowedExtensions: [32m&apos;&apos;[39m,
  mediaItemUrl: [32m&apos;/api/media&apos;[39m,
  mediaAppTranslations: [32m&apos;&apos;[39m,
  basePath: [32m&apos;/&apos;[39m,
  uploadFilesUrl: [32m&apos;/api/upload&apos;[39m
} inputName=&quot;MediaField&quot; ref=&quot;VTU_COMPONENT&quot; &gt; 
  at &lt;VTUROOT&gt;

            </system-err>
        </testcase>
        <testcase classname="src/components/__tests__/MediaFieldBasic.spec.ts" name="MediaFieldBasic &gt; loadInitialPaths fetches media details from API" time="0.033932">
            <system-err>
[Vue warn]: Missing ref owner context. ref cannot be used on hoisted vnodes. A vnode with ref must be created inside the render function. 
  at &lt;ThumbsContainer media-items= [] selected-media=null thumb-size=240  ... &gt; 
  at &lt;MediaFieldBasic config= {
  paths: [ { path: [32m&apos;test/test.jpg&apos;[39m } ],
  multiple: [33mfalse[39m,
  allowMediaText: [33mfalse[39m,
  allowAnchors: [33mfalse[39m,
  allowedExtensions: [32m&apos;&apos;[39m,
  mediaItemUrl: [32m&apos;/api/media&apos;[39m,
  mediaAppTranslations: [32m&apos;&apos;[39m,
  basePath: [32m&apos;/&apos;[39m,
  uploadFilesUrl: [32m&apos;/api/upload&apos;[39m
} inputName=&quot;MediaField&quot; ref=&quot;VTU_COMPONENT&quot; &gt; 
  at &lt;VTUROOT&gt;
[Vue warn]: withDirectives can only be used inside render functions.
[Vue warn]: Missing ref owner context. ref cannot be used on hoisted vnodes. A vnode with ref must be created inside the render function. 
  at &lt;VueFinalModal modelValue=false onUpdate:modelValue=fn class=&quot;tw:flex tw:items-center tw:justify-center&quot;  ... &gt; 
  at &lt;MediaPickerModal ref=&quot;pickerModalRef&quot; field-id=&quot;MediaField&quot; allowed-extensions=&quot;&quot;  ... &gt; 
  at &lt;MediaFieldBasic config= {
  paths: [ { path: [32m&apos;test/test.jpg&apos;[39m } ],
  multiple: [33mfalse[39m,
  allowMediaText: [33mfalse[39m,
  allowAnchors: [33mfalse[39m,
  allowedExtensions: [32m&apos;&apos;[39m,
  mediaItemUrl: [32m&apos;/api/media&apos;[39m,
  mediaAppTranslations: [32m&apos;&apos;[39m,
  basePath: [32m&apos;/&apos;[39m,
  uploadFilesUrl: [32m&apos;/api/upload&apos;[39m
} inputName=&quot;MediaField&quot; ref=&quot;VTU_COMPONENT&quot; &gt; 
  at &lt;VTUROOT&gt;
[Vue warn]: Missing ref owner context. ref cannot be used on hoisted vnodes. A vnode with ref must be created inside the render function. 
  at &lt;MediaFieldBasic config= {
  paths: [ { path: [32m&apos;test/test.jpg&apos;[39m } ],
  multiple: [33mfalse[39m,
  allowMediaText: [33mfalse[39m,
  allowAnchors: [33mfalse[39m,
  allowedExtensions: [32m&apos;&apos;[39m,
  mediaItemUrl: [32m&apos;/api/media&apos;[39m,
  mediaAppTranslations: [32m&apos;&apos;[39m,
  basePath: [32m&apos;/&apos;[39m,
  uploadFilesUrl: [32m&apos;/api/upload&apos;[39m
} inputName=&quot;MediaField&quot; ref=&quot;VTU_COMPONENT&quot; &gt; 
  at &lt;VTUROOT&gt;

            </system-err>
        </testcase>
        <testcase classname="src/components/__tests__/MediaFieldBasic.spec.ts" name="MediaFieldBasic &gt; loadInitialPaths handles 404 as not-found error" time="0.0184046">
            <system-err>
[Vue warn]: Missing ref owner context. ref cannot be used on hoisted vnodes. A vnode with ref must be created inside the render function. 
  at &lt;ThumbsContainer media-items= [] selected-media=null thumb-size=240  ... &gt; 
  at &lt;MediaFieldBasic config= {
  paths: [ { path: [32m&apos;missing.jpg&apos;[39m } ],
  multiple: [33mfalse[39m,
  allowMediaText: [33mfalse[39m,
  allowAnchors: [33mfalse[39m,
  allowedExtensions: [32m&apos;&apos;[39m,
  mediaItemUrl: [32m&apos;/api/media&apos;[39m,
  mediaAppTranslations: [32m&apos;&apos;[39m,
  basePath: [32m&apos;/&apos;[39m,
  uploadFilesUrl: [32m&apos;/api/upload&apos;[39m
} inputName=&quot;MediaField&quot; ref=&quot;VTU_COMPONENT&quot; &gt; 
  at &lt;VTUROOT&gt;
[Vue warn]: withDirectives can only be used inside render functions.
[Vue warn]: Missing ref owner context. ref cannot be used on hoisted vnodes. A vnode with ref must be created inside the render function. 
  at &lt;VueFinalModal modelValue=false onUpdate:modelValue=fn class=&quot;tw:flex tw:items-center tw:justify-center&quot;  ... &gt; 
  at &lt;MediaPickerModal ref=&quot;pickerModalRef&quot; field-id=&quot;MediaField&quot; allowed-extensions=&quot;&quot;  ... &gt; 
  at &lt;MediaFieldBasic config= {
  paths: [ { path: [32m&apos;missing.jpg&apos;[39m } ],
  multiple: [33mfalse[39m,
  allowMediaText: [33mfalse[39m,
  allowAnchors: [33mfalse[39m,
  allowedExtensions: [32m&apos;&apos;[39m,
  mediaItemUrl: [32m&apos;/api/media&apos;[39m,
  mediaAppTranslations: [32m&apos;&apos;[39m,
  basePath: [32m&apos;/&apos;[39m,
  uploadFilesUrl: [32m&apos;/api/upload&apos;[39m
} inputName=&quot;MediaField&quot; ref=&quot;VTU_COMPONENT&quot; &gt; 
  at &lt;VTUROOT&gt;
[Vue warn]: Missing ref owner context. ref cannot be used on hoisted vnodes. A vnode with ref must be created inside the render function. 
  at &lt;MediaFieldBasic config= {
  paths: [ { path: [32m&apos;missing.jpg&apos;[39m } ],
  multiple: [33mfalse[39m,
  allowMediaText: [33mfalse[39m,
  allowAnchors: [33mfalse[39m,
  allowedExtensions: [32m&apos;&apos;[39m,
  mediaItemUrl: [32m&apos;/api/media&apos;[39m,
  mediaAppTranslations: [32m&apos;&apos;[39m,
  basePath: [32m&apos;/&apos;[39m,
  uploadFilesUrl: [32m&apos;/api/upload&apos;[39m
} inputName=&quot;MediaField&quot; ref=&quot;VTU_COMPONENT&quot; &gt; 
  at &lt;VTUROOT&gt;

            </system-err>
        </testcase>
        <testcase classname="src/components/__tests__/MediaFieldBasic.spec.ts" name="MediaFieldBasic &gt; loadInitialPaths handles network error as transient" time="0.0101221">
            <system-err>
[Vue warn]: Missing ref owner context. ref cannot be used on hoisted vnodes. A vnode with ref must be created inside the render function. 
  at &lt;ThumbsContainer media-items= [] selected-media=null thumb-size=240  ... &gt; 
  at &lt;MediaFieldBasic config= {
  paths: [ { path: [32m&apos;fail.jpg&apos;[39m } ],
  multiple: [33mfalse[39m,
  allowMediaText: [33mfalse[39m,
  allowAnchors: [33mfalse[39m,
  allowedExtensions: [32m&apos;&apos;[39m,
  mediaItemUrl: [32m&apos;/api/media&apos;[39m,
  mediaAppTranslations: [32m&apos;&apos;[39m,
  basePath: [32m&apos;/&apos;[39m,
  uploadFilesUrl: [32m&apos;/api/upload&apos;[39m
} inputName=&quot;MediaField&quot; ref=&quot;VTU_COMPONENT&quot; &gt; 
  at &lt;VTUROOT&gt;
[Vue warn]: withDirectives can only be used inside render functions.
[Vue warn]: Missing ref owner context. ref cannot be used on hoisted vnodes. A vnode with ref must be created inside the render function. 
  at &lt;VueFinalModal modelValue=false onUpdate:modelValue=fn class=&quot;tw:flex tw:items-center tw:justify-center&quot;  ... &gt; 
  at &lt;MediaPickerModal ref=&quot;pickerModalRef&quot; field-id=&quot;MediaField&quot; allowed-extensions=&quot;&quot;  ... &gt; 
  at &lt;MediaFieldBasic config= {
  paths: [ { path: [32m&apos;fail.jpg&apos;[39m } ],
  multiple: [33mfalse[39m,
  allowMediaText: [33mfalse[39m,
  allowAnchors: [33mfalse[39m,
  allowedExtensions: [32m&apos;&apos;[39m,
  mediaItemUrl: [32m&apos;/api/media&apos;[39m,
  mediaAppTranslations: [32m&apos;&apos;[39m,
  basePath: [32m&apos;/&apos;[39m,
  uploadFilesUrl: [32m&apos;/api/upload&apos;[39m
} inputName=&quot;MediaField&quot; ref=&quot;VTU_COMPONENT&quot; &gt; 
  at &lt;VTUROOT&gt;
[Vue warn]: Missing ref owner context. ref cannot be used on hoisted vnodes. A vnode with ref must be created inside the render function. 
  at &lt;MediaFieldBasic config= {
  paths: [ { path: [32m&apos;fail.jpg&apos;[39m } ],
  multiple: [33mfalse[39m,
  allowMediaText: [33mfalse[39m,
  allowAnchors: [33mfalse[39m,
  allowedExtensions: [32m&apos;&apos;[39m,
  mediaItemUrl: [32m&apos;/api/media&apos;[39m,
  mediaAppTranslations: [32m&apos;&apos;[39m,
  basePath: [32m&apos;/&apos;[39m,
  uploadFilesUrl: [32m&apos;/api/upload&apos;[39m
} inputName=&quot;MediaField&quot; ref=&quot;VTU_COMPONENT&quot; &gt; 
  at &lt;VTUROOT&gt;

            </system-err>
        </testcase>
        <testcase classname="src/components/__tests__/MediaFieldBasic.spec.ts" name="MediaFieldBasic &gt; loadInitialPaths with empty paths sets initialized" time="0.0104396">
            <system-err>
[Vue warn]: Missing ref owner context. ref cannot be used on hoisted vnodes. A vnode with ref must be created inside the render function. 
  at &lt;ThumbsContainer media-items= [] selected-media=null thumb-size=240  ... &gt; 
  at &lt;MediaFieldBasic config= {
  paths: [],
  multiple: [33mfalse[39m,
  allowMediaText: [33mfalse[39m,
  allowAnchors: [33mfalse[39m,
  allowedExtensions: [32m&apos;&apos;[39m,
  mediaItemUrl: [32m&apos;/api/media&apos;[39m,
  mediaAppTranslations: [32m&apos;&apos;[39m,
  basePath: [32m&apos;/&apos;[39m,
  uploadFilesUrl: [32m&apos;/api/upload&apos;[39m
} inputName=&quot;MediaField&quot; ref=&quot;VTU_COMPONENT&quot; &gt; 
  at &lt;VTUROOT&gt;
[Vue warn]: withDirectives can only be used inside render functions.
[Vue warn]: Missing ref owner context. ref cannot be used on hoisted vnodes. A vnode with ref must be created inside the render function. 
  at &lt;VueFinalModal modelValue=false onUpdate:modelValue=fn class=&quot;tw:flex tw:items-center tw:justify-center&quot;  ... &gt; 
  at &lt;MediaPickerModal ref=&quot;pickerModalRef&quot; field-id=&quot;MediaField&quot; allowed-extensions=&quot;&quot;  ... &gt; 
  at &lt;MediaFieldBasic config= {
  paths: [],
  multiple: [33mfalse[39m,
  allowMediaText: [33mfalse[39m,
  allowAnchors: [33mfalse[39m,
  allowedExtensions: [32m&apos;&apos;[39m,
  mediaItemUrl: [32m&apos;/api/media&apos;[39m,
  mediaAppTranslations: [32m&apos;&apos;[39m,
  basePath: [32m&apos;/&apos;[39m,
  uploadFilesUrl: [32m&apos;/api/upload&apos;[39m
} inputName=&quot;MediaField&quot; ref=&quot;VTU_COMPONENT&quot; &gt; 
  at &lt;VTUROOT&gt;
[Vue warn]: Missing ref owner context. ref cannot be used on hoisted vnodes. A vnode with ref must be created inside the render function. 
  at &lt;MediaFieldBasic config= {
  paths: [],
  multiple: [33mfalse[39m,
  allowMediaText: [33mfalse[39m,
  allowAnchors: [33mfalse[39m,
  allowedExtensions: [32m&apos;&apos;[39m,
  mediaItemUrl: [32m&apos;/api/media&apos;[39m,
  mediaAppTranslations: [32m&apos;&apos;[39m,
  basePath: [32m&apos;/&apos;[39m,
  uploadFilesUrl: [32m&apos;/api/upload&apos;[39m
} inputName=&quot;MediaField&quot; ref=&quot;VTU_COMPONENT&quot; &gt; 
  at &lt;VTUROOT&gt;

            </system-err>
        </testcase>
        <testcase classname="src/components/__tests__/MediaFieldBasic.spec.ts" name="MediaFieldBasic &gt; addMediaFiles adds items for multiple mode" time="0.0276457">
            <system-err>
[Vue warn]: Missing ref owner context. ref cannot be used on hoisted vnodes. A vnode with ref must be created inside the render function. 
  at &lt;ThumbsContainer media-items= [] selected-media=null thumb-size=240  ... &gt; 
  at &lt;MediaFieldBasic config= {
  paths: [],
  multiple: [33mtrue[39m,
  allowMediaText: [33mfalse[39m,
  allowAnchors: [33mfalse[39m,
  allowedExtensions: [32m&apos;&apos;[39m,
  mediaItemUrl: [32m&apos;/api/media&apos;[39m,
  mediaAppTranslations: [32m&apos;&apos;[39m,
  basePath: [32m&apos;/&apos;[39m,
  uploadFilesUrl: [32m&apos;/api/upload&apos;[39m
} inputName=&quot;MediaField&quot; ref=&quot;VTU_COMPONENT&quot; &gt; 
  at &lt;VTUROOT&gt;
[Vue warn]: withDirectives can only be used inside render functions.
[Vue warn]: Missing ref owner context. ref cannot be used on hoisted vnodes. A vnode with ref must be created inside the render function. 
  at &lt;VueFinalModal modelValue=false onUpdate:modelValue=fn class=&quot;tw:flex tw:items-center tw:justify-center&quot;  ... &gt; 
  at &lt;MediaPickerModal ref=&quot;pickerModalRef&quot; field-id=&quot;MediaField&quot; allowed-extensions=&quot;&quot;  ... &gt; 
  at &lt;MediaFieldBasic config= {
  paths: [],
  multiple: [33mtrue[39m,
  allowMediaText: [33mfalse[39m,
  allowAnchors: [33mfalse[39m,
  allowedExtensions: [32m&apos;&apos;[39m,
  mediaItemUrl: [32m&apos;/api/media&apos;[39m,
  mediaAppTranslations: [32m&apos;&apos;[39m,
  basePath: [32m&apos;/&apos;[39m,
  uploadFilesUrl: [32m&apos;/api/upload&apos;[39m
} inputName=&quot;MediaField&quot; ref=&quot;VTU_COMPONENT&quot; &gt; 
  at &lt;VTUROOT&gt;
[Vue warn]: Missing ref owner context. ref cannot be used on hoisted vnodes. A vnode with ref must be created inside the render function. 
  at &lt;MediaFieldBasic config= {
  paths: [],
  multiple: [33mtrue[39m,
  allowMediaText: [33mfalse[39m,
  allowAnchors: [33mfalse[39m,
  allowedExtensions: [32m&apos;&apos;[39m,
  mediaItemUrl: [32m&apos;/api/media&apos;[39m,
  mediaAppTranslations: [32m&apos;&apos;[39m,
  basePath: [32m&apos;/&apos;[39m,
  uploadFilesUrl: [32m&apos;/api/upload&apos;[39m
} inputName=&quot;MediaField&quot; ref=&quot;VTU_COMPONENT&quot; &gt; 
  at &lt;VTUROOT&gt;

            </system-err>
        </testcase>
        <testcase classname="src/components/__tests__/MediaFieldBasic.spec.ts" name="MediaFieldBasic &gt; addMediaFiles replaces for single mode" time="0.009837">
            <system-err>
[Vue warn]: Missing ref owner context. ref cannot be used on hoisted vnodes. A vnode with ref must be created inside the render function. 
  at &lt;ThumbsContainer media-items= [] selected-media=null thumb-size=240  ... &gt; 
  at &lt;MediaFieldBasic config= {
  paths: [],
  multiple: [33mfalse[39m,
  allowMediaText: [33mfalse[39m,
  allowAnchors: [33mfalse[39m,
  allowedExtensions: [32m&apos;&apos;[39m,
  mediaItemUrl: [32m&apos;/api/media&apos;[39m,
  mediaAppTranslations: [32m&apos;&apos;[39m,
  basePath: [32m&apos;/&apos;[39m,
  uploadFilesUrl: [32m&apos;/api/upload&apos;[39m
} inputName=&quot;MediaField&quot; ref=&quot;VTU_COMPONENT&quot; &gt; 
  at &lt;VTUROOT&gt;
[Vue warn]: withDirectives can only be used inside render functions.
[Vue warn]: Missing ref owner context. ref cannot be used on hoisted vnodes. A vnode with ref must be created inside the render function. 
  at &lt;VueFinalModal modelValue=false onUpdate:modelValue=fn class=&quot;tw:flex tw:items-center tw:justify-center&quot;  ... &gt; 
  at &lt;MediaPickerModal ref=&quot;pickerModalRef&quot; field-id=&quot;MediaField&quot; allowed-extensions=&quot;&quot;  ... &gt; 
  at &lt;MediaFieldBasic config= {
  paths: [],
  multiple: [33mfalse[39m,
  allowMediaText: [33mfalse[39m,
  allowAnchors: [33mfalse[39m,
  allowedExtensions: [32m&apos;&apos;[39m,
  mediaItemUrl: [32m&apos;/api/media&apos;[39m,
  mediaAppTranslations: [32m&apos;&apos;[39m,
  basePath: [32m&apos;/&apos;[39m,
  uploadFilesUrl: [32m&apos;/api/upload&apos;[39m
} inputName=&quot;MediaField&quot; ref=&quot;VTU_COMPONENT&quot; &gt; 
  at &lt;VTUROOT&gt;
[Vue warn]: Missing ref owner context. ref cannot be used on hoisted vnodes. A vnode with ref must be created inside the render function. 
  at &lt;MediaFieldBasic config= {
  paths: [],
  multiple: [33mfalse[39m,
  allowMediaText: [33mfalse[39m,
  allowAnchors: [33mfalse[39m,
  allowedExtensions: [32m&apos;&apos;[39m,
  mediaItemUrl: [32m&apos;/api/media&apos;[39m,
  mediaAppTranslations: [32m&apos;&apos;[39m,
  basePath: [32m&apos;/&apos;[39m,
  uploadFilesUrl: [32m&apos;/api/upload&apos;[39m
} inputName=&quot;MediaField&quot; ref=&quot;VTU_COMPONENT&quot; &gt; 
  at &lt;VTUROOT&gt;

            </system-err>
        </testcase>
[...]

            </system-err>
        </testcase>
        <testcase classname="src/components/__tests__/UploadList.spec.ts" name="UploadList &gt; emits clearErrors on broom button click" time="0.0084681">
            <system-err>
[Vue warn]: withDirectives can only be used inside render functions.
[Vue warn]: withDirectives can only be used inside render functions.

            </system-err>
        </testcase>
        <testcase classname="src/components/__tests__/UploadList.spec.ts" name="UploadList &gt; emits dismiss on X button for error entry" time="0.0081191">
            <system-err>
[Vue warn]: withDirectives can only be used inside render functions.
[Vue warn]: withDirectives can only be used inside render functions.

            </system-err>
        </testcase>
        <testcase classname="src/components/__tests__/UploadList.spec.ts" name="UploadList &gt; toggles expanded/collapsed on header click" time="0.0087823">
            <system-err>
[Vue warn]: withDirectives can only be used inside render functions.
[Vue warn]: withDirectives can only be used inside render functions.

            </system-err>
        </testcase>
        <testcase classname="src/components/__tests__/UploadList.spec.ts" name="UploadList &gt; shows dismissAll X button when no pending uploads" time="0.0081843">
            <system-err>
[Vue warn]: withDirectives can only be used inside render functions.
[Vue warn]: withDirectives can only be used inside render functions.

            </system-err>
        </testcase>
        <testcase classname="src/components/__tests__/UploadList.spec.ts" name="UploadList &gt; emits dismissAll on X button click" time="0.0063388">
            <system-err>
[Vue warn]: withDirectives can only be used inside render functions.
[Vue warn]: withDirectives can only be used inside render functions.

            </system-err>
        </testcase>
    </testsuite>
    <testsuite name="src/services/__tests__/FieldUploadService.spec.ts" timestamp="2026-04-15T03:56:15.896Z" hostname="Nemo" tests="26" failures="0" errors="0" skipped="0" time="0.0686957">
        <testcase classname="src/services/__tests__/FieldUploadService.spec.ts" name="useFieldUpload &gt; returns reactive files ref that is initially empty" time="0.003361">
        </testcase>
        <testcase classname="src/services/__tests__/FieldUploadService.spec.ts" name="useFieldUpload &gt; clearErrors &gt; removes only entries with error messages" time="0.0013273">
        </testcase>
        <testcase classname="src/services/__tests__/FieldUploadService.spec.ts" name="useFieldUpload &gt; dismiss &gt; removes the specific entry" time="0.0015897">
        </testcase>
        <testcase classname="src/services/__tests__/FieldUploadService.spec.ts" name="useFieldUpload &gt; dismissAll &gt; clears all entries" time="0.0008727">
        </testcase>
        <testcase classname="src/services/__tests__/FieldUploadService.spec.ts" name="useFieldUpload &gt; uploadFiles &gt; returns uploaded result on successful upload" time="0.011579">
        </testcase>
        <testcase classname="src/services/__tests__/FieldUploadService.spec.ts" name="useFieldUpload &gt; uploadFiles &gt; uses filePath when XHR response omits mediaPath" time="0.0011722">
        </testcase>
        <testcase classname="src/services/__tests__/FieldUploadService.spec.ts" name="useFieldUpload &gt; uploadFiles &gt; captures server-side file error" time="0.0013875">
        </testcase>
        <testcase classname="src/services/__tests__/FieldUploadService.spec.ts" name="useFieldUpload &gt; uploadFiles &gt; handles HTTP error status" time="0.0016513">
        </testcase>
        <testcase classname="src/services/__tests__/FieldUploadService.spec.ts" name="useFieldUpload &gt; uploadFiles &gt; handles network error" time="0.0017989">
        </testcase>
        <testcase classname="src/services/__tests__/FieldUploadService.spec.ts" name="useFieldUpload &gt; uploadFiles &gt; handles invalid JSON response" time="0.0017443">
        </testcase>
        <testcase classname="src/services/__tests__/FieldUploadService.spec.ts" name="useFieldUpload &gt; uploadFiles &gt; handles empty files array in response" time="0.0015951">
        </testcase>
        <testcase classname="src/services/__tests__/FieldUploadService.spec.ts" name="useFieldUpload &gt; uploadFiles &gt; tracks upload progress percentage" time="0.0015188">
        </testcase>
        <testcase classname="src/services/__tests__/FieldUploadService.spec.ts" name="useFieldUpload &gt; uploadFiles &gt; opens XHR with correct method and URL" time="0.0021592">
        </testcase>
        <testcase classname="src/services/__tests__/FieldUploadService.spec.ts" name="useFieldUpload &gt; anti-forgery token &gt; reads token from DOM input and includes it in FormData" time="0.0057723">
        </testcase>
        <testcase classname="src/services/__tests__/FieldUploadService.spec.ts" name="useFieldUpload &gt; anti-forgery token &gt; returns empty string when no token input exists in DOM" time="0.0017866">
        </testcase>
        <testcase classname="src/services/__tests__/FieldUploadService.spec.ts" name="useFieldUpload &gt; uploadFiles with TUS enabled &gt; uses TUS when tusEnabled is true" time="0.0026111">
        </testcase>
        <testcase classname="src/services/__tests__/FieldUploadService.spec.ts" name="useFieldUpload &gt; uploadFiles with TUS enabled &gt; uses filePath when TusFileInfo omits mediaPath" time="0.0021136">
        </testcase>
        <testcase classname="src/services/__tests__/FieldUploadService.spec.ts" name="useFieldUpload &gt; uploadFiles with TUS enabled &gt; handles TUS progress event" time="0.0022408">
        </testcase>
        <testcase classname="src/services/__tests__/FieldUploadService.spec.ts" name="useFieldUpload &gt; uploadFiles with TUS enabled &gt; rejects when TUS response has no uploadURL" time="0.0020183">
        </testcase>
        <testcase classname="src/services/__tests__/FieldUploadService.spec.ts" name="useFieldUpload &gt; uploadFiles with TUS enabled &gt; rejects when TUS file info request fails" time="0.0018192">
        </testcase>
        <testcase classname="src/services/__tests__/FieldUploadService.spec.ts" name="useFieldUpload &gt; uploadFiles with TUS enabled &gt; rejects when TUS file info fetch throws a network error" time="0.0017765">
        </testcase>
        <testcase classname="src/services/__tests__/FieldUploadService.spec.ts" name="useFieldUpload &gt; uploadFiles with TUS enabled &gt; handles TUS upload-error event" time="0.0013315">
        </testcase>
        <testcase classname="src/services/__tests__/FieldUploadService.spec.ts" name="useFieldUpload &gt; uploadFiles with TUS enabled &gt; handles TUS upload-error with null error" time="0.0009518">
        </testcase>
        <testcase classname="src/services/__tests__/FieldUploadService.spec.ts" name="useFieldUpload &gt; uploadFiles with TUS enabled &gt; uses default chunk size when maxUploadChunkSize is 0" time="0.0009078">
        </testcase>
        <testcase classname="src/services/__tests__/FieldUploadService.spec.ts" name="useFieldUpload &gt; uploadFiles with TUS enabled &gt; uses configured chunk size when maxUploadChunkSize &gt; 0" time="0.0008895">
        </testcase>
        <testcase classname="src/services/__tests__/FieldUploadService.spec.ts" name="useFieldUpload &gt; auto-remove on success &gt; schedules entry removal via setTimeout and callback removes entry" time="0.0103092">
        </testcase>
    </testsuite>
    <testsuite name="src/services/__tests__/FontAwesomeThumbnails.spec.ts" timestamp="2026-04-15T03:56:15.900Z" hostname="Nemo" tests="58" failures="0" errors="0" skipped="0" time="0.0112126">
        <testcase classname="src/services/__tests__/FontAwesomeThumbnails.spec.ts" name="getIconClassForFilename &gt; image extensions &gt; returns image icon for .jpg" time="0.0011077">
        </testcase>
        <testcase classname="src/services/__tests__/FontAwesomeThumbnails.spec.ts" name="getIconClassForFilename &gt; image extensions &gt; returns image icon for .jpeg" time="0.0001372">
        </testcase>
        <testcase classname="src/services/__tests__/FontAwesomeThumbnails.spec.ts" name="getIconClassForFilename &gt; image extensions &gt; returns image icon for .png" time="0.0000788">
        </testcase>
        <testcase classname="src/services/__tests__/FontAwesomeThumbnails.spec.ts" name="getIconClassForFilename &gt; image extensions &gt; returns image icon for .gif" time="0.0000726">
        </testcase>
        <testcase classname="src/services/__tests__/FontAwesomeThumbnails.spec.ts" name="getIconClassForFilename &gt; image extensions &gt; returns image icon for .webp" time="0.0001016">
        </testcase>
        <testcase classname="src/services/__tests__/FontAwesomeThumbnails.spec.ts" name="getIconClassForFilename &gt; image extensions &gt; returns image icon for .svg" time="0.0001894">
        </testcase>
        <testcase classname="src/services/__tests__/FontAwesomeThumbnails.spec.ts" name="getIconClassForFilename &gt; image extensions &gt; returns image icon for .bmp" time="0.0001286">
        </testcase>
        <testcase classname="src/services/__tests__/FontAwesomeThumbnails.spec.ts" name="getIconClassForFilename &gt; image extensions &gt; returns image icon for .ico" time="0.0000918">
        </testcase>
        <testcase classname="src/services/__tests__/FontAwesomeThumbnails.spec.ts" name="getIconClassForFilename &gt; document extensions &gt; returns pdf icon for .pdf" time="0.000248">
        </testcase>
        <testcase classname="src/services/__tests__/FontAwesomeThumbnails.spec.ts" name="getIconClassForFilename &gt; document extensions &gt; returns word icon for .doc" time="0.0001859">
        </testcase>
        <testcase classname="src/services/__tests__/FontAwesomeThumbnails.spec.ts" name="getIconClassForFilename &gt; document extensions &gt; returns word icon for .docx" time="0.0000995">
        </testcase>
        <testcase classname="src/services/__tests__/FontAwesomeThumbnails.spec.ts" name="getIconClassForFilename &gt; document extensions &gt; returns powerpoint icon for .ppt" time="0.0001552">
        </testcase>
        <testcase classname="src/services/__tests__/FontAwesomeThumbnails.spec.ts" name="getIconClassForFilename &gt; document extensions &gt; returns powerpoint icon for .pptx" time="0.0001198">
        </testcase>
        <testcase classname="src/services/__tests__/FontAwesomeThumbnails.spec.ts" name="getIconClassForFilename &gt; document extensions &gt; returns excel icon for .xls" time="0.0000775">
        </testcase>
        <testcase classname="src/services/__tests__/FontAwesomeThumbnails.spec.ts" name="getIconClassForFilename &gt; document extensions &gt; returns excel icon for .xlsx" time="0.0000726">
        </testcase>
        <testcase classname="src/services/__tests__/FontAwesomeThumbnails.spec.ts" name="getIconClassForFilename &gt; document extensions &gt; returns file icon for .csv" time="0.0000676">
        </testcase>
        <testcase classname="src/services/__tests__/FontAwesomeThumbnails.spec.ts" name="getIconClassForFilename &gt; audio extensions &gt; returns audio icon for .aac" time="0.0000876">
        </testcase>
        <testcase classname="src/services/__tests__/FontAwesomeThumbnails.spec.ts" name="getIconClassForFilename &gt; audio extensions &gt; returns audio icon for .mp3" time="0.0001553">
        </testcase>
        <testcase classname="src/services/__tests__/FontAwesomeThumbnails.spec.ts" name="getIconClassForFilename &gt; audio extensions &gt; returns audio icon for .ogg" time="0.0000895">
        </testcase>
        <testcase classname="src/services/__tests__/FontAwesomeThumbnails.spec.ts" name="getIconClassForFilename &gt; video extensions &gt; returns video icon for .avi" time="0.00013">
        </testcase>
        <testcase classname="src/services/__tests__/FontAwesomeThumbnails.spec.ts" name="getIconClassForFilename &gt; video extensions &gt; returns video icon for .flv" time="0.0001049">
        </testcase>
        <testcase classname="src/services/__tests__/FontAwesomeThumbnails.spec.ts" name="getIconClassForFilename &gt; video extensions &gt; returns video icon for .mkv" time="0.0001234">
        </testcase>
        <testcase classname="src/services/__tests__/FontAwesomeThumbnails.spec.ts" name="getIconClassForFilename &gt; video extensions &gt; returns video icon for .mp4" time="0.0001371">
        </testcase>
        <testcase classname="src/services/__tests__/FontAwesomeThumbnails.spec.ts" name="getIconClassForFilename &gt; video extensions &gt; returns video icon for .webm" time="0.000111">
        </testcase>
        <testcase classname="src/services/__tests__/FontAwesomeThumbnails.spec.ts" name="getIconClassForFilename &gt; archive extensions &gt; returns archive icon for .gz" time="0.0001889">
        </testcase>
        <testcase classname="src/services/__tests__/FontAwesomeThumbnails.spec.ts" name="getIconClassForFilename &gt; archive extensions &gt; returns archive icon for .zip" time="0.0000975">
        </testcase>
        <testcase classname="src/services/__tests__/FontAwesomeThumbnails.spec.ts" name="getIconClassForFilename &gt; code extensions &gt; returns code icon for .css" time="0.0001235">
        </testcase>
        <testcase classname="src/services/__tests__/FontAwesomeThumbnails.spec.ts" name="getIconClassForFilename &gt; code extensions &gt; returns code icon for .html" time="0.0000869">
        </testcase>
        <testcase classname="src/services/__tests__/FontAwesomeThumbnails.spec.ts" name="getIconClassForFilename &gt; code extensions &gt; returns code icon for .js" time="0.0000891">
        </testcase>
        <testcase classname="src/services/__tests__/FontAwesomeThumbnails.spec.ts" name="getIconClassForFilename &gt; text extension &gt; returns text icon for .txt" time="0.0002992">
        </testcase>
        <testcase classname="src/services/__tests__/FontAwesomeThumbnails.spec.ts" name="getIconClassForFilename &gt; unknown and edge cases &gt; returns default file icon for unknown extension" time="0.0002511">
        </testcase>
        <testcase classname="src/services/__tests__/FontAwesomeThumbnails.spec.ts" name="getIconClassForFilename &gt; unknown and edge cases &gt; returns default file icon for empty filename" time="0.0001279">
        </testcase>
        <testcase classname="src/services/__tests__/FontAwesomeThumbnails.spec.ts" name="getIconClassForFilename &gt; unknown and edge cases &gt; returns default file icon for filename without extension" time="0.0002747">
        </testcase>
        <testcase classname="src/services/__tests__/FontAwesomeThumbnails.spec.ts" name="getIconClassForFilename &gt; case insensitivity &gt; handles uppercase JPG" time="0.0000867">
        </testcase>
        <testcase classname="src/services/__tests__/FontAwesomeThumbnails.spec.ts" name="getIconClassForFilename &gt; case insensitivity &gt; handles uppercase PDF" time="0.0000621">
        </testcase>
        <testcase classname="src/services/__tests__/FontAwesomeThumbnails.spec.ts" name="getIconClassForFilename &gt; case insensitivity &gt; handles mixed case Png" time="0.0000507">
        </testcase>
        <testcase classname="src/services/__tests__/FontAwesomeThumbnails.spec.ts" name="getIconClassForFilename &gt; sizeClass parameter &gt; appends sizeClass when provided" time="0.0000653">
        </testcase>
        <testcase classname="src/services/__tests__/FontAwesomeThumbnails.spec.ts" name="getIconClassForFilename &gt; sizeClass parameter &gt; does not append extra space when sizeClass is empty" time="0.0000522">
        </testcase>
        <testcase classname="src/services/__tests__/FontAwesomeThumbnails.spec.ts" name="getIconClassForFilename &gt; sizeClass parameter &gt; appends sizeClass to default icon for unknown extension" time="0.0000931">
        </testcase>
        <testcase classname="src/services/__tests__/FontAwesomeThumbnails.spec.ts" name="isImageExtension &gt; returns true for image extensions &gt; returns true for gif" time="0.0004074">
        </testcase>
        <testcase classname="src/services/__tests__/FontAwesomeThumbnails.spec.ts" name="isImageExtension &gt; returns true for image extensions &gt; returns true for jpeg" time="0.0001551">
        </testcase>
        <testcase classname="src/services/__tests__/FontAwesomeThumbnails.spec.ts" name="isImageExtension &gt; returns true for image extensions &gt; returns true for jpg" time="0.0000844">
        </testcase>
        <testcase classname="src/services/__tests__/FontAwesomeThumbnails.spec.ts" name="isImageExtension &gt; returns true for image extensions &gt; returns true for png" time="0.0000908">
        </testcase>
        <testcase classname="src/services/__tests__/FontAwesomeThumbnails.spec.ts" name="isImageExtension &gt; returns true for image extensions &gt; returns true for webp" time="0.0000825">
        </testcase>
        <testcase classname="src/services/__tests__/FontAwesomeThumbnails.spec.ts" name="isImageExtension &gt; returns true for image extensions &gt; returns true for svg" time="0.000096">
        </testcase>
        <testcase classname="src/services/__tests__/FontAwesomeThumbnails.spec.ts" name="isImageExtension &gt; returns true for image extensions &gt; returns true for bmp" time="0.0000975">
        </testcase>
        <testcase classname="src/services/__tests__/FontAwesomeThumbnails.spec.ts" name="isImageExtension &gt; returns true for image extensions &gt; returns true for ico" time="0.0000959">
        </testcase>
        <testcase classname="src/services/__tests__/FontAwesomeThumbnails.spec.ts" name="isImageExtension &gt; returns false for non-image extensions &gt; returns false for pdf" time="0.0001434">
        </testcase>
        <testcase classname="src/services/__tests__/FontAwesomeThumbnails.spec.ts" name="isImageExtension &gt; returns false for non-image extensions &gt; returns false for doc" time="0.0000895">
        </testcase>
        <testcase classname="src/services/__tests__/FontAwesomeThumbnails.spec.ts" name="isImageExtension &gt; returns false for non-image extensions &gt; returns false for mp3" time="0.0001203">
        </testcase>
        <testcase classname="src/services/__tests__/FontAwesomeThumbnails.spec.ts" name="isImageExtension &gt; returns false for non-image extensions &gt; returns false for mp4" time="0.000084">
        </testcase>
        <testcase classname="src/services/__tests__/FontAwesomeThumbnails.spec.ts" name="isImageExtension &gt; returns false for non-image extensions &gt; returns false for zip" time="0.0000851">
        </testcase>
        <testcase classname="src/services/__tests__/FontAwesomeThumbnails.spec.ts" name="isImageExtension &gt; returns false for non-image extensions &gt; returns false for js" time="0.0000947">
        </testcase>
        <testcase classname="src/services/__tests__/FontAwesomeThumbnails.spec.ts" name="isImageExtension &gt; returns false for non-image extensions &gt; returns false for txt" time="0.0001236">
        </testcase>
        <testcase classname="src/services/__tests__/FontAwesomeThumbnails.spec.ts" name="isImageExtension &gt; returns false for non-image extensions &gt; returns false for csv" time="0.0000884">
        </testcase>
        <testcase classname="src/services/__tests__/FontAwesomeThumbnails.spec.ts" name="isImageExtension &gt; handles leading dot" time="0.0001839">
        </testcase>
        <testcase classname="src/services/__tests__/FontAwesomeThumbnails.spec.ts" name="isImageExtension &gt; is case insensitive" time="0.0001805">
        </testcase>
        <testcase classname="src/services/__tests__/FontAwesomeThumbnails.spec.ts" name="isImageExtension &gt; returns false for empty string" time="0.0001027">
        </testcase>
    </testsuite>
</testsuites>
